# mahimahi mm-link (Downlink) [traces/2Mbps_trace] > /users/gtqifan/pantheon/src/experiments/data/fillp_mm_acklink_run1.log
# command line: 'mm-link' 'traces/2Mbps_trace' 'traces/2Mbps_trace' '--uplink-log=/users/gtqifan/pantheon/src/experiments/data/fillp_mm_datalink_run1.log' '--downlink-log=/users/gtqifan/pantheon/src/experiments/data/fillp_mm_acklink_run1.log' 'python' '/users/gtqifan/pantheon/src/experiments/tunnel_manager.py'
# queue: infinite
# init timestamp: 1646989365709
# base timestamp: 36
# mahimahi config: [delay 100 ms] 
36 + 80
36 + 52
36 + 80
42 # 1504
42 - 80 6
42 - 52 6
42 - 80 6
48 # 1504
54 # 1504
60 # 1504
66 # 1504
72 # 1504
78 # 1504
84 # 1504
90 # 1504
96 # 1504
102 # 1504
108 # 1504
114 # 1504
120 # 1504
126 # 1504
132 # 1504
138 # 1504
144 # 1504
150 # 1504
156 # 1504
162 # 1504
168 # 1504
174 # 1504
180 # 1504
186 # 1504
192 # 1504
198 # 1504
204 # 1504
210 # 1504
216 # 1504
222 # 1504
228 # 1504
234 # 1504
240 # 1504
246 # 1504
252 # 1504
258 # 1504
264 # 1504
270 # 1504
276 # 1504
282 # 1504
288 # 1504
294 # 1504
300 # 1504
306 # 1504
312 # 1504
318 # 1504
324 # 1504
330 # 1504
336 # 1504
342 # 1504
348 # 1504
354 # 1504
360 # 1504
363 + 40
366 # 1504
366 - 40 3
372 # 1504
378 # 1504
384 # 1504
390 # 1504
396 # 1504
402 # 1504
408 # 1504
414 # 1504
420 # 1504
426 # 1504
432 # 1504
438 # 1504
444 # 1504
450 # 1504
456 # 1504
462 # 1504
468 # 1504
474 # 1504
480 # 1504
486 # 1504
492 # 1504
498 # 1504
504 # 1504
510 # 1504
516 # 1504
521 + 80
522 # 1504
522 - 80 1
528 # 1504
534 # 1504
540 # 1504
546 # 1504
552 # 1504
558 # 1504
564 # 1504
570 # 1504
576 # 1504
582 # 1504
588 # 1504
594 # 1504
600 # 1504
606 # 1504
612 # 1504
618 # 1504
624 # 1504
630 # 1504
636 # 1504
642 # 1504
648 # 1504
654 # 1504
660 # 1504
666 # 1504
672 # 1504
678 # 1504
684 # 1504
690 # 1504
696 # 1504
702 # 1504
708 # 1504
713 + 80
714 # 1504
714 - 80 1
720 # 1504
726 # 1504
732 # 1504
738 # 1504
744 # 1504
750 # 1504
756 # 1504
762 # 1504
768 # 1504
774 # 1504
780 # 1504
786 # 1504
792 # 1504
798 # 1504
804 # 1504
810 # 1504
816 # 1504
822 # 1504
828 # 1504
834 # 1504
840 # 1504
846 # 1504
852 # 1504
858 # 1504
864 # 1504
870 # 1504
876 # 1504
882 # 1504
888 # 1504
894 # 1504
900 # 1504
906 # 1504
912 # 1504
918 # 1504
924 # 1504
930 # 1504
936 # 1504
942 # 1504
948 # 1504
954 # 1504
960 # 1504
966 # 1504
972 # 1504
978 # 1504
984 # 1504
990 # 1504
996 # 1504
1002 # 1504
1008 # 1504
1014 # 1504
1020 # 1504
1026 # 1504
1032 # 1504
1038 # 1504
1044 # 1504
1050 # 1504
1056 # 1504
1062 # 1504
1068 # 1504
1074 # 1504
1080 # 1504
1086 # 1504
1092 # 1504
1098 # 1504
1104 # 1504
1110 # 1504
1116 # 1504
1122 # 1504
1128 # 1504
1134 # 1504
1140 # 1504
1146 # 1504
1152 # 1504
1158 # 1504
1164 # 1504
1170 # 1504
1176 # 1504
1182 # 1504
1188 # 1504
1194 # 1504
1200 # 1504
1206 # 1504
1212 # 1504
1218 # 1504
1224 # 1504
1230 # 1504
1236 # 1504
1242 # 1504
1248 # 1504
1254 # 1504
1260 # 1504
1266 # 1504
1272 # 1504
1278 # 1504
1284 # 1504
1290 # 1504
1296 # 1504
1302 # 1504
1308 # 1504
1314 # 1504
1320 # 1504
1326 # 1504
1332 # 1504
1338 # 1504
1344 # 1504
1350 # 1504
1356 # 1504
1362 # 1504
1368 # 1504
1374 # 1504
1380 # 1504
1386 # 1504
1392 # 1504
1398 # 1504
1404 # 1504
1410 # 1504
1416 # 1504
1422 # 1504
1428 # 1504
1434 # 1504
1440 # 1504
1446 # 1504
1452 # 1504
1458 # 1504
1464 # 1504
1470 # 1504
1476 # 1504
1482 # 1504
1488 # 1504
1494 # 1504
1500 # 1504
1506 # 1504
1512 # 1504
1518 # 1504
1524 # 1504
1530 # 1504
1536 # 1504
1542 # 1504
1548 # 1504
1554 # 1504
1560 # 1504
1566 # 1504
1572 # 1504
1578 # 1504
1584 # 1504
1590 # 1504
1596 # 1504
1602 # 1504
1608 # 1504
1614 # 1504
1620 # 1504
1626 # 1504
1632 # 1504
1638 # 1504
1644 # 1504
1650 # 1504
1656 # 1504
1662 # 1504
1668 # 1504
1674 # 1504
1680 # 1504
1686 # 1504
1692 # 1504
1698 # 1504
1704 # 1504
1710 # 1504
1716 # 1504
1722 # 1504
1728 # 1504
1734 # 1504
1740 # 1504
1746 # 1504
1752 # 1504
1758 # 1504
1764 # 1504
1770 # 1504
1776 # 1504
1782 # 1504
1788 # 1504
1794 # 1504
1800 # 1504
1806 # 1504
1812 # 1504
1818 # 1504
1824 # 1504
1830 # 1504
1836 # 1504
1842 # 1504
1848 # 1504
1854 # 1504
1860 # 1504
1866 # 1504
1872 # 1504
1878 # 1504
1884 # 1504
1890 # 1504
1896 # 1504
1902 # 1504
1908 # 1504
1914 # 1504
1920 # 1504
1926 # 1504
1932 # 1504
1938 # 1504
1944 # 1504
1950 # 1504
1956 # 1504
1962 # 1504
1968 # 1504
1974 # 1504
1980 # 1504
1986 # 1504
1992 # 1504
1998 # 1504
2004 # 1504
2010 # 1504
2016 # 1504
2022 # 1504
2028 # 1504
2034 # 1504
2040 # 1504
2046 # 1504
2052 # 1504
2058 # 1504
2064 # 1504
2070 # 1504
2076 # 1504
2082 # 1504
2088 # 1504
2094 # 1504
2100 # 1504
2106 # 1504
2112 # 1504
2118 # 1504
2124 # 1504
2130 # 1504
2136 # 1504
2142 # 1504
2148 # 1504
2154 # 1504
2160 # 1504
2166 # 1504
2172 # 1504
2178 # 1504
2184 # 1504
2190 # 1504
2196 # 1504
2202 # 1504
2208 # 1504
2214 # 1504
2220 # 1504
2226 # 1504
2232 # 1504
2238 # 1504
2244 # 1504
2250 # 1504
2256 # 1504
2262 # 1504
2268 # 1504
2274 # 1504
2280 # 1504
2286 # 1504
2292 # 1504
2298 # 1504
2304 # 1504
2310 # 1504
2316 # 1504
2322 # 1504
2328 # 1504
2334 # 1504
2340 # 1504
2346 # 1504
2352 # 1504
2358 # 1504
2364 # 1504
2370 # 1504
2376 # 1504
2382 # 1504
2388 # 1504
2394 # 1504
2400 # 1504
2406 # 1504
2412 # 1504
2418 # 1504
2424 # 1504
2430 # 1504
2436 # 1504
2442 # 1504
2448 # 1504
2454 # 1504
2460 # 1504
2466 # 1504
2472 # 1504
2478 # 1504
2484 # 1504
2490 # 1504
2496 # 1504
2502 # 1504
2508 # 1504
2514 # 1504
2520 # 1504
2526 # 1504
2532 # 1504
2538 # 1504
2544 # 1504
2550 # 1504
2556 # 1504
2562 # 1504
2568 # 1504
2574 # 1504
2580 # 1504
2586 # 1504
2592 # 1504
2598 # 1504
2604 # 1504
2610 # 1504
2616 # 1504
2622 # 1504
2628 # 1504
2634 # 1504
2640 # 1504
2646 # 1504
2652 # 1504
2658 # 1504
2664 # 1504
2670 # 1504
2676 # 1504
2682 # 1504
2688 # 1504
2694 # 1504
2700 # 1504
2706 # 1504
2712 # 1504
2718 # 1504
2724 # 1504
2730 # 1504
2736 # 1504
2742 # 1504
2748 # 1504
2754 # 1504
2760 # 1504
2766 # 1504
2772 # 1504
2778 # 1504
2784 # 1504
2790 # 1504
2796 # 1504
2802 # 1504
2808 # 1504
2814 # 1504
2820 # 1504
2826 # 1504
2832 # 1504
2838 # 1504
2844 # 1504
2850 # 1504
2856 # 1504
2862 # 1504
2868 # 1504
2874 # 1504
2880 # 1504
2886 # 1504
2892 # 1504
2898 # 1504
2904 # 1504
2910 # 1504
2916 # 1504
2922 # 1504
2928 # 1504
2934 # 1504
2940 # 1504
2946 # 1504
2952 # 1504
2958 # 1504
2964 # 1504
2970 # 1504
2976 # 1504
2982 # 1504
2988 # 1504
2994 # 1504
3000 # 1504
3006 # 1504
3012 # 1504
3018 # 1504
3024 # 1504
3030 # 1504
3036 # 1504
3042 # 1504
3048 # 1504
3054 # 1504
3060 # 1504
3066 # 1504
3072 # 1504
3078 # 1504
3084 # 1504
3090 # 1504
3096 # 1504
3102 # 1504
3108 # 1504
3114 # 1504
3120 # 1504
3126 # 1504
3132 # 1504
3138 # 1504
3144 # 1504
3150 # 1504
3156 # 1504
3162 # 1504
3168 # 1504
3174 # 1504
3180 # 1504
3186 # 1504
3192 # 1504
3198 # 1504
3204 # 1504
3210 # 1504
3216 # 1504
3222 # 1504
3228 # 1504
3234 # 1504
3240 # 1504
3246 # 1504
3252 # 1504
3258 # 1504
3264 # 1504
3270 # 1504
3276 # 1504
3282 # 1504
3288 # 1504
3294 # 1504
3300 # 1504
3306 # 1504
3312 # 1504
3318 # 1504
3324 # 1504
3330 # 1504
3336 # 1504
3342 # 1504
3348 # 1504
3354 # 1504
3360 # 1504
3366 # 1504
3372 # 1504
3378 # 1504
3384 # 1504
3390 # 1504
3396 # 1504
3402 # 1504
3408 # 1504
3414 # 1504
3420 # 1504
3426 # 1504
3432 # 1504
3438 # 1504
3444 # 1504
3450 # 1504
3456 # 1504
3462 # 1504
3468 # 1504
3474 # 1504
3480 # 1504
3486 # 1504
3492 # 1504
3498 # 1504
3504 # 1504
3510 # 1504
3516 # 1504
3522 # 1504
3528 # 1504
3534 # 1504
3540 # 1504
3546 # 1504
3552 # 1504
3558 # 1504
3564 # 1504
3570 # 1504
3576 # 1504
3582 # 1504
3588 # 1504
3594 # 1504
3600 # 1504
3606 # 1504
3612 # 1504
3618 # 1504
3624 # 1504
3630 # 1504
3636 # 1504
3642 # 1504
3648 # 1504
3654 # 1504
3660 # 1504
3666 # 1504
3672 # 1504
3678 # 1504
3681 + 228
3684 # 1504
3684 - 228 3
3690 # 1504
3696 # 1504
3702 # 1504
3708 # 1504
3714 # 1504
3720 # 1504
3726 # 1504
3732 # 1504
3738 # 1504
3744 # 1504
3750 # 1504
3756 # 1504
3762 # 1504
3768 # 1504
3774 # 1504
3780 # 1504
3786 # 1504
3792 # 1504
3798 # 1504
3804 # 1504
3810 # 1504
3816 # 1504
3822 # 1504
3828 # 1504
3834 # 1504
3840 # 1504
3846 # 1504
3852 # 1504
3858 # 1504
3864 # 1504
3870 # 1504
3876 # 1504
3882 # 1504
3888 # 1504
3894 # 1504
3900 # 1504
3906 # 1504
3909 + 120
3912 # 1504
3912 - 120 3
3913 + 52
3918 # 1504
3918 - 52 5
3924 # 1504
3930 # 1504
3936 # 1504
3942 # 1504
3948 # 1504
3954 # 1504
3960 # 1504
3960 + 120
3966 # 1504
3966 - 120 6
3972 # 1504
3978 # 1504
3984 # 1504
3990 # 1504
3996 # 1504
4002 # 1504
4008 # 1504
4013 + 120
4014 # 1504
4014 - 120 1
4020 # 1504
4026 # 1504
4032 # 1504
4038 # 1504
4044 # 1504
4050 # 1504
4056 # 1504
4062 # 1504
4065 + 120
4068 # 1504
4068 - 120 3
4074 # 1504
4080 # 1504
4086 # 1504
4092 # 1504
4098 # 1504
4100 + 120
4104 # 1504
4104 - 120 4
4110 # 1504
4116 # 1504
4121 + 120
4122 # 1504
4122 - 120 1
4128 # 1504
4134 # 1504
4140 # 1504
4146 # 1504
4152 # 1504
4158 # 1504
4164 # 1504
4170 # 1504
4176 # 1504
4182 # 1504
4185 + 120
4188 # 1504
4188 - 120 3
4194 # 1504
4200 # 1504
4206 # 1504
4212 # 1504
4218 # 1504
4224 # 1504
4230 # 1504
4236 # 1504
4237 + 120
4242 # 1504
4242 - 120 5
4248 # 1504
4254 # 1504
4260 # 1504
4266 # 1504
4272 # 1504
4278 # 1504
4284 # 1504
4290 # 1504
4291 + 120
4296 # 1504
4296 - 120 5
4302 # 1504
4308 # 1504
4314 # 1504
4320 # 1504
4326 # 1504
4332 # 1504
4338 # 1504
4342 + 120
4344 # 1504
4344 - 120 2
4350 # 1504
4356 # 1504
4362 # 1504
4368 # 1504
4374 # 1504
4380 # 1504
4386 # 1504
4392 # 1504
4397 + 120
4398 # 1504
4398 - 120 1
4404 # 1504
4410 # 1504
4416 # 1504
4422 # 1504
4428 # 1504
4434 # 1504
4440 # 1504
4446 # 1504
4452 # 1504
4458 # 1504
4461 + 120
4464 # 1504
4464 - 120 3
4470 # 1504
4476 # 1504
4482 # 1504
4488 # 1504
4494 # 1504
4500 # 1504
4506 # 1504
4512 # 1504
4517 + 120
4518 # 1504
4518 - 120 1
4524 # 1504
4530 # 1504
4536 # 1504
4542 # 1504
4548 # 1504
4554 # 1504
4560 # 1504
4566 # 1504
4572 # 1504
4573 + 120
4578 # 1504
4578 - 120 5
4584 # 1504
4590 # 1504
4596 # 1504
4602 # 1504
4608 # 1504
4614 # 1504
4620 # 1504
4626 # 1504
4632 # 1504
4633 + 120
4638 # 1504
4638 - 120 5
4644 # 1504
4650 # 1504
4656 # 1504
4662 # 1504
4668 # 1504
4674 # 1504
4680 # 1504
4686 # 1504
4692 # 1504
4698 # 1504
4698 + 120
4704 # 1504
4704 - 120 6
4710 # 1504
4716 # 1504
4722 # 1504
4728 # 1504
4734 # 1504
4740 # 1504
4746 # 1504
4749 + 120
4752 # 1504
4752 - 120 3
4758 # 1504
4764 # 1504
4770 # 1504
4776 # 1504
4782 # 1504
4788 # 1504
4794 # 1504
4800 # 1504
4806 # 1504
4809 + 120
4812 # 1504
4812 - 120 3
4818 # 1504
4824 # 1504
4830 # 1504
4836 # 1504
4842 # 1504
4848 # 1504
4854 # 1504
4860 # 1504
4866 # 1504
4869 + 120
4872 # 1504
4872 - 120 3
4878 # 1504
4884 # 1504
4890 # 1504
4896 # 1504
4902 # 1504
4908 # 1504
4914 # 1504
4920 # 1504
4926 # 1504
4932 # 1504
4933 + 120
4938 # 1504
4938 - 120 5
4944 # 1504
4950 # 1504
4956 # 1504
4962 # 1504
4968 # 1504
4974 # 1504
4980 # 1504
4986 # 1504
4992 # 1504
4997 + 120
4998 # 1504
4998 - 120 1
5004 # 1504
5010 # 1504
5016 # 1504
5022 # 1504
5028 # 1504
5034 # 1504
5040 # 1504
5046 # 1504
5052 # 1504
5058 # 1504
5061 + 120
5064 # 1504
5064 - 120 3
5070 # 1504
5076 # 1504
5082 # 1504
5088 # 1504
5094 # 1504
5100 # 1504
5106 # 1504
5112 # 1504
5118 # 1504
5124 # 1504
5125 + 120
5130 # 1504
5130 - 120 5
5136 # 1504
5142 # 1504
5148 # 1504
5154 # 1504
5160 # 1504
5166 # 1504
5172 # 1504
5178 # 1504
5184 # 1504
5189 + 120
5190 # 1504
5190 - 120 1
5196 # 1504
5202 # 1504
5208 # 1504
5214 # 1504
5220 # 1504
5226 # 1504
5232 # 1504
5238 # 1504
5244 # 1504
5250 # 1504
5253 + 120
5256 # 1504
5256 - 120 3
5262 # 1504
5268 # 1504
5274 # 1504
5280 # 1504
5286 # 1504
5292 # 1504
5298 # 1504
5304 # 1504
5310 # 1504
5313 + 120
5316 # 1504
5316 - 120 3
5322 # 1504
5328 # 1504
5334 # 1504
5340 # 1504
5346 # 1504
5352 # 1504
5358 # 1504
5364 # 1504
5369 + 120
5370 # 1504
5370 - 120 1
5376 # 1504
5382 # 1504
5388 # 1504
5394 # 1504
5400 # 1504
5406 # 1504
5412 # 1504
5418 # 1504
5424 # 1504
5425 + 120
5430 # 1504
5430 - 120 5
5436 # 1504
5442 # 1504
5448 # 1504
5454 # 1504
5460 # 1504
5466 # 1504
5472 # 1504
5478 # 1504
5481 + 120
5484 # 1504
5484 - 120 3
5490 # 1504
5496 # 1504
5502 # 1504
5508 # 1504
5514 # 1504
5520 # 1504
5526 # 1504
5532 # 1504
5537 + 120
5538 # 1504
5538 - 120 1
5544 # 1504
5550 # 1504
5556 # 1504
5562 # 1504
5568 # 1504
5574 # 1504
5580 # 1504
5586 # 1504
5592 # 1504
5594 + 120
5598 # 1504
5598 - 120 4
5604 # 1504
5610 # 1504
5616 # 1504
5622 # 1504
5628 # 1504
5634 # 1504
5640 # 1504
5645 + 120
5646 # 1504
5646 - 120 1
5652 # 1504
5658 # 1504
5664 # 1504
5670 # 1504
5676 # 1504
5682 # 1504
5688 # 1504
5694 # 1504
5700 # 1504
5701 + 120
5706 # 1504
5706 - 120 5
5712 # 1504
5718 # 1504
5724 # 1504
5730 # 1504
5736 # 1504
5742 # 1504
5748 # 1504
5754 # 1504
5760 # 1504
5762 + 120
5766 # 1504
5766 - 120 4
5772 # 1504
5778 # 1504
5784 # 1504
5790 # 1504
5796 # 1504
5802 # 1504
5808 # 1504
5813 + 120
5814 # 1504
5814 - 120 1
5820 # 1504
5826 # 1504
5832 # 1504
5838 # 1504
5844 # 1504
5850 # 1504
5856 # 1504
5862 # 1504
5867 + 120
5868 # 1504
5868 - 120 1
5874 # 1504
5880 # 1504
5886 # 1504
5892 # 1504
5898 # 1504
5904 # 1504
5910 # 1504
5916 # 1504
5918 + 120
5922 # 1504
5922 - 120 4
5928 # 1504
5934 # 1504
5940 # 1504
5946 # 1504
5952 # 1504
5958 # 1504
5964 # 1504
5970 # 1504
5971 + 120
5976 # 1504
5976 - 120 5
5982 # 1504
5988 # 1504
5994 # 1504
6000 # 1504
6006 # 1504
6012 # 1504
6018 # 1504
6024 # 1504
6030 # 1504
6033 + 120
6036 # 1504
6036 - 120 3
6042 # 1504
6048 # 1504
6054 # 1504
6060 # 1504
6066 # 1504
6072 # 1504
6078 # 1504
6084 # 1504
6085 + 120
6090 # 1504
6090 - 120 5
6096 # 1504
6102 # 1504
6108 # 1504
6114 # 1504
6120 # 1504
6126 # 1504
6132 # 1504
6138 # 1504
6144 # 1504
6145 + 120
6150 # 1504
6150 - 120 5
6156 # 1504
6162 # 1504
6168 # 1504
6174 # 1504
6180 # 1504
6186 # 1504
6192 # 1504
6198 # 1504
6204 # 1504
6209 + 120
6210 # 1504
6210 - 120 1
6216 # 1504
6222 # 1504
6228 # 1504
6234 # 1504
6240 # 1504
6246 # 1504
6252 # 1504
6258 # 1504
6264 # 1504
6265 + 120
6270 # 1504
6270 - 120 5
6276 # 1504
6282 # 1504
6288 # 1504
6294 # 1504
6300 # 1504
6306 # 1504
6312 # 1504
6318 # 1504
6324 # 1504
6329 + 120
6330 # 1504
6330 - 120 1
6336 # 1504
6342 # 1504
6348 # 1504
6354 # 1504
6360 # 1504
6366 # 1504
6372 # 1504
6378 # 1504
6384 # 1504
6389 + 120
6390 # 1504
6390 - 120 1
6396 # 1504
6402 # 1504
6408 # 1504
6414 # 1504
6420 # 1504
6426 # 1504
6432 # 1504
6438 # 1504
6441 + 120
6444 # 1504
6444 - 120 3
6450 # 1504
6456 # 1504
6462 # 1504
6468 # 1504
6474 # 1504
6480 # 1504
6486 # 1504
6492 # 1504
6497 + 120
6498 # 1504
6498 - 120 1
6504 # 1504
6510 # 1504
6516 # 1504
6522 # 1504
6528 # 1504
6534 # 1504
6540 # 1504
6546 # 1504
6549 + 120
6552 # 1504
6552 - 120 3
6558 # 1504
6564 # 1504
6570 # 1504
6576 # 1504
6582 # 1504
6588 # 1504
6594 # 1504
6600 # 1504
6606 # 1504
6609 + 120
6612 # 1504
6612 - 120 3
6618 # 1504
6624 # 1504
6630 # 1504
6636 # 1504
6642 # 1504
6648 # 1504
6654 # 1504
6660 # 1504
6665 + 120
6666 # 1504
6666 - 120 1
6672 # 1504
6678 # 1504
6684 # 1504
6690 # 1504
6696 # 1504
6702 # 1504
6708 # 1504
6714 # 1504
6720 # 1504
6721 + 120
6726 # 1504
6726 - 120 5
6732 # 1504
6738 # 1504
6744 # 1504
6750 # 1504
6756 # 1504
6762 # 1504
6768 # 1504
6774 # 1504
6780 # 1504
6781 + 120
6786 # 1504
6786 - 120 5
6792 # 1504
6798 # 1504
6804 # 1504
6810 # 1504
6816 # 1504
6822 # 1504
6828 # 1504
6833 + 120
6834 # 1504
6834 - 120 1
6840 # 1504
6846 # 1504
6852 # 1504
6858 # 1504
6864 # 1504
6870 # 1504
6876 # 1504
6882 # 1504
6888 # 1504
6889 + 120
6894 # 1504
6894 - 120 5
6900 # 1504
6906 # 1504
6912 # 1504
6918 # 1504
6924 # 1504
6930 # 1504
6936 # 1504
6942 # 1504
6945 + 120
6948 # 1504
6948 - 120 3
6954 # 1504
6960 # 1504
6966 # 1504
6972 # 1504
6978 # 1504
6984 # 1504
6990 # 1504
6996 # 1504
7002 # 1504
7005 + 120
7008 # 1504
7008 - 120 3
7014 # 1504
7020 # 1504
7026 # 1504
7032 # 1504
7038 # 1504
7044 # 1504
7050 # 1504
7056 # 1504
7062 # 1504
7065 + 120
7068 # 1504
7068 - 120 3
7074 # 1504
7080 # 1504
7086 # 1504
7092 # 1504
7098 # 1504
7104 # 1504
7110 # 1504
7116 # 1504
7121 + 120
7122 # 1504
7122 - 120 1
7128 # 1504
7134 # 1504
7140 # 1504
7146 # 1504
7152 # 1504
7158 # 1504
7164 # 1504
7170 # 1504
7173 + 120
7176 # 1504
7176 - 120 3
7182 # 1504
7188 # 1504
7194 # 1504
7200 # 1504
7206 # 1504
7212 # 1504
7218 # 1504
7224 # 1504
7229 + 120
7230 # 1504
7230 - 120 1
7236 # 1504
7242 # 1504
7248 # 1504
7254 # 1504
7260 # 1504
7266 # 1504
7272 # 1504
7278 # 1504
7284 # 1504
7290 # 1504
7290 + 120
7296 # 1504
7296 - 120 6
7302 # 1504
7308 # 1504
7314 # 1504
7320 # 1504
7326 # 1504
7332 # 1504
7338 # 1504
7341 + 120
7344 # 1504
7344 - 120 3
7350 # 1504
7356 # 1504
7362 # 1504
7368 # 1504
7374 # 1504
7380 # 1504
7386 # 1504
7392 # 1504
7397 + 120
7398 # 1504
7398 - 120 1
7404 # 1504
7410 # 1504
7416 # 1504
7422 # 1504
7428 # 1504
7434 # 1504
7440 # 1504
7446 # 1504
7452 # 1504
7457 + 120
7458 # 1504
7458 - 120 1
7464 # 1504
7470 # 1504
7476 # 1504
7482 # 1504
7488 # 1504
7494 # 1504
7500 # 1504
7506 # 1504
7512 # 1504
7513 + 120
7518 # 1504
7518 - 120 5
7524 # 1504
7530 # 1504
7536 # 1504
7542 # 1504
7548 # 1504
7554 # 1504
7560 # 1504
7566 # 1504
7569 + 120
7572 # 1504
7572 - 120 3
7578 # 1504
7584 # 1504
7590 # 1504
7596 # 1504
7602 # 1504
7608 # 1504
7614 # 1504
7620 # 1504
7626 # 1504
7626 + 120
7632 # 1504
7632 - 120 6
7638 # 1504
7644 # 1504
7650 # 1504
7656 # 1504
7662 # 1504
7668 # 1504
7674 # 1504
7677 + 120
7680 # 1504
7680 - 120 3
7686 # 1504
7692 # 1504
7698 # 1504
7704 # 1504
7710 # 1504
7716 # 1504
7722 # 1504
7728 # 1504
7730 + 120
7734 # 1504
7734 - 120 4
7740 # 1504
7746 # 1504
7752 # 1504
7758 # 1504
7764 # 1504
7770 # 1504
7776 # 1504
7782 # 1504
7785 + 120
7788 # 1504
7788 - 120 3
7794 # 1504
7800 # 1504
7806 # 1504
7812 # 1504
7818 # 1504
7824 # 1504
7830 # 1504
7836 # 1504
7841 + 120
7842 # 1504
7842 - 120 1
7848 # 1504
7854 # 1504
7860 # 1504
7866 # 1504
7872 # 1504
7878 # 1504
7884 # 1504
7890 # 1504
7893 + 120
7896 # 1504
7896 - 120 3
7902 # 1504
7908 # 1504
7914 # 1504
7920 # 1504
7926 # 1504
7932 # 1504
7938 # 1504
7944 # 1504
7947 + 120
7950 # 1504
7950 - 120 3
7956 # 1504
7962 # 1504
7968 # 1504
7974 # 1504
7980 # 1504
7986 # 1504
7992 # 1504
7998 # 1504
7998 + 120
8004 # 1504
8004 - 120 6
8010 # 1504
8016 # 1504
8022 # 1504
8028 # 1504
8034 # 1504
8040 # 1504
8046 # 1504
8051 + 120
8052 # 1504
8052 - 120 1
8058 # 1504
8064 # 1504
8070 # 1504
8076 # 1504
8082 # 1504
8088 # 1504
8094 # 1504
8100 # 1504
8103 + 120
8106 # 1504
8106 - 120 3
8112 # 1504
8118 # 1504
8124 # 1504
8130 # 1504
8136 # 1504
8142 # 1504
8148 # 1504
8154 # 1504
8156 + 120
8160 # 1504
8160 - 120 4
8166 # 1504
8172 # 1504
8178 # 1504
8184 # 1504
8190 # 1504
8196 # 1504
8202 # 1504
8208 # 1504
8208 + 120
8214 # 1504
8214 - 120 6
8220 # 1504
8226 # 1504
8232 # 1504
8238 # 1504
8244 # 1504
8250 # 1504
8256 # 1504
8261 + 120
8262 # 1504
8262 - 120 1
8268 # 1504
8274 # 1504
8280 # 1504
8286 # 1504
8292 # 1504
8298 # 1504
8304 # 1504
8310 # 1504
8316 # 1504
8317 + 120
8322 # 1504
8322 - 120 5
8328 # 1504
8334 # 1504
8340 # 1504
8346 # 1504
8352 # 1504
8358 # 1504
8364 # 1504
8370 # 1504
8376 # 1504
8377 + 120
8382 # 1504
8382 - 120 5
8388 # 1504
8394 # 1504
8400 # 1504
8406 # 1504
8412 # 1504
8418 # 1504
8424 # 1504
8430 # 1504
8436 # 1504
8437 + 120
8442 # 1504
8442 - 120 5
8448 # 1504
8454 # 1504
8460 # 1504
8466 # 1504
8472 # 1504
8478 # 1504
8484 # 1504
8490 # 1504
8496 # 1504
8501 + 120
8502 # 1504
8502 - 120 1
8508 # 1504
8514 # 1504
8520 # 1504
8526 # 1504
8532 # 1504
8538 # 1504
8544 # 1504
8550 # 1504
8556 # 1504
8561 + 120
8562 # 1504
8562 - 120 1
8568 # 1504
8574 # 1504
8580 # 1504
8586 # 1504
8592 # 1504
8598 # 1504
8604 # 1504
8610 # 1504
8616 # 1504
8618 + 120
8622 # 1504
8622 - 120 4
8628 # 1504
8634 # 1504
8640 # 1504
8646 # 1504
8652 # 1504
8658 # 1504
8664 # 1504
8669 + 120
8670 # 1504
8670 - 120 1
8676 # 1504
8682 # 1504
8688 # 1504
8694 # 1504
8700 # 1504
8706 # 1504
8712 # 1504
8718 # 1504
8722 + 120
8724 # 1504
8724 - 120 2
8730 # 1504
8736 # 1504
8742 # 1504
8748 # 1504
8754 # 1504
8760 # 1504
8766 # 1504
8772 # 1504
8777 + 120
8778 # 1504
8778 - 120 1
8784 # 1504
8790 # 1504
8796 # 1504
8802 # 1504
8808 # 1504
8814 # 1504
8820 # 1504
8826 # 1504
8832 # 1504
8837 + 120
8838 # 1504
8838 - 120 1
8844 # 1504
8850 # 1504
8856 # 1504
8862 # 1504
8868 # 1504
8874 # 1504
8880 # 1504
8886 # 1504
8892 # 1504
8897 + 120
8898 # 1504
8898 - 120 1
8904 # 1504
8910 # 1504
8916 # 1504
8922 # 1504
8928 # 1504
8934 # 1504
8940 # 1504
8946 # 1504
8952 # 1504
8953 + 120
8958 # 1504
8958 - 120 5
8964 # 1504
8970 # 1504
8976 # 1504
8982 # 1504
8988 # 1504
8994 # 1504
9000 # 1504
9005 + 120
9006 # 1504
9006 - 120 1
9012 # 1504
9018 # 1504
9024 # 1504
9030 # 1504
9036 # 1504
9042 # 1504
9048 # 1504
9054 # 1504
9058 + 120
9060 # 1504
9060 - 120 2
9066 # 1504
9072 # 1504
9078 # 1504
9084 # 1504
9090 # 1504
9096 # 1504
9102 # 1504
9108 # 1504
9114 # 1504
9120 # 1504
9121 + 120
9126 # 1504
9126 - 120 5
9132 # 1504
9138 # 1504
9144 # 1504
9150 # 1504
9156 # 1504
9162 # 1504
9168 # 1504
9174 # 1504
9178 + 120
9180 # 1504
9180 - 120 2
9186 # 1504
9192 # 1504
9198 # 1504
9204 # 1504
9210 # 1504
9216 # 1504
9222 # 1504
9228 # 1504
9229 + 120
9234 # 1504
9234 - 120 5
9240 # 1504
9246 # 1504
9252 # 1504
9258 # 1504
9264 # 1504
9270 # 1504
9276 # 1504
9282 # 1504
9288 # 1504
9289 + 120
9294 # 1504
9294 - 120 5
9300 # 1504
9306 # 1504
9312 # 1504
9318 # 1504
9324 # 1504
9330 # 1504
9336 # 1504
9342 # 1504
9348 # 1504
9349 + 120
9354 # 1504
9354 - 120 5
9360 # 1504
9366 # 1504
9372 # 1504
9378 # 1504
9384 # 1504
9390 # 1504
9396 # 1504
9402 # 1504
9408 # 1504
9413 + 120
9414 # 1504
9414 - 120 1
9420 # 1504
9426 # 1504
9432 # 1504
9438 # 1504
9444 # 1504
9450 # 1504
9456 # 1504
9462 # 1504
9468 # 1504
9474 # 1504
9477 + 120
9480 # 1504
9480 - 120 3
9486 # 1504
9492 # 1504
9498 # 1504
9504 # 1504
9510 # 1504
9516 # 1504
9522 # 1504
9528 # 1504
9534 # 1504
9540 # 1504
9541 + 120
9546 # 1504
9546 - 120 5
9552 # 1504
9558 # 1504
9564 # 1504
9570 # 1504
9576 # 1504
9582 # 1504
9588 # 1504
9594 # 1504
9600 # 1504
9605 + 120
9606 # 1504
9606 - 120 1
9612 # 1504
9618 # 1504
9624 # 1504
9630 # 1504
9636 # 1504
9642 # 1504
9648 # 1504
9654 # 1504
9660 # 1504
9662 + 120
9666 # 1504
9666 - 120 4
9672 # 1504
9678 # 1504
9684 # 1504
9690 # 1504
9696 # 1504
9702 # 1504
9708 # 1504
9713 + 120
9714 # 1504
9714 - 120 1
9720 # 1504
9726 # 1504
9732 # 1504
9738 # 1504
9744 # 1504
9750 # 1504
9756 # 1504
9762 # 1504
9766 + 120
9768 # 1504
9768 - 120 2
9774 # 1504
9780 # 1504
9786 # 1504
9792 # 1504
9798 # 1504
9804 # 1504
9810 # 1504
9816 # 1504
9822 # 1504
9828 # 1504
9830 + 120
9834 # 1504
9834 - 120 4
9840 # 1504
9846 # 1504
9852 # 1504
9858 # 1504
9864 # 1504
9870 # 1504
9876 # 1504
9881 + 120
9882 # 1504
9882 - 120 1
9888 # 1504
9894 # 1504
9900 # 1504
9906 # 1504
9912 # 1504
9918 # 1504
9924 # 1504
9930 # 1504
9934 + 120
9936 # 1504
9936 - 120 2
9942 # 1504
9948 # 1504
9954 # 1504
9960 # 1504
9966 # 1504
9972 # 1504
9978 # 1504
9984 # 1504
9989 + 120
9990 # 1504
9990 - 120 1
9996 # 1504
10002 # 1504
10008 # 1504
10014 # 1504
10020 # 1504
10026 # 1504
10032 # 1504
10038 # 1504
10044 # 1504
10045 + 120
10050 # 1504
10050 - 120 5
10056 # 1504
10062 # 1504
10068 # 1504
10074 # 1504
10080 # 1504
10086 # 1504
10092 # 1504
10098 # 1504
10101 + 120
10104 # 1504
10104 - 120 3
10110 # 1504
10116 # 1504
10122 # 1504
10128 # 1504
10134 # 1504
10140 # 1504
10146 # 1504
10152 # 1504
10157 + 120
10158 # 1504
10158 - 120 1
10164 # 1504
10170 # 1504
10176 # 1504
10182 # 1504
10188 # 1504
10194 # 1504
10200 # 1504
10206 # 1504
10212 # 1504
10217 + 120
10218 # 1504
10218 - 120 1
10224 # 1504
10230 # 1504
10236 # 1504
10242 # 1504
10248 # 1504
10254 # 1504
10260 # 1504
10266 # 1504
10272 # 1504
10278 # 1504
10282 + 120
10284 # 1504
10284 - 120 2
10290 # 1504
10296 # 1504
10302 # 1504
10308 # 1504
10314 # 1504
10320 # 1504
10326 # 1504
10332 # 1504
10333 + 120
10338 # 1504
10338 - 120 5
10344 # 1504
10350 # 1504
10356 # 1504
10362 # 1504
10368 # 1504
10374 # 1504
10380 # 1504
10386 # 1504
10387 + 120
10392 # 1504
10392 - 120 5
10398 # 1504
10404 # 1504
10410 # 1504
10416 # 1504
10422 # 1504
10428 # 1504
10434 # 1504
10438 + 120
10440 # 1504
10440 - 120 2
10446 # 1504
10452 # 1504
10458 # 1504
10464 # 1504
10470 # 1504
10476 # 1504
10482 # 1504
10488 # 1504
10494 # 1504
10500 # 1504
10502 + 120
10506 # 1504
10506 - 120 4
10512 # 1504
10518 # 1504
10524 # 1504
10530 # 1504
10536 # 1504
10542 # 1504
10548 # 1504
10553 + 120
10554 # 1504
10554 - 120 1
10560 # 1504
10566 # 1504
10572 # 1504
10578 # 1504
10584 # 1504
10590 # 1504
10596 # 1504
10602 # 1504
10606 + 120
10608 # 1504
10608 - 120 2
10614 # 1504
10620 # 1504
10626 # 1504
10632 # 1504
10638 # 1504
10644 # 1504
10650 # 1504
10656 # 1504
10662 # 1504
10665 + 120
10668 # 1504
10668 - 120 3
10674 # 1504
10680 # 1504
10686 # 1504
10692 # 1504
10698 # 1504
10704 # 1504
10710 # 1504
10716 # 1504
10722 # 1504
10728 # 1504
10729 + 120
10734 # 1504
10734 - 120 5
10740 # 1504
10746 # 1504
10752 # 1504
10758 # 1504
10764 # 1504
10770 # 1504
10776 # 1504
10782 # 1504
10788 # 1504
10793 + 120
10794 # 1504
10794 - 120 1
10800 # 1504
10806 # 1504
10812 # 1504
10818 # 1504
10824 # 1504
10830 # 1504
10836 # 1504
10842 # 1504
10848 # 1504
10854 # 1504
10857 + 120
10860 # 1504
10860 - 120 3
10866 # 1504
10872 # 1504
10878 # 1504
10884 # 1504
10890 # 1504
10896 # 1504
10902 # 1504
10908 # 1504
10914 # 1504
10920 # 1504
10921 + 120
10926 # 1504
10926 - 120 5
10932 # 1504
10938 # 1504
10944 # 1504
10950 # 1504
10956 # 1504
10962 # 1504
10968 # 1504
10974 # 1504
10980 # 1504
10985 + 120
10986 # 1504
10986 - 120 1
10992 # 1504
10998 # 1504
11004 # 1504
11010 # 1504
11016 # 1504
11022 # 1504
11028 # 1504
11034 # 1504
11040 # 1504
11046 # 1504
11049 + 120
11052 # 1504
11052 - 120 3
11058 # 1504
11064 # 1504
11070 # 1504
11076 # 1504
11082 # 1504
11088 # 1504
11094 # 1504
11100 # 1504
11106 # 1504
11112 # 1504
11113 + 120
11118 # 1504
11118 - 120 5
11124 # 1504
11130 # 1504
11136 # 1504
11142 # 1504
11148 # 1504
11154 # 1504
11160 # 1504
11166 # 1504
11172 # 1504
11177 + 120
11178 # 1504
11178 - 120 1
11184 # 1504
11190 # 1504
11196 # 1504
11202 # 1504
11208 # 1504
11214 # 1504
11220 # 1504
11226 # 1504
11232 # 1504
11238 # 1504
11241 + 120
11244 # 1504
11244 - 120 3
11250 # 1504
11256 # 1504
11262 # 1504
11268 # 1504
11274 # 1504
11280 # 1504
11286 # 1504
11292 # 1504
11298 # 1504
11304 # 1504
11305 + 120
11310 # 1504
11310 - 120 5
11316 # 1504
11322 # 1504
11328 # 1504
11334 # 1504
11340 # 1504
11346 # 1504
11352 # 1504
11358 # 1504
11364 # 1504
11369 + 120
11370 # 1504
11370 - 120 1
11376 # 1504
11382 # 1504
11388 # 1504
11394 # 1504
11400 # 1504
11406 # 1504
11412 # 1504
11418 # 1504
11424 # 1504
11430 # 1504
11433 + 120
11436 # 1504
11436 - 120 3
11442 # 1504
11448 # 1504
11454 # 1504
11460 # 1504
11466 # 1504
11472 # 1504
11478 # 1504
11484 # 1504
11490 # 1504
11496 # 1504
11497 + 120
11502 # 1504
11502 - 120 5
11508 # 1504
11514 # 1504
11520 # 1504
11526 # 1504
11532 # 1504
11538 # 1504
11544 # 1504
11550 # 1504
11556 # 1504
11561 + 120
11562 # 1504
11562 - 120 1
11568 # 1504
11574 # 1504
11580 # 1504
11586 # 1504
11592 # 1504
11593 + 52
11598 # 1504
11598 - 52 5
11604 # 1504
11610 # 1504
11616 # 1504
11622 # 1504
11625 + 120
11628 # 1504
11628 - 120 3
11634 # 1504
11640 # 1504
11646 # 1504
11652 # 1504
11658 # 1504
11664 # 1504
11670 # 1504
11676 # 1504
11682 # 1504
11688 # 1504
11690 + 120
11694 # 1504
11694 - 120 4
11700 # 1504
11706 # 1504
11712 # 1504
11718 # 1504
11724 # 1504
11730 # 1504
11736 # 1504
11741 + 120
11742 # 1504
11742 - 120 1
11748 # 1504
11754 # 1504
11760 # 1504
11766 # 1504
11772 # 1504
11778 # 1504
11784 # 1504
11790 # 1504
11794 + 120
11796 # 1504
11796 - 120 2
11802 # 1504
11808 # 1504
11814 # 1504
11820 # 1504
11826 # 1504
11832 # 1504
11838 # 1504
11844 # 1504
11849 + 120
11850 # 1504
11850 - 120 1
11856 # 1504
11862 # 1504
11868 # 1504
11874 # 1504
11880 # 1504
11886 # 1504
11892 # 1504
11898 # 1504
11904 # 1504
11910 # 1504
11914 + 120
11916 # 1504
11916 - 120 2
11922 # 1504
11928 # 1504
11934 # 1504
11940 # 1504
11946 # 1504
11952 # 1504
11958 # 1504
11964 # 1504
11965 + 120
11970 # 1504
11970 - 120 5
11976 # 1504
11982 # 1504
11988 # 1504
11994 # 1504
12000 # 1504
12006 # 1504
12012 # 1504
12018 # 1504
12018 + 120
12024 # 1504
12024 - 120 6
12030 # 1504
12036 # 1504
12042 # 1504
12048 # 1504
12054 # 1504
12060 # 1504
12066 # 1504
12072 # 1504
12078 # 1504
12082 + 120
12084 # 1504
12084 - 120 2
12090 # 1504
12096 # 1504
12102 # 1504
12108 # 1504
12114 # 1504
12120 # 1504
12126 # 1504
12132 # 1504
12133 + 120
12138 # 1504
12138 - 120 5
12144 # 1504
12150 # 1504
12156 # 1504
12162 # 1504
12168 # 1504
12174 # 1504
12180 # 1504
12186 # 1504
12186 + 120
12192 # 1504
12192 - 120 6
12198 # 1504
12204 # 1504
12210 # 1504
12216 # 1504
12222 # 1504
12228 # 1504
12234 # 1504
12240 # 1504
12246 # 1504
12249 + 120
12252 # 1504
12252 - 120 3
12258 # 1504
12264 # 1504
12270 # 1504
12276 # 1504
12282 # 1504
12288 # 1504
12294 # 1504
12300 # 1504
12301 + 120
12306 # 1504
12306 - 120 5
12312 # 1504
12318 # 1504
12324 # 1504
12330 # 1504
12336 # 1504
12342 # 1504
12348 # 1504
12354 # 1504
12360 # 1504
12362 + 120
12366 # 1504
12366 - 120 4
12372 # 1504
12378 # 1504
12384 # 1504
12390 # 1504
12396 # 1504
12402 # 1504
12408 # 1504
12413 + 120
12414 # 1504
12414 - 120 1
12420 # 1504
12426 # 1504
12432 # 1504
12438 # 1504
12444 # 1504
12450 # 1504
12456 # 1504
12462 # 1504
12468 # 1504
12469 + 120
12474 # 1504
12474 - 120 5
12480 # 1504
12486 # 1504
12492 # 1504
12498 # 1504
12504 # 1504
12510 # 1504
12516 # 1504
12522 # 1504
12528 # 1504
12529 + 120
12534 # 1504
12534 - 120 5
12540 # 1504
12546 # 1504
12552 # 1504
12558 # 1504
12564 # 1504
12570 # 1504
12576 # 1504
12582 # 1504
12585 + 120
12588 # 1504
12588 - 120 3
12594 # 1504
12600 # 1504
12606 # 1504
12612 # 1504
12618 # 1504
12624 # 1504
12630 # 1504
12636 # 1504
12642 # 1504
12646 + 120
12648 # 1504
12648 - 120 2
12654 # 1504
12660 # 1504
12666 # 1504
12672 # 1504
12678 # 1504
12684 # 1504
12690 # 1504
12696 # 1504
12697 + 120
12702 # 1504
12702 - 120 5
12708 # 1504
12714 # 1504
12720 # 1504
12726 # 1504
12732 # 1504
12738 # 1504
12744 # 1504
12750 # 1504
12750 + 120
12756 # 1504
12756 - 120 6
12762 # 1504
12768 # 1504
12774 # 1504
12780 # 1504
12786 # 1504
12792 # 1504
12798 # 1504
12802 + 120
12804 # 1504
12804 - 120 2
12810 # 1504
12816 # 1504
12822 # 1504
12828 # 1504
12834 # 1504
12840 # 1504
12846 # 1504
12852 # 1504
12855 + 120
12858 # 1504
12858 - 120 3
12864 # 1504
12870 # 1504
12876 # 1504
12882 # 1504
12888 # 1504
12894 # 1504
12900 # 1504
12906 # 1504
12907 + 120
12912 # 1504
12912 - 120 5
12918 # 1504
12924 # 1504
12930 # 1504
12936 # 1504
12942 # 1504
12948 # 1504
12954 # 1504
12960 # 1504
12965 + 120
12966 # 1504
12966 - 120 1
12972 # 1504
12978 # 1504
12984 # 1504
12990 # 1504
12996 # 1504
13002 # 1504
13008 # 1504
13014 # 1504
13020 # 1504
13026 # 1504
13029 + 120
13032 # 1504
13032 - 120 3
13038 # 1504
13044 # 1504
13050 # 1504
13056 # 1504
13062 # 1504
13068 # 1504
13074 # 1504
13080 # 1504
13086 # 1504
13092 # 1504
13093 + 120
13098 # 1504
13098 - 120 5
13104 # 1504
13110 # 1504
13116 # 1504
13122 # 1504
13128 # 1504
13134 # 1504
13140 # 1504
13146 # 1504
13152 # 1504
13157 + 120
13158 # 1504
13158 - 120 1
13164 # 1504
13170 # 1504
13176 # 1504
13182 # 1504
13188 # 1504
13194 # 1504
13200 # 1504
13206 # 1504
13212 # 1504
13218 # 1504
13221 + 120
13224 # 1504
13224 - 120 3
13230 # 1504
13236 # 1504
13242 # 1504
13248 # 1504
13254 # 1504
13260 # 1504
13266 # 1504
13272 # 1504
13278 # 1504
13284 # 1504
13289 + 120
13290 # 1504
13290 - 120 1
13296 # 1504
13302 # 1504
13308 # 1504
13314 # 1504
13320 # 1504
13326 # 1504
13332 # 1504
13338 # 1504
13344 # 1504
13349 + 120
13350 # 1504
13350 - 120 1
13356 # 1504
13362 # 1504
13368 # 1504
13374 # 1504
13380 # 1504
13386 # 1504
13392 # 1504
13398 # 1504
13404 # 1504
13410 # 1504
13413 + 120
13416 # 1504
13416 - 120 3
13422 # 1504
13428 # 1504
13434 # 1504
13440 # 1504
13446 # 1504
13452 # 1504
13458 # 1504
13464 # 1504
13470 # 1504
13476 # 1504
13477 + 120
13482 # 1504
13482 - 120 5
13488 # 1504
13494 # 1504
13500 # 1504
13506 # 1504
13512 # 1504
13518 # 1504
13524 # 1504
13530 # 1504
13536 # 1504
13541 + 120
13542 # 1504
13542 - 120 1
13548 # 1504
13554 # 1504
13560 # 1504
13566 # 1504
13572 # 1504
13578 # 1504
13584 # 1504
13590 # 1504
13596 # 1504
13602 # 1504
13605 + 120
13608 # 1504
13608 - 120 3
13614 # 1504
13620 # 1504
13626 # 1504
13632 # 1504
13638 # 1504
13644 # 1504
13650 # 1504
13656 # 1504
13662 # 1504
13668 # 1504
13669 + 120
13674 # 1504
13674 - 120 5
13680 # 1504
13686 # 1504
13692 # 1504
13698 # 1504
13704 # 1504
13710 # 1504
13716 # 1504
13722 # 1504
13728 # 1504
13733 + 120
13734 # 1504
13734 - 120 1
13740 # 1504
13746 # 1504
13752 # 1504
13758 # 1504
13764 # 1504
13770 # 1504
13776 # 1504
13782 # 1504
13788 # 1504
13794 # 1504
13797 + 120
13800 # 1504
13800 - 120 3
13806 # 1504
13812 # 1504
13818 # 1504
13824 # 1504
13830 # 1504
13836 # 1504
13842 # 1504
13848 # 1504
13854 # 1504
13860 # 1504
13861 + 120
13866 # 1504
13866 - 120 5
13872 # 1504
13878 # 1504
13884 # 1504
13890 # 1504
13896 # 1504
13902 # 1504
13908 # 1504
13913 + 120
13914 # 1504
13914 - 120 1
13920 # 1504
13926 # 1504
13932 # 1504
13938 # 1504
13944 # 1504
13950 # 1504
13956 # 1504
13962 # 1504
13966 + 120
13968 # 1504
13968 - 120 2
13974 # 1504
13980 # 1504
13986 # 1504
13992 # 1504
13998 # 1504
14004 # 1504
14010 # 1504
14016 # 1504
14022 # 1504
14028 # 1504
14029 + 120
14034 # 1504
14034 - 120 5
14040 # 1504
14046 # 1504
14052 # 1504
14058 # 1504
14064 # 1504
14070 # 1504
14076 # 1504
14081 + 120
14082 # 1504
14082 - 120 1
14088 # 1504
14094 # 1504
14100 # 1504
14106 # 1504
14112 # 1504
14118 # 1504
14124 # 1504
14130 # 1504
14134 + 120
14136 # 1504
14136 - 120 2
14142 # 1504
14148 # 1504
14154 # 1504
14160 # 1504
14166 # 1504
14172 # 1504
14178 # 1504
14184 # 1504
14190 # 1504
14196 # 1504
14197 + 120
14202 # 1504
14202 - 120 5
14208 # 1504
14214 # 1504
14220 # 1504
14226 # 1504
14232 # 1504
14238 # 1504
14244 # 1504
14249 + 120
14250 # 1504
14250 - 120 1
14256 # 1504
14262 # 1504
14268 # 1504
14274 # 1504
14280 # 1504
14286 # 1504
14292 # 1504
14298 # 1504
14304 # 1504
14309 + 120
14310 # 1504
14310 - 120 1
14316 # 1504
14322 # 1504
14328 # 1504
14334 # 1504
14340 # 1504
14346 # 1504
14352 # 1504
14358 # 1504
14361 + 120
14364 # 1504
14364 - 120 3
14370 # 1504
14376 # 1504
14382 # 1504
14388 # 1504
14394 # 1504
14400 # 1504
14406 # 1504
14412 # 1504
14414 + 120
14418 # 1504
14418 - 120 4
14424 # 1504
14430 # 1504
14436 # 1504
14442 # 1504
14448 # 1504
14454 # 1504
14460 # 1504
14466 # 1504
14472 # 1504
14473 + 120
14478 # 1504
14478 - 120 5
14484 # 1504
14490 # 1504
14496 # 1504
14502 # 1504
14508 # 1504
14514 # 1504
14520 # 1504
14526 # 1504
14532 # 1504
14537 + 120
14538 # 1504
14538 - 120 1
14544 # 1504
14550 # 1504
14556 # 1504
14562 # 1504
14568 # 1504
14574 # 1504
14580 # 1504
14586 # 1504
14592 # 1504
14597 + 120
14598 # 1504
14598 - 120 1
14604 # 1504
14610 # 1504
14616 # 1504
14622 # 1504
14628 # 1504
14634 # 1504
14640 # 1504
14646 # 1504
14652 # 1504
14653 + 120
14658 # 1504
14658 - 120 5
14664 # 1504
14670 # 1504
14676 # 1504
14682 # 1504
14688 # 1504
14694 # 1504
14700 # 1504
14706 # 1504
14712 # 1504
14713 + 120
14718 # 1504
14718 - 120 5
14724 # 1504
14730 # 1504
14736 # 1504
14742 # 1504
14748 # 1504
14754 # 1504
14760 # 1504
14765 + 120
14766 # 1504
14766 - 120 1
14772 # 1504
14778 # 1504
14784 # 1504
14790 # 1504
14796 # 1504
14802 # 1504
14808 # 1504
14814 # 1504
14818 + 120
14820 # 1504
14820 - 120 2
14826 # 1504
14832 # 1504
14838 # 1504
14844 # 1504
14850 # 1504
14856 # 1504
14862 # 1504
14868 # 1504
14874 # 1504
14877 + 120
14880 # 1504
14880 - 120 3
14886 # 1504
14892 # 1504
14898 # 1504
14904 # 1504
14910 # 1504
14916 # 1504
14922 # 1504
14928 # 1504
14929 + 120
14934 # 1504
14934 - 120 5
14940 # 1504
14946 # 1504
14952 # 1504
14958 # 1504
14964 # 1504
14970 # 1504
14976 # 1504
14982 # 1504
14988 # 1504
14989 + 120
14994 # 1504
14994 - 120 5
15000 # 1504
15006 # 1504
15012 # 1504
15018 # 1504
15024 # 1504
15030 # 1504
15036 # 1504
15042 # 1504
15045 + 120
15048 # 1504
15048 - 120 3
15054 # 1504
15060 # 1504
15066 # 1504
15072 # 1504
15078 # 1504
15084 # 1504
15090 # 1504
15096 # 1504
15097 + 120
15102 # 1504
15102 - 120 5
15108 # 1504
15114 # 1504
15120 # 1504
15126 # 1504
15132 # 1504
15138 # 1504
15144 # 1504
15150 # 1504
15153 + 120
15156 # 1504
15156 - 120 3
15162 # 1504
15168 # 1504
15174 # 1504
15180 # 1504
15186 # 1504
15192 # 1504
15198 # 1504
15204 # 1504
15210 # 1504
15213 + 120
15216 # 1504
15216 - 120 3
15222 # 1504
15228 # 1504
15234 # 1504
15240 # 1504
15246 # 1504
15252 # 1504
15258 # 1504
15264 # 1504
15270 # 1504
15276 # 1504
15277 + 120
15282 # 1504
15282 - 120 5
15288 # 1504
15294 # 1504
15300 # 1504
15306 # 1504
15312 # 1504
15318 # 1504
15324 # 1504
15330 # 1504
15336 # 1504
15341 + 120
15342 # 1504
15342 - 120 1
15348 # 1504
15354 # 1504
15360 # 1504
15366 # 1504
15372 # 1504
15378 # 1504
15384 # 1504
15390 # 1504
15396 # 1504
15402 # 1504
15405 + 120
15408 # 1504
15408 - 120 3
15414 # 1504
15420 # 1504
15426 # 1504
15432 # 1504
15438 # 1504
15444 # 1504
15450 # 1504
15456 # 1504
15462 # 1504
15468 # 1504
15469 + 120
15474 # 1504
15474 - 120 5
15480 # 1504
15486 # 1504
15492 # 1504
15498 # 1504
15504 # 1504
15510 # 1504
15516 # 1504
15522 # 1504
15528 # 1504
15533 + 120
15534 # 1504
15534 - 120 1
15540 # 1504
15546 # 1504
15552 # 1504
15558 # 1504
15564 # 1504
15570 # 1504
15576 # 1504
15582 # 1504
15588 # 1504
15594 # 1504
15597 + 120
15600 # 1504
15600 - 120 3
15606 # 1504
15612 # 1504
15618 # 1504
15624 # 1504
15630 # 1504
15636 # 1504
15642 # 1504
15648 # 1504
15654 # 1504
15660 # 1504
15661 + 120
15666 # 1504
15666 - 120 5
15672 # 1504
15678 # 1504
15684 # 1504
15690 # 1504
15696 # 1504
15702 # 1504
15708 # 1504
15714 # 1504
15720 # 1504
15725 + 120
15726 # 1504
15726 - 120 1
15732 # 1504
15738 # 1504
15744 # 1504
15750 # 1504
15756 # 1504
15762 # 1504
15768 # 1504
15774 # 1504
15780 # 1504
15786 # 1504
15789 + 120
15792 # 1504
15792 - 120 3
15798 # 1504
15804 # 1504
15810 # 1504
15816 # 1504
15822 # 1504
15828 # 1504
15834 # 1504
15840 # 1504
15846 # 1504
15852 # 1504
15853 + 120
15858 # 1504
15858 - 120 5
15864 # 1504
15870 # 1504
15876 # 1504
15882 # 1504
15888 # 1504
15894 # 1504
15900 # 1504
15906 # 1504
15912 # 1504
15917 + 120
15918 # 1504
15918 - 120 1
15924 # 1504
15930 # 1504
15936 # 1504
15942 # 1504
15948 # 1504
15954 # 1504
15960 # 1504
15966 # 1504
15972 # 1504
15978 # 1504
15981 + 120
15984 # 1504
15984 - 120 3
15990 # 1504
15996 # 1504
16002 # 1504
16008 # 1504
16014 # 1504
16020 # 1504
16026 # 1504
16032 # 1504
16037 + 120
16038 # 1504
16038 - 120 1
16044 # 1504
16050 # 1504
16056 # 1504
16062 # 1504
16068 # 1504
16074 # 1504
16080 # 1504
16086 # 1504
16092 # 1504
16098 # 1504
16101 + 120
16104 # 1504
16104 - 120 3
16110 # 1504
16116 # 1504
16122 # 1504
16128 # 1504
16134 # 1504
16140 # 1504
16146 # 1504
16152 # 1504
16158 # 1504
16164 # 1504
16165 + 120
16170 # 1504
16170 - 120 5
16176 # 1504
16182 # 1504
16188 # 1504
16194 # 1504
16200 # 1504
16206 # 1504
16212 # 1504
16218 # 1504
16224 # 1504
16229 + 120
16230 # 1504
16230 - 120 1
16236 # 1504
16242 # 1504
16248 # 1504
16254 # 1504
16260 # 1504
16266 # 1504
16272 # 1504
16278 # 1504
16281 + 120
16284 # 1504
16284 - 120 3
16290 # 1504
16296 # 1504
16302 # 1504
16308 # 1504
16314 # 1504
16320 # 1504
16326 # 1504
16332 # 1504
16338 # 1504
16341 + 120
16344 # 1504
16344 - 120 3
16350 # 1504
16356 # 1504
16362 # 1504
16368 # 1504
16374 # 1504
16380 # 1504
16386 # 1504
16392 # 1504
16393 + 120
16398 # 1504
16398 - 120 5
16404 # 1504
16410 # 1504
16416 # 1504
16422 # 1504
16428 # 1504
16434 # 1504
16440 # 1504
16446 # 1504
16446 + 120
16452 # 1504
16452 - 120 6
16458 # 1504
16464 # 1504
16470 # 1504
16476 # 1504
16482 # 1504
16488 # 1504
16494 # 1504
16498 + 120
16500 # 1504
16500 - 120 2
16506 # 1504
16512 # 1504
16518 # 1504
16524 # 1504
16530 # 1504
16536 # 1504
16542 # 1504
16548 # 1504
16551 + 120
16554 # 1504
16554 - 120 3
16560 # 1504
16566 # 1504
16572 # 1504
16578 # 1504
16584 # 1504
16590 # 1504
16596 # 1504
16602 # 1504
16608 # 1504
16613 + 120
16614 # 1504
16614 - 120 1
16620 # 1504
16626 # 1504
16632 # 1504
16638 # 1504
16644 # 1504
16650 # 1504
16656 # 1504
16662 # 1504
16665 + 120
16668 # 1504
16668 - 120 3
16674 # 1504
16680 # 1504
16686 # 1504
16692 # 1504
16698 # 1504
16704 # 1504
16710 # 1504
16716 # 1504
16718 + 120
16722 # 1504
16722 - 120 4
16728 # 1504
16734 # 1504
16740 # 1504
16746 # 1504
16752 # 1504
16758 # 1504
16764 # 1504
16770 # 1504
16773 + 120
16776 # 1504
16776 - 120 3
16782 # 1504
16788 # 1504
16794 # 1504
16800 # 1504
16806 # 1504
16812 # 1504
16818 # 1504
16824 # 1504
16830 # 1504
16836 # 1504
16837 + 120
16842 # 1504
16842 - 120 5
16848 # 1504
16854 # 1504
16860 # 1504
16866 # 1504
16872 # 1504
16878 # 1504
16884 # 1504
16890 # 1504
16896 # 1504
16897 + 120
16902 # 1504
16902 - 120 5
16908 # 1504
16914 # 1504
16920 # 1504
16926 # 1504
16932 # 1504
16938 # 1504
16944 # 1504
16950 # 1504
16956 # 1504
16958 + 120
16962 # 1504
16962 - 120 4
16968 # 1504
16974 # 1504
16980 # 1504
16986 # 1504
16992 # 1504
16998 # 1504
17004 # 1504
17009 + 120
17010 # 1504
17010 - 120 1
17016 # 1504
17022 # 1504
17028 # 1504
17034 # 1504
17040 # 1504
17046 # 1504
17052 # 1504
17058 # 1504
17062 + 120
17064 # 1504
17064 - 120 2
17070 # 1504
17076 # 1504
17082 # 1504
17088 # 1504
17094 # 1504
17100 # 1504
17106 # 1504
17112 # 1504
17118 # 1504
17124 # 1504
17125 + 120
17130 # 1504
17130 - 120 5
17136 # 1504
17142 # 1504
17148 # 1504
17154 # 1504
17160 # 1504
17166 # 1504
17172 # 1504
17177 + 120
17178 # 1504
17178 - 120 1
17184 # 1504
17190 # 1504
17196 # 1504
17202 # 1504
17208 # 1504
17214 # 1504
17220 # 1504
17226 # 1504
17230 + 120
17232 # 1504
17232 - 120 2
17238 # 1504
17244 # 1504
17250 # 1504
17256 # 1504
17262 # 1504
17268 # 1504
17274 # 1504
17280 # 1504
17286 # 1504
17290 + 120
17292 # 1504
17292 - 120 2
17298 # 1504
17304 # 1504
17310 # 1504
17316 # 1504
17322 # 1504
17328 # 1504
17334 # 1504
17340 # 1504
17341 + 120
17346 # 1504
17346 - 120 5
17352 # 1504
17358 # 1504
17364 # 1504
17370 # 1504
17376 # 1504
17382 # 1504
17388 # 1504
17394 # 1504
17394 + 120
17400 # 1504
17400 - 120 6
17406 # 1504
17412 # 1504
17418 # 1504
17424 # 1504
17430 # 1504
17436 # 1504
17442 # 1504
17446 + 120
17448 # 1504
17448 - 120 2
17454 # 1504
17460 # 1504
17466 # 1504
17472 # 1504
17478 # 1504
17484 # 1504
17490 # 1504
17496 # 1504
17502 # 1504
17508 # 1504
17509 + 120
17514 # 1504
17514 - 120 5
17520 # 1504
17526 # 1504
17532 # 1504
17538 # 1504
17544 # 1504
17550 # 1504
17556 # 1504
17562 # 1504
17568 # 1504
17569 + 120
17574 # 1504
17574 - 120 5
17580 # 1504
17586 # 1504
17592 # 1504
17598 # 1504
17604 # 1504
17610 # 1504
17616 # 1504
17622 # 1504
17628 # 1504
17633 + 120
17634 # 1504
17634 - 120 1
17640 # 1504
17646 # 1504
17652 # 1504
17658 # 1504
17664 # 1504
17670 # 1504
17676 # 1504
17682 # 1504
17688 # 1504
17694 # 1504
17697 + 120
17700 # 1504
17700 - 120 3
17706 # 1504
17712 # 1504
17718 # 1504
17724 # 1504
17730 # 1504
17736 # 1504
17742 # 1504
17748 # 1504
17754 # 1504
17760 # 1504
17761 + 120
17766 # 1504
17766 - 120 5
17772 # 1504
17778 # 1504
17784 # 1504
17790 # 1504
17796 # 1504
17802 # 1504
17808 # 1504
17814 # 1504
17820 # 1504
17825 + 120
17826 # 1504
17826 - 120 1
17832 # 1504
17838 # 1504
17844 # 1504
17850 # 1504
17856 # 1504
17862 # 1504
17868 # 1504
17874 # 1504
17880 # 1504
17886 # 1504
17889 + 120
17892 # 1504
17892 - 120 3
17898 # 1504
17904 # 1504
17910 # 1504
17916 # 1504
17922 # 1504
17928 # 1504
17934 # 1504
17940 # 1504
17946 # 1504
17952 # 1504
17953 + 120
17958 # 1504
17958 - 120 5
17964 # 1504
17970 # 1504
17976 # 1504
17982 # 1504
17988 # 1504
17994 # 1504
18000 # 1504
18006 # 1504
18012 # 1504
18017 + 120
18018 # 1504
18018 - 120 1
18024 # 1504
18030 # 1504
18036 # 1504
18042 # 1504
18048 # 1504
18054 # 1504
18060 # 1504
18066 # 1504
18072 # 1504
18078 # 1504
18081 + 120
18084 # 1504
18084 - 120 3
18090 # 1504
18096 # 1504
18102 # 1504
18108 # 1504
18114 # 1504
18120 # 1504
18126 # 1504
18132 # 1504
18138 # 1504
18144 # 1504
18145 + 120
18150 # 1504
18150 - 120 5
18156 # 1504
18162 # 1504
18168 # 1504
18174 # 1504
18180 # 1504
18186 # 1504
18192 # 1504
18198 # 1504
18204 # 1504
18210 # 1504
18210 + 120
18216 # 1504
18216 - 120 6
18222 # 1504
18228 # 1504
18234 # 1504
18240 # 1504
18246 # 1504
18252 # 1504
18258 # 1504
18261 + 120
18264 # 1504
18264 - 120 3
18270 # 1504
18276 # 1504
18282 # 1504
18288 # 1504
18294 # 1504
18300 # 1504
18306 # 1504
18312 # 1504
18314 + 120
18318 # 1504
18318 - 120 4
18324 # 1504
18330 # 1504
18336 # 1504
18342 # 1504
18348 # 1504
18354 # 1504
18360 # 1504
18366 # 1504
18369 + 120
18372 # 1504
18372 - 120 3
18378 # 1504
18384 # 1504
18390 # 1504
18396 # 1504
18402 # 1504
18408 # 1504
18414 # 1504
18420 # 1504
18426 # 1504
18432 # 1504
18433 + 120
18438 # 1504
18438 - 120 5
18444 # 1504
18450 # 1504
18456 # 1504
18462 # 1504
18468 # 1504
18474 # 1504
18480 # 1504
18486 # 1504
18492 # 1504
18497 + 120
18498 # 1504
18498 - 120 1
18504 # 1504
18510 # 1504
18516 # 1504
18522 # 1504
18528 # 1504
18534 # 1504
18540 # 1504
18546 # 1504
18552 # 1504
18558 # 1504
18561 + 120
18564 # 1504
18564 - 120 3
18570 # 1504
18576 # 1504
18582 # 1504
18588 # 1504
18594 # 1504
18600 # 1504
18606 # 1504
18612 # 1504
18618 # 1504
18624 # 1504
18625 + 120
18630 # 1504
18630 - 120 5
18636 # 1504
18642 # 1504
18648 # 1504
18654 # 1504
18660 # 1504
18666 # 1504
18672 # 1504
18678 # 1504
18684 # 1504
18689 + 120
18690 # 1504
18690 - 120 1
18696 # 1504
18702 # 1504
18708 # 1504
18714 # 1504
18720 # 1504
18726 # 1504
18732 # 1504
18738 # 1504
18744 # 1504
18746 + 120
18750 # 1504
18750 - 120 4
18756 # 1504
18762 # 1504
18768 # 1504
18774 # 1504
18780 # 1504
18786 # 1504
18792 # 1504
18797 + 120
18798 # 1504
18798 - 120 1
18804 # 1504
18810 # 1504
18816 # 1504
18822 # 1504
18828 # 1504
18834 # 1504
18840 # 1504
18846 # 1504
18850 + 120
18852 # 1504
18852 - 120 2
18858 # 1504
18864 # 1504
18870 # 1504
18876 # 1504
18882 # 1504
18888 # 1504
18894 # 1504
18900 # 1504
18906 # 1504
18912 # 1504
18914 + 120
18918 # 1504
18918 - 120 4
18924 # 1504
18930 # 1504
18936 # 1504
18942 # 1504
18948 # 1504
18954 # 1504
18960 # 1504
18965 + 120
18966 # 1504
18966 - 120 1
18972 # 1504
18978 # 1504
18984 # 1504
18990 # 1504
18996 # 1504
19002 # 1504
19008 # 1504
19014 # 1504
19018 + 120
19020 # 1504
19020 - 120 2
19026 # 1504
19032 # 1504
19038 # 1504
19044 # 1504
19050 # 1504
19056 # 1504
19062 # 1504
19068 # 1504
19074 # 1504
19080 # 1504
19082 + 120
19086 # 1504
19086 - 120 4
19092 # 1504
19098 # 1504
19104 # 1504
19110 # 1504
19116 # 1504
19122 # 1504
19128 # 1504
19133 + 120
19134 # 1504
19134 - 120 1
19140 # 1504
19146 # 1504
19152 # 1504
19158 # 1504
19164 # 1504
19170 # 1504
19176 # 1504
19182 # 1504
19186 + 120
19188 # 1504
19188 - 120 2
19194 # 1504
19200 # 1504
19206 # 1504
19212 # 1504
19218 # 1504
19224 # 1504
19230 # 1504
19236 # 1504
19242 # 1504
19245 + 120
19248 # 1504
19248 - 120 3
19254 # 1504
19260 # 1504
19266 # 1504
19272 # 1504
19278 # 1504
19284 # 1504
19290 # 1504
19296 # 1504
19302 # 1504
19308 # 1504
19309 + 120
19314 # 1504
19314 - 120 5
19320 # 1504
19326 # 1504
19332 # 1504
19338 # 1504
19344 # 1504
19350 # 1504
19356 # 1504
19362 # 1504
19368 # 1504
19373 + 120
19374 # 1504
19374 - 120 1
19380 # 1504
19386 # 1504
19392 # 1504
19398 # 1504
19404 # 1504
19410 # 1504
19416 # 1504
19422 # 1504
19428 # 1504
19434 # 1504
19437 + 120
19440 # 1504
19440 - 120 3
19446 # 1504
19452 # 1504
19458 # 1504
19464 # 1504
19470 # 1504
19476 # 1504
19482 # 1504
19488 # 1504
19494 # 1504
19500 # 1504
19501 + 120
19506 # 1504
19506 - 120 5
19512 # 1504
19518 # 1504
19524 # 1504
19530 # 1504
19536 # 1504
19542 # 1504
19548 # 1504
19554 # 1504
19560 # 1504
19565 + 120
19566 # 1504
19566 - 120 1
19572 # 1504
19578 # 1504
19584 # 1504
19590 # 1504
19596 # 1504
19602 # 1504
19608 # 1504
19614 # 1504
19620 # 1504
19626 # 1504
19629 + 120
19632 # 1504
19632 - 120 3
19638 # 1504
19644 # 1504
19650 # 1504
19656 # 1504
19662 # 1504
19668 # 1504
19674 # 1504
19680 # 1504
19686 # 1504
19692 # 1504
19693 + 120
19698 # 1504
19698 - 120 5
19704 # 1504
19710 # 1504
19716 # 1504
19722 # 1504
19728 # 1504
19734 # 1504
19740 # 1504
19746 # 1504
19752 # 1504
19757 + 120
19758 # 1504
19758 - 120 1
19764 # 1504
19770 # 1504
19776 # 1504
19782 # 1504
19788 # 1504
19794 # 1504
19800 # 1504
19806 # 1504
19812 # 1504
19818 # 1504
19821 + 120
19824 # 1504
19824 - 120 3
19830 # 1504
19836 # 1504
19842 # 1504
19848 # 1504
19854 # 1504
19860 # 1504
19866 # 1504
19872 # 1504
19878 # 1504
19884 # 1504
19885 + 120
19890 # 1504
19890 - 120 5
19896 # 1504
19902 # 1504
19908 # 1504
19914 # 1504
19920 # 1504
19926 # 1504
19932 # 1504
19938 # 1504
19944 # 1504
19949 + 120
19950 # 1504
19950 - 120 1
19956 # 1504
19962 # 1504
19968 # 1504
19974 # 1504
19980 # 1504
19986 # 1504
19992 # 1504
19998 # 1504
20004 # 1504
20010 # 1504
20013 + 120
20016 # 1504
20016 - 120 3
20022 # 1504
20028 # 1504
20034 # 1504
20040 # 1504
20046 # 1504
20052 # 1504
20058 # 1504
20064 # 1504
20070 # 1504
20076 # 1504
20077 + 120
20082 # 1504
20082 - 120 5
20088 # 1504
20094 # 1504
20100 # 1504
20106 # 1504
20112 # 1504
20118 # 1504
20124 # 1504
20130 # 1504
20136 # 1504
20141 + 120
20142 # 1504
20142 - 120 1
20148 # 1504
20154 # 1504
20160 # 1504
20166 # 1504
20172 # 1504
20178 # 1504
20184 # 1504
20190 # 1504
20196 # 1504
20202 # 1504
20205 + 120
20208 # 1504
20208 - 120 3
20214 # 1504
20220 # 1504
20226 # 1504
20232 # 1504
20238 # 1504
20244 # 1504
20250 # 1504
20256 # 1504
20262 # 1504
20268 # 1504
20269 + 120
20274 # 1504
20274 - 120 5
20280 # 1504
20286 # 1504
20292 # 1504
20298 # 1504
20304 # 1504
20310 # 1504
20316 # 1504
20322 # 1504
20328 # 1504
20333 + 120
20334 # 1504
20334 - 120 1
20340 # 1504
20346 # 1504
20352 # 1504
20358 # 1504
20364 # 1504
20370 # 1504
20376 # 1504
20382 # 1504
20388 # 1504
20394 # 1504
20397 + 120
20400 # 1504
20400 - 120 3
20406 # 1504
20412 # 1504
20418 # 1504
20424 # 1504
20430 # 1504
20436 # 1504
20442 # 1504
20448 # 1504
20454 # 1504
20454 + 120
20460 # 1504
20460 - 120 6
20466 # 1504
20472 # 1504
20478 # 1504
20484 # 1504
20490 # 1504
20496 # 1504
20502 # 1504
20505 + 120
20508 # 1504
20508 - 120 3
20514 # 1504
20520 # 1504
20526 # 1504
20532 # 1504
20538 # 1504
20544 # 1504
20550 # 1504
20556 # 1504
20558 + 120
20562 # 1504
20562 - 120 4
20568 # 1504
20574 # 1504
20580 # 1504
20586 # 1504
20592 # 1504
20598 # 1504
20604 # 1504
20610 # 1504
20616 # 1504
20622 # 1504
20622 + 120
20628 # 1504
20628 - 120 6
20634 # 1504
20640 # 1504
20646 # 1504
20652 # 1504
20658 # 1504
20664 # 1504
20670 # 1504
20673 + 120
20676 # 1504
20676 - 120 3
20682 # 1504
20688 # 1504
20694 # 1504
20700 # 1504
20706 # 1504
20712 # 1504
20718 # 1504
20724 # 1504
20727 + 120
20730 # 1504
20730 - 120 3
20736 # 1504
20742 # 1504
20748 # 1504
20754 # 1504
20760 # 1504
20766 # 1504
20772 # 1504
20778 # 1504
20778 + 120
20784 # 1504
20784 - 120 6
20790 # 1504
20796 # 1504
20802 # 1504
20808 # 1504
20814 # 1504
20820 # 1504
20826 # 1504
20831 + 120
20832 # 1504
20832 - 120 1
20838 # 1504
20844 # 1504
20850 # 1504
20856 # 1504
20862 # 1504
20868 # 1504
20874 # 1504
20880 # 1504
20886 # 1504
20892 # 1504
20893 + 120
20898 # 1504
20898 - 120 5
20904 # 1504
20910 # 1504
20916 # 1504
20922 # 1504
20928 # 1504
20934 # 1504
20940 # 1504
20946 # 1504
20949 + 120
20952 # 1504
20952 - 120 3
20958 # 1504
20964 # 1504
20970 # 1504
20976 # 1504
20982 # 1504
20988 # 1504
20994 # 1504
21000 # 1504
21006 # 1504
21012 # 1504
21013 + 120
21018 # 1504
21018 - 120 5
21024 # 1504
21030 # 1504
21036 # 1504
21042 # 1504
21048 # 1504
21054 # 1504
21060 # 1504
21066 # 1504
21069 + 120
21072 # 1504
21072 - 120 3
21078 # 1504
21084 # 1504
21090 # 1504
21096 # 1504
21102 # 1504
21108 # 1504
21114 # 1504
21120 # 1504
21121 + 120
21126 # 1504
21126 - 120 5
21132 # 1504
21138 # 1504
21144 # 1504
21150 # 1504
21156 # 1504
21162 # 1504
21168 # 1504
21174 # 1504
21174 + 120
21180 # 1504
21180 - 120 6
21186 # 1504
21192 # 1504
21198 # 1504
21204 # 1504
21210 # 1504
21216 # 1504
21222 # 1504
21228 # 1504
21229 + 120
21234 # 1504
21234 - 120 5
21240 # 1504
21246 # 1504
21252 # 1504
21258 # 1504
21264 # 1504
21270 # 1504
21276 # 1504
21282 # 1504
21288 # 1504
21289 + 120
21294 # 1504
21294 - 120 5
21300 # 1504
21306 # 1504
21312 # 1504
21318 # 1504
21324 # 1504
21330 # 1504
21336 # 1504
21342 # 1504
21348 # 1504
21353 + 120
21354 # 1504
21354 - 120 1
21360 # 1504
21366 # 1504
21372 # 1504
21378 # 1504
21384 # 1504
21390 # 1504
21396 # 1504
21402 # 1504
21408 # 1504
21414 # 1504
21417 + 120
21420 # 1504
21420 - 120 3
21426 # 1504
21432 # 1504
21438 # 1504
21444 # 1504
21450 # 1504
21456 # 1504
21462 # 1504
21468 # 1504
21474 # 1504
21480 # 1504
21481 + 120
21486 # 1504
21486 - 120 5
21492 # 1504
21498 # 1504
21504 # 1504
21510 # 1504
21516 # 1504
21522 # 1504
21528 # 1504
21534 # 1504
21540 # 1504
21541 + 120
21546 # 1504
21546 - 120 5
21552 # 1504
21558 # 1504
21564 # 1504
21570 # 1504
21576 # 1504
21582 # 1504
21588 # 1504
21594 # 1504
21600 # 1504
21601 + 120
21606 # 1504
21606 - 120 5
21612 # 1504
21618 # 1504
21624 # 1504
21630 # 1504
21636 # 1504
21642 # 1504
21648 # 1504
21654 # 1504
21660 # 1504
21665 + 120
21666 # 1504
21666 - 120 1
21672 # 1504
21678 # 1504
21684 # 1504
21690 # 1504
21696 # 1504
21702 # 1504
21708 # 1504
21714 # 1504
21720 # 1504
21726 # 1504
21729 + 120
21732 # 1504
21732 - 120 3
21738 # 1504
21744 # 1504
21750 # 1504
21756 # 1504
21762 # 1504
21768 # 1504
21774 # 1504
21780 # 1504
21786 # 1504
21792 # 1504
21793 + 120
21798 # 1504
21798 - 120 5
21804 # 1504
21810 # 1504
21816 # 1504
21822 # 1504
21828 # 1504
21834 # 1504
21840 # 1504
21846 # 1504
21852 # 1504
21857 + 120
21858 # 1504
21858 - 120 1
21864 # 1504
21870 # 1504
21876 # 1504
21882 # 1504
21888 # 1504
21894 # 1504
21900 # 1504
21906 # 1504
21912 # 1504
21918 # 1504
21921 + 120
21924 # 1504
21924 - 120 3
21930 # 1504
21936 # 1504
21942 # 1504
21948 # 1504
21954 # 1504
21960 # 1504
21966 # 1504
21972 # 1504
21978 # 1504
21984 # 1504
21985 + 120
21990 # 1504
21990 - 120 5
21996 # 1504
22002 # 1504
22008 # 1504
22014 # 1504
22020 # 1504
22026 # 1504
22032 # 1504
22038 # 1504
22044 # 1504
22049 + 120
22050 # 1504
22050 - 120 1
22056 # 1504
22062 # 1504
22068 # 1504
22074 # 1504
22080 # 1504
22086 # 1504
22092 # 1504
22098 # 1504
22104 # 1504
22110 # 1504
22113 + 120
22116 # 1504
22116 - 120 3
22122 # 1504
22128 # 1504
22134 # 1504
22140 # 1504
22146 # 1504
22152 # 1504
22158 # 1504
22164 # 1504
22170 # 1504
22176 # 1504
22177 + 120
22182 # 1504
22182 - 120 5
22188 # 1504
22194 # 1504
22200 # 1504
22206 # 1504
22212 # 1504
22218 # 1504
22224 # 1504
22230 # 1504
22236 # 1504
22241 + 120
22242 # 1504
22242 - 120 1
22248 # 1504
22254 # 1504
22260 # 1504
22266 # 1504
22272 # 1504
22278 # 1504
22284 # 1504
22290 # 1504
22296 # 1504
22302 # 1504
22308 # 1504
22309 + 120
22314 # 1504
22314 - 120 5
22320 # 1504
22326 # 1504
22332 # 1504
22338 # 1504
22344 # 1504
22350 # 1504
22356 # 1504
22362 # 1504
22368 # 1504
22369 + 120
22374 # 1504
22374 - 120 5
22380 # 1504
22386 # 1504
22392 # 1504
22398 # 1504
22404 # 1504
22410 # 1504
22416 # 1504
22422 # 1504
22425 + 120
22428 # 1504
22428 - 120 3
22434 # 1504
22440 # 1504
22446 # 1504
22452 # 1504
22458 # 1504
22464 # 1504
22470 # 1504
22476 # 1504
22482 # 1504
22488 # 1504
22489 + 120
22494 # 1504
22494 - 120 5
22500 # 1504
22506 # 1504
22512 # 1504
22518 # 1504
22524 # 1504
22530 # 1504
22536 # 1504
22542 # 1504
22548 # 1504
22553 + 120
22554 # 1504
22554 - 120 1
22560 # 1504
22566 # 1504
22572 # 1504
22578 # 1504
22584 # 1504
22590 # 1504
22596 # 1504
22602 # 1504
22608 # 1504
22614 # 1504
22617 + 120
22620 # 1504
22620 - 120 3
22626 # 1504
22632 # 1504
22638 # 1504
22644 # 1504
22650 # 1504
22656 # 1504
22662 # 1504
22668 # 1504
22674 # 1504
22680 # 1504
22681 + 120
22686 # 1504
22686 - 120 5
22692 # 1504
22698 # 1504
22704 # 1504
22710 # 1504
22716 # 1504
22722 # 1504
22728 # 1504
22734 # 1504
22740 # 1504
22745 + 120
22746 # 1504
22746 - 120 1
22752 # 1504
22758 # 1504
22764 # 1504
22770 # 1504
22776 # 1504
22782 # 1504
22788 # 1504
22794 # 1504
22800 # 1504
22805 + 120
22806 # 1504
22806 - 120 1
22812 # 1504
22818 # 1504
22824 # 1504
22830 # 1504
22836 # 1504
22842 # 1504
22848 # 1504
22854 # 1504
22860 # 1504
22861 + 120
22866 # 1504
22866 - 120 5
22872 # 1504
22878 # 1504
22884 # 1504
22890 # 1504
22896 # 1504
22902 # 1504
22908 # 1504
22914 # 1504
22917 + 120
22920 # 1504
22920 - 120 3
22926 # 1504
22932 # 1504
22938 # 1504
22944 # 1504
22950 # 1504
22956 # 1504
22962 # 1504
22968 # 1504
22973 + 120
22974 # 1504
22974 - 120 1
22980 # 1504
22986 # 1504
22992 # 1504
22998 # 1504
23004 # 1504
23010 # 1504
23016 # 1504
23022 # 1504
23028 # 1504
23030 + 120
23034 # 1504
23034 - 120 4
23040 # 1504
23046 # 1504
23052 # 1504
23058 # 1504
23064 # 1504
23070 # 1504
23076 # 1504
23081 + 120
23082 # 1504
23082 - 120 1
23088 # 1504
23094 # 1504
23100 # 1504
23106 # 1504
23112 # 1504
23118 # 1504
23124 # 1504
23130 # 1504
23136 # 1504
23138 + 120
23142 # 1504
23142 - 120 4
23148 # 1504
23154 # 1504
23160 # 1504
23166 # 1504
23172 # 1504
23178 # 1504
23184 # 1504
23189 + 120
23190 # 1504
23190 - 120 1
23196 # 1504
23202 # 1504
23208 # 1504
23214 # 1504
23220 # 1504
23226 # 1504
23232 # 1504
23238 # 1504
23242 + 120
23244 # 1504
23244 - 120 2
23250 # 1504
23256 # 1504
23262 # 1504
23268 # 1504
23274 # 1504
23280 # 1504
23286 # 1504
23292 # 1504
23298 # 1504
23304 # 1504
23306 + 120
23310 # 1504
23310 - 120 4
23316 # 1504
23322 # 1504
23328 # 1504
23334 # 1504
23340 # 1504
23346 # 1504
23352 # 1504
23357 + 120
23358 # 1504
23358 - 120 1
23364 # 1504
23370 # 1504
23376 # 1504
23382 # 1504
23388 # 1504
23394 # 1504
23400 # 1504
23406 # 1504
23410 + 120
23412 # 1504
23412 - 120 2
23418 # 1504
23424 # 1504
23430 # 1504
23436 # 1504
23442 # 1504
23448 # 1504
23454 # 1504
23460 # 1504
23466 # 1504
23472 # 1504
23474 + 120
23478 # 1504
23478 - 120 4
23484 # 1504
23490 # 1504
23496 # 1504
23502 # 1504
23508 # 1504
23514 # 1504
23520 # 1504
23525 + 120
23526 # 1504
23526 - 120 1
23532 # 1504
23538 # 1504
23544 # 1504
23550 # 1504
23556 # 1504
23562 # 1504
23568 # 1504
23574 # 1504
23580 # 1504
23581 + 120
23586 # 1504
23586 - 120 5
23592 # 1504
23598 # 1504
23604 # 1504
23610 # 1504
23616 # 1504
23622 # 1504
23628 # 1504
23634 # 1504
23640 # 1504
23645 + 120
23646 # 1504
23646 - 120 1
23652 # 1504
23658 # 1504
23664 # 1504
23670 # 1504
23676 # 1504
23682 # 1504
23688 # 1504
23694 # 1504
23700 # 1504
23706 # 1504
23709 + 120
23712 # 1504
23712 - 120 3
23718 # 1504
23724 # 1504
23730 # 1504
23736 # 1504
23742 # 1504
23748 # 1504
23754 # 1504
23760 # 1504
23766 # 1504
23772 # 1504
23773 + 120
23778 # 1504
23778 - 120 5
23784 # 1504
23790 # 1504
23796 # 1504
23802 # 1504
23808 # 1504
23814 # 1504
23820 # 1504
23826 # 1504
23832 # 1504
23837 + 120
23838 # 1504
23838 - 120 1
23844 # 1504
23850 # 1504
23856 # 1504
23862 # 1504
23868 # 1504
23874 # 1504
23880 # 1504
23886 # 1504
23892 # 1504
23898 # 1504
23901 + 120
23904 # 1504
23904 - 120 3
23910 # 1504
23916 # 1504
23922 # 1504
23928 # 1504
23934 # 1504
23940 # 1504
23946 # 1504
23952 # 1504
23958 # 1504
23964 # 1504
23965 + 120
23970 # 1504
23970 - 120 5
23976 # 1504
23982 # 1504
23988 # 1504
23994 # 1504
24000 # 1504
24006 # 1504
24012 # 1504
24018 # 1504
24024 # 1504
24029 + 120
24030 # 1504
24030 - 120 1
24036 # 1504
24042 # 1504
24048 # 1504
24054 # 1504
24060 # 1504
24066 # 1504
24072 # 1504
24078 # 1504
24084 # 1504
24090 # 1504
24093 + 120
24096 # 1504
24096 - 120 3
24102 # 1504
24108 # 1504
24114 # 1504
24120 # 1504
24126 # 1504
24132 # 1504
24138 # 1504
24144 # 1504
24150 # 1504
24156 # 1504
24157 + 120
24162 # 1504
24162 - 120 5
24168 # 1504
24174 # 1504
24180 # 1504
24186 # 1504
24192 # 1504
24198 # 1504
24204 # 1504
24210 # 1504
24216 # 1504
24221 + 120
24222 # 1504
24222 - 120 1
24228 # 1504
24234 # 1504
24240 # 1504
24246 # 1504
24252 # 1504
24258 # 1504
24264 # 1504
24270 # 1504
24276 # 1504
24282 # 1504
24285 + 120
24288 # 1504
24288 - 120 3
24294 # 1504
24300 # 1504
24306 # 1504
24312 # 1504
24318 # 1504
24324 # 1504
24330 # 1504
24336 # 1504
24342 # 1504
24348 # 1504
24350 + 120
24354 # 1504
24354 - 120 4
24360 # 1504
24366 # 1504
24372 # 1504
24378 # 1504
24384 # 1504
24390 # 1504
24396 # 1504
24401 + 120
24402 # 1504
24402 - 120 1
24408 # 1504
24414 # 1504
24420 # 1504
24426 # 1504
24432 # 1504
24438 # 1504
24444 # 1504
24450 # 1504
24454 + 120
24456 # 1504
24456 - 120 2
24462 # 1504
24468 # 1504
24474 # 1504
24480 # 1504
24486 # 1504
24492 # 1504
24498 # 1504
24504 # 1504
24510 # 1504
24516 # 1504
24518 + 120
24522 # 1504
24522 - 120 4
24528 # 1504
24534 # 1504
24540 # 1504
24546 # 1504
24552 # 1504
24558 # 1504
24564 # 1504
24569 + 120
24570 # 1504
24570 - 120 1
24576 # 1504
24582 # 1504
24588 # 1504
24594 # 1504
24600 # 1504
24606 # 1504
24612 # 1504
24618 # 1504
24623 + 120
24624 # 1504
24624 - 120 1
24630 # 1504
24636 # 1504
24642 # 1504
24648 # 1504
24654 # 1504
24660 # 1504
24666 # 1504
24672 # 1504
24674 + 120
24678 # 1504
24678 - 120 4
24684 # 1504
24690 # 1504
24696 # 1504
24702 # 1504
24708 # 1504
24714 # 1504
24720 # 1504
24726 # 1504
24732 # 1504
24733 + 120
24738 # 1504
24738 - 120 5
24744 # 1504
24750 # 1504
24756 # 1504
24762 # 1504
24768 # 1504
24774 # 1504
24780 # 1504
24786 # 1504
24792 # 1504
24797 + 120
24798 # 1504
24798 - 120 1
24804 # 1504
24810 # 1504
24816 # 1504
24822 # 1504
24828 # 1504
24834 # 1504
24840 # 1504
24846 # 1504
24852 # 1504
24858 # 1504
24861 + 120
24864 # 1504
24864 - 120 3
24870 # 1504
24876 # 1504
24882 # 1504
24888 # 1504
24894 # 1504
24900 # 1504
24906 # 1504
24912 # 1504
24917 + 120
24918 # 1504
24918 - 120 1
24924 # 1504
24930 # 1504
24936 # 1504
24942 # 1504
24948 # 1504
24954 # 1504
24960 # 1504
24966 # 1504
24969 + 120
24972 # 1504
24972 - 120 3
24978 # 1504
24984 # 1504
24990 # 1504
24996 # 1504
25002 # 1504
25008 # 1504
25014 # 1504
25020 # 1504
25022 + 120
25026 # 1504
25026 - 120 4
25032 # 1504
25038 # 1504
25044 # 1504
25050 # 1504
25056 # 1504
25062 # 1504
25068 # 1504
25074 # 1504
25074 + 120
25080 # 1504
25080 - 120 6
25086 # 1504
25092 # 1504
25098 # 1504
25104 # 1504
25110 # 1504
25116 # 1504
25122 # 1504
25128 # 1504
25129 + 120
25134 # 1504
25134 - 120 5
25140 # 1504
25146 # 1504
25152 # 1504
25158 # 1504
25164 # 1504
25170 # 1504
25176 # 1504
25182 # 1504
25188 # 1504
25193 + 120
25194 # 1504
25194 - 120 1
25200 # 1504
25206 # 1504
25212 # 1504
25218 # 1504
25224 # 1504
25230 # 1504
25236 # 1504
25242 # 1504
25248 # 1504
25254 # 1504
25257 + 120
25260 # 1504
25260 - 120 3
25266 # 1504
25272 # 1504
25278 # 1504
25284 # 1504
25290 # 1504
25296 # 1504
25302 # 1504
25308 # 1504
25314 # 1504
25320 # 1504
25321 + 120
25326 # 1504
25326 - 120 5
25332 # 1504
25338 # 1504
25344 # 1504
25350 # 1504
25356 # 1504
25362 # 1504
25368 # 1504
25374 # 1504
25380 # 1504
25385 + 120
25386 # 1504
25386 - 120 1
25392 # 1504
25398 # 1504
25404 # 1504
25410 # 1504
25416 # 1504
25422 # 1504
25428 # 1504
25434 # 1504
25440 # 1504
25446 # 1504
25449 + 120
25452 # 1504
25452 - 120 3
25458 # 1504
25464 # 1504
25470 # 1504
25476 # 1504
25482 # 1504
25488 # 1504
25494 # 1504
25500 # 1504
25506 # 1504
25512 # 1504
25513 + 120
25518 # 1504
25518 - 120 5
25524 # 1504
25530 # 1504
25536 # 1504
25542 # 1504
25548 # 1504
25554 # 1504
25560 # 1504
25566 # 1504
25572 # 1504
25577 + 120
25578 # 1504
25578 - 120 1
25584 # 1504
25590 # 1504
25596 # 1504
25602 # 1504
25608 # 1504
25614 # 1504
25620 # 1504
25626 # 1504
25632 # 1504
25638 # 1504
25641 + 120
25644 # 1504
25644 - 120 3
25650 # 1504
25656 # 1504
25662 # 1504
25668 # 1504
25674 # 1504
25680 # 1504
25686 # 1504
25692 # 1504
25698 # 1504
25704 # 1504
25705 + 120
25710 # 1504
25710 - 120 5
25716 # 1504
25722 # 1504
25728 # 1504
25734 # 1504
25740 # 1504
25746 # 1504
25752 # 1504
25758 # 1504
25764 # 1504
25769 + 120
25770 # 1504
25770 - 120 1
25776 # 1504
25782 # 1504
25788 # 1504
25794 # 1504
25800 # 1504
25806 # 1504
25812 # 1504
25818 # 1504
25824 # 1504
25830 # 1504
25833 + 120
25836 # 1504
25836 - 120 3
25842 # 1504
25848 # 1504
25854 # 1504
25860 # 1504
25866 # 1504
25872 # 1504
25878 # 1504
25884 # 1504
25889 + 120
25890 # 1504
25890 - 120 1
25896 # 1504
25902 # 1504
25908 # 1504
25914 # 1504
25920 # 1504
25926 # 1504
25932 # 1504
25938 # 1504
25944 # 1504
25950 # 1504
25953 + 120
25956 # 1504
25956 - 120 3
25962 # 1504
25968 # 1504
25974 # 1504
25980 # 1504
25986 # 1504
25992 # 1504
25998 # 1504
26004 # 1504
26010 # 1504
26016 # 1504
26017 + 120
26022 # 1504
26022 - 120 5
26028 # 1504
26034 # 1504
26040 # 1504
26046 # 1504
26052 # 1504
26058 # 1504
26064 # 1504
26070 # 1504
26076 # 1504
26081 + 120
26082 # 1504
26082 - 120 1
26088 # 1504
26094 # 1504
26100 # 1504
26106 # 1504
26112 # 1504
26118 # 1504
26124 # 1504
26130 # 1504
26136 # 1504
26142 # 1504
26145 + 120
26148 # 1504
26148 - 120 3
26154 # 1504
26160 # 1504
26166 # 1504
26172 # 1504
26178 # 1504
26184 # 1504
26190 # 1504
26196 # 1504
26202 # 1504
26208 # 1504
26210 + 120
26214 # 1504
26214 - 120 4
26220 # 1504
26226 # 1504
26232 # 1504
26238 # 1504
26244 # 1504
26250 # 1504
26256 # 1504
26261 + 120
26262 # 1504
26262 - 120 1
26268 # 1504
26274 # 1504
26280 # 1504
26286 # 1504
26292 # 1504
26298 # 1504
26304 # 1504
26310 # 1504
26314 + 120
26316 # 1504
26316 - 120 2
26322 # 1504
26328 # 1504
26334 # 1504
26340 # 1504
26346 # 1504
26352 # 1504
26358 # 1504
26364 # 1504
26369 + 120
26370 # 1504
26370 - 120 1
26376 # 1504
26382 # 1504
26388 # 1504
26394 # 1504
26400 # 1504
26406 # 1504
26412 # 1504
26418 # 1504
26424 # 1504
26430 # 1504
26433 + 120
26436 # 1504
26436 - 120 3
26442 # 1504
26448 # 1504
26454 # 1504
26460 # 1504
26466 # 1504
26472 # 1504
26478 # 1504
26484 # 1504
26490 # 1504
26496 # 1504
26497 + 120
26502 # 1504
26502 - 120 5
26508 # 1504
26514 # 1504
26520 # 1504
26526 # 1504
26532 # 1504
26538 # 1504
26544 # 1504
26550 # 1504
26556 # 1504
26561 + 120
26562 # 1504
26562 - 120 1
26568 # 1504
26574 # 1504
26580 # 1504
26586 # 1504
26592 # 1504
26598 # 1504
26604 # 1504
26610 # 1504
26616 # 1504
26622 # 1504
26625 + 120
26628 # 1504
26628 - 120 3
26634 # 1504
26640 # 1504
26646 # 1504
26652 # 1504
26658 # 1504
26664 # 1504
26670 # 1504
26676 # 1504
26682 # 1504
26688 # 1504
26689 + 120
26694 # 1504
26694 - 120 5
26697 + 52
26700 # 1504
26700 - 52 3
26706 # 1504
26712 # 1504
26718 # 1504
26724 # 1504
26730 # 1504
26736 # 1504
26742 # 1504
26748 # 1504
26753 + 120
26754 # 1504
26754 - 120 1
26760 # 1504
26766 # 1504
26772 # 1504
26778 # 1504
26784 # 1504
26790 # 1504
26796 # 1504
26802 # 1504
26808 # 1504
26814 # 1504
26817 + 120
26820 # 1504
26820 - 120 3
26826 # 1504
26832 # 1504
26838 # 1504
26844 # 1504
26850 # 1504
26856 # 1504
26862 # 1504
26868 # 1504
26874 # 1504
26880 # 1504
26881 + 120
26886 # 1504
26886 - 120 5
26892 # 1504
26898 # 1504
26904 # 1504
26910 # 1504
26916 # 1504
26922 # 1504
26928 # 1504
26933 + 120
26934 # 1504
26934 - 120 1
26940 # 1504
26946 # 1504
26952 # 1504
26958 # 1504
26964 # 1504
26970 # 1504
26976 # 1504
26982 # 1504
26986 + 120
26988 # 1504
26988 - 120 2
26994 # 1504
27000 # 1504
27006 # 1504
27012 # 1504
27018 # 1504
27024 # 1504
27030 # 1504
27036 # 1504
27042 # 1504
27048 # 1504
27050 + 120
27054 # 1504
27054 - 120 4
27060 # 1504
27066 # 1504
27072 # 1504
27078 # 1504
27084 # 1504
27090 # 1504
27096 # 1504
27101 + 120
27102 # 1504
27102 - 120 1
27108 # 1504
27114 # 1504
27120 # 1504
27126 # 1504
27132 # 1504
27138 # 1504
27144 # 1504
27150 # 1504
27155 + 120
27156 # 1504
27156 - 120 1
27162 # 1504
27168 # 1504
27174 # 1504
27180 # 1504
27186 # 1504
27192 # 1504
27198 # 1504
27204 # 1504
27206 + 120
27210 # 1504
27210 - 120 4
27216 # 1504
27222 # 1504
27228 # 1504
27234 # 1504
27240 # 1504
27246 # 1504
27252 # 1504
27258 # 1504
27261 + 120
27264 # 1504
27264 - 120 3
27270 # 1504
27276 # 1504
27282 # 1504
27288 # 1504
27294 # 1504
27300 # 1504
27306 # 1504
27312 # 1504
27318 # 1504
27324 # 1504
27325 + 120
27330 # 1504
27330 - 120 5
27336 # 1504
27342 # 1504
27348 # 1504
27354 # 1504
27360 # 1504
27366 # 1504
27372 # 1504
27378 # 1504
27384 # 1504
27389 + 120
27390 # 1504
27390 - 120 1
27396 # 1504
27402 # 1504
27408 # 1504
27414 # 1504
27420 # 1504
27426 # 1504
27432 # 1504
27438 # 1504
27444 # 1504
27450 # 1504
27453 + 120
27456 # 1504
27456 - 120 3
27462 # 1504
27468 # 1504
27474 # 1504
27480 # 1504
27486 # 1504
27492 # 1504
27498 # 1504
27504 # 1504
27510 # 1504
27516 # 1504
27517 + 120
27522 # 1504
27522 - 120 5
27528 # 1504
27534 # 1504
27540 # 1504
27546 # 1504
27552 # 1504
27558 # 1504
27564 # 1504
27570 # 1504
27576 # 1504
27581 + 120
27582 # 1504
27582 - 120 1
27588 # 1504
27594 # 1504
27600 # 1504
27606 # 1504
27612 # 1504
27618 # 1504
27624 # 1504
27630 # 1504
27636 # 1504
27642 # 1504
27645 + 120
27648 # 1504
27648 - 120 3
27654 # 1504
27660 # 1504
27666 # 1504
27672 # 1504
27678 # 1504
27684 # 1504
27690 # 1504
27696 # 1504
27702 # 1504
27708 # 1504
27710 + 120
27714 # 1504
27714 - 120 4
27720 # 1504
27726 # 1504
27732 # 1504
27738 # 1504
27744 # 1504
27750 # 1504
27756 # 1504
27761 + 120
27762 # 1504
27762 - 120 1
27768 # 1504
27774 # 1504
27780 # 1504
27786 # 1504
27792 # 1504
27798 # 1504
27804 # 1504
27810 # 1504
27814 + 120
27816 # 1504
27816 - 120 2
27822 # 1504
27828 # 1504
27834 # 1504
27840 # 1504
27846 # 1504
27852 # 1504
27858 # 1504
27864 # 1504
27870 # 1504
27876 # 1504
27878 + 120
27882 # 1504
27882 - 120 4
27888 # 1504
27894 # 1504
27900 # 1504
27906 # 1504
27912 # 1504
27918 # 1504
27924 # 1504
27929 + 120
27930 # 1504
27930 - 120 1
27936 # 1504
27942 # 1504
27948 # 1504
27954 # 1504
27960 # 1504
27966 # 1504
27972 # 1504
27978 # 1504
27984 # 1504
27985 + 120
27990 # 1504
27990 - 120 5
27996 # 1504
28002 # 1504
28008 # 1504
28014 # 1504
28020 # 1504
28026 # 1504
28032 # 1504
28038 # 1504
28044 # 1504
28049 + 120
28050 # 1504
28050 - 120 1
28056 # 1504
28062 # 1504
28068 # 1504
28074 # 1504
28080 # 1504
28086 # 1504
28092 # 1504
28098 # 1504
28104 # 1504
28110 # 1504
28113 + 120
28116 # 1504
28116 - 120 3
28122 # 1504
28128 # 1504
28134 # 1504
28140 # 1504
28146 # 1504
28152 # 1504
28158 # 1504
28164 # 1504
28170 # 1504
28176 # 1504
28177 + 120
28182 # 1504
28182 - 120 5
28188 # 1504
28194 # 1504
28200 # 1504
28206 # 1504
28212 # 1504
28218 # 1504
28224 # 1504
28230 # 1504
28236 # 1504
28238 + 120
28242 # 1504
28242 - 120 4
28248 # 1504
28254 # 1504
28260 # 1504
28266 # 1504
28272 # 1504
28278 # 1504
28284 # 1504
28289 + 120
28290 # 1504
28290 - 120 1
28296 # 1504
28302 # 1504
28308 # 1504
28314 # 1504
28320 # 1504
28326 # 1504
28332 # 1504
28338 # 1504
28344 # 1504
28349 + 120
28350 # 1504
28350 - 120 1
28356 # 1504
28362 # 1504
28368 # 1504
28374 # 1504
28380 # 1504
28386 # 1504
28392 # 1504
28398 # 1504
28404 # 1504
28409 + 120
28410 # 1504
28410 - 120 1
28416 # 1504
28422 # 1504
28428 # 1504
28434 # 1504
28440 # 1504
28446 # 1504
28452 # 1504
28458 # 1504
28464 # 1504
28470 # 1504
28473 + 120
28476 # 1504
28476 - 120 3
28482 # 1504
28488 # 1504
28494 # 1504
28500 # 1504
28506 # 1504
28512 # 1504
28518 # 1504
28524 # 1504
28530 # 1504
28536 # 1504
28537 + 120
28542 # 1504
28542 - 120 5
28548 # 1504
28554 # 1504
28560 # 1504
28566 # 1504
28572 # 1504
28578 # 1504
28584 # 1504
28590 # 1504
28596 # 1504
28601 + 120
28602 # 1504
28602 - 120 1
28608 # 1504
28614 # 1504
28620 # 1504
28626 # 1504
28632 # 1504
28638 # 1504
28644 # 1504
28650 # 1504
28656 # 1504
28661 + 120
28662 # 1504
28662 - 120 1
28668 # 1504
28674 # 1504
28680 # 1504
28686 # 1504
28692 # 1504
28698 # 1504
28704 # 1504
28710 # 1504
28716 # 1504
28717 + 120
28722 # 1504
28722 - 120 5
28728 # 1504
28734 # 1504
28740 # 1504
28746 # 1504
28752 # 1504
28758 # 1504
28764 # 1504
28770 # 1504
28773 + 120
28776 # 1504
28776 - 120 3
28782 # 1504
28788 # 1504
28794 # 1504
28800 # 1504
28806 # 1504
28812 # 1504
28818 # 1504
28824 # 1504
28829 + 120
28830 # 1504
28830 - 120 1
28836 # 1504
28842 # 1504
28848 # 1504
28854 # 1504
28860 # 1504
28866 # 1504
28872 # 1504
28878 # 1504
28884 # 1504
28889 + 120
28890 # 1504
28890 - 120 1
28896 # 1504
28902 # 1504
28908 # 1504
28914 # 1504
28920 # 1504
28926 # 1504
28932 # 1504
28938 # 1504
28944 # 1504
28950 # 1504
28953 + 120
28956 # 1504
28956 - 120 3
28962 # 1504
28968 # 1504
28974 # 1504
28980 # 1504
28986 # 1504
28992 # 1504
28998 # 1504
29004 # 1504
29010 # 1504
29016 # 1504
29017 + 120
29022 # 1504
29022 - 120 5
29028 # 1504
29034 # 1504
29040 # 1504
29046 # 1504
29052 # 1504
29058 # 1504
29064 # 1504
29070 # 1504
29076 # 1504
29081 + 120
29082 # 1504
29082 - 120 1
29088 # 1504
29094 # 1504
29100 # 1504
29106 # 1504
29112 # 1504
29118 # 1504
29124 # 1504
29130 # 1504
29136 # 1504
29142 # 1504
29145 + 120
29148 # 1504
29148 - 120 3
29154 # 1504
29160 # 1504
29166 # 1504
29172 # 1504
29178 # 1504
29184 # 1504
29190 # 1504
29196 # 1504
29201 + 120
29202 # 1504
29202 - 120 1
29208 # 1504
29214 # 1504
29220 # 1504
29226 # 1504
29232 # 1504
29238 # 1504
29244 # 1504
29250 # 1504
29256 # 1504
29257 + 120
29262 # 1504
29262 - 120 5
29268 # 1504
29274 # 1504
29280 # 1504
29286 # 1504
29292 # 1504
29298 # 1504
29304 # 1504
29310 # 1504
29316 # 1504
29321 + 120
29322 # 1504
29322 - 120 1
29328 # 1504
29334 # 1504
29340 # 1504
29346 # 1504
29352 # 1504
29358 # 1504
29364 # 1504
29370 # 1504
29376 # 1504
29382 # 1504
29386 + 120
29388 # 1504
29388 - 120 2
29394 # 1504
29400 # 1504
29406 # 1504
29412 # 1504
29418 # 1504
29424 # 1504
29430 # 1504
29436 # 1504
29437 + 120
29442 # 1504
29442 - 120 5
29448 # 1504
29454 # 1504
29460 # 1504
29466 # 1504
29472 # 1504
29478 # 1504
29484 # 1504
29490 # 1504
29491 + 120
29496 # 1504
29496 - 120 5
29502 # 1504
29508 # 1504
29514 # 1504
29520 # 1504
29526 # 1504
29532 # 1504
29538 # 1504
29542 + 120
29544 # 1504
29544 - 120 2
29550 # 1504
29556 # 1504
29562 # 1504
29568 # 1504
29574 # 1504
29580 # 1504
29586 # 1504
29592 # 1504
29598 # 1504
29604 # 1504
29606 + 120
29610 # 1504
29610 - 120 4
29616 # 1504
29622 # 1504
29628 # 1504
29634 # 1504
29640 # 1504
29646 # 1504
29652 # 1504
29657 + 120
29658 # 1504
29658 - 120 1
29664 # 1504
29670 # 1504
29676 # 1504
29682 # 1504
29688 # 1504
29694 # 1504
29700 # 1504
29706 # 1504
29711 + 120
29712 # 1504
29712 - 120 1
29718 # 1504
29724 # 1504
29730 # 1504
29736 # 1504
29742 # 1504
29748 # 1504
29754 # 1504
29760 # 1504
29762 + 120
29766 # 1504
29766 - 120 4
29772 # 1504
29778 # 1504
29784 # 1504
29790 # 1504
29796 # 1504
29802 # 1504
29808 # 1504
29814 # 1504
29816 + 120
29820 # 1504
29820 - 120 4
29826 # 1504
29832 # 1504
29838 # 1504
29844 # 1504
29850 # 1504
29856 # 1504
29862 # 1504
29867 + 120
29868 # 1504
29868 - 120 1
29874 # 1504
29880 # 1504
29886 # 1504
29892 # 1504
29898 # 1504
29904 # 1504
29910 # 1504
29916 # 1504
29920 + 120
29922 # 1504
29922 - 120 2
29928 # 1504
29934 # 1504
29940 # 1504
29946 # 1504
29952 # 1504
29958 # 1504
29964 # 1504
29970 # 1504
29976 # 1504
29982 # 1504
29982 + 120
29988 # 1504
29988 - 120 6
29994 # 1504
30000 # 1504
30006 # 1504
30012 # 1504
30018 # 1504
30024 # 1504
30030 # 1504
30033 + 120
30036 # 1504
30036 - 120 3
30042 # 1504
30048 # 1504
30054 # 1504
30060 # 1504
30066 # 1504
30072 # 1504
30078 # 1504
30084 # 1504
30087 + 120
30090 # 1504
30090 - 120 3
30096 # 1504
30102 # 1504
30108 # 1504
30114 # 1504
30120 # 1504
30126 # 1504
30132 # 1504
30138 # 1504
30138 + 120
30144 # 1504
30144 - 120 6
30150 # 1504
30156 # 1504
30162 # 1504
30168 # 1504
30174 # 1504
30180 # 1504
30186 # 1504
30191 + 120
30192 # 1504
30192 - 120 1
30198 # 1504
30204 # 1504
30210 # 1504
30216 # 1504
30222 # 1504
30228 # 1504
30234 # 1504
30240 # 1504
30245 + 120
30246 # 1504
30246 - 120 1
30252 # 1504
30258 # 1504
30264 # 1504
30270 # 1504
30276 # 1504
30282 # 1504
30288 # 1504
30294 # 1504
30300 # 1504
30306 # 1504
30310 + 120
30312 # 1504
30312 - 120 2
30318 # 1504
30324 # 1504
30330 # 1504
30336 # 1504
30342 # 1504
30348 # 1504
30354 # 1504
30360 # 1504
30361 + 120
30366 # 1504
30366 - 120 5
30372 # 1504
30378 # 1504
30384 # 1504
30390 # 1504
30396 # 1504
30402 # 1504
30408 # 1504
30414 # 1504
30414 + 120
30420 # 1504
30420 - 120 6
30426 # 1504
30432 # 1504
30438 # 1504
30444 # 1504
30450 # 1504
30456 # 1504
30462 # 1504
30468 # 1504
30474 # 1504
30478 + 120
30480 # 1504
30480 - 120 2
30486 # 1504
30492 # 1504
30498 # 1504
30504 # 1504
30510 # 1504
30516 # 1504
30522 # 1504
30528 # 1504
30529 + 120
30534 # 1504
30534 - 120 5
30540 # 1504
30546 # 1504
30552 # 1504
30558 # 1504
30564 # 1504
30570 # 1504
30576 # 1504
30582 # 1504
30582 + 120
30588 # 1504
30588 - 120 6
30594 # 1504
30600 # 1504
30606 # 1504
30612 # 1504
30618 # 1504
30624 # 1504
30630 # 1504
30636 # 1504
30642 # 1504
30646 + 120
30648 # 1504
30648 - 120 2
30654 # 1504
30660 # 1504
30666 # 1504
30672 # 1504
30678 # 1504
30684 # 1504
30690 # 1504
30696 # 1504
30697 + 120
30702 # 1504
30702 - 120 5
30708 # 1504
30714 # 1504
30720 # 1504
30726 # 1504
30732 # 1504
30738 # 1504
30744 # 1504
30750 # 1504
30750 + 120
30756 # 1504
30756 - 120 6
30762 # 1504
30768 # 1504
30774 # 1504
30780 # 1504
30786 # 1504
30792 # 1504
30798 # 1504
30804 # 1504
30805 + 120
30810 # 1504
30810 - 120 5
30816 # 1504
30822 # 1504
30828 # 1504
30834 # 1504
30840 # 1504
30846 # 1504
30852 # 1504
30858 # 1504
30864 # 1504
30869 + 120
30870 # 1504
30870 - 120 1
30876 # 1504
30882 # 1504
30888 # 1504
30894 # 1504
30900 # 1504
30906 # 1504
30912 # 1504
30918 # 1504
30924 # 1504
30930 # 1504
30933 + 120
30936 # 1504
30936 - 120 3
30942 # 1504
30948 # 1504
30954 # 1504
30960 # 1504
30966 # 1504
30972 # 1504
30978 # 1504
30984 # 1504
30990 # 1504
30996 # 1504
30997 + 120
31002 # 1504
31002 - 120 5
31008 # 1504
31014 # 1504
31020 # 1504
31026 # 1504
31032 # 1504
31038 # 1504
31044 # 1504
31050 # 1504
31056 # 1504
31061 + 120
31062 # 1504
31062 - 120 1
31068 # 1504
31074 # 1504
31080 # 1504
31086 # 1504
31092 # 1504
31098 # 1504
31104 # 1504
31110 # 1504
31116 # 1504
31122 # 1504
31125 + 120
31128 # 1504
31128 - 120 3
31134 # 1504
31140 # 1504
31146 # 1504
31152 # 1504
31158 # 1504
31164 # 1504
31170 # 1504
31176 # 1504
31182 # 1504
31188 # 1504
31189 + 120
31194 # 1504
31194 - 120 5
31200 # 1504
31206 # 1504
31212 # 1504
31218 # 1504
31224 # 1504
31230 # 1504
31236 # 1504
31242 # 1504
31248 # 1504
31254 # 1504
31257 + 120
31260 # 1504
31260 - 120 3
31266 # 1504
31272 # 1504
31278 # 1504
31284 # 1504
31290 # 1504
31296 # 1504
31302 # 1504
31308 # 1504
31314 # 1504
31317 + 120
31320 # 1504
31320 - 120 3
31326 # 1504
31332 # 1504
31338 # 1504
31344 # 1504
31350 # 1504
31356 # 1504
31362 # 1504
31368 # 1504
31374 # 1504
31380 # 1504
31381 + 120
31386 # 1504
31386 - 120 5
31392 # 1504
31398 # 1504
31404 # 1504
31410 # 1504
31416 # 1504
31422 # 1504
31428 # 1504
31434 # 1504
31440 # 1504
31445 + 120
31446 # 1504
31446 - 120 1
31452 # 1504
31458 # 1504
31464 # 1504
31470 # 1504
31476 # 1504
31482 # 1504
31488 # 1504
31494 # 1504
31500 # 1504
31506 # 1504
31509 + 120
31512 # 1504
31512 - 120 3
31518 # 1504
31524 # 1504
31530 # 1504
31536 # 1504
31542 # 1504
31548 # 1504
31554 # 1504
31560 # 1504
31565 + 120
31566 # 1504
31566 - 120 1
31572 # 1504
31578 # 1504
31584 # 1504
31590 # 1504
31596 # 1504
31602 # 1504
31608 # 1504
31614 # 1504
31620 # 1504
31626 # 1504
31626 + 120
31632 # 1504
31632 - 120 6
31638 # 1504
31644 # 1504
31650 # 1504
31656 # 1504
31662 # 1504
31668 # 1504
31674 # 1504
31677 + 120
31680 # 1504
31680 - 120 3
31686 # 1504
31692 # 1504
31698 # 1504
31704 # 1504
31710 # 1504
31716 # 1504
31722 # 1504
31728 # 1504
31733 + 120
31734 # 1504
31734 - 120 1
31740 # 1504
31746 # 1504
31752 # 1504
31758 # 1504
31764 # 1504
31770 # 1504
31776 # 1504
31782 # 1504
31788 # 1504
31789 + 120
31794 # 1504
31794 - 120 5
31800 # 1504
31806 # 1504
31812 # 1504
31818 # 1504
31824 # 1504
31830 # 1504
31836 # 1504
31842 # 1504
31846 + 120
31848 # 1504
31848 - 120 2
31854 # 1504
31860 # 1504
31866 # 1504
31872 # 1504
31878 # 1504
31884 # 1504
31890 # 1504
31896 # 1504
31897 + 120
31902 # 1504
31902 - 120 5
31908 # 1504
31914 # 1504
31920 # 1504
31926 # 1504
31932 # 1504
31938 # 1504
31944 # 1504
31950 # 1504
31950 + 120
31956 # 1504
31956 - 120 6
31962 # 1504
31968 # 1504
31974 # 1504
31980 # 1504
31986 # 1504
31992 # 1504
31998 # 1504
32004 # 1504
32005 + 120
32010 # 1504
32010 - 120 5
32016 # 1504
32022 # 1504
32028 # 1504
32034 # 1504
32040 # 1504
32046 # 1504
32052 # 1504
32058 # 1504
32064 # 1504
32069 + 120
32070 # 1504
32070 - 120 1
32076 # 1504
32082 # 1504
32088 # 1504
32094 # 1504
32100 # 1504
32106 # 1504
32112 # 1504
32118 # 1504
32124 # 1504
32125 + 120
32130 # 1504
32130 - 120 5
32136 # 1504
32142 # 1504
32148 # 1504
32154 # 1504
32160 # 1504
32166 # 1504
32172 # 1504
32178 # 1504
32184 # 1504
32189 + 120
32190 # 1504
32190 - 120 1
32196 # 1504
32202 # 1504
32208 # 1504
32214 # 1504
32220 # 1504
32226 # 1504
32232 # 1504
32238 # 1504
32244 # 1504
32250 # 1504
32253 + 120
32256 # 1504
32256 - 120 3
32262 # 1504
32268 # 1504
32274 # 1504
32280 # 1504
32286 # 1504
32292 # 1504
32298 # 1504
32304 # 1504
32310 # 1504
32316 # 1504
32317 + 120
32322 # 1504
32322 - 120 5
32328 # 1504
32334 # 1504
32340 # 1504
32346 # 1504
32352 # 1504
32358 # 1504
32364 # 1504
32370 # 1504
32376 # 1504
32381 + 120
32382 # 1504
32382 - 120 1
32388 # 1504
32394 # 1504
32400 # 1504
32406 # 1504
32412 # 1504
32418 # 1504
32424 # 1504
32430 # 1504
32436 # 1504
32442 # 1504
32445 + 120
32448 # 1504
32448 - 120 3
32454 # 1504
32460 # 1504
32466 # 1504
32472 # 1504
32478 # 1504
32484 # 1504
32490 # 1504
32496 # 1504
32502 # 1504
32508 # 1504
32509 + 120
32514 # 1504
32514 - 120 5
32520 # 1504
32526 # 1504
32532 # 1504
32538 # 1504
32544 # 1504
32550 # 1504
32556 # 1504
32562 # 1504
32568 # 1504
32573 + 120
32574 # 1504
32574 - 120 1
32580 # 1504
32586 # 1504
32592 # 1504
32598 # 1504
32604 # 1504
32610 # 1504
32616 # 1504
32622 # 1504
32628 # 1504
32634 # 1504
32637 + 120
32640 # 1504
32640 - 120 3
32646 # 1504
32652 # 1504
32658 # 1504
32664 # 1504
32670 # 1504
32676 # 1504
32682 # 1504
32688 # 1504
32694 # 1504
32700 # 1504
32701 + 120
32706 # 1504
32706 - 120 5
32712 # 1504
32718 # 1504
32724 # 1504
32730 # 1504
32736 # 1504
32742 # 1504
32748 # 1504
32754 # 1504
32760 # 1504
32765 + 120
32766 # 1504
32766 - 120 1
32772 # 1504
32778 # 1504
32784 # 1504
32790 # 1504
32796 # 1504
32802 # 1504
32808 # 1504
32814 # 1504
32820 # 1504
32826 # 1504
32829 + 120
32832 # 1504
32832 - 120 3
32838 # 1504
32844 # 1504
32850 # 1504
32856 # 1504
32862 # 1504
32868 # 1504
32874 # 1504
32880 # 1504
32886 # 1504
32892 # 1504
32893 + 120
32898 # 1504
32898 - 120 5
32904 # 1504
32910 # 1504
32916 # 1504
32922 # 1504
32928 # 1504
32934 # 1504
32940 # 1504
32946 # 1504
32952 # 1504
32957 + 120
32958 # 1504
32958 - 120 1
32964 # 1504
32970 # 1504
32976 # 1504
32982 # 1504
32988 # 1504
32994 # 1504
33000 # 1504
33006 # 1504
33012 # 1504
33018 # 1504
33021 + 120
33024 # 1504
33024 - 120 3
33030 # 1504
33036 # 1504
33042 # 1504
33048 # 1504
33054 # 1504
33060 # 1504
33066 # 1504
33072 # 1504
33078 # 1504
33084 # 1504
33085 + 120
33090 # 1504
33090 - 120 5
33096 # 1504
33102 # 1504
33108 # 1504
33114 # 1504
33120 # 1504
33126 # 1504
33132 # 1504
33138 # 1504
33144 # 1504
33149 + 120
33150 # 1504
33150 - 120 1
33156 # 1504
33162 # 1504
33168 # 1504
33174 # 1504
33180 # 1504
33186 # 1504
33192 # 1504
33198 # 1504
33204 # 1504
33210 # 1504
33213 + 120
33216 # 1504
33216 - 120 3
33222 # 1504
33228 # 1504
33234 # 1504
33240 # 1504
33246 # 1504
33252 # 1504
33258 # 1504
33264 # 1504
33270 # 1504
33276 # 1504
33277 + 120
33282 # 1504
33282 - 120 5
33288 # 1504
33294 # 1504
33300 # 1504
33306 # 1504
33312 # 1504
33318 # 1504
33324 # 1504
33330 # 1504
33333 + 120
33336 # 1504
33336 - 120 3
33342 # 1504
33348 # 1504
33354 # 1504
33360 # 1504
33366 # 1504
33372 # 1504
33378 # 1504
33384 # 1504
33389 + 120
33390 # 1504
33390 - 120 1
33396 # 1504
33402 # 1504
33408 # 1504
33414 # 1504
33420 # 1504
