# mahimahi mm-link (Downlink) [traces/2Mbps_trace] > /users/gtqifan/pantheon/src/experiments/data/fillp_sheep_mm_acklink_run1.log
# command line: 'mm-link' 'traces/2Mbps_trace' 'traces/2Mbps_trace' '--uplink-log=/users/gtqifan/pantheon/src/experiments/data/fillp_sheep_mm_datalink_run1.log' '--downlink-log=/users/gtqifan/pantheon/src/experiments/data/fillp_sheep_mm_acklink_run1.log' 'python' '/users/gtqifan/pantheon/src/experiments/tunnel_manager.py'
# queue: infinite
# init timestamp: 1646989331416
# base timestamp: 37
# mahimahi config: [delay 100 ms] 
43 # 1504
49 # 1504
55 # 1504
61 # 1504
67 # 1504
73 # 1504
79 # 1504
85 # 1504
91 # 1504
97 # 1504
103 # 1504
109 # 1504
115 # 1504
121 # 1504
127 # 1504
133 # 1504
139 # 1504
145 # 1504
151 # 1504
157 # 1504
163 # 1504
169 # 1504
175 # 1504
181 # 1504
187 # 1504
193 # 1504
199 # 1504
205 # 1504
211 # 1504
217 # 1504
223 # 1504
229 # 1504
235 # 1504
241 # 1504
247 # 1504
253 # 1504
259 # 1504
265 # 1504
271 # 1504
277 # 1504
283 # 1504
289 # 1504
295 # 1504
301 # 1504
307 # 1504
313 # 1504
319 # 1504
325 # 1504
331 # 1504
337 # 1504
343 # 1504
349 # 1504
355 # 1504
357 + 40
361 # 1504
361 - 40 4
367 # 1504
373 # 1504
379 # 1504
385 # 1504
391 # 1504
397 # 1504
403 # 1504
409 # 1504
415 # 1504
421 # 1504
427 # 1504
433 # 1504
439 # 1504
445 # 1504
451 # 1504
457 # 1504
463 # 1504
469 # 1504
475 # 1504
481 # 1504
487 # 1504
493 # 1504
499 # 1504
505 # 1504
511 # 1504
517 # 1504
523 # 1504
529 # 1504
535 # 1504
541 # 1504
547 # 1504
553 # 1504
559 # 1504
565 # 1504
571 # 1504
577 # 1504
583 # 1504
589 # 1504
595 # 1504
601 # 1504
607 # 1504
613 # 1504
619 # 1504
625 # 1504
631 # 1504
637 # 1504
638 + 80
638 + 52
643 # 1504
643 - 80 5
643 - 52 5
649 # 1504
650 + 80
655 # 1504
655 - 80 5
661 # 1504
667 # 1504
673 # 1504
679 # 1504
685 # 1504
691 # 1504
697 # 1504
703 # 1504
709 # 1504
715 # 1504
721 # 1504
727 # 1504
733 # 1504
739 # 1504
745 # 1504
751 # 1504
757 # 1504
763 # 1504
769 # 1504
775 # 1504
781 # 1504
787 # 1504
793 # 1504
799 # 1504
805 # 1504
811 # 1504
814 + 80
817 # 1504
817 - 80 3
823 # 1504
829 # 1504
835 # 1504
841 # 1504
847 # 1504
853 # 1504
859 # 1504
865 # 1504
871 # 1504
877 # 1504
883 # 1504
889 # 1504
895 # 1504
901 # 1504
907 # 1504
913 # 1504
919 # 1504
925 # 1504
931 # 1504
937 # 1504
943 # 1504
949 # 1504
955 # 1504
961 # 1504
967 # 1504
973 # 1504
979 # 1504
985 # 1504
991 # 1504
997 # 1504
1003 # 1504
1009 # 1504
1015 # 1504
1021 # 1504
1027 # 1504
1033 # 1504
1039 # 1504
1045 # 1504
1051 # 1504
1057 # 1504
1063 # 1504
1069 # 1504
1075 # 1504
1081 # 1504
1087 # 1504
1093 # 1504
1099 # 1504
1105 # 1504
1111 # 1504
1117 # 1504
1123 # 1504
1129 # 1504
1135 # 1504
1141 # 1504
1147 # 1504
1153 # 1504
1159 # 1504
1165 # 1504
1171 # 1504
1177 # 1504
1183 # 1504
1189 # 1504
1195 # 1504
1201 # 1504
1207 # 1504
1213 # 1504
1219 # 1504
1225 # 1504
1231 # 1504
1237 # 1504
1243 # 1504
1246 + 80
1249 # 1504
1249 - 80 3
1255 # 1504
1261 # 1504
1267 # 1504
1273 # 1504
1279 # 1504
1285 # 1504
1291 # 1504
1297 # 1504
1303 # 1504
1309 # 1504
1315 # 1504
1321 # 1504
1327 # 1504
1333 # 1504
1339 # 1504
1345 # 1504
1351 # 1504
1357 # 1504
1363 # 1504
1369 # 1504
1375 # 1504
1381 # 1504
1387 # 1504
1393 # 1504
1399 # 1504
1405 # 1504
1411 # 1504
1417 # 1504
1423 # 1504
1429 # 1504
1435 # 1504
1441 # 1504
1447 # 1504
1453 # 1504
1459 # 1504
1465 # 1504
1471 # 1504
1477 # 1504
1483 # 1504
1489 # 1504
1495 # 1504
1501 # 1504
1507 # 1504
1513 # 1504
1519 # 1504
1525 # 1504
1531 # 1504
1537 # 1504
1543 # 1504
1549 # 1504
1555 # 1504
1561 # 1504
1567 # 1504
1573 # 1504
1579 # 1504
1585 # 1504
1591 # 1504
1597 # 1504
1603 # 1504
1609 # 1504
1615 # 1504
1621 # 1504
1627 # 1504
1633 # 1504
1639 # 1504
1645 # 1504
1651 # 1504
1657 # 1504
1663 # 1504
1669 # 1504
1675 # 1504
1681 # 1504
1687 # 1504
1693 # 1504
1699 # 1504
1705 # 1504
1711 # 1504
1717 # 1504
1723 # 1504
1729 # 1504
1735 # 1504
1741 # 1504
1747 # 1504
1753 # 1504
1759 # 1504
1765 # 1504
1771 # 1504
1777 # 1504
1783 # 1504
1789 # 1504
1795 # 1504
1801 # 1504
1807 # 1504
1813 # 1504
1819 # 1504
1825 # 1504
1831 # 1504
1837 # 1504
1843 # 1504
1849 # 1504
1855 # 1504
1861 # 1504
1867 # 1504
1873 # 1504
1879 # 1504
1885 # 1504
1891 # 1504
1897 # 1504
1903 # 1504
1909 # 1504
1915 # 1504
1921 # 1504
1927 # 1504
1933 # 1504
1939 # 1504
1945 # 1504
1951 # 1504
1957 # 1504
1963 # 1504
1969 # 1504
1975 # 1504
1981 # 1504
1987 # 1504
1993 # 1504
1999 # 1504
2005 # 1504
2011 # 1504
2017 # 1504
2023 # 1504
2029 # 1504
2035 # 1504
2041 # 1504
2047 # 1504
2053 # 1504
2059 # 1504
2065 # 1504
2071 # 1504
2077 # 1504
2083 # 1504
2089 # 1504
2095 # 1504
2101 # 1504
2107 # 1504
2113 # 1504
2119 # 1504
2125 # 1504
2131 # 1504
2137 # 1504
2143 # 1504
2149 # 1504
2155 # 1504
2161 # 1504
2167 # 1504
2173 # 1504
2179 # 1504
2185 # 1504
2191 # 1504
2197 # 1504
2203 # 1504
2209 # 1504
2215 # 1504
2221 # 1504
2227 # 1504
2233 # 1504
2239 # 1504
2245 # 1504
2251 # 1504
2257 # 1504
2263 # 1504
2269 # 1504
2275 # 1504
2281 # 1504
2287 # 1504
2293 # 1504
2299 # 1504
2305 # 1504
2311 # 1504
2317 # 1504
2323 # 1504
2329 # 1504
2335 # 1504
2341 # 1504
2347 # 1504
2353 # 1504
2359 # 1504
2365 # 1504
2371 # 1504
2377 # 1504
2383 # 1504
2389 # 1504
2395 # 1504
2401 # 1504
2407 # 1504
2413 # 1504
2419 # 1504
2425 # 1504
2431 # 1504
2437 # 1504
2443 # 1504
2449 # 1504
2455 # 1504
2461 # 1504
2467 # 1504
2473 # 1504
2479 # 1504
2485 # 1504
2491 # 1504
2497 # 1504
2503 # 1504
2509 # 1504
2515 # 1504
2521 # 1504
2527 # 1504
2533 # 1504
2539 # 1504
2545 # 1504
2551 # 1504
2557 # 1504
2563 # 1504
2569 # 1504
2575 # 1504
2581 # 1504
2587 # 1504
2593 # 1504
2599 # 1504
2605 # 1504
2611 # 1504
2617 # 1504
2623 # 1504
2629 # 1504
2635 # 1504
2641 # 1504
2647 # 1504
2653 # 1504
2659 # 1504
2665 # 1504
2671 # 1504
2677 # 1504
2683 # 1504
2689 # 1504
2695 # 1504
2701 # 1504
2707 # 1504
2713 # 1504
2719 # 1504
2725 # 1504
2731 # 1504
2737 # 1504
2743 # 1504
2749 # 1504
2755 # 1504
2761 # 1504
2767 # 1504
2773 # 1504
2779 # 1504
2785 # 1504
2791 # 1504
2797 # 1504
2803 # 1504
2809 # 1504
2815 # 1504
2821 # 1504
2827 # 1504
2833 # 1504
2839 # 1504
2845 # 1504
2851 # 1504
2857 # 1504
2863 # 1504
2869 # 1504
2875 # 1504
2881 # 1504
2887 # 1504
2893 # 1504
2899 # 1504
2905 # 1504
2911 # 1504
2917 # 1504
2923 # 1504
2929 # 1504
2935 # 1504
2941 # 1504
2947 # 1504
2953 # 1504
2959 # 1504
2965 # 1504
2971 # 1504
2977 # 1504
2983 # 1504
2989 # 1504
2995 # 1504
3001 # 1504
3007 # 1504
3013 # 1504
3019 # 1504
3025 # 1504
3031 # 1504
3037 # 1504
3043 # 1504
3049 # 1504
3055 # 1504
3061 # 1504
3067 # 1504
3073 # 1504
3079 # 1504
3085 # 1504
3091 # 1504
3097 # 1504
3103 # 1504
3109 # 1504
3115 # 1504
3121 # 1504
3127 # 1504
3133 # 1504
3139 # 1504
3145 # 1504
3151 # 1504
3157 # 1504
3163 # 1504
3169 # 1504
3175 # 1504
3181 # 1504
3187 # 1504
3193 # 1504
3199 # 1504
3205 # 1504
3211 # 1504
3217 # 1504
3223 # 1504
3229 # 1504
3235 # 1504
3241 # 1504
3247 # 1504
3253 # 1504
3259 # 1504
3265 # 1504
3271 # 1504
3277 # 1504
3283 # 1504
3289 # 1504
3295 # 1504
3301 # 1504
3307 # 1504
3313 # 1504
3319 # 1504
3325 # 1504
3331 # 1504
3337 # 1504
3343 # 1504
3349 # 1504
3355 # 1504
3361 # 1504
3367 # 1504
3373 # 1504
3379 # 1504
3385 # 1504
3391 # 1504
3397 # 1504
3403 # 1504
3409 # 1504
3415 # 1504
3421 # 1504
3427 # 1504
3433 # 1504
3439 # 1504
3445 # 1504
3451 # 1504
3457 # 1504
3463 # 1504
3469 # 1504
3475 # 1504
3481 # 1504
3487 # 1504
3493 # 1504
3499 # 1504
3505 # 1504
3511 # 1504
3517 # 1504
3523 # 1504
3529 # 1504
3535 # 1504
3541 # 1504
3547 # 1504
3553 # 1504
3559 # 1504
3565 # 1504
3571 # 1504
3577 # 1504
3583 # 1504
3589 # 1504
3595 # 1504
3601 # 1504
3607 # 1504
3613 # 1504
3619 # 1504
3625 # 1504
3631 # 1504
3637 # 1504
3643 # 1504
3649 # 1504
3655 # 1504
3661 # 1504
3667 # 1504
3673 # 1504
3679 # 1504
3681 + 228
3685 # 1504
3685 - 228 4
3691 # 1504
3697 # 1504
3703 # 1504
3709 # 1504
3715 # 1504
3721 # 1504
3727 # 1504
3733 # 1504
3739 # 1504
3745 # 1504
3751 # 1504
3757 # 1504
3763 # 1504
3769 # 1504
3775 # 1504
3781 # 1504
3787 # 1504
3793 # 1504
3799 # 1504
3805 # 1504
3811 # 1504
3817 # 1504
3823 # 1504
3829 # 1504
3835 # 1504
3841 # 1504
3847 # 1504
3853 # 1504
3859 # 1504
3865 # 1504
3871 # 1504
3877 # 1504
3879 + 228
3883 # 1504
3883 - 228 4
3889 # 1504
3895 # 1504
3901 # 1504
3907 # 1504
3909 + 120
3913 # 1504
3913 - 120 4
3919 # 1504
3925 # 1504
3931 # 1504
3937 # 1504
3943 # 1504
3949 # 1504
3955 # 1504
3961 # 1504
3965 + 132
3967 # 1504
3967 - 132 2
3973 # 1504
3979 # 1504
3985 # 1504
3991 # 1504
3997 # 1504
4003 # 1504
4009 # 1504
4015 # 1504
4018 + 132
4021 # 1504
4021 - 132 3
4027 # 1504
4033 # 1504
4039 # 1504
4045 # 1504
4051 # 1504
4057 # 1504
4063 # 1504
4069 # 1504
4073 + 132
4075 # 1504
4075 - 132 2
4077 + 120
4081 # 1504
4081 - 120 4
4087 # 1504
4093 # 1504
4094 + 120
4099 # 1504
4099 - 120 5
4105 # 1504
4111 # 1504
4117 # 1504
4123 # 1504
4129 # 1504
4129 + 132
4135 # 1504
4135 - 132 6
4141 # 1504
4147 # 1504
4153 # 1504
4159 # 1504
4165 # 1504
4171 # 1504
4177 # 1504
4182 + 132
4183 # 1504
4183 - 132 1
4189 # 1504
4195 # 1504
4201 # 1504
4207 # 1504
4213 # 1504
4219 # 1504
4225 # 1504
4231 # 1504
4237 # 1504
4243 # 1504
4243 + 132
4249 # 1504
4249 - 132 6
4255 # 1504
4261 # 1504
4267 # 1504
4273 # 1504
4279 # 1504
4285 # 1504
4291 # 1504
4296 + 132
4297 # 1504
4297 - 132 1
4303 # 1504
4309 # 1504
4315 # 1504
4321 # 1504
4327 # 1504
4333 # 1504
4339 # 1504
4345 # 1504
4351 # 1504
4357 # 1504
4358 + 132
4363 # 1504
4363 - 132 5
4369 # 1504
4375 # 1504
4381 # 1504
4387 # 1504
4393 # 1504
4399 # 1504
4405 # 1504
4411 # 1504
4417 # 1504
4422 + 132
4423 # 1504
4423 - 132 1
4429 # 1504
4435 # 1504
4441 # 1504
4447 # 1504
4453 # 1504
4459 # 1504
4465 # 1504
4471 # 1504
4477 # 1504
4482 + 132
4483 # 1504
4483 - 132 1
4489 # 1504
4495 # 1504
4501 # 1504
4507 # 1504
4513 # 1504
4519 # 1504
4525 # 1504
4531 # 1504
4537 # 1504
4538 + 132
4543 # 1504
4543 - 132 5
4549 # 1504
4555 # 1504
4561 # 1504
4567 # 1504
4573 # 1504
4579 # 1504
4585 # 1504
4591 # 1504
4597 # 1504
4603 # 1504
4606 + 132
4609 # 1504
4609 - 132 3
4615 # 1504
4621 # 1504
4627 # 1504
4633 # 1504
4639 # 1504
4645 # 1504
4651 # 1504
4657 # 1504
4662 + 132
4663 # 1504
4663 - 132 1
4669 # 1504
4670 + 52
4675 # 1504
4675 - 52 5
4681 # 1504
4687 # 1504
4693 # 1504
4699 # 1504
4705 # 1504
4711 # 1504
4717 # 1504
4723 # 1504
4726 + 132
4729 # 1504
4729 - 132 3
4735 # 1504
4741 # 1504
4747 # 1504
4753 # 1504
4759 # 1504
4765 # 1504
4771 # 1504
4777 # 1504
4783 # 1504
4786 + 132
4789 # 1504
4789 - 132 3
4795 # 1504
4801 # 1504
4807 # 1504
4813 # 1504
4819 # 1504
4825 # 1504
4831 # 1504
4837 # 1504
4842 + 132
4843 # 1504
4843 - 132 1
4849 # 1504
4855 # 1504
4861 # 1504
4867 # 1504
4873 # 1504
4879 # 1504
4885 # 1504
4891 # 1504
4897 # 1504
4903 # 1504
4906 + 132
4909 # 1504
4909 - 132 3
4915 # 1504
4921 # 1504
4927 # 1504
4933 # 1504
4939 # 1504
4945 # 1504
4951 # 1504
4957 # 1504
4963 # 1504
4969 # 1504
4970 + 132
4975 # 1504
4975 - 132 5
4981 # 1504
4987 # 1504
4993 # 1504
4999 # 1504
5005 # 1504
5011 # 1504
5017 # 1504
5023 # 1504
5029 # 1504
5034 + 132
5035 # 1504
5035 - 132 1
5041 # 1504
5047 # 1504
5053 # 1504
5059 # 1504
5065 # 1504
5071 # 1504
5077 # 1504
5083 # 1504
5089 # 1504
5095 # 1504
5098 + 132
5101 # 1504
5101 - 132 3
5107 # 1504
5113 # 1504
5119 # 1504
5125 # 1504
5131 # 1504
5137 # 1504
5143 # 1504
5149 # 1504
5155 # 1504
5155 + 132
5161 # 1504
5161 - 132 6
5167 # 1504
5173 # 1504
5179 # 1504
5185 # 1504
5191 # 1504
5197 # 1504
5203 # 1504
5208 + 132
5209 # 1504
5209 - 132 1
5215 # 1504
5221 # 1504
5227 # 1504
5233 # 1504
5239 # 1504
5245 # 1504
5251 # 1504
5257 # 1504
5263 # 1504
5269 # 1504
5275 # 1504
5275 + 132
5281 # 1504
5281 - 132 6
5287 # 1504
5293 # 1504
5299 # 1504
5305 # 1504
5311 # 1504
5317 # 1504
5323 # 1504
5328 + 132
5329 # 1504
5329 - 132 1
5335 # 1504
5341 # 1504
5347 # 1504
5353 # 1504
5359 # 1504
5365 # 1504
5371 # 1504
5377 # 1504
5383 # 1504
5389 # 1504
5394 + 132
5395 # 1504
5395 - 132 1
5401 # 1504
5407 # 1504
5413 # 1504
5419 # 1504
5425 # 1504
5431 # 1504
5437 # 1504
5443 # 1504
5449 # 1504
5455 # 1504
5459 + 132
5461 # 1504
5461 - 132 2
5467 # 1504
5473 # 1504
5479 # 1504
5485 # 1504
5491 # 1504
5497 # 1504
5503 # 1504
5509 # 1504
5512 + 132
5515 # 1504
5515 - 132 3
5521 # 1504
5527 # 1504
5533 # 1504
5539 # 1504
5545 # 1504
5551 # 1504
5557 # 1504
5563 # 1504
5569 # 1504
5570 + 132
5575 # 1504
5575 - 132 5
5581 # 1504
5587 # 1504
5593 # 1504
5599 # 1504
5605 # 1504
5611 # 1504
5617 # 1504
5623 # 1504
5626 + 132
5629 # 1504
5629 - 132 3
5635 # 1504
5641 # 1504
5647 # 1504
5653 # 1504
5659 # 1504
5665 # 1504
5671 # 1504
5677 # 1504
5682 + 132
5683 # 1504
5683 - 132 1
5689 # 1504
5695 # 1504
5701 # 1504
5707 # 1504
5713 # 1504
5719 # 1504
5725 # 1504
5731 # 1504
5737 # 1504
5742 + 132
5743 # 1504
5743 - 132 1
5749 # 1504
5755 # 1504
5761 # 1504
5767 # 1504
5773 # 1504
5779 # 1504
5785 # 1504
5791 # 1504
5797 # 1504
5803 # 1504
5803 + 132
5809 # 1504
5809 - 132 6
5815 # 1504
5821 # 1504
5827 # 1504
5833 # 1504
5839 # 1504
5845 # 1504
5851 # 1504
5856 + 132
5857 # 1504
5857 - 132 1
5863 # 1504
5869 # 1504
5875 # 1504
5881 # 1504
5887 # 1504
5893 # 1504
5899 # 1504
5905 # 1504
5911 # 1504
5911 + 132
5917 # 1504
5917 - 132 6
5923 # 1504
5929 # 1504
5935 # 1504
5941 # 1504
5947 # 1504
5953 # 1504
5959 # 1504
5965 # 1504
5966 + 132
5971 # 1504
5971 - 132 5
5977 # 1504
5983 # 1504
5989 # 1504
5995 # 1504
6001 # 1504
6007 # 1504
6013 # 1504
6019 # 1504
6025 # 1504
6026 + 132
6031 # 1504
6031 - 132 5
6037 # 1504
6043 # 1504
6049 # 1504
6055 # 1504
6061 # 1504
6067 # 1504
6073 # 1504
6079 # 1504
6082 + 132
6085 # 1504
6085 - 132 3
6091 # 1504
6097 # 1504
6103 # 1504
6109 # 1504
6115 # 1504
6121 # 1504
6127 # 1504
6133 # 1504
6139 # 1504
6142 + 132
6145 # 1504
6145 - 132 3
6151 # 1504
6157 # 1504
6163 # 1504
6169 # 1504
6175 # 1504
6181 # 1504
6187 # 1504
6193 # 1504
6199 # 1504
6205 # 1504
6206 + 132
6211 # 1504
6211 - 132 5
6217 # 1504
6223 # 1504
6229 # 1504
6235 # 1504
6241 # 1504
6247 # 1504
6253 # 1504
6259 # 1504
6265 # 1504
6270 + 132
6271 # 1504
6271 - 132 1
6277 # 1504
6283 # 1504
6289 # 1504
6295 # 1504
6301 # 1504
6307 # 1504
6313 # 1504
6319 # 1504
6325 # 1504
6331 # 1504
6334 + 132
6337 # 1504
6337 - 132 3
6343 # 1504
6349 # 1504
6355 # 1504
6361 # 1504
6367 # 1504
6373 # 1504
6379 # 1504
6385 # 1504
6391 # 1504
6395 + 132
6397 # 1504
6397 - 132 2
6403 # 1504
6409 # 1504
6415 # 1504
6421 # 1504
6427 # 1504
6433 # 1504
6439 # 1504
6445 # 1504
6448 + 132
6451 # 1504
6451 - 132 3
6457 # 1504
6463 # 1504
6469 # 1504
6475 # 1504
6481 # 1504
6487 # 1504
6493 # 1504
6499 # 1504
6505 # 1504
6510 + 132
6511 # 1504
6511 - 132 1
6517 # 1504
6523 # 1504
6529 # 1504
6535 # 1504
6541 # 1504
6547 # 1504
6553 # 1504
6559 # 1504
6565 # 1504
6570 + 132
6571 # 1504
6571 - 132 1
6577 # 1504
6583 # 1504
6589 # 1504
6595 # 1504
6601 # 1504
6607 # 1504
6613 # 1504
6619 # 1504
6625 # 1504
6630 + 132
6631 # 1504
6631 - 132 1
6637 # 1504
6643 # 1504
6649 # 1504
6655 # 1504
6661 # 1504
6667 # 1504
6673 # 1504
6679 # 1504
6685 # 1504
6690 + 132
6691 # 1504
6691 - 132 1
6697 # 1504
6703 # 1504
6709 # 1504
6715 # 1504
6721 # 1504
6727 # 1504
6733 # 1504
6739 # 1504
6745 # 1504
6750 + 132
6751 # 1504
6751 - 132 1
6757 # 1504
6763 # 1504
6769 # 1504
6775 # 1504
6781 # 1504
6787 # 1504
6793 # 1504
6799 # 1504
6805 # 1504
6811 # 1504
6814 + 132
6817 # 1504
6817 - 132 3
6823 # 1504
6829 # 1504
6835 # 1504
6841 # 1504
6847 # 1504
6853 # 1504
6859 # 1504
6865 # 1504
6871 # 1504
6877 # 1504
6878 + 132
6883 # 1504
6883 - 132 5
6889 # 1504
6895 # 1504
6901 # 1504
6907 # 1504
6913 # 1504
6919 # 1504
6925 # 1504
6931 # 1504
6937 # 1504
6942 + 132
6943 # 1504
6943 - 132 1
6949 # 1504
6955 # 1504
6961 # 1504
6967 # 1504
6973 # 1504
6979 # 1504
6985 # 1504
6991 # 1504
6997 # 1504
7003 # 1504
7006 + 132
7009 # 1504
7009 - 132 3
7015 # 1504
7021 # 1504
7027 # 1504
7033 # 1504
7039 # 1504
7045 # 1504
7051 # 1504
7057 # 1504
7063 # 1504
7069 # 1504
7070 + 132
7075 # 1504
7075 - 132 5
7081 # 1504
7087 # 1504
7093 # 1504
7099 # 1504
7105 # 1504
7111 # 1504
7117 # 1504
7123 # 1504
7126 + 132
7129 # 1504
7129 - 132 3
7135 # 1504
7141 # 1504
7147 # 1504
7153 # 1504
7159 # 1504
7165 # 1504
7171 # 1504
7177 # 1504
7183 # 1504
7189 # 1504
7190 + 132
7195 # 1504
7195 - 132 5
7201 # 1504
7207 # 1504
7213 # 1504
7219 # 1504
7225 # 1504
7231 # 1504
7237 # 1504
7243 # 1504
7249 # 1504
7254 + 132
7255 # 1504
7255 - 132 1
7261 # 1504
7267 # 1504
7273 # 1504
7279 # 1504
7285 # 1504
7291 # 1504
7297 # 1504
7303 # 1504
7309 # 1504
7311 + 132
7315 # 1504
7315 - 132 4
7321 # 1504
7327 # 1504
7333 # 1504
7339 # 1504
7345 # 1504
7351 # 1504
7357 # 1504
7363 # 1504
7364 + 132
7369 # 1504
7369 - 132 5
7375 # 1504
7381 # 1504
7387 # 1504
7393 # 1504
7399 # 1504
7405 # 1504
7411 # 1504
7417 # 1504
7419 + 132
7423 # 1504
7423 - 132 4
7429 # 1504
7435 # 1504
7441 # 1504
7447 # 1504
7453 # 1504
7459 # 1504
7465 # 1504
7471 # 1504
7477 # 1504
7483 # 1504
7483 + 132
7489 # 1504
7489 - 132 6
7495 # 1504
7501 # 1504
7507 # 1504
7513 # 1504
7519 # 1504
7525 # 1504
7531 # 1504
7536 + 132
7537 # 1504
7537 - 132 1
7543 # 1504
7549 # 1504
7555 # 1504
7561 # 1504
7567 # 1504
7573 # 1504
7579 # 1504
7585 # 1504
7591 # 1504
7597 # 1504
7602 + 132
7603 # 1504
7603 - 132 1
7609 # 1504
7615 # 1504
7621 # 1504
7627 # 1504
7633 # 1504
7639 # 1504
7645 # 1504
7651 # 1504
7657 # 1504
7662 + 132
7663 # 1504
7663 - 132 1
7669 # 1504
7675 # 1504
7681 # 1504
7687 # 1504
7693 # 1504
7699 # 1504
7705 # 1504
7711 # 1504
7717 # 1504
7718 + 132
7723 # 1504
7723 - 132 5
7729 # 1504
7735 # 1504
7741 # 1504
7747 # 1504
7753 # 1504
7759 # 1504
7765 # 1504
7771 # 1504
7777 # 1504
7782 + 132
7783 # 1504
7783 - 132 1
7789 # 1504
7795 # 1504
7801 # 1504
7807 # 1504
7813 # 1504
7819 # 1504
7825 # 1504
7831 # 1504
7837 # 1504
7843 # 1504
7846 + 132
7849 # 1504
7849 - 132 3
7855 # 1504
7861 # 1504
7867 # 1504
7873 # 1504
7879 # 1504
7885 # 1504
7891 # 1504
7897 # 1504
7903 # 1504
7903 + 132
7909 # 1504
7909 - 132 6
7915 # 1504
7921 # 1504
7927 # 1504
7933 # 1504
7939 # 1504
7945 # 1504
7951 # 1504
7956 + 132
7957 # 1504
7957 - 132 1
7963 # 1504
7969 # 1504
7975 # 1504
7981 # 1504
7987 # 1504
7993 # 1504
7999 # 1504
8005 # 1504
8011 # 1504
8017 # 1504
8022 + 132
8023 # 1504
8023 - 132 1
8029 # 1504
8035 # 1504
8041 # 1504
8047 # 1504
8053 # 1504
8059 # 1504
8065 # 1504
8071 # 1504
8077 # 1504
8077 + 132
8083 # 1504
8083 - 132 6
8089 # 1504
8095 # 1504
8101 # 1504
8107 # 1504
8113 # 1504
8119 # 1504
8125 # 1504
8131 # 1504
8137 # 1504
8142 + 132
8143 # 1504
8143 - 132 1
8149 # 1504
8155 # 1504
8161 # 1504
8167 # 1504
8173 # 1504
8179 # 1504
8185 # 1504
8191 # 1504
8197 # 1504
8197 + 132
8203 # 1504
8203 - 132 6
8209 # 1504
8215 # 1504
8221 # 1504
8227 # 1504
8233 # 1504
8239 # 1504
8245 # 1504
8251 # 1504
8257 # 1504
8263 # 1504
8263 + 132
8269 # 1504
8269 - 132 6
8275 # 1504
8281 # 1504
8287 # 1504
8293 # 1504
8299 # 1504
8305 # 1504
8311 # 1504
8316 + 132
8317 # 1504
8317 - 132 1
8323 # 1504
8329 # 1504
8335 # 1504
8341 # 1504
8347 # 1504
8353 # 1504
8359 # 1504
8365 # 1504
8371 # 1504
8371 + 132
8377 # 1504
8377 - 132 6
8383 # 1504
8389 # 1504
8395 # 1504
8401 # 1504
8407 # 1504
8413 # 1504
8419 # 1504
8425 # 1504
8427 + 132
8431 # 1504
8431 - 132 4
8437 # 1504
8443 # 1504
8449 # 1504
8455 # 1504
8461 # 1504
8467 # 1504
8473 # 1504
8479 # 1504
8480 + 132
8485 # 1504
8485 - 132 5
8491 # 1504
8497 # 1504
8503 # 1504
8509 # 1504
8515 # 1504
8521 # 1504
8527 # 1504
8533 # 1504
8538 + 132
8539 # 1504
8539 - 132 1
8545 # 1504
8551 # 1504
8557 # 1504
8563 # 1504
8569 # 1504
8575 # 1504
8581 # 1504
8587 # 1504
8593 # 1504
8599 # 1504
8605 # 1504
8606 + 132
8611 # 1504
8611 - 132 5
8617 # 1504
8623 # 1504
8629 # 1504
8635 # 1504
8641 # 1504
8647 # 1504
8653 # 1504
8659 # 1504
8665 # 1504
8666 + 132
8671 # 1504
8671 - 132 5
8677 # 1504
8683 # 1504
8689 # 1504
8695 # 1504
8701 # 1504
8707 # 1504
8713 # 1504
8719 # 1504
8725 # 1504
8730 + 132
8731 # 1504
8731 - 132 1
8737 # 1504
8743 # 1504
8749 # 1504
8755 # 1504
8761 # 1504
8767 # 1504
8773 # 1504
8779 # 1504
8785 # 1504
8791 # 1504
8794 + 132
8797 # 1504
8797 - 132 3
8803 # 1504
8809 # 1504
8815 # 1504
8821 # 1504
8827 # 1504
8833 # 1504
8839 # 1504
8845 # 1504
8851 # 1504
8857 # 1504
8858 + 132
8863 # 1504
8863 - 132 5
8869 # 1504
8875 # 1504
8881 # 1504
8887 # 1504
8893 # 1504
8899 # 1504
8905 # 1504
8911 # 1504
8917 # 1504
8922 + 132
8923 # 1504
8923 - 132 1
8929 # 1504
8935 # 1504
8941 # 1504
8947 # 1504
8953 # 1504
8959 # 1504
8965 # 1504
8971 # 1504
8977 # 1504
8983 # 1504
8986 + 132
8989 # 1504
8989 - 132 3
8995 # 1504
9001 # 1504
9007 # 1504
9013 # 1504
9019 # 1504
9025 # 1504
9031 # 1504
9037 # 1504
9043 # 1504
9049 # 1504
9050 + 132
9055 # 1504
9055 - 132 5
9061 # 1504
9067 # 1504
9073 # 1504
9079 # 1504
9085 # 1504
9091 # 1504
9097 # 1504
9103 # 1504
9109 # 1504
9114 + 132
9115 # 1504
9115 - 132 1
9121 # 1504
9127 # 1504
9133 # 1504
9139 # 1504
9145 # 1504
9151 # 1504
9157 # 1504
9163 # 1504
9169 # 1504
9175 # 1504
9178 + 132
9181 # 1504
9181 - 132 3
9187 # 1504
9193 # 1504
9199 # 1504
9205 # 1504
9211 # 1504
9217 # 1504
9223 # 1504
9229 # 1504
9235 # 1504
9241 # 1504
9242 + 132
9247 # 1504
9247 - 132 5
9253 # 1504
9259 # 1504
9265 # 1504
9271 # 1504
9277 # 1504
9283 # 1504
9289 # 1504
9295 # 1504
9301 # 1504
9306 + 132
9307 # 1504
9307 - 132 1
9313 # 1504
9319 # 1504
9325 # 1504
9331 # 1504
9337 # 1504
9343 # 1504
9349 # 1504
9355 # 1504
9361 # 1504
9367 # 1504
9370 + 132
9373 # 1504
9373 - 132 3
9379 # 1504
9385 # 1504
9391 # 1504
9397 # 1504
9403 # 1504
9409 # 1504
9415 # 1504
9421 # 1504
9427 # 1504
9433 # 1504
9434 + 132
9439 # 1504
9439 - 132 5
9445 # 1504
9451 # 1504
9457 # 1504
9463 # 1504
9469 # 1504
9475 # 1504
9481 # 1504
9487 # 1504
9493 # 1504
9498 + 132
9499 # 1504
9499 - 132 1
9505 # 1504
9511 # 1504
9517 # 1504
9523 # 1504
9529 # 1504
9535 # 1504
9541 # 1504
9547 # 1504
9553 # 1504
9559 # 1504
9562 + 132
9565 # 1504
9565 - 132 3
9571 # 1504
9577 # 1504
9583 # 1504
9589 # 1504
9595 # 1504
9601 # 1504
9607 # 1504
9613 # 1504
9619 # 1504
9625 # 1504
9630 + 132
9631 # 1504
9631 - 132 1
9637 # 1504
9643 # 1504
9649 # 1504
9655 # 1504
9661 # 1504
9667 # 1504
9673 # 1504
9679 # 1504
9685 # 1504
9690 + 132
9691 # 1504
9691 - 132 1
9697 # 1504
9703 # 1504
9709 # 1504
9715 # 1504
9721 # 1504
9727 # 1504
9733 # 1504
9739 # 1504
9745 # 1504
9751 # 1504
9754 + 132
9757 # 1504
9757 - 132 3
9763 # 1504
9769 # 1504
9775 # 1504
9781 # 1504
9787 # 1504
9793 # 1504
9799 # 1504
9805 # 1504
9811 # 1504
9817 # 1504
9818 + 132
9823 # 1504
9823 - 132 5
9829 # 1504
9835 # 1504
9841 # 1504
9847 # 1504
9853 # 1504
9859 # 1504
9865 # 1504
9871 # 1504
9877 # 1504
9882 + 132
9883 # 1504
9883 - 132 1
9889 # 1504
9895 # 1504
9901 # 1504
9907 # 1504
9913 # 1504
9919 # 1504
9925 # 1504
9931 # 1504
9937 # 1504
9943 # 1504
9946 + 132
9949 # 1504
9949 - 132 3
9955 # 1504
9961 # 1504
9967 # 1504
9973 # 1504
9979 # 1504
9985 # 1504
9991 # 1504
9997 # 1504
10003 # 1504
10009 # 1504
10010 + 132
10015 # 1504
10015 - 132 5
10021 # 1504
10027 # 1504
10033 # 1504
10039 # 1504
10045 # 1504
10051 # 1504
10057 # 1504
10063 # 1504
10069 # 1504
10074 + 132
10075 # 1504
10075 - 132 1
10081 # 1504
10087 # 1504
10093 # 1504
10099 # 1504
10105 # 1504
10111 # 1504
10117 # 1504
10123 # 1504
10129 # 1504
10135 # 1504
10138 + 132
10141 # 1504
10141 - 132 3
10147 # 1504
10153 # 1504
10159 # 1504
10165 # 1504
10171 # 1504
10177 # 1504
10183 # 1504
10189 # 1504
10195 # 1504
10198 + 132
10201 # 1504
10201 - 132 3
10207 # 1504
10213 # 1504
10219 # 1504
10225 # 1504
10231 # 1504
10237 # 1504
10243 # 1504
10249 # 1504
10253 + 132
10255 # 1504
10255 - 132 2
10261 # 1504
10267 # 1504
10273 # 1504
10279 # 1504
10285 # 1504
10291 # 1504
10297 # 1504
10303 # 1504
10307 + 132
10309 # 1504
10309 - 132 2
10315 # 1504
10321 # 1504
10327 # 1504
10333 # 1504
10339 # 1504
10345 # 1504
10351 # 1504
10357 # 1504
10363 # 1504
10369 # 1504
10371 + 132
10375 # 1504
10375 - 132 4
10381 # 1504
10387 # 1504
10393 # 1504
10399 # 1504
10405 # 1504
10411 # 1504
10417 # 1504
10423 # 1504
10424 + 132
10429 # 1504
10429 - 132 5
10435 # 1504
10441 # 1504
10447 # 1504
10453 # 1504
10459 # 1504
10465 # 1504
10471 # 1504
10477 # 1504
10483 # 1504
10489 # 1504
10490 + 132
10495 # 1504
10495 - 132 5
10501 # 1504
10507 # 1504
10513 # 1504
10519 # 1504
10525 # 1504
10531 # 1504
10537 # 1504
10543 # 1504
10549 # 1504
10555 # 1504
10559 + 132
10561 # 1504
10561 - 132 2
10567 # 1504
10573 # 1504
10579 # 1504
10585 # 1504
10591 # 1504
10597 # 1504
10603 # 1504
10609 # 1504
10612 + 132
10615 # 1504
10615 - 132 3
10621 # 1504
10627 # 1504
10633 # 1504
10639 # 1504
10645 # 1504
10651 # 1504
10657 # 1504
10663 # 1504
10667 + 132
10669 # 1504
10669 - 132 2
10675 # 1504
10681 # 1504
10687 # 1504
10693 # 1504
10699 # 1504
10705 # 1504
10711 # 1504
10717 # 1504
10723 # 1504
10729 # 1504
10730 + 132
10735 # 1504
10735 - 132 5
10741 # 1504
10747 # 1504
10753 # 1504
10759 # 1504
10765 # 1504
10771 # 1504
10777 # 1504
10783 # 1504
10785 + 132
10789 # 1504
10789 - 132 4
10795 # 1504
10801 # 1504
10807 # 1504
10813 # 1504
10819 # 1504
10825 # 1504
10831 # 1504
10837 # 1504
10843 # 1504
10849 # 1504
10851 + 132
10855 # 1504
10855 - 132 4
10861 # 1504
10867 # 1504
10873 # 1504
10879 # 1504
10885 # 1504
10891 # 1504
10897 # 1504
10903 # 1504
10904 + 132
10909 # 1504
10909 - 132 5
10915 # 1504
10921 # 1504
10927 # 1504
10933 # 1504
10939 # 1504
10945 # 1504
10951 # 1504
10957 # 1504
10959 + 132
10963 # 1504
10963 - 132 4
10969 # 1504
10975 # 1504
10981 # 1504
10987 # 1504
10993 # 1504
10999 # 1504
11005 # 1504
11011 # 1504
11014 + 132
11017 # 1504
11017 - 132 3
11023 # 1504
11029 # 1504
11035 # 1504
11041 # 1504
11047 # 1504
11053 # 1504
11059 # 1504
11065 # 1504
11071 # 1504
11077 # 1504
11078 + 132
11083 # 1504
11083 - 132 5
11089 # 1504
11095 # 1504
11101 # 1504
11107 # 1504
11113 # 1504
11119 # 1504
11125 # 1504
11131 # 1504
11137 # 1504
11142 + 132
11143 # 1504
11143 - 132 1
11149 # 1504
11155 # 1504
11161 # 1504
11167 # 1504
11173 # 1504
11179 # 1504
11185 # 1504
11191 # 1504
11197 # 1504
11203 # 1504
11203 + 132
11209 # 1504
11209 - 132 6
11215 # 1504
11221 # 1504
11227 # 1504
11233 # 1504
11239 # 1504
11245 # 1504
11251 # 1504
11256 + 132
11257 # 1504
11257 - 132 1
11263 # 1504
11269 # 1504
11275 # 1504
11281 # 1504
11287 # 1504
11293 # 1504
11299 # 1504
11305 # 1504
11311 # 1504
11311 + 132
11317 # 1504
11317 - 132 6
11323 # 1504
11329 # 1504
11335 # 1504
11341 # 1504
11347 # 1504
11353 # 1504
11359 # 1504
11365 # 1504
11366 + 132
11371 # 1504
11371 - 132 5
11377 # 1504
11383 # 1504
11389 # 1504
11395 # 1504
11401 # 1504
11407 # 1504
11413 # 1504
11419 # 1504
11425 # 1504
11430 + 132
11431 # 1504
11431 - 132 1
11437 # 1504
11443 # 1504
11449 # 1504
11455 # 1504
11461 # 1504
11467 # 1504
11473 # 1504
11479 # 1504
11485 # 1504
11491 # 1504
11494 + 132
11497 # 1504
11497 - 132 3
11503 # 1504
11509 # 1504
11515 # 1504
11521 # 1504
11527 # 1504
11533 # 1504
11539 # 1504
11545 # 1504
11550 + 132
11551 # 1504
11551 - 132 1
11557 # 1504
11563 # 1504
11569 # 1504
11575 # 1504
11581 # 1504
11587 # 1504
11593 # 1504
11599 # 1504
11605 # 1504
11610 + 132
11611 # 1504
11611 - 132 1
11617 # 1504
11623 # 1504
11629 # 1504
11635 # 1504
11641 # 1504
11647 # 1504
11653 # 1504
11659 # 1504
11665 # 1504
11670 + 132
11671 # 1504
11671 - 132 1
11677 # 1504
11683 # 1504
11689 # 1504
11695 # 1504
11701 # 1504
11707 # 1504
11713 # 1504
11719 # 1504
11725 # 1504
11731 # 1504
11734 + 132
11737 # 1504
11737 - 132 3
11743 # 1504
11749 # 1504
11755 # 1504
11761 # 1504
11767 # 1504
11773 # 1504
11779 # 1504
11785 # 1504
11791 # 1504
11794 + 132
11797 # 1504
11797 - 132 3
11803 # 1504
11809 # 1504
11815 # 1504
11821 # 1504
11827 # 1504
11833 # 1504
11839 # 1504
11845 # 1504
11850 + 132
11851 # 1504
11851 - 132 1
11857 # 1504
11863 # 1504
11869 # 1504
11875 # 1504
11881 # 1504
11887 # 1504
11893 # 1504
11899 # 1504
11905 # 1504
11910 + 132
11911 # 1504
11911 - 132 1
11917 # 1504
11923 # 1504
11929 # 1504
11935 # 1504
11941 # 1504
11947 # 1504
11953 # 1504
11959 # 1504
11965 # 1504
11970 + 132
11971 # 1504
11971 - 132 1
11977 # 1504
11983 # 1504
11989 # 1504
11995 # 1504
12001 # 1504
12007 # 1504
12013 # 1504
12019 # 1504
12025 # 1504
12026 + 132
12031 # 1504
12031 - 132 5
12037 # 1504
12043 # 1504
12049 # 1504
12055 # 1504
12061 # 1504
12067 # 1504
12073 # 1504
12079 # 1504
12085 # 1504
12086 + 132
12091 # 1504
12091 - 132 5
12097 # 1504
12103 # 1504
12109 # 1504
12115 # 1504
12121 # 1504
12127 # 1504
12133 # 1504
12139 # 1504
12145 # 1504
12150 + 132
12151 # 1504
12151 - 132 1
12157 # 1504
12163 # 1504
12169 # 1504
12175 # 1504
12181 # 1504
12187 # 1504
12193 # 1504
12199 # 1504
12205 # 1504
12211 # 1504
12214 + 132
12217 # 1504
12217 - 132 3
12223 # 1504
12229 # 1504
12235 # 1504
12241 # 1504
12247 # 1504
12253 # 1504
12259 # 1504
12265 # 1504
12271 # 1504
12277 # 1504
12278 + 132
12283 # 1504
12283 - 132 5
12289 # 1504
12295 # 1504
12301 # 1504
12307 # 1504
12313 # 1504
12319 # 1504
12325 # 1504
12331 # 1504
12337 # 1504
12342 + 132
12343 # 1504
12343 - 132 1
12349 # 1504
12355 # 1504
12361 # 1504
12367 # 1504
12373 # 1504
12379 # 1504
12385 # 1504
12391 # 1504
12397 # 1504
12402 + 132
12403 # 1504
12403 - 132 1
12409 # 1504
12415 # 1504
12421 # 1504
12427 # 1504
12433 # 1504
12439 # 1504
12445 # 1504
12451 # 1504
12457 # 1504
12458 + 132
12463 # 1504
12463 - 132 5
12469 # 1504
12475 # 1504
12481 # 1504
12487 # 1504
12493 # 1504
12499 # 1504
12505 # 1504
12511 # 1504
12514 + 132
12517 # 1504
12517 - 132 3
12523 # 1504
12529 # 1504
12535 # 1504
12541 # 1504
12547 # 1504
12553 # 1504
12559 # 1504
12565 # 1504
12571 # 1504
12574 + 132
12577 # 1504
12577 - 132 3
12583 # 1504
12589 # 1504
12595 # 1504
12601 # 1504
12607 # 1504
12613 # 1504
12619 # 1504
12625 # 1504
12631 # 1504
12637 # 1504
12638 + 132
12643 # 1504
12643 - 132 5
12649 # 1504
12655 # 1504
12661 # 1504
12667 # 1504
12673 # 1504
12679 # 1504
12685 # 1504
12691 # 1504
12697 # 1504
12698 + 132
12703 # 1504
12703 - 132 5
12709 # 1504
12715 # 1504
12721 # 1504
12727 # 1504
12733 # 1504
12739 # 1504
12745 # 1504
12751 # 1504
12757 # 1504
12762 + 132
12763 # 1504
12763 - 132 1
12769 # 1504
12775 # 1504
12781 # 1504
12787 # 1504
12793 # 1504
12799 # 1504
12805 # 1504
12811 # 1504
12817 # 1504
12822 + 132
12823 # 1504
12823 - 132 1
12829 # 1504
12835 # 1504
12841 # 1504
12847 # 1504
12853 # 1504
12859 # 1504
12862 + 52
12865 # 1504
12865 - 52 3
12871 # 1504
12877 # 1504
12877 + 132
12883 # 1504
12883 - 132 6
12889 # 1504
12895 # 1504
12901 # 1504
12907 # 1504
12913 # 1504
12919 # 1504
12925 # 1504
12931 # 1504
12934 + 132
12937 # 1504
12937 - 132 3
12943 # 1504
12949 # 1504
12955 # 1504
12961 # 1504
12967 # 1504
12973 # 1504
12979 # 1504
12985 # 1504
12991 # 1504
12997 # 1504
12998 + 132
13003 # 1504
13003 - 132 5
13009 # 1504
13015 # 1504
13021 # 1504
13027 # 1504
13033 # 1504
13039 # 1504
13045 # 1504
13051 # 1504
13057 # 1504
13062 + 132
13063 # 1504
13063 - 132 1
13069 # 1504
13075 # 1504
13081 # 1504
13087 # 1504
13093 # 1504
13099 # 1504
13105 # 1504
13111 # 1504
13117 # 1504
13123 # 1504
13126 + 132
13129 # 1504
13129 - 132 3
13135 # 1504
13141 # 1504
13147 # 1504
13153 # 1504
13159 # 1504
13165 # 1504
13171 # 1504
13177 # 1504
13183 # 1504
13189 # 1504
13190 + 132
13195 # 1504
13195 - 132 5
13201 # 1504
13207 # 1504
13213 # 1504
13219 # 1504
13225 # 1504
13231 # 1504
13237 # 1504
13243 # 1504
13249 # 1504
13254 + 132
13255 # 1504
13255 - 132 1
13261 # 1504
13267 # 1504
13273 # 1504
13279 # 1504
13285 # 1504
13291 # 1504
13297 # 1504
13303 # 1504
13309 # 1504
13315 # 1504
13319 + 132
13321 # 1504
13321 - 132 2
13327 # 1504
13333 # 1504
13339 # 1504
13345 # 1504
13351 # 1504
13357 # 1504
13363 # 1504
13369 # 1504
13372 + 132
13375 # 1504
13375 - 132 3
13381 # 1504
13387 # 1504
13393 # 1504
13399 # 1504
13405 # 1504
13411 # 1504
13417 # 1504
13423 # 1504
13427 + 132
13429 # 1504
13429 - 132 2
13435 # 1504
13441 # 1504
13447 # 1504
13453 # 1504
13459 # 1504
13465 # 1504
13471 # 1504
13477 # 1504
13483 # 1504
13489 # 1504
13490 + 132
13495 # 1504
13495 - 132 5
13501 # 1504
13507 # 1504
13513 # 1504
13519 # 1504
13525 # 1504
13531 # 1504
13537 # 1504
13543 # 1504
13549 # 1504
13554 + 132
13555 # 1504
13555 - 132 1
13561 # 1504
13567 # 1504
13573 # 1504
13579 # 1504
13585 # 1504
13591 # 1504
13597 # 1504
13603 # 1504
13609 # 1504
13614 + 132
13615 # 1504
13615 - 132 1
13621 # 1504
13627 # 1504
13633 # 1504
13639 # 1504
13645 # 1504
13651 # 1504
13657 # 1504
13663 # 1504
13669 # 1504
13675 # 1504
13678 + 132
13681 # 1504
13681 - 132 3
13687 # 1504
13693 # 1504
13699 # 1504
13705 # 1504
13711 # 1504
13717 # 1504
13723 # 1504
13729 # 1504
13735 # 1504
13741 # 1504
13742 + 132
13747 # 1504
13747 - 132 5
13753 # 1504
13759 # 1504
13765 # 1504
13771 # 1504
13777 # 1504
13783 # 1504
13789 # 1504
13795 # 1504
13801 # 1504
13807 # 1504
13807 + 132
13813 # 1504
13813 - 132 6
13819 # 1504
13825 # 1504
13831 # 1504
13837 # 1504
13843 # 1504
13849 # 1504
13855 # 1504
13860 + 132
13861 # 1504
13861 - 132 1
13867 # 1504
13873 # 1504
13879 # 1504
13885 # 1504
13891 # 1504
13897 # 1504
13903 # 1504
13909 # 1504
13915 # 1504
13921 # 1504
13927 # 1504
13927 + 132
13933 # 1504
13933 - 132 6
13939 # 1504
13945 # 1504
13951 # 1504
13957 # 1504
13963 # 1504
13969 # 1504
13975 # 1504
13980 + 132
13981 # 1504
13981 - 132 1
13987 # 1504
13993 # 1504
13999 # 1504
14005 # 1504
14011 # 1504
14017 # 1504
14023 # 1504
14029 # 1504
14035 # 1504
14041 # 1504
14046 + 132
14047 # 1504
14047 - 132 1
14053 # 1504
14059 # 1504
14065 # 1504
14071 # 1504
14077 # 1504
14083 # 1504
14089 # 1504
14095 # 1504
14101 # 1504
14102 + 132
14107 # 1504
14107 - 132 5
14113 # 1504
14119 # 1504
14125 # 1504
14131 # 1504
14137 # 1504
14143 # 1504
14149 # 1504
14155 # 1504
14161 # 1504
14166 + 132
14167 # 1504
14167 - 132 1
14173 # 1504
14179 # 1504
14185 # 1504
14191 # 1504
14197 # 1504
14203 # 1504
14209 # 1504
14215 # 1504
14221 # 1504
14226 + 132
14227 # 1504
14227 - 132 1
14233 # 1504
14239 # 1504
14245 # 1504
14251 # 1504
14257 # 1504
14263 # 1504
14269 # 1504
14275 # 1504
14281 # 1504
14287 # 1504
14290 + 132
14293 # 1504
14293 - 132 3
14299 # 1504
14305 # 1504
14311 # 1504
14317 # 1504
14323 # 1504
14329 # 1504
14335 # 1504
14341 # 1504
14347 # 1504
14353 # 1504
14354 + 132
14359 # 1504
14359 - 132 5
14365 # 1504
14371 # 1504
14377 # 1504
14383 # 1504
14389 # 1504
14395 # 1504
14401 # 1504
14407 # 1504
14410 + 132
14413 # 1504
14413 - 132 3
14419 # 1504
14425 # 1504
14431 # 1504
14437 # 1504
14443 # 1504
14449 # 1504
14455 # 1504
14461 # 1504
14467 # 1504
14470 + 132
14473 # 1504
14473 - 132 3
14479 # 1504
14485 # 1504
14491 # 1504
14497 # 1504
14503 # 1504
14509 # 1504
14515 # 1504
14521 # 1504
14526 + 132
14527 # 1504
14527 - 132 1
14533 # 1504
14539 # 1504
14545 # 1504
14551 # 1504
14557 # 1504
14563 # 1504
14569 # 1504
14575 # 1504
14581 # 1504
14586 + 132
14587 # 1504
14587 - 132 1
14593 # 1504
14599 # 1504
14605 # 1504
14611 # 1504
14617 # 1504
14623 # 1504
14629 # 1504
14635 # 1504
14641 # 1504
14647 # 1504
14650 + 132
14653 # 1504
14653 - 132 3
14659 # 1504
14665 # 1504
14671 # 1504
14677 # 1504
14683 # 1504
14689 # 1504
14695 # 1504
14701 # 1504
14707 # 1504
14710 + 132
14713 # 1504
14713 - 132 3
14719 # 1504
14725 # 1504
14731 # 1504
14737 # 1504
14743 # 1504
14749 # 1504
14755 # 1504
14761 # 1504
14767 # 1504
14770 + 132
14773 # 1504
14773 - 132 3
14779 # 1504
14785 # 1504
14791 # 1504
14797 # 1504
14803 # 1504
14809 # 1504
14815 # 1504
14821 # 1504
14827 # 1504
14833 # 1504
14834 + 132
14839 # 1504
14839 - 132 5
14845 # 1504
14851 # 1504
14857 # 1504
14863 # 1504
14869 # 1504
14875 # 1504
14881 # 1504
14887 # 1504
14893 # 1504
14898 + 132
14899 # 1504
14899 - 132 1
14905 # 1504
14911 # 1504
14917 # 1504
14923 # 1504
14929 # 1504
14935 # 1504
14941 # 1504
14947 # 1504
14953 # 1504
14959 # 1504
14963 + 132
14965 # 1504
14965 - 132 2
14971 # 1504
14977 # 1504
14983 # 1504
14989 # 1504
14995 # 1504
15001 # 1504
15007 # 1504
15013 # 1504
15016 + 132
15019 # 1504
15019 - 132 3
15025 # 1504
15031 # 1504
15037 # 1504
15043 # 1504
15049 # 1504
15055 # 1504
15061 # 1504
15067 # 1504
15071 + 132
15073 # 1504
15073 - 132 2
15079 # 1504
15085 # 1504
15091 # 1504
15097 # 1504
15103 # 1504
15109 # 1504
15115 # 1504
15121 # 1504
15127 # 1504
15127 + 132
15133 # 1504
15133 - 132 6
15139 # 1504
15145 # 1504
15151 # 1504
15157 # 1504
15163 # 1504
15169 # 1504
15175 # 1504
15180 + 132
15181 # 1504
15181 - 132 1
15187 # 1504
15193 # 1504
15199 # 1504
15205 # 1504
15211 # 1504
15217 # 1504
15223 # 1504
15229 # 1504
15235 # 1504
15235 + 132
15241 # 1504
15241 - 132 6
15247 # 1504
15253 # 1504
15259 # 1504
15265 # 1504
15271 # 1504
15277 # 1504
15283 # 1504
15289 # 1504
15290 + 132
15295 # 1504
15295 - 132 5
15301 # 1504
15307 # 1504
15313 # 1504
15319 # 1504
15325 # 1504
15331 # 1504
15337 # 1504
15343 # 1504
15344 + 132
15349 # 1504
15349 - 132 5
15355 # 1504
15361 # 1504
15367 # 1504
15373 # 1504
15379 # 1504
15385 # 1504
15391 # 1504
15397 # 1504
15399 + 132
15403 # 1504
15403 - 132 4
15409 # 1504
15415 # 1504
15421 # 1504
15427 # 1504
15433 # 1504
15439 # 1504
15445 # 1504
15451 # 1504
15454 + 132
15457 # 1504
15457 - 132 3
15463 # 1504
15469 # 1504
15475 # 1504
15481 # 1504
15487 # 1504
15493 # 1504
15499 # 1504
15505 # 1504
15511 # 1504
15514 + 132
15517 # 1504
15517 - 132 3
15523 # 1504
15529 # 1504
15535 # 1504
15541 # 1504
15547 # 1504
15553 # 1504
15559 # 1504
15565 # 1504
15571 # 1504
15577 # 1504
15582 + 132
15583 # 1504
15583 - 132 1
15589 # 1504
15595 # 1504
15601 # 1504
15607 # 1504
15613 # 1504
15619 # 1504
15625 # 1504
15631 # 1504
15637 # 1504
15637 + 132
15643 # 1504
15643 - 132 6
15649 # 1504
15655 # 1504
15661 # 1504
15667 # 1504
15673 # 1504
15679 # 1504
15685 # 1504
15691 # 1504
15691 + 132
15697 # 1504
15697 - 132 6
15703 # 1504
15709 # 1504
15715 # 1504
15721 # 1504
15727 # 1504
15733 # 1504
15739 # 1504
15745 # 1504
15751 # 1504
15754 + 132
15757 # 1504
15757 - 132 3
15763 # 1504
15769 # 1504
15775 # 1504
15781 # 1504
15787 # 1504
15793 # 1504
15799 # 1504
15805 # 1504
15809 + 132
15811 # 1504
15811 - 132 2
15817 # 1504
15823 # 1504
15829 # 1504
15835 # 1504
15841 # 1504
15847 # 1504
15853 # 1504
15859 # 1504
15865 # 1504
15871 # 1504
15874 + 132
15877 # 1504
15877 - 132 3
15883 # 1504
15889 # 1504
15895 # 1504
15901 # 1504
15907 # 1504
15913 # 1504
15919 # 1504
15925 # 1504
15931 # 1504
15931 + 132
15937 # 1504
15937 - 132 6
15943 # 1504
15949 # 1504
15955 # 1504
15961 # 1504
15967 # 1504
15973 # 1504
15979 # 1504
15984 + 132
15985 # 1504
15985 - 132 1
15991 # 1504
15997 # 1504
16003 # 1504
16009 # 1504
16015 # 1504
16021 # 1504
16027 # 1504
16033 # 1504
16039 # 1504
16042 + 132
16045 # 1504
16045 - 132 3
16051 # 1504
16057 # 1504
16063 # 1504
16069 # 1504
16075 # 1504
16081 # 1504
16087 # 1504
16093 # 1504
16099 # 1504
16102 + 132
16105 # 1504
16105 - 132 3
16111 # 1504
16117 # 1504
16123 # 1504
16129 # 1504
16135 # 1504
16141 # 1504
16147 # 1504
16153 # 1504
16159 # 1504
16165 # 1504
16166 + 132
16171 # 1504
16171 - 132 5
16177 # 1504
16183 # 1504
16189 # 1504
16195 # 1504
16201 # 1504
16207 # 1504
16213 # 1504
16219 # 1504
16225 # 1504
16230 + 132
16231 # 1504
16231 - 132 1
16237 # 1504
16243 # 1504
16249 # 1504
16255 # 1504
16261 # 1504
16267 # 1504
16273 # 1504
16279 # 1504
16285 # 1504
16291 # 1504
16294 + 132
16297 # 1504
16297 - 132 3
16303 # 1504
16309 # 1504
16315 # 1504
16321 # 1504
16327 # 1504
16333 # 1504
16339 # 1504
16345 # 1504
16351 # 1504
16357 # 1504
16358 + 132
16363 # 1504
16363 - 132 5
16369 # 1504
16375 # 1504
16381 # 1504
16387 # 1504
16393 # 1504
16399 # 1504
16405 # 1504
16411 # 1504
16417 # 1504
16422 + 132
16423 # 1504
16423 - 132 1
16429 # 1504
16435 # 1504
16441 # 1504
16447 # 1504
16453 # 1504
16459 # 1504
16465 # 1504
16471 # 1504
16477 # 1504
16483 # 1504
16486 + 132
16489 # 1504
16489 - 132 3
16495 # 1504
16501 # 1504
16507 # 1504
16513 # 1504
16519 # 1504
16525 # 1504
16531 # 1504
16537 # 1504
16543 # 1504
16546 + 132
16549 # 1504
16549 - 132 3
16555 # 1504
16561 # 1504
16567 # 1504
16573 # 1504
16579 # 1504
16585 # 1504
16591 # 1504
16597 # 1504
16602 + 132
16603 # 1504
16603 - 132 1
16609 # 1504
16615 # 1504
16621 # 1504
16627 # 1504
16633 # 1504
16639 # 1504
16645 # 1504
16651 # 1504
16657 # 1504
16662 + 132
16663 # 1504
16663 - 132 1
16669 # 1504
16675 # 1504
16681 # 1504
16687 # 1504
16693 # 1504
16699 # 1504
16705 # 1504
16711 # 1504
16717 # 1504
16723 # 1504
16726 + 132
16729 # 1504
16729 - 132 3
16735 # 1504
16741 # 1504
16747 # 1504
16753 # 1504
16759 # 1504
16765 # 1504
16771 # 1504
16777 # 1504
16783 # 1504
16789 # 1504
16790 + 132
16795 # 1504
16795 - 132 5
16801 # 1504
16807 # 1504
16813 # 1504
16819 # 1504
16825 # 1504
16831 # 1504
16837 # 1504
16843 # 1504
16849 # 1504
16854 + 132
16855 # 1504
16855 - 132 1
16861 # 1504
16867 # 1504
16873 # 1504
16879 # 1504
16885 # 1504
16891 # 1504
16897 # 1504
16903 # 1504
16909 # 1504
16915 # 1504
16918 + 132
16921 # 1504
16921 - 132 3
16927 # 1504
16933 # 1504
16939 # 1504
16945 # 1504
16951 # 1504
16957 # 1504
16963 # 1504
16969 # 1504
16975 # 1504
16981 # 1504
16982 + 132
16987 # 1504
16987 - 132 5
16993 # 1504
16999 # 1504
17005 # 1504
17011 # 1504
17017 # 1504
17023 # 1504
17029 # 1504
17035 # 1504
17041 # 1504
17046 + 132
17047 # 1504
17047 - 132 1
17053 # 1504
17059 # 1504
17065 # 1504
17071 # 1504
17077 # 1504
17083 # 1504
17089 # 1504
17095 # 1504
17101 # 1504
17107 # 1504
17110 + 132
17113 # 1504
17113 - 132 3
17119 # 1504
17125 # 1504
17131 # 1504
17137 # 1504
17143 # 1504
17149 # 1504
17155 # 1504
17161 # 1504
17167 # 1504
17173 # 1504
17174 + 132
17179 # 1504
17179 - 132 5
17185 # 1504
17191 # 1504
17197 # 1504
17203 # 1504
17209 # 1504
17215 # 1504
17221 # 1504
17227 # 1504
17233 # 1504
17238 + 132
17239 # 1504
17239 - 132 1
17245 # 1504
17251 # 1504
17257 # 1504
17263 # 1504
17269 # 1504
17275 # 1504
17281 # 1504
17287 # 1504
17293 # 1504
17299 # 1504
17302 + 132
17305 # 1504
17305 - 132 3
17311 # 1504
17317 # 1504
17323 # 1504
17329 # 1504
17335 # 1504
17341 # 1504
17347 # 1504
17353 # 1504
17359 # 1504
17365 # 1504
17366 + 132
17371 # 1504
17371 - 132 5
17377 # 1504
17383 # 1504
17389 # 1504
17395 # 1504
17401 # 1504
17407 # 1504
17413 # 1504
17419 # 1504
17425 # 1504
17430 + 132
17431 # 1504
17431 - 132 1
17437 # 1504
17443 # 1504
17449 # 1504
17455 # 1504
17461 # 1504
17467 # 1504
17473 # 1504
17479 # 1504
17485 # 1504
17490 + 132
17491 # 1504
17491 - 132 1
17497 # 1504
17503 # 1504
17509 # 1504
17515 # 1504
17521 # 1504
17527 # 1504
17533 # 1504
17539 # 1504
17545 # 1504
17545 + 132
17551 # 1504
17551 - 132 6
17557 # 1504
17563 # 1504
17569 # 1504
17575 # 1504
17581 # 1504
17587 # 1504
17593 # 1504
17599 # 1504
17599 + 132
17605 # 1504
17605 - 132 6
17611 # 1504
17617 # 1504
17623 # 1504
17629 # 1504
17635 # 1504
17641 # 1504
17647 # 1504
17653 # 1504
17658 + 132
17659 # 1504
17659 - 132 1
17665 # 1504
17671 # 1504
17677 # 1504
17683 # 1504
17689 # 1504
17695 # 1504
17701 # 1504
17707 # 1504
17713 # 1504
17718 + 132
17719 # 1504
17719 - 132 1
17725 # 1504
17731 # 1504
17737 # 1504
17743 # 1504
17749 # 1504
17755 # 1504
17761 # 1504
17767 # 1504
17773 # 1504
17779 # 1504
17782 + 132
17785 # 1504
17785 - 132 3
17791 # 1504
17797 # 1504
17803 # 1504
17809 # 1504
17815 # 1504
17821 # 1504
17827 # 1504
17833 # 1504
17839 # 1504
17845 # 1504
17846 + 132
17851 # 1504
17851 - 132 5
17857 # 1504
17863 # 1504
17869 # 1504
17875 # 1504
17881 # 1504
17887 # 1504
17893 # 1504
17899 # 1504
17901 + 132
17905 # 1504
17905 - 132 4
17911 # 1504
17917 # 1504
17923 # 1504
17929 # 1504
17935 # 1504
17941 # 1504
17947 # 1504
17953 # 1504
17955 + 132
17959 # 1504
17959 - 132 4
17965 # 1504
17971 # 1504
17977 # 1504
17983 # 1504
17989 # 1504
17995 # 1504
18001 # 1504
18007 # 1504
18011 + 132
18013 # 1504
18013 - 132 2
18019 # 1504
18025 # 1504
18031 # 1504
18037 # 1504
18043 # 1504
18049 # 1504
18055 # 1504
18061 # 1504
18064 + 132
18067 # 1504
18067 - 132 3
18073 # 1504
18079 # 1504
18085 # 1504
18091 # 1504
18097 # 1504
18103 # 1504
18109 # 1504
18115 # 1504
18121 # 1504
18122 + 132
18127 # 1504
18127 - 132 5
18133 # 1504
18139 # 1504
18145 # 1504
18151 # 1504
18157 # 1504
18163 # 1504
18169 # 1504
18175 # 1504
18178 + 132
18181 # 1504
18181 - 132 3
18187 # 1504
18193 # 1504
18199 # 1504
18205 # 1504
18211 # 1504
18217 # 1504
18223 # 1504
18229 # 1504
18234 + 132
18235 # 1504
18235 - 132 1
18241 # 1504
18247 # 1504
18253 # 1504
18259 # 1504
18265 # 1504
18271 # 1504
18277 # 1504
18283 # 1504
18289 # 1504
18289 + 132
18295 # 1504
18295 - 132 6
18301 # 1504
18307 # 1504
18313 # 1504
18319 # 1504
18325 # 1504
18331 # 1504
18337 # 1504
18343 # 1504
18343 + 132
18349 # 1504
18349 - 132 6
18355 # 1504
18361 # 1504
18367 # 1504
18373 # 1504
18379 # 1504
18385 # 1504
18391 # 1504
18397 # 1504
18399 + 132
18403 # 1504
18403 - 132 4
18409 # 1504
18415 # 1504
18421 # 1504
18427 # 1504
18433 # 1504
18439 # 1504
18445 # 1504
18451 # 1504
18452 + 132
18457 # 1504
18457 - 132 5
18463 # 1504
18469 # 1504
18475 # 1504
18481 # 1504
18487 # 1504
18493 # 1504
18499 # 1504
18505 # 1504
18507 + 132
18511 # 1504
18511 - 132 4
18517 # 1504
18523 # 1504
18529 # 1504
18535 # 1504
18541 # 1504
18547 # 1504
18553 # 1504
18559 # 1504
18565 # 1504
18571 # 1504
18574 + 132
18577 # 1504
18577 - 132 3
18583 # 1504
18589 # 1504
18595 # 1504
18601 # 1504
18607 # 1504
18613 # 1504
18619 # 1504
18625 # 1504
18631 # 1504
18631 + 132
18637 # 1504
18637 - 132 6
18643 # 1504
18649 # 1504
18655 # 1504
18661 # 1504
18667 # 1504
18673 # 1504
18679 # 1504
18684 + 132
18685 # 1504
18685 - 132 1
18691 # 1504
18697 # 1504
18703 # 1504
18709 # 1504
18715 # 1504
18721 # 1504
18727 # 1504
18733 # 1504
18739 # 1504
18739 + 132
18745 # 1504
18745 - 132 6
18751 # 1504
18757 # 1504
18763 # 1504
18769 # 1504
18775 # 1504
18781 # 1504
18787 # 1504
18793 # 1504
18795 + 132
18799 # 1504
18799 - 132 4
18805 # 1504
18811 # 1504
18817 # 1504
18823 # 1504
18829 # 1504
18835 # 1504
18841 # 1504
18847 # 1504
18848 + 132
18853 # 1504
18853 - 132 5
18859 # 1504
18865 # 1504
18871 # 1504
18877 # 1504
18883 # 1504
18889 # 1504
18895 # 1504
18901 # 1504
18903 + 132
18907 # 1504
18907 - 132 4
18913 # 1504
18919 # 1504
18925 # 1504
18931 # 1504
18937 # 1504
18943 # 1504
18949 # 1504
18955 # 1504
18958 + 132
18961 # 1504
18961 - 132 3
18967 # 1504
18973 # 1504
18979 # 1504
18985 # 1504
18991 # 1504
18997 # 1504
19003 # 1504
19009 # 1504
19012 + 132
19015 # 1504
19015 - 132 3
19021 # 1504
19027 # 1504
19033 # 1504
19039 # 1504
19045 # 1504
19051 # 1504
19057 # 1504
19063 # 1504
19067 + 132
19069 # 1504
19069 - 132 2
19075 # 1504
19081 # 1504
19087 # 1504
19093 # 1504
19099 # 1504
19105 # 1504
19111 # 1504
19117 # 1504
19122 + 132
19123 # 1504
19123 - 132 1
19129 # 1504
19135 # 1504
19141 # 1504
19147 # 1504
19153 # 1504
19159 # 1504
19165 # 1504
19171 # 1504
19176 + 132
19177 # 1504
19177 - 132 1
19183 # 1504
19189 # 1504
19195 # 1504
19201 # 1504
19207 # 1504
19213 # 1504
19219 # 1504
19225 # 1504
19231 # 1504
19237 # 1504
19238 + 132
19243 # 1504
19243 - 132 5
19249 # 1504
19255 # 1504
19261 # 1504
19267 # 1504
19273 # 1504
19279 # 1504
19285 # 1504
19291 # 1504
19293 + 132
19297 # 1504
19297 - 132 4
19303 # 1504
19309 # 1504
19315 # 1504
19321 # 1504
19327 # 1504
19333 # 1504
19339 # 1504
19345 # 1504
19351 # 1504
19357 # 1504
19359 + 132
19363 # 1504
19363 - 132 4
19369 # 1504
19375 # 1504
19381 # 1504
19387 # 1504
19393 # 1504
19399 # 1504
19405 # 1504
19411 # 1504
19412 + 132
19417 # 1504
19417 - 132 5
19423 # 1504
19429 # 1504
19435 # 1504
19441 # 1504
19447 # 1504
19453 # 1504
19459 # 1504
19465 # 1504
19471 # 1504
19477 # 1504
19478 + 132
19483 # 1504
19483 - 132 5
19489 # 1504
19495 # 1504
19501 # 1504
19507 # 1504
19513 # 1504
19519 # 1504
19525 # 1504
19531 # 1504
19537 # 1504
19538 + 132
19543 # 1504
19543 - 132 5
19549 # 1504
19555 # 1504
19561 # 1504
19567 # 1504
19573 # 1504
19579 # 1504
19585 # 1504
19591 # 1504
19597 # 1504
19602 + 132
19603 # 1504
19603 - 132 1
19609 # 1504
19615 # 1504
19621 # 1504
19627 # 1504
19633 # 1504
19639 # 1504
19645 # 1504
19651 # 1504
19657 # 1504
19663 # 1504
19663 + 132
19669 # 1504
19669 - 132 6
19675 # 1504
19681 # 1504
19687 # 1504
19693 # 1504
19699 # 1504
19705 # 1504
19711 # 1504
19716 + 132
19717 # 1504
19717 - 132 1
19723 # 1504
19729 # 1504
19735 # 1504
19741 # 1504
19747 # 1504
19753 # 1504
19759 # 1504
19765 # 1504
19771 # 1504
19774 + 132
19777 # 1504
19777 - 132 3
19783 # 1504
19789 # 1504
19795 # 1504
19801 # 1504
19807 # 1504
19813 # 1504
19819 # 1504
19825 # 1504
19831 # 1504
19834 + 132
19837 # 1504
19837 - 132 3
19843 # 1504
19849 # 1504
19855 # 1504
19861 # 1504
19867 # 1504
19873 # 1504
19879 # 1504
19885 # 1504
19891 # 1504
19897 # 1504
19898 + 132
19903 # 1504
19903 - 132 5
19909 # 1504
19915 # 1504
19921 # 1504
19927 # 1504
19933 # 1504
19939 # 1504
19945 # 1504
19951 # 1504
19957 # 1504
19962 + 132
19963 # 1504
19963 - 132 1
19969 # 1504
19975 # 1504
19981 # 1504
19987 # 1504
19993 # 1504
19999 # 1504
20005 # 1504
20011 # 1504
20017 # 1504
20023 # 1504
20026 + 132
20029 # 1504
20029 - 132 3
20035 # 1504
20041 # 1504
20047 # 1504
20053 # 1504
20059 # 1504
20065 # 1504
20071 # 1504
20077 # 1504
20083 # 1504
20089 # 1504
20090 + 132
20095 # 1504
20095 - 132 5
20101 # 1504
20107 # 1504
20113 # 1504
20119 # 1504
20125 # 1504
20131 # 1504
20137 # 1504
20143 # 1504
20149 # 1504
20154 + 132
20155 # 1504
20155 - 132 1
20161 # 1504
20167 # 1504
20173 # 1504
20179 # 1504
20185 # 1504
20191 # 1504
20197 # 1504
20203 # 1504
20209 # 1504
20215 # 1504
20218 + 132
20221 # 1504
20221 - 132 3
20227 # 1504
20233 # 1504
20239 # 1504
20245 # 1504
20251 # 1504
20257 # 1504
20263 # 1504
20269 # 1504
20275 # 1504
20281 # 1504
20282 + 132
20287 # 1504
20287 - 132 5
20293 # 1504
20299 # 1504
20305 # 1504
20311 # 1504
20317 # 1504
20323 # 1504
20329 # 1504
20335 # 1504
20341 # 1504
20346 + 132
20347 # 1504
20347 - 132 1
20353 # 1504
20359 # 1504
20365 # 1504
20371 # 1504
20377 # 1504
20383 # 1504
20389 # 1504
20395 # 1504
20401 # 1504
20407 # 1504
20410 + 132
20413 # 1504
20413 - 132 3
20419 # 1504
20425 # 1504
20431 # 1504
20437 # 1504
20443 # 1504
20449 # 1504
20455 # 1504
20461 # 1504
20467 # 1504
20473 # 1504
20474 + 132
20479 # 1504
20479 - 132 5
20485 # 1504
20491 # 1504
20497 # 1504
20503 # 1504
20509 # 1504
20515 # 1504
20521 # 1504
20527 # 1504
20533 # 1504
20538 + 132
20539 # 1504
20539 - 132 1
20545 # 1504
20551 # 1504
20557 # 1504
20563 # 1504
20569 # 1504
20575 # 1504
20581 # 1504
20587 # 1504
20593 # 1504
20599 # 1504
20602 + 132
20605 # 1504
20605 - 132 3
20611 # 1504
20617 # 1504
20623 # 1504
20629 # 1504
20635 # 1504
20641 # 1504
20647 # 1504
20653 # 1504
20659 # 1504
20665 # 1504
20666 + 132
20671 # 1504
20671 - 132 5
20677 # 1504
20683 # 1504
20689 # 1504
20695 # 1504
20701 # 1504
20707 # 1504
20713 # 1504
20719 # 1504
20725 # 1504
20730 + 132
20731 # 1504
20731 - 132 1
20737 # 1504
20743 # 1504
20749 # 1504
20755 # 1504
20761 # 1504
20767 # 1504
20773 # 1504
20779 # 1504
20785 # 1504
20787 + 132
20791 # 1504
20791 - 132 4
20797 # 1504
20803 # 1504
20809 # 1504
20815 # 1504
20821 # 1504
20827 # 1504
20833 # 1504
20839 # 1504
20840 + 132
20845 # 1504
20845 - 132 5
20851 # 1504
20857 # 1504
20863 # 1504
20869 # 1504
20875 # 1504
20881 # 1504
20887 # 1504
20893 # 1504
20899 # 1504
20905 # 1504
20907 + 132
20911 # 1504
20911 - 132 4
20917 # 1504
20923 # 1504
20929 # 1504
20935 # 1504
20941 # 1504
20947 # 1504
20953 # 1504
20959 # 1504
20960 + 132
20965 # 1504
20965 - 132 5
20971 # 1504
20977 # 1504
20983 # 1504
20989 # 1504
20995 # 1504
21001 # 1504
21007 # 1504
21013 # 1504
21019 # 1504
21025 # 1504
21027 + 132
21031 # 1504
21031 - 132 4
21037 # 1504
21043 # 1504
21049 # 1504
21055 # 1504
21061 # 1504
21067 # 1504
21073 # 1504
21079 # 1504
21080 + 132
21085 # 1504
21085 - 132 5
21091 # 1504
21097 # 1504
21103 # 1504
21109 # 1504
21115 # 1504
21121 # 1504
21127 # 1504
21133 # 1504
21139 # 1504
21145 # 1504
21147 + 132
21151 # 1504
21151 - 132 4
21157 # 1504
21163 # 1504
21169 # 1504
21175 # 1504
21181 # 1504
21187 # 1504
21193 # 1504
21199 # 1504
21200 + 132
21205 # 1504
21205 - 132 5
21211 # 1504
21217 # 1504
21223 # 1504
21229 # 1504
21235 # 1504
21241 # 1504
21247 # 1504
21253 # 1504
21255 + 132
21259 # 1504
21259 - 132 4
21265 # 1504
21271 # 1504
21277 # 1504
21283 # 1504
21289 # 1504
21295 # 1504
21301 # 1504
21307 # 1504
21310 + 132
21313 # 1504
21313 - 132 3
21319 # 1504
21325 # 1504
21331 # 1504
21337 # 1504
21343 # 1504
21349 # 1504
21355 # 1504
21361 # 1504
21367 # 1504
21373 # 1504
21374 + 132
21379 # 1504
21379 - 132 5
21385 # 1504
21391 # 1504
21397 # 1504
21403 # 1504
21409 # 1504
21415 # 1504
21421 # 1504
21427 # 1504
21433 # 1504
21438 + 132
21439 # 1504
21439 - 132 1
21445 # 1504
21451 # 1504
21457 # 1504
21463 # 1504
21469 # 1504
21475 # 1504
21481 # 1504
21487 # 1504
21493 # 1504
21498 + 132
21499 # 1504
21499 - 132 1
21505 # 1504
21511 # 1504
21517 # 1504
21523 # 1504
21529 # 1504
21535 # 1504
21541 # 1504
21547 # 1504
21553 # 1504
21553 + 132
21559 # 1504
21559 - 132 6
21565 # 1504
21571 # 1504
21577 # 1504
21583 # 1504
21589 # 1504
21595 # 1504
21601 # 1504
21607 # 1504
21607 + 132
21613 # 1504
21613 - 132 6
21619 # 1504
21625 # 1504
21631 # 1504
21637 # 1504
21643 # 1504
21649 # 1504
21655 # 1504
21661 # 1504
21663 + 132
21667 # 1504
21667 - 132 4
21673 # 1504
21679 # 1504
21685 # 1504
21691 # 1504
21697 # 1504
21703 # 1504
21709 # 1504
21715 # 1504
21716 + 132
21721 # 1504
21721 - 132 5
21727 # 1504
21733 # 1504
21739 # 1504
21745 # 1504
21751 # 1504
21757 # 1504
21763 # 1504
21769 # 1504
21771 + 132
21775 # 1504
21775 - 132 4
21781 # 1504
21787 # 1504
21793 # 1504
21799 # 1504
21805 # 1504
21811 # 1504
21817 # 1504
21823 # 1504
21829 # 1504
21834 + 132
21835 # 1504
21835 - 132 1
21841 # 1504
21847 # 1504
21853 # 1504
21859 # 1504
21865 # 1504
21871 # 1504
21877 # 1504
21883 # 1504
21889 # 1504
21890 + 132
21895 # 1504
21895 - 132 5
21901 # 1504
21907 # 1504
21913 # 1504
21919 # 1504
21925 # 1504
21931 # 1504
21937 # 1504
21943 # 1504
21946 + 132
21949 # 1504
21949 - 132 3
21955 # 1504
21961 # 1504
21967 # 1504
21973 # 1504
21979 # 1504
21985 # 1504
21991 # 1504
21997 # 1504
22002 + 132
22003 # 1504
22003 - 132 1
22009 # 1504
22015 # 1504
22021 # 1504
22027 # 1504
22033 # 1504
22039 # 1504
22045 # 1504
22051 # 1504
22057 # 1504
22059 + 132
22063 # 1504
22063 - 132 4
22069 # 1504
22075 # 1504
22081 # 1504
22087 # 1504
22093 # 1504
22099 # 1504
22105 # 1504
22111 # 1504
22112 + 132
22117 # 1504
22117 - 132 5
22123 # 1504
22129 # 1504
22135 # 1504
22141 # 1504
22147 # 1504
22153 # 1504
22159 # 1504
22165 # 1504
22167 + 132
22171 # 1504
22171 - 132 4
22177 # 1504
22183 # 1504
22189 # 1504
22195 # 1504
22201 # 1504
22207 # 1504
22213 # 1504
22219 # 1504
22222 + 132
22225 # 1504
22225 - 132 3
22231 # 1504
22237 # 1504
22243 # 1504
22249 # 1504
22255 # 1504
22261 # 1504
22267 # 1504
22273 # 1504
22279 # 1504
22282 + 132
22285 # 1504
22285 - 132 3
22291 # 1504
22297 # 1504
22303 # 1504
22309 # 1504
22315 # 1504
22321 # 1504
22327 # 1504
22333 # 1504
22338 + 132
22339 # 1504
22339 - 132 1
22345 # 1504
22351 # 1504
22357 # 1504
22363 # 1504
22369 # 1504
22375 # 1504
22381 # 1504
22387 # 1504
22393 # 1504
22398 + 132
22399 # 1504
22399 - 132 1
22405 # 1504
22411 # 1504
22417 # 1504
22423 # 1504
22429 # 1504
22435 # 1504
22441 # 1504
22447 # 1504
22453 # 1504
22459 # 1504
22462 + 132
22465 # 1504
22465 - 132 3
22471 # 1504
22477 # 1504
22483 # 1504
22489 # 1504
22495 # 1504
22501 # 1504
22507 # 1504
22513 # 1504
22519 # 1504
22525 # 1504
22526 + 132
22531 # 1504
22531 - 132 5
22537 # 1504
22543 # 1504
22549 # 1504
22555 # 1504
22561 # 1504
22567 # 1504
22573 # 1504
22579 # 1504
22585 # 1504
22590 + 132
22591 # 1504
22591 - 132 1
22597 # 1504
22603 # 1504
22609 # 1504
22615 # 1504
22621 # 1504
22627 # 1504
22633 # 1504
22639 # 1504
22645 # 1504
22650 + 132
22651 # 1504
22651 - 132 1
22657 # 1504
22663 # 1504
22669 # 1504
22675 # 1504
22681 # 1504
22687 # 1504
22693 # 1504
22699 # 1504
22705 # 1504
22711 # 1504
22714 + 132
22717 # 1504
22717 - 132 3
22723 # 1504
22729 # 1504
22735 # 1504
22741 # 1504
22747 # 1504
22753 # 1504
22759 # 1504
22765 # 1504
22771 # 1504
22777 # 1504
22778 + 132
22783 # 1504
22783 - 132 5
22789 # 1504
22795 # 1504
22801 # 1504
22807 # 1504
22813 # 1504
22819 # 1504
22825 # 1504
22831 # 1504
22837 # 1504
22842 + 132
22843 # 1504
22843 - 132 1
22849 # 1504
22855 # 1504
22861 # 1504
22867 # 1504
22873 # 1504
22879 # 1504
22885 # 1504
22891 # 1504
22897 # 1504
22899 + 132
22903 # 1504
22903 - 132 4
22909 # 1504
22915 # 1504
22921 # 1504
22927 # 1504
22933 # 1504
22939 # 1504
22945 # 1504
22951 # 1504
22952 + 132
22957 # 1504
22957 - 132 5
22963 # 1504
22969 # 1504
22975 # 1504
22981 # 1504
22987 # 1504
22993 # 1504
22999 # 1504
23005 # 1504
23007 + 132
23011 # 1504
23011 - 132 4
23017 # 1504
23023 # 1504
23029 # 1504
23035 # 1504
23041 # 1504
23047 # 1504
23053 # 1504
23059 # 1504
23063 + 132
23065 # 1504
23065 - 132 2
23071 # 1504
23077 # 1504
23083 # 1504
23089 # 1504
23095 # 1504
23101 # 1504
23107 # 1504
23113 # 1504
23116 + 132
23119 # 1504
23119 - 132 3
23125 # 1504
23131 # 1504
23137 # 1504
23143 # 1504
23149 # 1504
23155 # 1504
23161 # 1504
23167 # 1504
23171 + 132
23173 # 1504
23173 - 132 2
23179 # 1504
23185 # 1504
23191 # 1504
23197 # 1504
23203 # 1504
23209 # 1504
23215 # 1504
23221 # 1504
23226 + 132
23227 # 1504
23227 - 132 1
23233 # 1504
23239 # 1504
23245 # 1504
23251 # 1504
23257 # 1504
23263 # 1504
23269 # 1504
23275 # 1504
23281 # 1504
23287 # 1504
23290 + 132
23293 # 1504
23293 - 132 3
23299 # 1504
23305 # 1504
23311 # 1504
23317 # 1504
23323 # 1504
23329 # 1504
23335 # 1504
23341 # 1504
23347 # 1504
23353 # 1504
23354 + 132
23359 # 1504
23359 - 132 5
23365 # 1504
23371 # 1504
23377 # 1504
23383 # 1504
23389 # 1504
23395 # 1504
23401 # 1504
23407 # 1504
23413 # 1504
23418 + 132
23419 # 1504
23419 - 132 1
23425 # 1504
23431 # 1504
23437 # 1504
23443 # 1504
23449 # 1504
23455 # 1504
23461 # 1504
23467 # 1504
23473 # 1504
23479 # 1504
23482 + 132
23485 # 1504
23485 - 132 3
23491 # 1504
23497 # 1504
23503 # 1504
23509 # 1504
23515 # 1504
23521 # 1504
23527 # 1504
23533 # 1504
23539 # 1504
23545 # 1504
23546 + 132
23551 # 1504
23551 - 132 5
23557 # 1504
23563 # 1504
23569 # 1504
23575 # 1504
23581 # 1504
23587 # 1504
23593 # 1504
23599 # 1504
23601 + 132
23605 # 1504
23605 - 132 4
23611 # 1504
23617 # 1504
23623 # 1504
23629 # 1504
23635 # 1504
23641 # 1504
23647 # 1504
23653 # 1504
23655 + 132
23659 # 1504
23659 - 132 4
23665 # 1504
23671 # 1504
23677 # 1504
23683 # 1504
23689 # 1504
23695 # 1504
23701 # 1504
23707 # 1504
23711 + 132
23713 # 1504
23713 - 132 2
23719 # 1504
23725 # 1504
23731 # 1504
23737 # 1504
23743 # 1504
23749 # 1504
23755 # 1504
23761 # 1504
23764 + 132
23767 # 1504
23767 - 132 3
23773 # 1504
23779 # 1504
23785 # 1504
23791 # 1504
23797 # 1504
23803 # 1504
23809 # 1504
23815 # 1504
23821 # 1504
23826 + 132
23827 # 1504
23827 - 132 1
23833 # 1504
23839 # 1504
23845 # 1504
23851 # 1504
23857 # 1504
23863 # 1504
23869 # 1504
23875 # 1504
23881 # 1504
23887 # 1504
23890 + 132
23893 # 1504
23893 - 132 3
23899 # 1504
23905 # 1504
23911 # 1504
23917 # 1504
23923 # 1504
23929 # 1504
23935 # 1504
23941 # 1504
23947 # 1504
23953 # 1504
23954 + 132
23959 # 1504
23959 - 132 5
23965 # 1504
23971 # 1504
23977 # 1504
23983 # 1504
23989 # 1504
23995 # 1504
24001 # 1504
24007 # 1504
24013 # 1504
24018 + 132
24019 # 1504
24019 - 132 1
24025 # 1504
24031 # 1504
24037 # 1504
24043 # 1504
24049 # 1504
24055 # 1504
24061 # 1504
24067 # 1504
24073 # 1504
24079 # 1504
24082 + 132
24085 # 1504
24085 - 132 3
24091 # 1504
24097 # 1504
24103 # 1504
24109 # 1504
24115 # 1504
24121 # 1504
24127 # 1504
24133 # 1504
24139 # 1504
24145 # 1504
24146 + 132
24151 # 1504
24151 - 132 5
24157 # 1504
24163 # 1504
24169 # 1504
24175 # 1504
24181 # 1504
24187 # 1504
24193 # 1504
24199 # 1504
24205 # 1504
24210 + 132
24211 # 1504
24211 - 132 1
24217 # 1504
24223 # 1504
24229 # 1504
24235 # 1504
24241 # 1504
24247 # 1504
24253 # 1504
24259 # 1504
24265 # 1504
24270 + 132
24271 # 1504
24271 - 132 1
24277 # 1504
24283 # 1504
24289 # 1504
24295 # 1504
24301 # 1504
24307 # 1504
24313 # 1504
24319 # 1504
24325 # 1504
24326 + 132
24331 # 1504
24331 - 132 5
24337 # 1504
24343 # 1504
24349 # 1504
24355 # 1504
24361 # 1504
24367 # 1504
24373 # 1504
24379 # 1504
24385 # 1504
24386 + 132
24391 # 1504
24391 - 132 5
24397 # 1504
24403 # 1504
24409 # 1504
24415 # 1504
24421 # 1504
24427 # 1504
24433 # 1504
24439 # 1504
24445 # 1504
24450 + 132
24451 # 1504
24451 - 132 1
24457 # 1504
24463 # 1504
24469 # 1504
24475 # 1504
24481 # 1504
24487 # 1504
24493 # 1504
24499 # 1504
24505 # 1504
24511 # 1504
24514 + 132
24517 # 1504
24517 - 132 3
24523 # 1504
24529 # 1504
24535 # 1504
24541 # 1504
24547 # 1504
24553 # 1504
24559 # 1504
24565 # 1504
24571 # 1504
24577 # 1504
24578 + 132
24583 # 1504
24583 - 132 5
24589 # 1504
24595 # 1504
24601 # 1504
24607 # 1504
24613 # 1504
24619 # 1504
24625 # 1504
24631 # 1504
24637 # 1504
24642 + 132
24643 # 1504
24643 - 132 1
24649 # 1504
24655 # 1504
24661 # 1504
24667 # 1504
24673 # 1504
24679 # 1504
24685 # 1504
24691 # 1504
24697 # 1504
24703 # 1504
24706 + 132
24709 # 1504
24709 - 132 3
24715 # 1504
24721 # 1504
24727 # 1504
24733 # 1504
24739 # 1504
24745 # 1504
24751 # 1504
24757 # 1504
24761 + 132
24763 # 1504
24763 - 132 2
24769 # 1504
24775 # 1504
24781 # 1504
24787 # 1504
24793 # 1504
24799 # 1504
24805 # 1504
24811 # 1504
24815 + 132
24817 # 1504
24817 - 132 2
24823 # 1504
24829 # 1504
24835 # 1504
24841 # 1504
24847 # 1504
24853 # 1504
24859 # 1504
24865 # 1504
24871 # 1504
24877 # 1504
24879 + 132
24883 # 1504
24883 - 132 4
24889 # 1504
24895 # 1504
24901 # 1504
24907 # 1504
24913 # 1504
24919 # 1504
24925 # 1504
24931 # 1504
24932 + 132
24937 # 1504
24937 - 132 5
24943 # 1504
24949 # 1504
24955 # 1504
24961 # 1504
24967 # 1504
24973 # 1504
24979 # 1504
24985 # 1504
24991 # 1504
24997 # 1504
24999 + 132
25003 # 1504
25003 - 132 4
25009 # 1504
25015 # 1504
25021 # 1504
25027 # 1504
25033 # 1504
25039 # 1504
25045 # 1504
25051 # 1504
25052 + 132
25057 # 1504
25057 - 132 5
25063 # 1504
25069 # 1504
25075 # 1504
25081 # 1504
25087 # 1504
25093 # 1504
25099 # 1504
25105 # 1504
25111 # 1504
25117 # 1504
25119 + 132
25123 # 1504
25123 - 132 4
25129 # 1504
25135 # 1504
25141 # 1504
25147 # 1504
25153 # 1504
25159 # 1504
25165 # 1504
25171 # 1504
25172 + 132
25177 # 1504
25177 - 132 5
25183 # 1504
25189 # 1504
25195 # 1504
25201 # 1504
25207 # 1504
25213 # 1504
25219 # 1504
25225 # 1504
25227 + 132
25231 # 1504
25231 - 132 4
25237 # 1504
25243 # 1504
25249 # 1504
25255 # 1504
25261 # 1504
25267 # 1504
25273 # 1504
25279 # 1504
25282 + 132
25285 # 1504
25285 - 132 3
25291 # 1504
25297 # 1504
25303 # 1504
25309 # 1504
25315 # 1504
25321 # 1504
25327 # 1504
25333 # 1504
25339 # 1504
25342 + 132
25345 # 1504
25345 - 132 3
25351 # 1504
25357 # 1504
25363 # 1504
25369 # 1504
25375 # 1504
25381 # 1504
25387 # 1504
25393 # 1504
25398 + 132
25399 # 1504
25399 - 132 1
25405 # 1504
25411 # 1504
25417 # 1504
25423 # 1504
25429 # 1504
25435 # 1504
25441 # 1504
25447 # 1504
25453 # 1504
25454 + 132
25459 # 1504
25459 - 132 5
25465 # 1504
25471 # 1504
25477 # 1504
25483 # 1504
25489 # 1504
25495 # 1504
25501 # 1504
25507 # 1504
25513 # 1504
25518 + 132
25519 # 1504
25519 - 132 1
25525 # 1504
25531 # 1504
25537 # 1504
25543 # 1504
25549 # 1504
25555 # 1504
25561 # 1504
25567 # 1504
25573 # 1504
25579 # 1504
25582 + 132
25585 # 1504
25585 - 132 3
25591 # 1504
25597 # 1504
25603 # 1504
25609 # 1504
25615 # 1504
25621 # 1504
25627 # 1504
25633 # 1504
25639 # 1504
25645 # 1504
25646 + 132
25651 # 1504
25651 - 132 5
25657 # 1504
25663 # 1504
25669 # 1504
25675 # 1504
25681 # 1504
25687 # 1504
25693 # 1504
25699 # 1504
25705 # 1504
25710 + 132
25711 # 1504
25711 - 132 1
25717 # 1504
25723 # 1504
25729 # 1504
25735 # 1504
25741 # 1504
25747 # 1504
25753 # 1504
25759 # 1504
25765 # 1504
25771 # 1504
25774 + 132
25777 # 1504
25777 - 132 3
25783 # 1504
25789 # 1504
25795 # 1504
25801 # 1504
25807 # 1504
25813 # 1504
25819 # 1504
25825 # 1504
25831 # 1504
25837 # 1504
25838 + 132
25843 # 1504
25843 - 132 5
25849 # 1504
25855 # 1504
25861 # 1504
25867 # 1504
25873 # 1504
25879 # 1504
25885 # 1504
25891 # 1504
25897 # 1504
25902 + 132
25903 # 1504
25903 - 132 1
25909 # 1504
25915 # 1504
25921 # 1504
25927 # 1504
25933 # 1504
25939 # 1504
25945 # 1504
25951 # 1504
25957 # 1504
25963 # 1504
25966 + 132
25969 # 1504
25969 - 132 3
25975 # 1504
25981 # 1504
25987 # 1504
25993 # 1504
25999 # 1504
26005 # 1504
26011 # 1504
26017 # 1504
26023 # 1504
26029 # 1504
26030 + 132
26035 # 1504
26035 - 132 5
26041 # 1504
26047 # 1504
26053 # 1504
26059 # 1504
26065 # 1504
26071 # 1504
26077 # 1504
26083 # 1504
26089 # 1504
26094 + 132
26095 # 1504
26095 - 132 1
26101 # 1504
26107 # 1504
26113 # 1504
26119 # 1504
26125 # 1504
26131 # 1504
26137 # 1504
26143 # 1504
26149 # 1504
26155 # 1504
26158 + 132
26161 # 1504
26161 - 132 3
26167 # 1504
26173 # 1504
26179 # 1504
26185 # 1504
26191 # 1504
26197 # 1504
26203 # 1504
26209 # 1504
26215 # 1504
26221 # 1504
26222 + 132
26227 # 1504
26227 - 132 5
26233 # 1504
26239 # 1504
26245 # 1504
26251 # 1504
26257 # 1504
26263 # 1504
26269 # 1504
26275 # 1504
26281 # 1504
26286 + 132
26287 # 1504
26287 - 132 1
26293 # 1504
26299 # 1504
26305 # 1504
26311 # 1504
26317 # 1504
26323 # 1504
26329 # 1504
26335 # 1504
26341 # 1504
26347 # 1504
26350 + 132
26353 # 1504
26353 - 132 3
26359 # 1504
26365 # 1504
26371 # 1504
26377 # 1504
26383 # 1504
26389 # 1504
26395 # 1504
26401 # 1504
26407 # 1504
26413 # 1504
26414 + 132
26419 # 1504
26419 - 132 5
26425 # 1504
26431 # 1504
26437 # 1504
26443 # 1504
26449 # 1504
26455 # 1504
26461 # 1504
26467 # 1504
26473 # 1504
26478 + 132
26479 # 1504
26479 - 132 1
26485 # 1504
26491 # 1504
26497 # 1504
26503 # 1504
26509 # 1504
26515 # 1504
26521 # 1504
26527 # 1504
26533 # 1504
26539 # 1504
26545 # 1504
26546 + 132
26551 # 1504
26551 - 132 5
26557 # 1504
26563 # 1504
26569 # 1504
26575 # 1504
26581 # 1504
26587 # 1504
26593 # 1504
26599 # 1504
26601 + 132
26605 # 1504
26605 - 132 4
26611 # 1504
26617 # 1504
26623 # 1504
26629 # 1504
26635 # 1504
26641 # 1504
26647 # 1504
26653 # 1504
26655 + 132
26659 # 1504
26659 - 132 4
26665 # 1504
26671 # 1504
26677 # 1504
26683 # 1504
26689 # 1504
26695 # 1504
26701 # 1504
26707 # 1504
26710 + 132
26713 # 1504
26713 - 132 3
26719 # 1504
26725 # 1504
26731 # 1504
26737 # 1504
26743 # 1504
26749 # 1504
26755 # 1504
26761 # 1504
26767 # 1504
26773 # 1504
26775 + 132
26779 # 1504
26779 - 132 4
26785 # 1504
26791 # 1504
26797 # 1504
26803 # 1504
26809 # 1504
26815 # 1504
26821 # 1504
26827 # 1504
26828 + 132
26833 # 1504
26833 - 132 5
26839 # 1504
26845 # 1504
26851 # 1504
26857 # 1504
26863 # 1504
26869 # 1504
26875 # 1504
26881 # 1504
26883 + 132
26887 # 1504
26887 - 132 4
26893 # 1504
26899 # 1504
26905 # 1504
26911 # 1504
26917 # 1504
26923 # 1504
26929 # 1504
26935 # 1504
26941 # 1504
26947 # 1504
26947 + 132
26953 # 1504
26953 - 132 6
26959 # 1504
26965 # 1504
26971 # 1504
26977 # 1504
26983 # 1504
26989 # 1504
26995 # 1504
27000 + 132
27001 # 1504
27001 - 132 1
27007 # 1504
27013 # 1504
27019 # 1504
27025 # 1504
27031 # 1504
27037 # 1504
27043 # 1504
27049 # 1504
27055 # 1504
27055 + 132
27061 # 1504
27061 - 132 6
27067 # 1504
27073 # 1504
27079 # 1504
27085 # 1504
27091 # 1504
27097 # 1504
27103 # 1504
27109 # 1504
27111 + 132
27115 # 1504
27115 - 132 4
27121 # 1504
27127 # 1504
27133 # 1504
27139 # 1504
27145 # 1504
27151 # 1504
27157 # 1504
27163 # 1504
27164 + 132
27169 # 1504
27169 - 132 5
27175 # 1504
27181 # 1504
27187 # 1504
27193 # 1504
27199 # 1504
27205 # 1504
27211 # 1504
27217 # 1504
27219 + 132
27223 # 1504
27223 - 132 4
27229 # 1504
27235 # 1504
27241 # 1504
27247 # 1504
27253 # 1504
27259 # 1504
27265 # 1504
27271 # 1504
27274 + 132
27277 # 1504
27277 - 132 3
27283 # 1504
27289 # 1504
27295 # 1504
27301 # 1504
27307 # 1504
27313 # 1504
27319 # 1504
27325 # 1504
27330 + 132
27331 # 1504
27331 - 132 1
27337 # 1504
27343 # 1504
27349 # 1504
27355 # 1504
27361 # 1504
27367 # 1504
27373 # 1504
27379 # 1504
27385 # 1504
27390 + 132
27391 # 1504
27391 - 132 1
27397 # 1504
27403 # 1504
27409 # 1504
27415 # 1504
27421 # 1504
27427 # 1504
27433 # 1504
27439 # 1504
27445 # 1504
27451 # 1504
27454 + 132
27457 # 1504
27457 - 132 3
27463 # 1504
27469 # 1504
27475 # 1504
27481 # 1504
27487 # 1504
27493 # 1504
27499 # 1504
27505 # 1504
27511 # 1504
27517 # 1504
27518 + 132
27523 # 1504
27523 - 132 5
27529 # 1504
27535 # 1504
27541 # 1504
27547 # 1504
27553 # 1504
27559 # 1504
27565 # 1504
27571 # 1504
27577 # 1504
27582 + 132
27583 # 1504
27583 - 132 1
27589 # 1504
27595 # 1504
27601 # 1504
27607 # 1504
27613 # 1504
27619 # 1504
27625 # 1504
27631 # 1504
27637 # 1504
27642 + 132
27643 # 1504
27643 - 132 1
27649 # 1504
27655 # 1504
27661 # 1504
27667 # 1504
27673 # 1504
27679 # 1504
27685 # 1504
27691 # 1504
27697 # 1504
27698 + 132
27703 # 1504
27703 - 132 5
27709 # 1504
27715 # 1504
27721 # 1504
27727 # 1504
27733 # 1504
27739 # 1504
27745 # 1504
27751 # 1504
27754 + 132
27757 # 1504
27757 - 132 3
27763 # 1504
27769 # 1504
27775 # 1504
27781 # 1504
27787 # 1504
27793 # 1504
27799 # 1504
27805 # 1504
27811 # 1504
27814 + 132
27817 # 1504
27817 - 132 3
27823 # 1504
27829 # 1504
27835 # 1504
27841 # 1504
27847 # 1504
27853 # 1504
27859 # 1504
27865 # 1504
27870 + 132
27871 # 1504
27871 - 132 1
27877 # 1504
27883 # 1504
27889 # 1504
27895 # 1504
27901 # 1504
27907 # 1504
27913 # 1504
27919 # 1504
27925 # 1504
27930 + 132
27931 # 1504
27931 - 132 1
27937 # 1504
27943 # 1504
27949 # 1504
27955 # 1504
27961 # 1504
27967 # 1504
27973 # 1504
27979 # 1504
27985 # 1504
27990 + 132
27991 # 1504
27991 - 132 1
27997 # 1504
28003 # 1504
28009 # 1504
28015 # 1504
28021 # 1504
28027 # 1504
28033 # 1504
28039 # 1504
28045 # 1504
28050 + 132
28051 # 1504
28051 - 132 1
28057 # 1504
28063 # 1504
28069 # 1504
28075 # 1504
28081 # 1504
28087 # 1504
28093 # 1504
28099 # 1504
28105 # 1504
28106 + 132
28111 # 1504
28111 - 132 5
28117 # 1504
28123 # 1504
28129 # 1504
28135 # 1504
28141 # 1504
28147 # 1504
28153 # 1504
28159 # 1504
28162 + 132
28165 # 1504
28165 - 132 3
28171 # 1504
28177 # 1504
28183 # 1504
28189 # 1504
28195 # 1504
28201 # 1504
28207 # 1504
28213 # 1504
28219 # 1504
28223 + 132
28225 # 1504
28225 - 132 2
28231 # 1504
28237 # 1504
28243 # 1504
28249 # 1504
28255 # 1504
28261 # 1504
28267 # 1504
28273 # 1504
28276 + 132
28279 # 1504
28279 - 132 3
28285 # 1504
28291 # 1504
28297 # 1504
28303 # 1504
28309 # 1504
28315 # 1504
28321 # 1504
28327 # 1504
28331 + 132
28333 # 1504
28333 - 132 2
28339 # 1504
28345 # 1504
28351 # 1504
28357 # 1504
28363 # 1504
28369 # 1504
28375 # 1504
28381 # 1504
28386 + 132
28387 # 1504
28387 - 132 1
28393 # 1504
28399 # 1504
28405 # 1504
28411 # 1504
28417 # 1504
28423 # 1504
28429 # 1504
28435 # 1504
28441 # 1504
28446 + 132
28447 # 1504
28447 - 132 1
28453 # 1504
28459 # 1504
28465 # 1504
28471 # 1504
28477 # 1504
28483 # 1504
28489 # 1504
28495 # 1504
28501 # 1504
28507 # 1504
28510 + 132
28513 # 1504
28513 - 132 3
28519 # 1504
28525 # 1504
28531 # 1504
28537 # 1504
28543 # 1504
28549 # 1504
28555 # 1504
28561 # 1504
28567 # 1504
28573 # 1504
28578 + 132
28579 # 1504
28579 - 132 1
28585 # 1504
28591 # 1504
28597 # 1504
28603 # 1504
28609 # 1504
28615 # 1504
28621 # 1504
28627 # 1504
28633 # 1504
28639 # 1504
28642 + 132
28645 # 1504
28645 - 132 3
28651 # 1504
28657 # 1504
28663 # 1504
28669 # 1504
28675 # 1504
28681 # 1504
28687 # 1504
28693 # 1504
28699 # 1504
28702 + 132
28705 # 1504
28705 - 132 3
28711 # 1504
28717 # 1504
28723 # 1504
28729 # 1504
28735 # 1504
28741 # 1504
28747 # 1504
28753 # 1504
28759 # 1504
28765 # 1504
28766 + 132
28771 # 1504
28771 - 132 5
28777 # 1504
28783 # 1504
28789 # 1504
28795 # 1504
28801 # 1504
28807 # 1504
28813 # 1504
28819 # 1504
28825 # 1504
28830 + 132
28831 # 1504
28831 - 132 1
28837 # 1504
28843 # 1504
28849 # 1504
28855 # 1504
28861 # 1504
28867 # 1504
28873 # 1504
28879 # 1504
28885 # 1504
28887 + 132
28891 # 1504
28891 - 132 4
28897 # 1504
28903 # 1504
28909 # 1504
28915 # 1504
28921 # 1504
28927 # 1504
28933 # 1504
28939 # 1504
28940 + 132
28945 # 1504
28945 - 132 5
28951 # 1504
28957 # 1504
28963 # 1504
28969 # 1504
28975 # 1504
28981 # 1504
28987 # 1504
28993 # 1504
28999 # 1504
29005 # 1504
29006 + 132
29011 # 1504
29011 - 132 5
29017 # 1504
29023 # 1504
29029 # 1504
29035 # 1504
29041 # 1504
29047 # 1504
29053 # 1504
29059 # 1504
29061 + 132
29065 # 1504
29065 - 132 4
29071 # 1504
29077 # 1504
29083 # 1504
29089 # 1504
29095 # 1504
29101 # 1504
29107 # 1504
29113 # 1504
29119 # 1504
29125 # 1504
29127 + 132
29131 # 1504
29131 - 132 4
29137 # 1504
29143 # 1504
29149 # 1504
29155 # 1504
29161 # 1504
29167 # 1504
29173 # 1504
29179 # 1504
29180 + 132
29185 # 1504
29185 - 132 5
29191 # 1504
29197 # 1504
29203 # 1504
29209 # 1504
29215 # 1504
29221 # 1504
29227 # 1504
29233 # 1504
29238 + 132
29239 # 1504
29239 - 132 1
29245 # 1504
29251 # 1504
29257 # 1504
29263 # 1504
29269 # 1504
29275 # 1504
29281 # 1504
29287 # 1504
29293 # 1504
29294 + 132
29299 # 1504
29299 - 132 5
29305 # 1504
29311 # 1504
29317 # 1504
29323 # 1504
29329 # 1504
29335 # 1504
29341 # 1504
29347 # 1504
29353 # 1504
29358 + 132
29359 # 1504
29359 - 132 1
29365 # 1504
29371 # 1504
29377 # 1504
29383 # 1504
29389 # 1504
29395 # 1504
29401 # 1504
29407 # 1504
29413 # 1504
29413 + 132
29419 # 1504
29419 - 132 6
29425 # 1504
29431 # 1504
29437 # 1504
29443 # 1504
29449 # 1504
29455 # 1504
29461 # 1504
29467 # 1504
29473 # 1504
29478 + 132
29479 # 1504
29479 - 132 1
29485 # 1504
29491 # 1504
29497 # 1504
29502 + 52
29503 # 1504
29503 - 52 1
29509 # 1504
29515 # 1504
29521 # 1504
29527 # 1504
29533 # 1504
29533 + 132
29539 # 1504
29539 - 132 6
29545 # 1504
29551 # 1504
29557 # 1504
29563 # 1504
29569 # 1504
29575 # 1504
29581 # 1504
29587 # 1504
29587 + 132
29593 # 1504
29593 - 132 6
29599 # 1504
29605 # 1504
29611 # 1504
29617 # 1504
29623 # 1504
29629 # 1504
29635 # 1504
29641 # 1504
29642 + 132
29647 # 1504
29647 - 132 5
29653 # 1504
29659 # 1504
29665 # 1504
29671 # 1504
29677 # 1504
29683 # 1504
29689 # 1504
29695 # 1504
29701 # 1504
29703 + 132
29707 # 1504
29707 - 132 4
29713 # 1504
29719 # 1504
29725 # 1504
29731 # 1504
29737 # 1504
29743 # 1504
29749 # 1504
29755 # 1504
29756 + 132
29761 # 1504
29761 - 132 5
29767 # 1504
29773 # 1504
29779 # 1504
29785 # 1504
29791 # 1504
29797 # 1504
29803 # 1504
29809 # 1504
29815 # 1504
29821 # 1504
29823 + 132
29827 # 1504
29827 - 132 4
29833 # 1504
29839 # 1504
29845 # 1504
29851 # 1504
29857 # 1504
29863 # 1504
29869 # 1504
29875 # 1504
29876 + 132
29881 # 1504
29881 - 132 5
29887 # 1504
29893 # 1504
29899 # 1504
29905 # 1504
29911 # 1504
29917 # 1504
29923 # 1504
29929 # 1504
29935 # 1504
29941 # 1504
29943 + 132
29947 # 1504
29947 - 132 4
29953 # 1504
29959 # 1504
29965 # 1504
29971 # 1504
29977 # 1504
29983 # 1504
29989 # 1504
29995 # 1504
29996 + 132
30001 # 1504
30001 - 132 5
30007 # 1504
30013 # 1504
30019 # 1504
30025 # 1504
30031 # 1504
30037 # 1504
30043 # 1504
30049 # 1504
30055 # 1504
30061 # 1504
30063 + 132
30067 # 1504
30067 - 132 4
30073 # 1504
30079 # 1504
30085 # 1504
30091 # 1504
30097 # 1504
30103 # 1504
30109 # 1504
30115 # 1504
30116 + 132
30121 # 1504
30121 - 132 5
30127 # 1504
30133 # 1504
30139 # 1504
30145 # 1504
30151 # 1504
30157 # 1504
30163 # 1504
30169 # 1504
30171 + 132
30175 # 1504
30175 - 132 4
30181 # 1504
30187 # 1504
30193 # 1504
30199 # 1504
30205 # 1504
30211 # 1504
30217 # 1504
30223 # 1504
30227 + 132
30229 # 1504
30229 - 132 2
30235 # 1504
30241 # 1504
30247 # 1504
30253 # 1504
30259 # 1504
30265 # 1504
30271 # 1504
30277 # 1504
30280 + 132
30283 # 1504
30283 - 132 3
30289 # 1504
30295 # 1504
30301 # 1504
30307 # 1504
30313 # 1504
30319 # 1504
30325 # 1504
30331 # 1504
30335 + 132
30337 # 1504
30337 - 132 2
30343 # 1504
30349 # 1504
30355 # 1504
30361 # 1504
30367 # 1504
30373 # 1504
30379 # 1504
30385 # 1504
30391 # 1504
30394 + 132
30397 # 1504
30397 - 132 3
30403 # 1504
30409 # 1504
30415 # 1504
30421 # 1504
30427 # 1504
30433 # 1504
30439 # 1504
30445 # 1504
30451 # 1504
30457 # 1504
30458 + 132
30463 # 1504
30463 - 132 5
30469 # 1504
30475 # 1504
30481 # 1504
30487 # 1504
30493 # 1504
30499 # 1504
30505 # 1504
30511 # 1504
30513 + 132
30517 # 1504
30517 - 132 4
30523 # 1504
30529 # 1504
30535 # 1504
30541 # 1504
30547 # 1504
30553 # 1504
30559 # 1504
30565 # 1504
30571 # 1504
30574 + 132
30577 # 1504
30577 - 132 3
30583 # 1504
30589 # 1504
30595 # 1504
30601 # 1504
30607 # 1504
30613 # 1504
30619 # 1504
30625 # 1504
30631 # 1504
30637 # 1504
30638 + 132
30643 # 1504
30643 - 132 5
30649 # 1504
30655 # 1504
30661 # 1504
30667 # 1504
30673 # 1504
30679 # 1504
30685 # 1504
30691 # 1504
30697 # 1504
30698 + 132
30703 # 1504
30703 - 132 5
30709 # 1504
30715 # 1504
30721 # 1504
30727 # 1504
30733 # 1504
30739 # 1504
30745 # 1504
30751 # 1504
30757 # 1504
30762 + 132
30763 # 1504
30763 - 132 1
30769 # 1504
30775 # 1504
30781 # 1504
30787 # 1504
30793 # 1504
30799 # 1504
30805 # 1504
30811 # 1504
30817 # 1504
30822 + 132
30823 # 1504
30823 - 132 1
30829 # 1504
30835 # 1504
30841 # 1504
30847 # 1504
30853 # 1504
30859 # 1504
30865 # 1504
30871 # 1504
30877 # 1504
30883 # 1504
30886 + 132
30889 # 1504
30889 - 132 3
30895 # 1504
30901 # 1504
30907 # 1504
30913 # 1504
30919 # 1504
30925 # 1504
30931 # 1504
30937 # 1504
30943 # 1504
30949 # 1504
30950 + 132
30955 # 1504
30955 - 132 5
30961 # 1504
30967 # 1504
30973 # 1504
30979 # 1504
30985 # 1504
30991 # 1504
30997 # 1504
31003 # 1504
31009 # 1504
31010 + 132
31015 # 1504
31015 - 132 5
31021 # 1504
31027 # 1504
31033 # 1504
31039 # 1504
31045 # 1504
31051 # 1504
31057 # 1504
31063 # 1504
31069 # 1504
31074 + 132
31075 # 1504
31075 - 132 1
31081 # 1504
31087 # 1504
31093 # 1504
31099 # 1504
31105 # 1504
31111 # 1504
31117 # 1504
31123 # 1504
31129 # 1504
31135 # 1504
31138 + 132
31141 # 1504
31141 - 132 3
31147 # 1504
31153 # 1504
31159 # 1504
31165 # 1504
31171 # 1504
31177 # 1504
31183 # 1504
31189 # 1504
31195 # 1504
31201 # 1504
31202 + 132
31207 # 1504
31207 - 132 5
31213 # 1504
31219 # 1504
31225 # 1504
31231 # 1504
31237 # 1504
31243 # 1504
31249 # 1504
31255 # 1504
31261 # 1504
31266 + 132
31267 # 1504
31267 - 132 1
31273 # 1504
31279 # 1504
31285 # 1504
31291 # 1504
31297 # 1504
31303 # 1504
31309 # 1504
31315 # 1504
31321 # 1504
31327 # 1504
31330 + 132
31333 # 1504
31333 - 132 3
31339 # 1504
31345 # 1504
31351 # 1504
31357 # 1504
31363 # 1504
31369 # 1504
31375 # 1504
31381 # 1504
31387 # 1504
31393 # 1504
31394 + 132
31399 # 1504
31399 - 132 5
31405 # 1504
31411 # 1504
31417 # 1504
31423 # 1504
31429 # 1504
31435 # 1504
31441 # 1504
31447 # 1504
31453 # 1504
31458 + 132
31459 # 1504
31459 - 132 1
31465 # 1504
31471 # 1504
31477 # 1504
31483 # 1504
31489 # 1504
31495 # 1504
31501 # 1504
31507 # 1504
31513 # 1504
31519 # 1504
31522 + 132
31525 # 1504
31525 - 132 3
31531 # 1504
31537 # 1504
31543 # 1504
31549 # 1504
31555 # 1504
31561 # 1504
31567 # 1504
31573 # 1504
31579 # 1504
31585 # 1504
31586 + 132
31591 # 1504
31591 - 132 5
31597 # 1504
31603 # 1504
31609 # 1504
31615 # 1504
31621 # 1504
31627 # 1504
31633 # 1504
31639 # 1504
31645 # 1504
31650 + 132
31651 # 1504
31651 - 132 1
31657 # 1504
31663 # 1504
31669 # 1504
31675 # 1504
31681 # 1504
31687 # 1504
31693 # 1504
31699 # 1504
31705 # 1504
31711 # 1504
31714 + 132
31717 # 1504
31717 - 132 3
31723 # 1504
31729 # 1504
31735 # 1504
31741 # 1504
31747 # 1504
31753 # 1504
31759 # 1504
31765 # 1504
31771 # 1504
31777 # 1504
31778 + 132
31783 # 1504
31783 - 132 5
31789 # 1504
31795 # 1504
31801 # 1504
31807 # 1504
31813 # 1504
31819 # 1504
31825 # 1504
31831 # 1504
31837 # 1504
31842 + 132
31843 # 1504
31843 - 132 1
31849 # 1504
31855 # 1504
31861 # 1504
31867 # 1504
31873 # 1504
31879 # 1504
31885 # 1504
31891 # 1504
31897 # 1504
31902 + 132
31903 # 1504
31903 - 132 1
31909 # 1504
31915 # 1504
31921 # 1504
31927 # 1504
31933 # 1504
31939 # 1504
31945 # 1504
31951 # 1504
31957 # 1504
31962 + 132
31963 # 1504
31963 - 132 1
31969 # 1504
31975 # 1504
31981 # 1504
31987 # 1504
31993 # 1504
31999 # 1504
32005 # 1504
32011 # 1504
32017 # 1504
32023 # 1504
32026 + 132
32029 # 1504
32029 - 132 3
32035 # 1504
32041 # 1504
32047 # 1504
32053 # 1504
32059 # 1504
32065 # 1504
32071 # 1504
32077 # 1504
32083 # 1504
32089 # 1504
32090 + 132
32095 # 1504
32095 - 132 5
32101 # 1504
32107 # 1504
32113 # 1504
32119 # 1504
32125 # 1504
32131 # 1504
32137 # 1504
32143 # 1504
32149 # 1504
32154 + 132
32155 # 1504
32155 - 132 1
32161 # 1504
32167 # 1504
32173 # 1504
32179 # 1504
32185 # 1504
32191 # 1504
32197 # 1504
32203 # 1504
32209 # 1504
32211 + 132
32215 # 1504
32215 - 132 4
32221 # 1504
32227 # 1504
32233 # 1504
32239 # 1504
32245 # 1504
32251 # 1504
32257 # 1504
32263 # 1504
32264 + 132
32269 # 1504
32269 - 132 5
32275 # 1504
32281 # 1504
32287 # 1504
32293 # 1504
32299 # 1504
32305 # 1504
32311 # 1504
32317 # 1504
32323 # 1504
32329 # 1504
32331 + 132
32335 # 1504
32335 - 132 4
32341 # 1504
32347 # 1504
32353 # 1504
32359 # 1504
32365 # 1504
32371 # 1504
32377 # 1504
32383 # 1504
32384 + 132
32389 # 1504
32389 - 132 5
32395 # 1504
32401 # 1504
32407 # 1504
32413 # 1504
32419 # 1504
32425 # 1504
32431 # 1504
32437 # 1504
32443 # 1504
32449 # 1504
32450 + 132
32455 # 1504
32455 - 132 5
32461 # 1504
32467 # 1504
32473 # 1504
32479 # 1504
32485 # 1504
32491 # 1504
32497 # 1504
32503 # 1504
32504 + 132
32509 # 1504
32509 - 132 5
32515 # 1504
32521 # 1504
32527 # 1504
32533 # 1504
32539 # 1504
32545 # 1504
32551 # 1504
32557 # 1504
32559 + 132
32563 # 1504
32563 - 132 4
32569 # 1504
32575 # 1504
32581 # 1504
32587 # 1504
32593 # 1504
32599 # 1504
32605 # 1504
32611 # 1504
32615 + 132
32617 # 1504
32617 - 132 2
32623 # 1504
32629 # 1504
32635 # 1504
32641 # 1504
32647 # 1504
32653 # 1504
32659 # 1504
32665 # 1504
32668 + 132
32671 # 1504
32671 - 132 3
32677 # 1504
32683 # 1504
32689 # 1504
32695 # 1504
32701 # 1504
32707 # 1504
32713 # 1504
32719 # 1504
32723 + 132
32725 # 1504
32725 - 132 2
32731 # 1504
32737 # 1504
32743 # 1504
32749 # 1504
32755 # 1504
32761 # 1504
32767 # 1504
32773 # 1504
32779 # 1504
32785 # 1504
32786 + 132
32791 # 1504
32791 - 132 5
32797 # 1504
32803 # 1504
32809 # 1504
32815 # 1504
32821 # 1504
32827 # 1504
32833 # 1504
32839 # 1504
32845 # 1504
32850 + 132
32851 # 1504
32851 - 132 1
32857 # 1504
32863 # 1504
32869 # 1504
32875 # 1504
32881 # 1504
32887 # 1504
32893 # 1504
32899 # 1504
32905 # 1504
32911 # 1504
32914 + 132
32917 # 1504
32917 - 132 3
32923 # 1504
32929 # 1504
32935 # 1504
32941 # 1504
32947 # 1504
32953 # 1504
32959 # 1504
32965 # 1504
32971 # 1504
32977 # 1504
32978 + 132
32983 # 1504
32983 - 132 5
32989 # 1504
32995 # 1504
33001 # 1504
33007 # 1504
33013 # 1504
33019 # 1504
33025 # 1504
33031 # 1504
33034 + 132
33037 # 1504
33037 - 132 3
33043 # 1504
33049 # 1504
33055 # 1504
33061 # 1504
33067 # 1504
33073 # 1504
33079 # 1504
33085 # 1504
33091 # 1504
33097 # 1504
33098 + 132
33103 # 1504
33103 - 132 5
33109 # 1504
33115 # 1504
33121 # 1504
33127 # 1504
33133 # 1504
33139 # 1504
33145 # 1504
33151 # 1504
33154 + 132
33157 # 1504
33157 - 132 3
33163 # 1504
33169 # 1504
33175 # 1504
33181 # 1504
33187 # 1504
33193 # 1504
33199 # 1504
33205 # 1504
33211 # 1504
33217 # 1504
33218 + 132
33223 # 1504
33223 - 132 5
33229 # 1504
33235 # 1504
33241 # 1504
33247 # 1504
33253 # 1504
33259 # 1504
33265 # 1504
33271 # 1504
33274 + 132
33277 # 1504
33277 - 132 3
33283 # 1504
33289 # 1504
33295 # 1504
33301 # 1504
33307 # 1504
33313 # 1504
33319 # 1504
33325 # 1504
33329 + 132
33331 # 1504
33331 - 132 2
33337 # 1504
33343 # 1504
33349 # 1504
33355 # 1504
33361 # 1504
33367 # 1504
33373 # 1504
33379 # 1504
33383 + 132
33385 # 1504
33385 - 132 2
33391 # 1504
33397 # 1504
33403 # 1504
33409 # 1504
33415 # 1504
