# mahimahi mm-link (Uplink) [traces/2Mbps_trace] > /users/gtqifan/pantheon/src/experiments/data/scream_mm_datalink_run1.log
# command line: 'mm-link' 'traces/2Mbps_trace' 'traces/2Mbps_trace' '--uplink-log=/users/gtqifan/pantheon/src/experiments/data/scream_mm_datalink_run1.log' '--downlink-log=/users/gtqifan/pantheon/src/experiments/data/scream_mm_acklink_run1.log' 'python' '/users/gtqifan/pantheon/src/experiments/tunnel_manager.py'
# queue: infinite
# init timestamp: 1646989434381
# base timestamp: 35
# mahimahi config: [delay 100 ms] 
41 # 1504
47 # 1504
53 # 1504
59 # 1504
65 # 1504
71 # 1504
77 # 1504
83 # 1504
89 # 1504
95 # 1504
101 # 1504
107 # 1504
113 # 1504
119 # 1504
125 # 1504
131 # 1504
137 # 1504
143 # 1504
149 # 1504
155 # 1504
159 + 40
161 # 1504
161 - 40 2
167 # 1504
173 # 1504
179 # 1504
185 # 1504
191 # 1504
197 # 1504
203 # 1504
209 # 1504
215 # 1504
221 # 1504
227 # 1504
233 # 1504
239 # 1504
245 # 1504
251 # 1504
257 # 1504
263 # 1504
269 # 1504
275 # 1504
281 # 1504
287 # 1504
293 # 1504
299 # 1504
305 # 1504
311 # 1504
317 # 1504
323 # 1504
329 # 1504
335 # 1504
341 # 1504
347 # 1504
353 # 1504
359 # 1504
365 # 1504
371 # 1504
377 # 1504
383 # 1504
389 # 1504
395 # 1504
401 # 1504
407 # 1504
413 # 1504
419 # 1504
425 # 1504
431 # 1504
437 # 1504
443 # 1504
449 # 1504
455 # 1504
461 # 1504
467 # 1504
473 # 1504
479 # 1504
485 # 1504
491 # 1504
497 # 1504
503 # 1504
509 # 1504
515 # 1504
521 # 1504
527 # 1504
533 # 1504
539 # 1504
545 # 1504
551 # 1504
553 + 80
553 + 52
557 # 1504
557 - 80 4
557 - 52 4
563 # 1504
565 + 80
569 # 1504
569 - 80 4
575 # 1504
581 # 1504
587 # 1504
593 # 1504
593 + 80
599 # 1504
599 - 80 6
605 # 1504
611 # 1504
617 # 1504
623 # 1504
629 # 1504
635 # 1504
641 # 1504
647 # 1504
653 # 1504
659 # 1504
665 # 1504
671 # 1504
677 # 1504
683 # 1504
689 # 1504
695 # 1504
701 # 1504
707 # 1504
713 # 1504
719 # 1504
725 # 1504
731 # 1504
737 # 1504
743 # 1504
749 # 1504
755 # 1504
761 # 1504
767 # 1504
773 # 1504
779 # 1504
785 # 1504
791 # 1504
797 # 1504
803 # 1504
809 # 1504
815 # 1504
821 # 1504
827 # 1504
833 # 1504
839 # 1504
845 # 1504
851 # 1504
857 # 1504
863 # 1504
869 # 1504
875 # 1504
881 # 1504
887 # 1504
893 # 1504
899 # 1504
905 # 1504
911 # 1504
917 # 1504
923 # 1504
929 # 1504
935 # 1504
941 # 1504
947 # 1504
953 # 1504
959 # 1504
965 # 1504
971 # 1504
977 # 1504
983 # 1504
989 # 1504
995 # 1504
1001 # 1504
1007 # 1504
1013 # 1504
1019 # 1504
1025 # 1504
1031 # 1504
1037 # 1504
1043 # 1504
1049 # 1504
1055 # 1504
1061 # 1504
1067 # 1504
1073 # 1504
1079 # 1504
1085 # 1504
1091 # 1504
1097 # 1504
1097 + 80
1103 # 1504
1103 - 80 6
1109 # 1504
1115 # 1504
1121 # 1504
1127 # 1504
1133 # 1504
1139 # 1504
1145 # 1504
1151 # 1504
1157 # 1504
1163 # 1504
1169 # 1504
1175 # 1504
1181 # 1504
1187 # 1504
1193 # 1504
1199 # 1504
1205 # 1504
1211 # 1504
1217 # 1504
1223 # 1504
1229 # 1504
1235 # 1504
1241 # 1504
1247 # 1504
1253 # 1504
1259 # 1504
1265 # 1504
1271 # 1504
1277 # 1504
1283 # 1504
1289 # 1504
1295 # 1504
1301 # 1504
1307 # 1504
1313 # 1504
1319 # 1504
1325 # 1504
1331 # 1504
1337 # 1504
1343 # 1504
1349 # 1504
1355 # 1504
1361 # 1504
1367 # 1504
1373 # 1504
1379 # 1504
1385 # 1504
1391 # 1504
1397 # 1504
1403 # 1504
1409 # 1504
1415 # 1504
1421 # 1504
1427 # 1504
1433 # 1504
1439 # 1504
1445 # 1504
1451 # 1504
1457 # 1504
1463 # 1504
1469 # 1504
1475 # 1504
1481 # 1504
1487 # 1504
1493 # 1504
1499 # 1504
1505 # 1504
1511 # 1504
1517 # 1504
1523 # 1504
1529 # 1504
1535 # 1504
1541 # 1504
1547 # 1504
1553 # 1504
1559 # 1504
1565 # 1504
1571 # 1504
1577 # 1504
1583 # 1504
1589 # 1504
1595 # 1504
1601 # 1504
1607 # 1504
1613 # 1504
1619 # 1504
1625 # 1504
1631 # 1504
1637 # 1504
1643 # 1504
1649 # 1504
1655 # 1504
1661 # 1504
1667 # 1504
1673 # 1504
1679 # 1504
1685 # 1504
1691 # 1504
1697 # 1504
1703 # 1504
1709 # 1504
1715 # 1504
1721 # 1504
1727 # 1504
1733 # 1504
1739 # 1504
1745 # 1504
1751 # 1504
1757 # 1504
1763 # 1504
1769 # 1504
1775 # 1504
1781 # 1504
1787 # 1504
1793 # 1504
1799 # 1504
1805 # 1504
1811 # 1504
1817 # 1504
1823 # 1504
1829 # 1504
1835 # 1504
1841 # 1504
1847 # 1504
1853 # 1504
1859 # 1504
1865 # 1504
1871 # 1504
1877 # 1504
1883 # 1504
1889 # 1504
1895 # 1504
1901 # 1504
1907 # 1504
1913 # 1504
1919 # 1504
1925 # 1504
1931 # 1504
1937 # 1504
1943 # 1504
1949 # 1504
1955 # 1504
1961 # 1504
1967 # 1504
1973 # 1504
1979 # 1504
1985 # 1504
1991 # 1504
1997 # 1504
2003 # 1504
2009 # 1504
2015 # 1504
2021 # 1504
2027 # 1504
2033 # 1504
2039 # 1504
2045 # 1504
2051 # 1504
2057 # 1504
2063 # 1504
2069 # 1504
2075 # 1504
2081 # 1504
2087 # 1504
2093 # 1504
2099 # 1504
2105 # 1504
2111 # 1504
2117 # 1504
2123 # 1504
2129 # 1504
2135 # 1504
2141 # 1504
2147 # 1504
2153 # 1504
2159 # 1504
2165 # 1504
2171 # 1504
2177 # 1504
2183 # 1504
2189 # 1504
2195 # 1504
2201 # 1504
2207 # 1504
2213 # 1504
2219 # 1504
2225 # 1504
2231 # 1504
2237 # 1504
2243 # 1504
2249 # 1504
2255 # 1504
2261 # 1504
2267 # 1504
2273 # 1504
2279 # 1504
2285 # 1504
2291 # 1504
2297 # 1504
2303 # 1504
2309 # 1504
2315 # 1504
2321 # 1504
2327 # 1504
2333 # 1504
2339 # 1504
2345 # 1504
2351 # 1504
2357 # 1504
2363 # 1504
2369 # 1504
2375 # 1504
2381 # 1504
2387 # 1504
2393 # 1504
2399 # 1504
2405 # 1504
2411 # 1504
2417 # 1504
2423 # 1504
2429 # 1504
2435 # 1504
2441 # 1504
2447 # 1504
2453 # 1504
2459 # 1504
2465 # 1504
2471 # 1504
2477 # 1504
2483 # 1504
2489 # 1504
2495 # 1504
2501 # 1504
2507 # 1504
2513 # 1504
2519 # 1504
2525 # 1504
2531 # 1504
2537 # 1504
2543 # 1504
2549 # 1504
2555 # 1504
2561 # 1504
2567 # 1504
2573 # 1504
2579 # 1504
2585 # 1504
2591 # 1504
2597 # 1504
2603 # 1504
2609 # 1504
2615 # 1504
2621 # 1504
2627 # 1504
2633 # 1504
2639 # 1504
2645 # 1504
2651 # 1504
2657 # 1504
2663 # 1504
2669 # 1504
2675 # 1504
2681 # 1504
2687 # 1504
2693 # 1504
2699 # 1504
2705 # 1504
2711 # 1504
2717 # 1504
2723 # 1504
2729 # 1504
2735 # 1504
2741 # 1504
2747 # 1504
2753 # 1504
2759 # 1504
2765 # 1504
2771 # 1504
2777 # 1504
2783 # 1504
2789 # 1504
2795 # 1504
2801 # 1504
2807 # 1504
2813 # 1504
2819 # 1504
2825 # 1504
2831 # 1504
2837 # 1504
2843 # 1504
2849 # 1504
2855 # 1504
2861 # 1504
2867 # 1504
2873 # 1504
2879 # 1504
2885 # 1504
2891 # 1504
2897 # 1504
2903 # 1504
2909 # 1504
2915 # 1504
2921 # 1504
2927 # 1504
2933 # 1504
2939 # 1504
2945 # 1504
2951 # 1504
2957 # 1504
2963 # 1504
2969 # 1504
2975 # 1504
2981 # 1504
2987 # 1504
2993 # 1504
2999 # 1504
3005 # 1504
3011 # 1504
3017 # 1504
3023 # 1504
3029 # 1504
3035 # 1504
3041 # 1504
3047 # 1504
3053 # 1504
3059 # 1504
3065 # 1504
3071 # 1504
3077 # 1504
3083 # 1504
3089 # 1504
3095 # 1504
3101 # 1504
3107 # 1504
3113 # 1504
3119 # 1504
3125 # 1504
3131 # 1504
3137 # 1504
3143 # 1504
3149 # 1504
3155 # 1504
3161 # 1504
3167 # 1504
3173 # 1504
3179 # 1504
3185 # 1504
3191 # 1504
3197 # 1504
3203 # 1504
3209 # 1504
3215 # 1504
3221 # 1504
3227 # 1504
3233 # 1504
3239 # 1504
3245 # 1504
3251 # 1504
3257 # 1504
3263 # 1504
3269 # 1504
3275 # 1504
3281 # 1504
3287 # 1504
3293 # 1504
3299 # 1504
3305 # 1504
3311 # 1504
3317 # 1504
3323 # 1504
3329 # 1504
3335 # 1504
3341 # 1504
3347 # 1504
3353 # 1504
3359 # 1504
3365 # 1504
3371 # 1504
3377 # 1504
3383 # 1504
3389 # 1504
3395 # 1504
3401 # 1504
3407 # 1504
3413 # 1504
3419 # 1504
3425 # 1504
3431 # 1504
3437 # 1504
3443 # 1504
3447 + 1140
3449 # 1504
3449 - 1140 2
3455 # 1504
3461 # 1504
3467 # 1504
3473 # 1504
3479 # 1504
3485 # 1504
3487 + 1106
3491 # 1504
3491 - 1106 4
3497 # 1504
3503 # 1504
3509 # 1504
3515 # 1504
3521 # 1504
3527 # 1504
3527 + 1155
3533 # 1504
3533 - 1155 6
3539 # 1504
3545 # 1504
3551 # 1504
3557 # 1504
3563 # 1504
3569 # 1504
3575 # 1504
3581 # 1504
3587 # 1504
3593 # 1504
3599 # 1504
3605 # 1504
3611 # 1504
3617 # 1504
3623 # 1504
3629 # 1504
3635 # 1504
3641 # 1504
3647 # 1504
3653 # 1504
3653 + 1197
3659 # 1504
3659 - 1197 6
3665 # 1504
3671 # 1504
3677 # 1504
3683 # 1504
3687 + 1253
3689 # 1504
3689 - 1253 2
3695 # 1504
3695 + 1158
3701 # 1504
3701 - 1158 6
3707 # 1504
3713 # 1504
3719 # 1504
3725 # 1504
3727 + 1109
3731 # 1504
3731 - 1109 4
3737 # 1504
3737 + 1294
3743 # 1504
3743 - 1294 6
3749 # 1504
3755 # 1504
3761 # 1504
3767 # 1504
3767 + 97
3773 # 1504
3773 - 97 6
3779 # 1504
3785 # 1504
3791 # 1504
3797 # 1504
3803 # 1504
3807 + 1229
3809 # 1504
3809 - 1229 2
3815 # 1504
3821 # 1504
3827 # 1504
3833 # 1504
3839 # 1504
3845 # 1504
3847 + 1237
3851 # 1504
3851 - 1237 4
3857 # 1504
3863 # 1504
3863 + 1257
3869 # 1504
3869 - 1257 6
3875 # 1504
3881 # 1504
3887 # 1504
3893 # 1504
3893 + 1288
3899 # 1504
3899 - 1288 6
3905 # 1504
3911 # 1504
3917 # 1504
3923 # 1504
3927 + 1248
3929 # 1504
3929 - 1248 2
3935 # 1504
3941 # 1504
3947 # 1504
3953 # 1504
3959 # 1504
3965 # 1504
3967 + 1235
3971 # 1504
3971 - 1235 4
3977 # 1504
3983 # 1504
3989 # 1504
3995 # 1504
4001 # 1504
4007 # 1504
4007 + 1294
4013 # 1504
4013 - 1294 6
4014 + 122
4019 # 1504
4019 - 122 5
4025 # 1504
4031 # 1504
4037 # 1504
4043 # 1504
4047 + 1294
4049 # 1504
4049 - 1294 2
4055 # 1504
4055 + 194
4061 # 1504
4061 - 194 6
4067 # 1504
4073 # 1504
4079 # 1504
4085 # 1504
4087 + 1294
4091 # 1504
4091 - 1294 4
4097 # 1504
4103 # 1504
4104 + 171
4109 # 1504
4109 - 171 5
4115 # 1504
4121 # 1504
4127 # 1504
4127 + 1294
4133 # 1504
4133 - 1294 6
4133 + 167
4139 # 1504
4139 - 167 6
4145 # 1504
4151 # 1504
4157 # 1504
4163 # 1504
4167 + 1252
4169 # 1504
4169 - 1252 2
4175 # 1504
4181 # 1504
4187 # 1504
4193 # 1504
4199 # 1504
4205 # 1504
4207 + 1246
4211 # 1504
4211 - 1246 4
4217 # 1504
4223 # 1504
4229 # 1504
4235 # 1504
4241 # 1504
4247 # 1504
4247 + 1113
4253 # 1504
4253 - 1113 6
4259 # 1504
4265 # 1504
4271 # 1504
4277 # 1504
4283 # 1504
4287 + 1067
4289 # 1504
4289 - 1067 2
4295 # 1504
4301 # 1504
4307 # 1504
4313 # 1504
4319 # 1504
4325 # 1504
4327 + 998
4331 # 1504
4331 - 998 4
4337 # 1504
4343 # 1504
4349 # 1504
4355 # 1504
4361 # 1504
4367 # 1504
4367 + 1084
4373 # 1504
4373 - 1084 6
4379 # 1504
4385 # 1504
4391 # 1504
4397 # 1504
4403 # 1504
4407 + 1023
4409 # 1504
4409 - 1023 2
4415 # 1504
4421 # 1504
4427 # 1504
4433 # 1504
4439 # 1504
4445 # 1504
4451 # 1504
4457 # 1504
4463 # 1504
4469 # 1504
4475 # 1504
4481 # 1504
4487 # 1504
4493 # 1504
4499 # 1504
4505 # 1504
4511 # 1504
4517 # 1504
4523 # 1504
4529 # 1504
4535 # 1504
4541 # 1504
4547 # 1504
4553 # 1504
4559 # 1504
4565 # 1504
4571 # 1504
4577 # 1504
4583 # 1504
4589 # 1504
4595 # 1504
4601 # 1504
4607 # 1504
4607 + 1184
4613 # 1504
4613 - 1184 6
4619 # 1504
4625 # 1504
4631 # 1504
4637 # 1504
4643 # 1504
4647 + 1214
4649 # 1504
4649 - 1214 2
4655 # 1504
4661 # 1504
4667 # 1504
4673 # 1504
4679 # 1504
4685 # 1504
4687 + 1294
4691 # 1504
4691 - 1294 4
4697 # 1504
4703 # 1504
4709 # 1504
4715 # 1504
4721 # 1504
4727 # 1504
4727 + 123
4733 # 1504
4733 - 123 6
4739 # 1504
4745 # 1504
4751 # 1504
4757 # 1504
4763 # 1504
4767 + 1294
4769 # 1504
4769 - 1294 2
4775 # 1504
4781 # 1504
4787 # 1504
4793 # 1504
4799 # 1504
4805 # 1504
4807 + 151
4811 # 1504
4811 - 151 4
4817 # 1504
4818 + 1294
4823 # 1504
4823 - 1294 5
4829 # 1504
4835 # 1504
4841 # 1504
4847 # 1504
4847 + 95
4853 # 1504
4853 - 95 6
4853 + 1294
4859 # 1504
4859 - 1294 6
4865 # 1504
4871 # 1504
4873 + 52
4877 # 1504
4877 - 52 4
4883 # 1504
4887 + 134
4889 # 1504
4889 - 134 2
4895 # 1504
4895 + 1294
4901 # 1504
4901 - 1294 6
4907 # 1504
4913 # 1504
4919 # 1504
4925 # 1504
4927 + 128
4931 # 1504
4931 - 128 4
4937 # 1504
4938 + 1294
4943 # 1504
4943 - 1294 5
4949 # 1504
4955 # 1504
4961 # 1504
4967 # 1504
4967 + 123
4973 # 1504
4973 - 123 6
4973 + 1294
4979 # 1504
4979 - 1294 6
4985 # 1504
4991 # 1504
4997 # 1504
5003 # 1504
5007 + 211
5009 # 1504
5009 - 211 2
5015 # 1504
5016 + 1294
5021 # 1504
5021 - 1294 5
5027 # 1504
5028 + 117
5033 # 1504
5033 - 117 5
5039 # 1504
5045 # 1504
5047 + 1294
5051 # 1504
5051 - 1294 4
5057 # 1504
5057 + 172
5063 # 1504
5063 - 172 6
5063 + 1294
5069 # 1504
5069 - 1294 6
5075 # 1504
5081 # 1504
5087 # 1504
5087 + 136
5093 # 1504
5093 - 136 6
5099 # 1504
5105 # 1504
5106 + 1294
5111 # 1504
5111 - 1294 5
5117 # 1504
5123 # 1504
5127 + 161
5129 # 1504
5129 - 161 2
5135 # 1504
5135 + 1294
5141 # 1504
5141 - 1294 6
5147 # 1504
5148 + 113
5153 # 1504
5153 - 113 5
5159 # 1504
5165 # 1504
5167 + 1294
5171 # 1504
5171 - 1294 4
5177 # 1504
5177 + 165
5183 # 1504
5183 - 165 6
5189 # 1504
5195 # 1504
5201 # 1504
5207 # 1504
5207 + 1268
5213 # 1504
5213 - 1268 6
5219 # 1504
5225 # 1504
5231 # 1504
5237 # 1504
5243 # 1504
5247 + 1211
5249 # 1504
5249 - 1211 2
5255 # 1504
5261 # 1504
5267 # 1504
5273 # 1504
5279 # 1504
5285 # 1504
5287 + 1274
5291 # 1504
5291 - 1274 4
5297 # 1504
5303 # 1504
5309 # 1504
5315 # 1504
5321 # 1504
5327 # 1504
5327 + 1294
5333 # 1504
5333 - 1294 6
5334 + 131
5339 # 1504
5339 - 131 5
5345 # 1504
5351 # 1504
5357 # 1504
5363 # 1504
5367 + 1198
5369 # 1504
5369 - 1198 2
5375 # 1504
5381 # 1504
5387 # 1504
5393 # 1504
5399 # 1504
5405 # 1504
5407 + 1288
5411 # 1504
5411 - 1288 4
5417 # 1504
5423 # 1504
5429 # 1504
5435 # 1504
5441 # 1504
5447 # 1504
5447 + 1255
5453 # 1504
5453 - 1255 6
5459 # 1504
5465 # 1504
5471 # 1504
5477 # 1504
5483 # 1504
5487 + 1147
5489 # 1504
5489 - 1147 2
5495 # 1504
5501 # 1504
5507 # 1504
5513 # 1504
5519 # 1504
5525 # 1504
5527 + 1068
5531 # 1504
5531 - 1068 4
5537 # 1504
5543 # 1504
5549 # 1504
5555 # 1504
5561 # 1504
5567 # 1504
5567 + 1107
5573 # 1504
5573 - 1107 6
5579 # 1504
5585 # 1504
5591 # 1504
5597 # 1504
5603 # 1504
5607 + 1192
5609 # 1504
5609 - 1192 2
5615 # 1504
5621 # 1504
5627 # 1504
5633 # 1504
5639 # 1504
5645 # 1504
5647 + 1136
5651 # 1504
5651 - 1136 4
5657 # 1504
5663 # 1504
5669 # 1504
5675 # 1504
5681 # 1504
5687 # 1504
5687 + 1039
5693 # 1504
5693 - 1039 6
5699 # 1504
5705 # 1504
5711 # 1504
5717 # 1504
5723 # 1504
5727 + 955
5729 # 1504
5729 - 955 2
5735 # 1504
5741 # 1504
5747 # 1504
5753 # 1504
5759 # 1504
5765 # 1504
5767 + 977
5771 # 1504
5771 - 977 4
5777 # 1504
5783 # 1504
5789 # 1504
5795 # 1504
5801 # 1504
5807 # 1504
5807 + 915
5813 # 1504
5813 - 915 6
5819 # 1504
5825 # 1504
5831 # 1504
5837 # 1504
5843 # 1504
5847 + 901
5849 # 1504
5849 - 901 2
5855 # 1504
5861 # 1504
5867 # 1504
5873 # 1504
5879 # 1504
5885 # 1504
5887 + 1042
5891 # 1504
5891 - 1042 4
5897 # 1504
5903 # 1504
5909 # 1504
5915 # 1504
5921 # 1504
5927 # 1504
5927 + 1144
5933 # 1504
5933 - 1144 6
5939 # 1504
5945 # 1504
5951 # 1504
5957 # 1504
5963 # 1504
5967 + 1211
5969 # 1504
5969 - 1211 2
5975 # 1504
5981 # 1504
5987 # 1504
5993 # 1504
5999 # 1504
6005 # 1504
6007 + 1146
6011 # 1504
6011 - 1146 4
6017 # 1504
6023 # 1504
6029 # 1504
6035 # 1504
6041 # 1504
6047 # 1504
6047 + 1149
6053 # 1504
6053 - 1149 6
6059 # 1504
6065 # 1504
6071 # 1504
6077 # 1504
6083 # 1504
6087 + 1118
6089 # 1504
6089 - 1118 2
6095 # 1504
6101 # 1504
6107 # 1504
6113 # 1504
6119 # 1504
6125 # 1504
6127 + 1168
6131 # 1504
6131 - 1168 4
6137 # 1504
6143 # 1504
6149 # 1504
6155 # 1504
6161 # 1504
6167 # 1504
6167 + 1155
6173 # 1504
6173 - 1155 6
6179 # 1504
6185 # 1504
6191 # 1504
6197 # 1504
6203 # 1504
6207 + 1181
6209 # 1504
6209 - 1181 2
6215 # 1504
6221 # 1504
6227 # 1504
6233 # 1504
6239 # 1504
6245 # 1504
6247 + 1169
6251 # 1504
6251 - 1169 4
6257 # 1504
6263 # 1504
6269 # 1504
6275 # 1504
6281 # 1504
6287 # 1504
6287 + 1059
6293 # 1504
6293 - 1059 6
6299 # 1504
6305 # 1504
6311 # 1504
6317 # 1504
6323 # 1504
6327 + 1055
6329 # 1504
6329 - 1055 2
6335 # 1504
6341 # 1504
6347 # 1504
6353 # 1504
6359 # 1504
6365 # 1504
6367 + 1149
6371 # 1504
6371 - 1149 4
6377 # 1504
6383 # 1504
6389 # 1504
6395 # 1504
6401 # 1504
6407 # 1504
6407 + 1223
6413 # 1504
6413 - 1223 6
6419 # 1504
6425 # 1504
6431 # 1504
6437 # 1504
6443 # 1504
6447 + 1242
6449 # 1504
6449 - 1242 2
6455 # 1504
6461 # 1504
6467 # 1504
6473 # 1504
6479 # 1504
6485 # 1504
6487 + 1166
6491 # 1504
6491 - 1166 4
6497 # 1504
6503 # 1504
6509 # 1504
6515 # 1504
6521 # 1504
6527 # 1504
6527 + 1196
6533 # 1504
6533 - 1196 6
6539 # 1504
6545 # 1504
6551 # 1504
6557 # 1504
6563 # 1504
6567 + 1203
6569 # 1504
6569 - 1203 2
6575 # 1504
6581 # 1504
6587 # 1504
6593 # 1504
6599 # 1504
6605 # 1504
6607 + 1146
6611 # 1504
6611 - 1146 4
6617 # 1504
6623 # 1504
6629 # 1504
6635 # 1504
6641 # 1504
6647 # 1504
6647 + 1166
6653 # 1504
6653 - 1166 6
6659 # 1504
6665 # 1504
6671 # 1504
6677 # 1504
6683 # 1504
6687 + 1083
6689 # 1504
6689 - 1083 2
6695 # 1504
6701 # 1504
6707 # 1504
6713 # 1504
6719 # 1504
6725 # 1504
6727 + 1068
6731 # 1504
6731 - 1068 4
6737 # 1504
6743 # 1504
6749 # 1504
6755 # 1504
6761 # 1504
6767 # 1504
6767 + 1143
6773 # 1504
6773 - 1143 6
6779 # 1504
6785 # 1504
6791 # 1504
6797 # 1504
6803 # 1504
6807 + 1194
6809 # 1504
6809 - 1194 2
6815 # 1504
6821 # 1504
6827 # 1504
6833 # 1504
6839 # 1504
6845 # 1504
6847 + 1136
6851 # 1504
6851 - 1136 4
6857 # 1504
6863 # 1504
6869 # 1504
6875 # 1504
6881 # 1504
6887 # 1504
6887 + 1069
6893 # 1504
6893 - 1069 6
6899 # 1504
6905 # 1504
6911 # 1504
6917 # 1504
6923 # 1504
6927 + 1147
6929 # 1504
6929 - 1147 2
6935 # 1504
6941 # 1504
6947 # 1504
6953 # 1504
6959 # 1504
6965 # 1504
6967 + 1102
6971 # 1504
6971 - 1102 4
6977 # 1504
6983 # 1504
6989 # 1504
6995 # 1504
7001 # 1504
7007 # 1504
7007 + 1131
7013 # 1504
7013 - 1131 6
7019 # 1504
7025 # 1504
7031 # 1504
7037 # 1504
7043 # 1504
7047 + 1208
7049 # 1504
7049 - 1208 2
7055 # 1504
7061 # 1504
7067 # 1504
7073 # 1504
7079 # 1504
7085 # 1504
7087 + 1197
7091 # 1504
7091 - 1197 4
7097 # 1504
7103 # 1504
7109 # 1504
7115 # 1504
7121 # 1504
7127 # 1504
7127 + 1200
7133 # 1504
7133 - 1200 6
7139 # 1504
7145 # 1504
7151 # 1504
7157 # 1504
7163 # 1504
7167 + 1244
7169 # 1504
7169 - 1244 2
7175 # 1504
7181 # 1504
7187 # 1504
7193 # 1504
7199 # 1504
7205 # 1504
7207 + 1193
7211 # 1504
7211 - 1193 4
7217 # 1504
7223 # 1504
7229 # 1504
7235 # 1504
7241 # 1504
7247 # 1504
7247 + 1245
7253 # 1504
7253 - 1245 6
7259 # 1504
7265 # 1504
7271 # 1504
7277 # 1504
7283 # 1504
7287 + 1189
7289 # 1504
7289 - 1189 2
7295 # 1504
7301 # 1504
7307 # 1504
7313 # 1504
7319 # 1504
7325 # 1504
7327 + 1219
7331 # 1504
7331 - 1219 4
7337 # 1504
7343 # 1504
7349 # 1504
7355 # 1504
7361 # 1504
7367 # 1504
7367 + 1218
7373 # 1504
7373 - 1218 6
7379 # 1504
7385 # 1504
7391 # 1504
7397 # 1504
7403 # 1504
7407 + 1264
7409 # 1504
7409 - 1264 2
7415 # 1504
7421 # 1504
7427 # 1504
7433 # 1504
7439 # 1504
7445 # 1504
7447 + 1213
7451 # 1504
7451 - 1213 4
7457 # 1504
7463 # 1504
7469 # 1504
7475 # 1504
7481 # 1504
7487 # 1504
7487 + 1122
7493 # 1504
7493 - 1122 6
7499 # 1504
7505 # 1504
7511 # 1504
7517 # 1504
7523 # 1504
7527 + 1192
7529 # 1504
7529 - 1192 2
7535 # 1504
7541 # 1504
7547 # 1504
7553 # 1504
7559 # 1504
7565 # 1504
7567 + 1239
7571 # 1504
7571 - 1239 4
7577 # 1504
7583 # 1504
7589 # 1504
7595 # 1504
7601 # 1504
7607 # 1504
7607 + 1129
7613 # 1504
7613 - 1129 6
7619 # 1504
7625 # 1504
7631 # 1504
7637 # 1504
7643 # 1504
7647 + 1183
7649 # 1504
7649 - 1183 2
7655 # 1504
7661 # 1504
7667 # 1504
7673 # 1504
7679 # 1504
7685 # 1504
7687 + 1178
7691 # 1504
7691 - 1178 4
7697 # 1504
7703 # 1504
7709 # 1504
7715 # 1504
7721 # 1504
7727 # 1504
7727 + 1135
7733 # 1504
7733 - 1135 6
7739 # 1504
7745 # 1504
7751 # 1504
7757 # 1504
7763 # 1504
7767 + 1138
7769 # 1504
7769 - 1138 2
7775 # 1504
7781 # 1504
7787 # 1504
7793 # 1504
7799 # 1504
7805 # 1504
7807 + 1075
7811 # 1504
7811 - 1075 4
7817 # 1504
7823 # 1504
7829 # 1504
7835 # 1504
7841 # 1504
7847 # 1504
7847 + 1121
7853 # 1504
7853 - 1121 6
7859 # 1504
7865 # 1504
7871 # 1504
7877 # 1504
7883 # 1504
7887 + 1067
7889 # 1504
7889 - 1067 2
7895 # 1504
7901 # 1504
7907 # 1504
7913 # 1504
7919 # 1504
7925 # 1504
7927 + 1052
7931 # 1504
7931 - 1052 4
7937 # 1504
7943 # 1504
7949 # 1504
7955 # 1504
7961 # 1504
7967 # 1504
7967 + 999
7973 # 1504
7973 - 999 6
7979 # 1504
7985 # 1504
7991 # 1504
7997 # 1504
8003 # 1504
8007 + 948
8009 # 1504
8009 - 948 2
8015 # 1504
8021 # 1504
8027 # 1504
8033 # 1504
8039 # 1504
8045 # 1504
8047 + 928
8051 # 1504
8051 - 928 4
8057 # 1504
8063 # 1504
8069 # 1504
8075 # 1504
8081 # 1504
8087 # 1504
8087 + 967
8093 # 1504
8093 - 967 6
8099 # 1504
8105 # 1504
8111 # 1504
8117 # 1504
8123 # 1504
8127 + 967
8129 # 1504
8129 - 967 2
8135 # 1504
8141 # 1504
8147 # 1504
8153 # 1504
8159 # 1504
8165 # 1504
8167 + 927
8171 # 1504
8171 - 927 4
8177 # 1504
8183 # 1504
8189 # 1504
8195 # 1504
8201 # 1504
8207 # 1504
8207 + 1040
8213 # 1504
8213 - 1040 6
8219 # 1504
8225 # 1504
8231 # 1504
8237 # 1504
8243 # 1504
8247 + 968
8249 # 1504
8249 - 968 2
8255 # 1504
8261 # 1504
8267 # 1504
8273 # 1504
8279 # 1504
8285 # 1504
8287 + 922
8291 # 1504
8291 - 922 4
8297 # 1504
8303 # 1504
8309 # 1504
8315 # 1504
8321 # 1504
8327 # 1504
8327 + 958
8333 # 1504
8333 - 958 6
8339 # 1504
8345 # 1504
8351 # 1504
8357 # 1504
8363 # 1504
8367 + 1035
8369 # 1504
8369 - 1035 2
8375 # 1504
8381 # 1504
8387 # 1504
8393 # 1504
8399 # 1504
8405 # 1504
8407 + 1147
8411 # 1504
8411 - 1147 4
8417 # 1504
8423 # 1504
8429 # 1504
8435 # 1504
8441 # 1504
8447 # 1504
8447 + 1227
8453 # 1504
8453 - 1227 6
8459 # 1504
8465 # 1504
8471 # 1504
8477 # 1504
8483 # 1504
8487 + 1237
8489 # 1504
8489 - 1237 2
8495 # 1504
8501 # 1504
8507 # 1504
8513 # 1504
8519 # 1504
8525 # 1504
8527 + 1184
8531 # 1504
8531 - 1184 4
8537 # 1504
8543 # 1504
8549 # 1504
8555 # 1504
8561 # 1504
8567 # 1504
8567 + 1213
8573 # 1504
8573 - 1213 6
8579 # 1504
8585 # 1504
8591 # 1504
8597 # 1504
8603 # 1504
8607 + 1162
8609 # 1504
8609 - 1162 2
8615 # 1504
8621 # 1504
8627 # 1504
8633 # 1504
8639 # 1504
8645 # 1504
8647 + 1102
8651 # 1504
8651 - 1102 4
8657 # 1504
8663 # 1504
8669 # 1504
8675 # 1504
8681 # 1504
8687 # 1504
8687 + 1041
8693 # 1504
8693 - 1041 6
8699 # 1504
8705 # 1504
8711 # 1504
8717 # 1504
8723 # 1504
8726 + 1066
8729 # 1504
8729 - 1066 3
8735 # 1504
8741 # 1504
8747 # 1504
8753 # 1504
8759 # 1504
8765 # 1504
8767 + 1017
8771 # 1504
8771 - 1017 4
8777 # 1504
8783 # 1504
8789 # 1504
8795 # 1504
8801 # 1504
8807 # 1504
8807 + 961
8813 # 1504
8813 - 961 6
8819 # 1504
8825 # 1504
8831 # 1504
8837 # 1504
8843 # 1504
8847 + 1030
8849 # 1504
8849 - 1030 2
8855 # 1504
8861 # 1504
8867 # 1504
8873 # 1504
8879 # 1504
8885 # 1504
8887 + 969
8891 # 1504
8891 - 969 4
8897 # 1504
8903 # 1504
8909 # 1504
8915 # 1504
8921 # 1504
8927 # 1504
8927 + 1054
8933 # 1504
8933 - 1054 6
8939 # 1504
8945 # 1504
8951 # 1504
8957 # 1504
8963 # 1504
8967 + 994
8969 # 1504
8969 - 994 2
8975 # 1504
8981 # 1504
8987 # 1504
8993 # 1504
8999 # 1504
9005 # 1504
9007 + 1066
9011 # 1504
9011 - 1066 4
9017 # 1504
9023 # 1504
9029 # 1504
9035 # 1504
9041 # 1504
9047 # 1504
9047 + 989
9053 # 1504
9053 - 989 6
9059 # 1504
9065 # 1504
9071 # 1504
9077 # 1504
9083 # 1504
9087 + 1101
9089 # 1504
9089 - 1101 2
9095 # 1504
9101 # 1504
9107 # 1504
9113 # 1504
9119 # 1504
9125 # 1504
9127 + 1012
9131 # 1504
9131 - 1012 4
9137 # 1504
9143 # 1504
9149 # 1504
9155 # 1504
9161 # 1504
9167 # 1504
9167 + 1036
9173 # 1504
9173 - 1036 6
9179 # 1504
9185 # 1504
9191 # 1504
9197 # 1504
9203 # 1504
9207 + 984
9209 # 1504
9209 - 984 2
9215 # 1504
9221 # 1504
9227 # 1504
9233 # 1504
9239 # 1504
9245 # 1504
9247 + 957
9251 # 1504
9251 - 957 4
9257 # 1504
9263 # 1504
9269 # 1504
9275 # 1504
9281 # 1504
9287 # 1504
9287 + 1049
9293 # 1504
9293 - 1049 6
9299 # 1504
9305 # 1504
9311 # 1504
9317 # 1504
9323 # 1504
9327 + 1108
9329 # 1504
9329 - 1108 2
9335 # 1504
9341 # 1504
9347 # 1504
9353 # 1504
9359 # 1504
9365 # 1504
9367 + 1142
9371 # 1504
9371 - 1142 4
9377 # 1504
9383 # 1504
9389 # 1504
9395 # 1504
9401 # 1504
9407 # 1504
9407 + 1231
9413 # 1504
9413 - 1231 6
9419 # 1504
9425 # 1504
9431 # 1504
9437 # 1504
9443 # 1504
9447 + 1235
9449 # 1504
9449 - 1235 2
9455 # 1504
9461 # 1504
9467 # 1504
9473 # 1504
9479 # 1504
9485 # 1504
9487 + 1260
9491 # 1504
9491 - 1260 4
9497 # 1504
9503 # 1504
9509 # 1504
9515 # 1504
9521 # 1504
9527 # 1504
9527 + 1142
9533 # 1504
9533 - 1142 6
9539 # 1504
9545 # 1504
9551 # 1504
9557 # 1504
9563 # 1504
9567 + 1060
9569 # 1504
9569 - 1060 2
9575 # 1504
9581 # 1504
9587 # 1504
9593 # 1504
9599 # 1504
9605 # 1504
9607 + 1068
9611 # 1504
9611 - 1068 4
9617 # 1504
9623 # 1504
9629 # 1504
9635 # 1504
9641 # 1504
9647 # 1504
9647 + 986
9653 # 1504
9653 - 986 6
9659 # 1504
9665 # 1504
9671 # 1504
9677 # 1504
9683 # 1504
9687 + 921
9689 # 1504
9689 - 921 2
9695 # 1504
9701 # 1504
9707 # 1504
9713 # 1504
9719 # 1504
9725 # 1504
9727 + 896
9731 # 1504
9731 - 896 4
9737 # 1504
9743 # 1504
9749 # 1504
9755 # 1504
9761 # 1504
9767 # 1504
9767 + 931
9773 # 1504
9773 - 931 6
9779 # 1504
9785 # 1504
9791 # 1504
9797 # 1504
9803 # 1504
9807 + 1029
9809 # 1504
9809 - 1029 2
9815 # 1504
9821 # 1504
9827 # 1504
9833 # 1504
9839 # 1504
9845 # 1504
9847 + 1063
9851 # 1504
9851 - 1063 4
9857 # 1504
9863 # 1504
9869 # 1504
9875 # 1504
9881 # 1504
9887 # 1504
9887 + 1128
9893 # 1504
9893 - 1128 6
9899 # 1504
9905 # 1504
9911 # 1504
9917 # 1504
9923 # 1504
9927 + 1034
9929 # 1504
9929 - 1034 2
9935 # 1504
9941 # 1504
9947 # 1504
9953 # 1504
9959 # 1504
9965 # 1504
9967 + 982
9971 # 1504
9971 - 982 4
9977 # 1504
9983 # 1504
9989 # 1504
9995 # 1504
10001 # 1504
10007 # 1504
10007 + 1112
10013 # 1504
10013 - 1112 6
10019 # 1504
10025 # 1504
10031 # 1504
10037 # 1504
10043 # 1504
10047 + 1052
10049 # 1504
10049 - 1052 2
10055 # 1504
10061 # 1504
10067 # 1504
10073 # 1504
10079 # 1504
10085 # 1504
10087 + 1144
10091 # 1504
10091 - 1144 4
10097 # 1504
10103 # 1504
10109 # 1504
10115 # 1504
10121 # 1504
10127 # 1504
10127 + 1061
10133 # 1504
10133 - 1061 6
10139 # 1504
10145 # 1504
10151 # 1504
10157 # 1504
10163 # 1504
10167 + 1173
10169 # 1504
10169 - 1173 2
10175 # 1504
10181 # 1504
10187 # 1504
10193 # 1504
10199 # 1504
10205 # 1504
10207 + 1069
10211 # 1504
10211 - 1069 4
10217 # 1504
10223 # 1504
10229 # 1504
10235 # 1504
10241 # 1504
10247 # 1504
10247 + 1151
10253 # 1504
10253 - 1151 6
10259 # 1504
10265 # 1504
10271 # 1504
10277 # 1504
10283 # 1504
10287 + 1056
10289 # 1504
10289 - 1056 2
10295 # 1504
10301 # 1504
10307 # 1504
10313 # 1504
10319 # 1504
10325 # 1504
10327 + 964
10331 # 1504
10331 - 964 4
10337 # 1504
10343 # 1504
10349 # 1504
10355 # 1504
10361 # 1504
10367 # 1504
10367 + 1079
10373 # 1504
10373 - 1079 6
10379 # 1504
10385 # 1504
10391 # 1504
10397 # 1504
10403 # 1504
10407 + 1104
10409 # 1504
10409 - 1104 2
10415 # 1504
10421 # 1504
10427 # 1504
10433 # 1504
10439 # 1504
10445 # 1504
10447 + 1040
10451 # 1504
10451 - 1040 4
10457 # 1504
10463 # 1504
10469 # 1504
10475 # 1504
10481 # 1504
10487 # 1504
10487 + 985
10493 # 1504
10493 - 985 6
10499 # 1504
10505 # 1504
10511 # 1504
10517 # 1504
10523 # 1504
10527 + 988
10529 # 1504
10529 - 988 2
10535 # 1504
10541 # 1504
10547 # 1504
10553 # 1504
10559 # 1504
10565 # 1504
10567 + 1098
10571 # 1504
10571 - 1098 4
10577 # 1504
10583 # 1504
10589 # 1504
10595 # 1504
10601 # 1504
10607 # 1504
10607 + 1167
10613 # 1504
10613 - 1167 6
10619 # 1504
10625 # 1504
10631 # 1504
10637 # 1504
10643 # 1504
10647 + 1127
10649 # 1504
10649 - 1127 2
10655 # 1504
10661 # 1504
10667 # 1504
10673 # 1504
10679 # 1504
10685 # 1504
10687 + 1134
10691 # 1504
10691 - 1134 4
10697 # 1504
10703 # 1504
10709 # 1504
10715 # 1504
10721 # 1504
10727 # 1504
10727 + 1145
10733 # 1504
10733 - 1145 6
10739 # 1504
10745 # 1504
10751 # 1504
10757 # 1504
10763 # 1504
10767 + 1128
10769 # 1504
10769 - 1128 2
10775 # 1504
10781 # 1504
10787 # 1504
10793 # 1504
10799 # 1504
10805 # 1504
10807 + 1159
10811 # 1504
10811 - 1159 4
10817 # 1504
10823 # 1504
10829 # 1504
10835 # 1504
10841 # 1504
10847 # 1504
10847 + 1064
10853 # 1504
10853 - 1064 6
10859 # 1504
10865 # 1504
10871 # 1504
10877 # 1504
10883 # 1504
10887 + 1078
10889 # 1504
10889 - 1078 2
10895 # 1504
10901 # 1504
10907 # 1504
10913 # 1504
10919 # 1504
10925 # 1504
10927 + 1133
10931 # 1504
10931 - 1133 4
10937 # 1504
10943 # 1504
10949 # 1504
10955 # 1504
10961 # 1504
10967 # 1504
10967 + 1085
10973 # 1504
10973 - 1085 6
10979 # 1504
10985 # 1504
10991 # 1504
10997 # 1504
11003 # 1504
11007 + 1187
11009 # 1504
11009 - 1187 2
11015 # 1504
11021 # 1504
11027 # 1504
11033 # 1504
11039 # 1504
11045 # 1504
11047 + 1182
11051 # 1504
11051 - 1182 4
11057 # 1504
11063 # 1504
11069 # 1504
11075 # 1504
11081 # 1504
11087 # 1504
11087 + 1238
11093 # 1504
11093 - 1238 6
11099 # 1504
11105 # 1504
11111 # 1504
11117 # 1504
11123 # 1504
11127 + 1259
11129 # 1504
11129 - 1259 2
11135 # 1504
11141 # 1504
11147 # 1504
11153 # 1504
11159 # 1504
11165 # 1504
11167 + 1247
11171 # 1504
11171 - 1247 4
11177 # 1504
11183 # 1504
11189 # 1504
11195 # 1504
11201 # 1504
11207 # 1504
11207 + 1117
11213 # 1504
11213 - 1117 6
11219 # 1504
11225 # 1504
11231 # 1504
11237 # 1504
11243 # 1504
11247 + 1160
11249 # 1504
11249 - 1160 2
11255 # 1504
11261 # 1504
11267 # 1504
11273 # 1504
11279 # 1504
11285 # 1504
11287 + 1205
11291 # 1504
11291 - 1205 4
11297 # 1504
11303 # 1504
11309 # 1504
11315 # 1504
11321 # 1504
11327 # 1504
11327 + 1258
11333 # 1504
11333 - 1258 6
11339 # 1504
11345 # 1504
11351 # 1504
11357 # 1504
11363 # 1504
11367 + 1294
11369 # 1504
11369 - 1294 2
11375 # 1504
11376 + 95
11381 # 1504
11381 - 95 5
11387 # 1504
11393 # 1504
11399 # 1504
11405 # 1504
11407 + 1294
11411 # 1504
11411 - 1294 4
11417 # 1504
11417 + 109
11423 # 1504
11423 - 109 6
11429 # 1504
11435 # 1504
11441 # 1504
11447 # 1504
11447 + 1294
11453 # 1504
11453 - 1294 6
11453 + 148
11459 # 1504
11459 - 148 6
11465 # 1504
11471 # 1504
11477 # 1504
11483 # 1504
11487 + 1294
11489 # 1504
11489 - 1294 2
11495 # 1504
11496 + 138
11501 # 1504
11501 - 138 5
11507 # 1504
11513 # 1504
11519 # 1504
11525 # 1504
11527 + 1294
11531 # 1504
11531 - 1294 4
11537 # 1504
11537 + 152
11543 # 1504
11543 - 152 6
11549 # 1504
11555 # 1504
11561 # 1504
11567 # 1504
11567 + 1294
11573 # 1504
11573 - 1294 6
11574 + 174
11579 # 1504
11579 - 174 5
11585 # 1504
11591 # 1504
11597 # 1504
11603 # 1504
11607 + 1294
11609 # 1504
11609 - 1294 2
11615 # 1504
11615 + 141
11621 # 1504
11621 - 141 6
11627 # 1504
11633 # 1504
11639 # 1504
11645 # 1504
11647 + 1271
11651 # 1504
11651 - 1271 4
11657 # 1504
11663 # 1504
11669 # 1504
11675 # 1504
11681 # 1504
11687 # 1504
11687 + 1152
11693 # 1504
11693 - 1152 6
11699 # 1504
11705 # 1504
11711 # 1504
11717 # 1504
11723 # 1504
11727 + 1190
11729 # 1504
11729 - 1190 2
11735 # 1504
11741 # 1504
11747 # 1504
11753 # 1504
11759 # 1504
11765 # 1504
11767 + 1224
11771 # 1504
11771 - 1224 4
11777 # 1504
11783 # 1504
11789 # 1504
11795 # 1504
11801 # 1504
11807 # 1504
11807 + 1101
11813 # 1504
11813 - 1101 6
11819 # 1504
11825 # 1504
11831 # 1504
11837 # 1504
11843 # 1504
11847 + 1113
11849 # 1504
11849 - 1113 2
11855 # 1504
11861 # 1504
11867 # 1504
11873 # 1504
11879 # 1504
11885 # 1504
11887 + 1047
11891 # 1504
11891 - 1047 4
11897 # 1504
11903 # 1504
11909 # 1504
11915 # 1504
11921 # 1504
11927 # 1504
11927 + 1067
11933 # 1504
11933 - 1067 6
11939 # 1504
11945 # 1504
11951 # 1504
11957 # 1504
11963 # 1504
11967 + 1007
11969 # 1504
11969 - 1007 2
11975 # 1504
11981 # 1504
11987 # 1504
11993 # 1504
11999 # 1504
12005 # 1504
12007 + 1050
12011 # 1504
12011 - 1050 4
12017 # 1504
12023 # 1504
12029 # 1504
12035 # 1504
12041 # 1504
12047 # 1504
12047 + 1015
12053 # 1504
12053 - 1015 6
12059 # 1504
12065 # 1504
12071 # 1504
12077 # 1504
12083 # 1504
12087 + 986
12089 # 1504
12089 - 986 2
12095 # 1504
12101 # 1504
12107 # 1504
12113 # 1504
12119 # 1504
12125 # 1504
12127 + 950
12131 # 1504
12131 - 950 4
12137 # 1504
12143 # 1504
12149 # 1504
12155 # 1504
12161 # 1504
12167 # 1504
12167 + 892
12173 # 1504
12173 - 892 6
12179 # 1504
12185 # 1504
12191 # 1504
12197 # 1504
12203 # 1504
12207 + 947
12209 # 1504
12209 - 947 2
12215 # 1504
12221 # 1504
12227 # 1504
12233 # 1504
12239 # 1504
12245 # 1504
12247 + 921
12251 # 1504
12251 - 921 4
12257 # 1504
12263 # 1504
12269 # 1504
12275 # 1504
12281 # 1504
12287 # 1504
12287 + 985
12293 # 1504
12293 - 985 6
12299 # 1504
12305 # 1504
12311 # 1504
12317 # 1504
12323 # 1504
12327 + 1002
12329 # 1504
12329 - 1002 2
12335 # 1504
12341 # 1504
12347 # 1504
12353 # 1504
12359 # 1504
12365 # 1504
12367 + 1115
12371 # 1504
12371 - 1115 4
12377 # 1504
12383 # 1504
12389 # 1504
12395 # 1504
12401 # 1504
12407 # 1504
12407 + 1069
12413 # 1504
12413 - 1069 6
12419 # 1504
12425 # 1504
12431 # 1504
12437 # 1504
12443 # 1504
12447 + 1080
12449 # 1504
12449 - 1080 2
12455 # 1504
12461 # 1504
12467 # 1504
12473 # 1504
12479 # 1504
12485 # 1504
12487 + 1126
12491 # 1504
12491 - 1126 4
12497 # 1504
12503 # 1504
12509 # 1504
12515 # 1504
12521 # 1504
12527 # 1504
12527 + 1042
12533 # 1504
12533 - 1042 6
12539 # 1504
12545 # 1504
12551 # 1504
12557 # 1504
12563 # 1504
12567 + 1044
12569 # 1504
12569 - 1044 2
12575 # 1504
12581 # 1504
12587 # 1504
12593 # 1504
12599 # 1504
12605 # 1504
12607 + 1070
12611 # 1504
12611 - 1070 4
12617 # 1504
12623 # 1504
12629 # 1504
12635 # 1504
12641 # 1504
12647 # 1504
12647 + 1162
12653 # 1504
12653 - 1162 6
12659 # 1504
12665 # 1504
12671 # 1504
12677 # 1504
12683 # 1504
12687 + 1136
12689 # 1504
12689 - 1136 2
12695 # 1504
12701 # 1504
12707 # 1504
12713 # 1504
12719 # 1504
12725 # 1504
12727 + 1093
12731 # 1504
12731 - 1093 4
12737 # 1504
12743 # 1504
12749 # 1504
12755 # 1504
12761 # 1504
12767 # 1504
12767 + 1160
12773 # 1504
12773 - 1160 6
12779 # 1504
12785 # 1504
12791 # 1504
12797 # 1504
12803 # 1504
12807 + 1131
12809 # 1504
12809 - 1131 2
12815 # 1504
12821 # 1504
12827 # 1504
12833 # 1504
12839 # 1504
12845 # 1504
12847 + 1022
12851 # 1504
12851 - 1022 4
12857 # 1504
12863 # 1504
12869 # 1504
12875 # 1504
12881 # 1504
12887 # 1504
12887 + 1002
12893 # 1504
12893 - 1002 6
12899 # 1504
12905 # 1504
12911 # 1504
12917 # 1504
12923 # 1504
12927 + 1038
12929 # 1504
12929 - 1038 2
12935 # 1504
12941 # 1504
12947 # 1504
12953 # 1504
12959 # 1504
12965 # 1504
12967 + 1113
12971 # 1504
12971 - 1113 4
12977 # 1504
12983 # 1504
12989 # 1504
12995 # 1504
13001 # 1504
13007 # 1504
13007 + 1055
13013 # 1504
13013 - 1055 6
13019 # 1504
13025 # 1504
13031 # 1504
13037 # 1504
13043 # 1504
13047 + 1095
13049 # 1504
13049 - 1095 2
13055 # 1504
13061 # 1504
13067 # 1504
13073 # 1504
13079 # 1504
13085 # 1504
13087 + 1091
13091 # 1504
13091 - 1091 4
13097 # 1504
13103 # 1504
13109 # 1504
13115 # 1504
13121 # 1504
13127 # 1504
13127 + 1087
13133 # 1504
13133 - 1087 6
13139 # 1504
13145 # 1504
13151 # 1504
13157 # 1504
13163 # 1504
13167 + 1048
13169 # 1504
13169 - 1048 2
13175 # 1504
13181 # 1504
13187 # 1504
13193 # 1504
13199 # 1504
13205 # 1504
13207 + 1098
13211 # 1504
13211 - 1098 4
13217 # 1504
13223 # 1504
13229 # 1504
13235 # 1504
13241 # 1504
13247 # 1504
13247 + 1033
13253 # 1504
13253 - 1033 6
13259 # 1504
13265 # 1504
13271 # 1504
13277 # 1504
13283 # 1504
13287 + 1068
13289 # 1504
13289 - 1068 2
13295 # 1504
13301 # 1504
13307 # 1504
13313 # 1504
13319 # 1504
13321 + 52
13325 # 1504
13325 - 52 4
13327 + 981
13331 # 1504
13331 - 981 4
13337 # 1504
13343 # 1504
13349 # 1504
13355 # 1504
13361 # 1504
13367 # 1504
13367 + 987
13373 # 1504
13373 - 987 6
13379 # 1504
13385 # 1504
13391 # 1504
13397 # 1504
13403 # 1504
13407 + 1046
13409 # 1504
13409 - 1046 2
13415 # 1504
13421 # 1504
13427 # 1504
13433 # 1504
13439 # 1504
13445 # 1504
13447 + 1092
13451 # 1504
13451 - 1092 4
13457 # 1504
13463 # 1504
13469 # 1504
13475 # 1504
13481 # 1504
13487 # 1504
13487 + 1122
13493 # 1504
13493 - 1122 6
13499 # 1504
13505 # 1504
13511 # 1504
13517 # 1504
13523 # 1504
13527 + 1086
13529 # 1504
13529 - 1086 2
13535 # 1504
13541 # 1504
13547 # 1504
13553 # 1504
13559 # 1504
13565 # 1504
13567 + 1026
13571 # 1504
13571 - 1026 4
13577 # 1504
13583 # 1504
13589 # 1504
13595 # 1504
13601 # 1504
13607 # 1504
13607 + 1063
13613 # 1504
13613 - 1063 6
13619 # 1504
13625 # 1504
13631 # 1504
13637 # 1504
13643 # 1504
13647 + 1095
13649 # 1504
13649 - 1095 2
13655 # 1504
13661 # 1504
13667 # 1504
13673 # 1504
13679 # 1504
13685 # 1504
13687 + 1142
13691 # 1504
13691 - 1142 4
13697 # 1504
13703 # 1504
13709 # 1504
13715 # 1504
13721 # 1504
13727 # 1504
13727 + 1098
13733 # 1504
13733 - 1098 6
13739 # 1504
13745 # 1504
13751 # 1504
13757 # 1504
13763 # 1504
13767 + 1146
13769 # 1504
13769 - 1146 2
13775 # 1504
13781 # 1504
13787 # 1504
13793 # 1504
13799 # 1504
13805 # 1504
13807 + 1075
13811 # 1504
13811 - 1075 4
13817 # 1504
13823 # 1504
13829 # 1504
13835 # 1504
13841 # 1504
13847 # 1504
13847 + 1163
13853 # 1504
13853 - 1163 6
13859 # 1504
13865 # 1504
13871 # 1504
13877 # 1504
13883 # 1504
13887 + 1186
13889 # 1504
13889 - 1186 2
13895 # 1504
13901 # 1504
13907 # 1504
13913 # 1504
13919 # 1504
13925 # 1504
13927 + 1195
13931 # 1504
13931 - 1195 4
13937 # 1504
13943 # 1504
13949 # 1504
13955 # 1504
13961 # 1504
13967 # 1504
13967 + 1123
13973 # 1504
13973 - 1123 6
13979 # 1504
13985 # 1504
13991 # 1504
13997 # 1504
14003 # 1504
14007 + 1123
14009 # 1504
14009 - 1123 2
14015 # 1504
14021 # 1504
14027 # 1504
14033 # 1504
14039 # 1504
14045 # 1504
14047 + 1031
14051 # 1504
14051 - 1031 4
14057 # 1504
14063 # 1504
14069 # 1504
14075 # 1504
14081 # 1504
14087 # 1504
14087 + 993
14093 # 1504
14093 - 993 6
14099 # 1504
14105 # 1504
14111 # 1504
14117 # 1504
14123 # 1504
14127 + 1086
14129 # 1504
14129 - 1086 2
14135 # 1504
14141 # 1504
14147 # 1504
14153 # 1504
14159 # 1504
14165 # 1504
14167 + 1122
14171 # 1504
14171 - 1122 4
14177 # 1504
14183 # 1504
14189 # 1504
14195 # 1504
14201 # 1504
14207 # 1504
14207 + 1035
14213 # 1504
14213 - 1035 6
14219 # 1504
14225 # 1504
14231 # 1504
14237 # 1504
14243 # 1504
14247 + 968
14249 # 1504
14249 - 968 2
14255 # 1504
14261 # 1504
14267 # 1504
14273 # 1504
14279 # 1504
14285 # 1504
14287 + 966
14291 # 1504
14291 - 966 4
14297 # 1504
14303 # 1504
14309 # 1504
14315 # 1504
14321 # 1504
14327 # 1504
14327 + 1008
14333 # 1504
14333 - 1008 6
14339 # 1504
14345 # 1504
14351 # 1504
14357 # 1504
14363 # 1504
14367 + 1043
14369 # 1504
14369 - 1043 2
14375 # 1504
14381 # 1504
14387 # 1504
14393 # 1504
14399 # 1504
14405 # 1504
14407 + 1089
14411 # 1504
14411 - 1089 4
14417 # 1504
14423 # 1504
14429 # 1504
14435 # 1504
14441 # 1504
14447 # 1504
14447 + 1051
14453 # 1504
14453 - 1051 6
14459 # 1504
14465 # 1504
14471 # 1504
14477 # 1504
14483 # 1504
14487 + 1115
14489 # 1504
14489 - 1115 2
14495 # 1504
14501 # 1504
14507 # 1504
14513 # 1504
14519 # 1504
14525 # 1504
14527 + 1071
14531 # 1504
14531 - 1071 4
14537 # 1504
14543 # 1504
14549 # 1504
14555 # 1504
14561 # 1504
14567 # 1504
14567 + 1043
14573 # 1504
14573 - 1043 6
14579 # 1504
14585 # 1504
14591 # 1504
14597 # 1504
14603 # 1504
14607 + 992
14609 # 1504
14609 - 992 2
14615 # 1504
14621 # 1504
14627 # 1504
14633 # 1504
14639 # 1504
14645 # 1504
14647 + 1111
14651 # 1504
14651 - 1111 4
14657 # 1504
14663 # 1504
14669 # 1504
14675 # 1504
14681 # 1504
14687 # 1504
14687 + 1010
14693 # 1504
14693 - 1010 6
14699 # 1504
14705 # 1504
14711 # 1504
14717 # 1504
14723 # 1504
14727 + 1094
14729 # 1504
14729 - 1094 2
14735 # 1504
14741 # 1504
14747 # 1504
14753 # 1504
14759 # 1504
14765 # 1504
14767 + 1062
14771 # 1504
14771 - 1062 4
14777 # 1504
14783 # 1504
14789 # 1504
14795 # 1504
14801 # 1504
14807 # 1504
14807 + 1008
14813 # 1504
14813 - 1008 6
14819 # 1504
14825 # 1504
14831 # 1504
14837 # 1504
14843 # 1504
14847 + 1014
14849 # 1504
14849 - 1014 2
14855 # 1504
14861 # 1504
14867 # 1504
14873 # 1504
14879 # 1504
14885 # 1504
14887 + 1125
14891 # 1504
14891 - 1125 4
14897 # 1504
14903 # 1504
14909 # 1504
14915 # 1504
14921 # 1504
14927 # 1504
14927 + 1206
14933 # 1504
14933 - 1206 6
14939 # 1504
14945 # 1504
14951 # 1504
14957 # 1504
14963 # 1504
14967 + 1240
14969 # 1504
14969 - 1240 2
14975 # 1504
14981 # 1504
14987 # 1504
14993 # 1504
14999 # 1504
15005 # 1504
15007 + 1251
15011 # 1504
15011 - 1251 4
15017 # 1504
15023 # 1504
15029 # 1504
15035 # 1504
15041 # 1504
15047 # 1504
15047 + 1141
15053 # 1504
15053 - 1141 6
15059 # 1504
15065 # 1504
15071 # 1504
15077 # 1504
15083 # 1504
15087 + 1170
15089 # 1504
15089 - 1170 2
15095 # 1504
15101 # 1504
15107 # 1504
15113 # 1504
15119 # 1504
15125 # 1504
15127 + 1127
15131 # 1504
15131 - 1127 4
15137 # 1504
15143 # 1504
15149 # 1504
15155 # 1504
15161 # 1504
15167 # 1504
15167 + 1170
15173 # 1504
15173 - 1170 6
15179 # 1504
15185 # 1504
15191 # 1504
15197 # 1504
15203 # 1504
15207 + 1242
15209 # 1504
15209 - 1242 2
15215 # 1504
15221 # 1504
15227 # 1504
15233 # 1504
15239 # 1504
15245 # 1504
15247 + 1289
15251 # 1504
15251 - 1289 4
15257 # 1504
15263 # 1504
15269 # 1504
15275 # 1504
15281 # 1504
15287 # 1504
15287 + 1294
15293 # 1504
15293 - 1294 6
15294 + 114
15299 # 1504
15299 - 114 5
15305 # 1504
15311 # 1504
15317 # 1504
15323 # 1504
15327 + 1209
15329 # 1504
15329 - 1209 2
15335 # 1504
15341 # 1504
15347 # 1504
15353 # 1504
15359 # 1504
15365 # 1504
15367 + 1234
15371 # 1504
15371 - 1234 4
15377 # 1504
15383 # 1504
15389 # 1504
15395 # 1504
15401 # 1504
15407 # 1504
15407 + 1204
15413 # 1504
15413 - 1204 6
15419 # 1504
15425 # 1504
15431 # 1504
15437 # 1504
15443 # 1504
15447 + 1138
15449 # 1504
15449 - 1138 2
15455 # 1504
15461 # 1504
15467 # 1504
15473 # 1504
15479 # 1504
15485 # 1504
15487 + 1196
15491 # 1504
15491 - 1196 4
15497 # 1504
15503 # 1504
15509 # 1504
15515 # 1504
15521 # 1504
15527 # 1504
15527 + 1243
15533 # 1504
15533 - 1243 6
15539 # 1504
15545 # 1504
15551 # 1504
15557 # 1504
15563 # 1504
15567 + 1278
15569 # 1504
15569 - 1278 2
15575 # 1504
15581 # 1504
15587 # 1504
15593 # 1504
15599 # 1504
15605 # 1504
15607 + 1229
15611 # 1504
15611 - 1229 4
15617 # 1504
15623 # 1504
15629 # 1504
15635 # 1504
15641 # 1504
15647 # 1504
15647 + 1204
15653 # 1504
15653 - 1204 6
15659 # 1504
15665 # 1504
15671 # 1504
15677 # 1504
15683 # 1504
15687 + 1109
15689 # 1504
15689 - 1109 2
15695 # 1504
15701 # 1504
15707 # 1504
15713 # 1504
15719 # 1504
15725 # 1504
15727 + 1050
15731 # 1504
15731 - 1050 4
15737 # 1504
15743 # 1504
15749 # 1504
15755 # 1504
15761 # 1504
15767 # 1504
15767 + 1116
15773 # 1504
15773 - 1116 6
15779 # 1504
15785 # 1504
15791 # 1504
15797 # 1504
15803 # 1504
15807 + 1100
15809 # 1504
15809 - 1100 2
15815 # 1504
15821 # 1504
15827 # 1504
15833 # 1504
15839 # 1504
15845 # 1504
15847 + 1082
15851 # 1504
15851 - 1082 4
15857 # 1504
15863 # 1504
15869 # 1504
15875 # 1504
15881 # 1504
15887 # 1504
15887 + 1142
15893 # 1504
15893 - 1142 6
15899 # 1504
15905 # 1504
15911 # 1504
15917 # 1504
15923 # 1504
15927 + 1122
15929 # 1504
15929 - 1122 2
15935 # 1504
15941 # 1504
15947 # 1504
15953 # 1504
15959 # 1504
15965 # 1504
15967 + 1068
15971 # 1504
15971 - 1068 4
15977 # 1504
15983 # 1504
15989 # 1504
15995 # 1504
16001 # 1504
16007 # 1504
16007 + 1004
16013 # 1504
16013 - 1004 6
16019 # 1504
16025 # 1504
16031 # 1504
16037 # 1504
16043 # 1504
16047 + 1048
16049 # 1504
16049 - 1048 2
16055 # 1504
16061 # 1504
16067 # 1504
16073 # 1504
16079 # 1504
16085 # 1504
16087 + 1094
16091 # 1504
16091 - 1094 4
16097 # 1504
16103 # 1504
16109 # 1504
16115 # 1504
16121 # 1504
16127 # 1504
16127 + 1019
16133 # 1504
16133 - 1019 6
16139 # 1504
16145 # 1504
16151 # 1504
16157 # 1504
16163 # 1504
16167 + 1045
16169 # 1504
16169 - 1045 2
16175 # 1504
16181 # 1504
16187 # 1504
16193 # 1504
16199 # 1504
16205 # 1504
16207 + 1049
16211 # 1504
16211 - 1049 4
16217 # 1504
16223 # 1504
16229 # 1504
16235 # 1504
16241 # 1504
16247 # 1504
16247 + 1120
16253 # 1504
16253 - 1120 6
16259 # 1504
16265 # 1504
16271 # 1504
16277 # 1504
16283 # 1504
16287 + 1151
16289 # 1504
16289 - 1151 2
16295 # 1504
16301 # 1504
16307 # 1504
16313 # 1504
16319 # 1504
16325 # 1504
16327 + 1072
16331 # 1504
16331 - 1072 4
16337 # 1504
16343 # 1504
16349 # 1504
16355 # 1504
16361 # 1504
16367 # 1504
16367 + 1018
16373 # 1504
16373 - 1018 6
16379 # 1504
16385 # 1504
16391 # 1504
16397 # 1504
16403 # 1504
16407 + 1027
16409 # 1504
16409 - 1027 2
16415 # 1504
16421 # 1504
16427 # 1504
16433 # 1504
16439 # 1504
16445 # 1504
16447 + 963
16451 # 1504
16451 - 963 4
16457 # 1504
16463 # 1504
16469 # 1504
16475 # 1504
16481 # 1504
16487 # 1504
16487 + 915
16493 # 1504
16493 - 915 6
16499 # 1504
16505 # 1504
16511 # 1504
16517 # 1504
16523 # 1504
16527 + 919
16529 # 1504
16529 - 919 2
16535 # 1504
16541 # 1504
16547 # 1504
16553 # 1504
16559 # 1504
16565 # 1504
16567 + 920
16571 # 1504
16571 - 920 4
16577 # 1504
16583 # 1504
16589 # 1504
16595 # 1504
16601 # 1504
16607 # 1504
16607 + 1044
16613 # 1504
16613 - 1044 6
16619 # 1504
16625 # 1504
16631 # 1504
16637 # 1504
16643 # 1504
16647 + 1132
16649 # 1504
16649 - 1132 2
16655 # 1504
16661 # 1504
16667 # 1504
16673 # 1504
16679 # 1504
16685 # 1504
16687 + 1153
16691 # 1504
16691 - 1153 4
16697 # 1504
16703 # 1504
16709 # 1504
16715 # 1504
16721 # 1504
16727 # 1504
16727 + 1212
16733 # 1504
16733 - 1212 6
16739 # 1504
16745 # 1504
16751 # 1504
16757 # 1504
16763 # 1504
16767 + 1252
16769 # 1504
16769 - 1252 2
16775 # 1504
16781 # 1504
16787 # 1504
16793 # 1504
16799 # 1504
16805 # 1504
16807 + 1218
16811 # 1504
16811 - 1218 4
16817 # 1504
16823 # 1504
16829 # 1504
16835 # 1504
16841 # 1504
16847 # 1504
16847 + 1155
16853 # 1504
16853 - 1155 6
16859 # 1504
16865 # 1504
16871 # 1504
16877 # 1504
16883 # 1504
16887 + 1121
16889 # 1504
16889 - 1121 2
16895 # 1504
16901 # 1504
16907 # 1504
16913 # 1504
16919 # 1504
16925 # 1504
16927 + 1141
16931 # 1504
16931 - 1141 4
16937 # 1504
16943 # 1504
16949 # 1504
16955 # 1504
16961 # 1504
16967 # 1504
16967 + 1147
16973 # 1504
16973 - 1147 6
16979 # 1504
16985 # 1504
16991 # 1504
16997 # 1504
17003 # 1504
17007 + 1086
17009 # 1504
17009 - 1086 2
17015 # 1504
17021 # 1504
17027 # 1504
17033 # 1504
17039 # 1504
17045 # 1504
17047 + 1013
17051 # 1504
17051 - 1013 4
17057 # 1504
17063 # 1504
17069 # 1504
17075 # 1504
17081 # 1504
17087 # 1504
17087 + 942
17093 # 1504
17093 - 942 6
17099 # 1504
17105 # 1504
17111 # 1504
17117 # 1504
17123 # 1504
17127 + 891
17129 # 1504
17129 - 891 2
17135 # 1504
17141 # 1504
17147 # 1504
17153 # 1504
17159 # 1504
17165 # 1504
17167 + 960
17171 # 1504
17171 - 960 4
17177 # 1504
17183 # 1504
17189 # 1504
17195 # 1504
17201 # 1504
17207 # 1504
17207 + 961
17213 # 1504
17213 - 961 6
17219 # 1504
17225 # 1504
17231 # 1504
17237 # 1504
17243 # 1504
17247 + 944
17249 # 1504
17249 - 944 2
17255 # 1504
17261 # 1504
17267 # 1504
17273 # 1504
17279 # 1504
17285 # 1504
17287 + 945
17291 # 1504
17291 - 945 4
17297 # 1504
17303 # 1504
17309 # 1504
17315 # 1504
17321 # 1504
17327 # 1504
17327 + 900
17333 # 1504
17333 - 900 6
17339 # 1504
17345 # 1504
17351 # 1504
17357 # 1504
17363 # 1504
17367 + 925
17369 # 1504
17369 - 925 2
17375 # 1504
17381 # 1504
17387 # 1504
17393 # 1504
17399 # 1504
17405 # 1504
17407 + 1055
17411 # 1504
17411 - 1055 4
17417 # 1504
17423 # 1504
17429 # 1504
17435 # 1504
17441 # 1504
17447 # 1504
17447 + 1089
17453 # 1504
17453 - 1089 6
17459 # 1504
17465 # 1504
17471 # 1504
17477 # 1504
17483 # 1504
17487 + 1046
17489 # 1504
17489 - 1046 2
17495 # 1504
17501 # 1504
17507 # 1504
17513 # 1504
17519 # 1504
17525 # 1504
17527 + 1096
17531 # 1504
17531 - 1096 4
17537 # 1504
17543 # 1504
17549 # 1504
17555 # 1504
17561 # 1504
17567 # 1504
17567 + 1156
17573 # 1504
17573 - 1156 6
17579 # 1504
17585 # 1504
17591 # 1504
17597 # 1504
17603 # 1504
17607 + 1146
17609 # 1504
17609 - 1146 2
17615 # 1504
17621 # 1504
17627 # 1504
17633 # 1504
17639 # 1504
17645 # 1504
17647 + 1069
17651 # 1504
17651 - 1069 4
17657 # 1504
17663 # 1504
17669 # 1504
17675 # 1504
17681 # 1504
17687 # 1504
17687 + 1155
17693 # 1504
17693 - 1155 6
17699 # 1504
17705 # 1504
17711 # 1504
17717 # 1504
17723 # 1504
17727 + 1173
17729 # 1504
17729 - 1173 2
17735 # 1504
17741 # 1504
17747 # 1504
17753 # 1504
17759 # 1504
17765 # 1504
17767 + 1162
17771 # 1504
17771 - 1162 4
17777 # 1504
17783 # 1504
17789 # 1504
17795 # 1504
17801 # 1504
17807 # 1504
17807 + 1089
17813 # 1504
17813 - 1089 6
17819 # 1504
17825 # 1504
17831 # 1504
17837 # 1504
17843 # 1504
17847 + 1104
17849 # 1504
17849 - 1104 2
17855 # 1504
17861 # 1504
17867 # 1504
17873 # 1504
17879 # 1504
17885 # 1504
17887 + 1088
17891 # 1504
17891 - 1088 4
17897 # 1504
17903 # 1504
17909 # 1504
17915 # 1504
17921 # 1504
17927 # 1504
17927 + 1155
17933 # 1504
17933 - 1155 6
17939 # 1504
17945 # 1504
17951 # 1504
17957 # 1504
17963 # 1504
17967 + 1123
17969 # 1504
17969 - 1123 2
17975 # 1504
17981 # 1504
17987 # 1504
17993 # 1504
17999 # 1504
18005 # 1504
18007 + 1065
18011 # 1504
18011 - 1065 4
18017 # 1504
18023 # 1504
18029 # 1504
18035 # 1504
18041 # 1504
18047 # 1504
18047 + 1036
18053 # 1504
18053 - 1036 6
18059 # 1504
18065 # 1504
18071 # 1504
18077 # 1504
18083 # 1504
18087 + 1095
18089 # 1504
18089 - 1095 2
18095 # 1504
18101 # 1504
18107 # 1504
18113 # 1504
18119 # 1504
18125 # 1504
18127 + 1123
18131 # 1504
18131 - 1123 4
18137 # 1504
18143 # 1504
18149 # 1504
18155 # 1504
18161 # 1504
18167 # 1504
18167 + 1214
18173 # 1504
18173 - 1214 6
18179 # 1504
18185 # 1504
18191 # 1504
18197 # 1504
18203 # 1504
18207 + 1159
18209 # 1504
18209 - 1159 2
18215 # 1504
18221 # 1504
18227 # 1504
18233 # 1504
18239 # 1504
18245 # 1504
18247 + 1224
18251 # 1504
18251 - 1224 4
18257 # 1504
18263 # 1504
18269 # 1504
18275 # 1504
18281 # 1504
18287 # 1504
18287 + 1122
18293 # 1504
18293 - 1122 6
18299 # 1504
18305 # 1504
18311 # 1504
18317 # 1504
18323 # 1504
18327 + 1099
18329 # 1504
18329 - 1099 2
18335 # 1504
18341 # 1504
18347 # 1504
18353 # 1504
18359 # 1504
18365 # 1504
18367 + 995
18371 # 1504
18371 - 995 4
18377 # 1504
18383 # 1504
18389 # 1504
18395 # 1504
18401 # 1504
18407 # 1504
18407 + 1068
18413 # 1504
18413 - 1068 6
18419 # 1504
18425 # 1504
18431 # 1504
18437 # 1504
18443 # 1504
18447 + 1127
18449 # 1504
18449 - 1127 2
18455 # 1504
18461 # 1504
18467 # 1504
18473 # 1504
18479 # 1504
18485 # 1504
18487 + 1077
18491 # 1504
18491 - 1077 4
18497 # 1504
18503 # 1504
18509 # 1504
18515 # 1504
18521 # 1504
18527 # 1504
18527 + 1003
18533 # 1504
18533 - 1003 6
18539 # 1504
18545 # 1504
18551 # 1504
18557 # 1504
18563 # 1504
18567 + 1092
18569 # 1504
18569 - 1092 2
18575 # 1504
18581 # 1504
18587 # 1504
18593 # 1504
18599 # 1504
18605 # 1504
18607 + 1137
18611 # 1504
18611 - 1137 4
18617 # 1504
18623 # 1504
18629 # 1504
18635 # 1504
18641 # 1504
18647 # 1504
18647 + 1037
18653 # 1504
18653 - 1037 6
18659 # 1504
18665 # 1504
18671 # 1504
18677 # 1504
18683 # 1504
18687 + 1037
18689 # 1504
18689 - 1037 2
18695 # 1504
18701 # 1504
18707 # 1504
18713 # 1504
18719 # 1504
18725 # 1504
18727 + 1145
18731 # 1504
18731 - 1145 4
18737 # 1504
18743 # 1504
18749 # 1504
18755 # 1504
18761 # 1504
18767 # 1504
18767 + 1176
18773 # 1504
18773 - 1176 6
18779 # 1504
18785 # 1504
18791 # 1504
18797 # 1504
18803 # 1504
18807 + 1101
18809 # 1504
18809 - 1101 2
18815 # 1504
18821 # 1504
18827 # 1504
18833 # 1504
18839 # 1504
18845 # 1504
18847 + 1092
18851 # 1504
18851 - 1092 4
18857 # 1504
18863 # 1504
18869 # 1504
18875 # 1504
18881 # 1504
18887 # 1504
18887 + 1163
18893 # 1504
18893 - 1163 6
18899 # 1504
18905 # 1504
18911 # 1504
18917 # 1504
18923 # 1504
18927 + 1068
18929 # 1504
18929 - 1068 2
18935 # 1504
18941 # 1504
18947 # 1504
18953 # 1504
18959 # 1504
18965 # 1504
18967 + 990
18971 # 1504
18971 - 990 4
18977 # 1504
18983 # 1504
18989 # 1504
18995 # 1504
19001 # 1504
19007 # 1504
19007 + 986
19013 # 1504
19013 - 986 6
19019 # 1504
19025 # 1504
19031 # 1504
19037 # 1504
19043 # 1504
19047 + 967
19049 # 1504
19049 - 967 2
19055 # 1504
19061 # 1504
19067 # 1504
19073 # 1504
19079 # 1504
19085 # 1504
19087 + 1024
19091 # 1504
19091 - 1024 4
19097 # 1504
19103 # 1504
19109 # 1504
19115 # 1504
19121 # 1504
19127 # 1504
19127 + 1101
19133 # 1504
19133 - 1101 6
19139 # 1504
19145 # 1504
19151 # 1504
19157 # 1504
19163 # 1504
19167 + 1026
19169 # 1504
19169 - 1026 2
19175 # 1504
19181 # 1504
19187 # 1504
19193 # 1504
19199 # 1504
19205 # 1504
19207 + 953
19211 # 1504
19211 - 953 4
19217 # 1504
19223 # 1504
19229 # 1504
19235 # 1504
19241 # 1504
19247 # 1504
19247 + 895
19253 # 1504
19253 - 895 6
19259 # 1504
19265 # 1504
19271 # 1504
19277 # 1504
19283 # 1504
19287 + 927
19289 # 1504
19289 - 927 2
19295 # 1504
19301 # 1504
19307 # 1504
19313 # 1504
19319 # 1504
19325 # 1504
19327 + 1023
19331 # 1504
19331 - 1023 4
19337 # 1504
19343 # 1504
19349 # 1504
19355 # 1504
19361 # 1504
19367 # 1504
19367 + 1082
19373 # 1504
19373 - 1082 6
19379 # 1504
19385 # 1504
19391 # 1504
19397 # 1504
19403 # 1504
19407 + 1076
19409 # 1504
19409 - 1076 2
19415 # 1504
19421 # 1504
19427 # 1504
19433 # 1504
19439 # 1504
19445 # 1504
19447 + 1009
19451 # 1504
19451 - 1009 4
19457 # 1504
19463 # 1504
19469 # 1504
19475 # 1504
19481 # 1504
19487 # 1504
19487 + 1051
19493 # 1504
19493 - 1051 6
19499 # 1504
19505 # 1504
19511 # 1504
19517 # 1504
19523 # 1504
19527 + 1080
19529 # 1504
19529 - 1080 2
19535 # 1504
19541 # 1504
19547 # 1504
19553 # 1504
19559 # 1504
19565 # 1504
19567 + 1094
19571 # 1504
19571 - 1094 4
19577 # 1504
19583 # 1504
19589 # 1504
19595 # 1504
19601 # 1504
19607 # 1504
19607 + 1118
19613 # 1504
19613 - 1118 6
19619 # 1504
19625 # 1504
19631 # 1504
19637 # 1504
19643 # 1504
19647 + 1089
19649 # 1504
19649 - 1089 2
19655 # 1504
19661 # 1504
19667 # 1504
19673 # 1504
19679 # 1504
19685 # 1504
19687 + 1054
19691 # 1504
19691 - 1054 4
19697 # 1504
19703 # 1504
19709 # 1504
19715 # 1504
19721 # 1504
19727 # 1504
19727 + 1145
19733 # 1504
19733 - 1145 6
19739 # 1504
19745 # 1504
19751 # 1504
19757 # 1504
19763 # 1504
19767 + 1134
19769 # 1504
19769 - 1134 2
19775 # 1504
19781 # 1504
19787 # 1504
19793 # 1504
19799 # 1504
19805 # 1504
19807 + 1061
19811 # 1504
19811 - 1061 4
19817 # 1504
19823 # 1504
19829 # 1504
19835 # 1504
19841 # 1504
19847 # 1504
19847 + 1092
19853 # 1504
19853 - 1092 6
19859 # 1504
19865 # 1504
19871 # 1504
19877 # 1504
19883 # 1504
19887 + 1101
19889 # 1504
19889 - 1101 2
19895 # 1504
19901 # 1504
19907 # 1504
19913 # 1504
19919 # 1504
19925 # 1504
19927 + 1126
19931 # 1504
19931 - 1126 4
19937 # 1504
19943 # 1504
19949 # 1504
19955 # 1504
19961 # 1504
19967 # 1504
19967 + 1140
19973 # 1504
19973 - 1140 6
19979 # 1504
19985 # 1504
19991 # 1504
19997 # 1504
20003 # 1504
20007 + 1079
20009 # 1504
20009 - 1079 2
20015 # 1504
20021 # 1504
20027 # 1504
20033 # 1504
20039 # 1504
20045 # 1504
20047 + 1150
20051 # 1504
20051 - 1150 4
20057 # 1504
20063 # 1504
20069 # 1504
20075 # 1504
20081 # 1504
20087 # 1504
20087 + 1052
20093 # 1504
20093 - 1052 6
20099 # 1504
20105 # 1504
20111 # 1504
20117 # 1504
20123 # 1504
20127 + 981
20129 # 1504
20129 - 981 2
20135 # 1504
20141 # 1504
20147 # 1504
20153 # 1504
20159 # 1504
20165 # 1504
20167 + 1090
20171 # 1504
20171 - 1090 4
20177 # 1504
20183 # 1504
20189 # 1504
20195 # 1504
20201 # 1504
20206 + 1025
20207 # 1504
20207 - 1025 1
20213 # 1504
20219 # 1504
20225 # 1504
20231 # 1504
20237 # 1504
20243 # 1504
20247 + 1037
20249 # 1504
20249 - 1037 2
20255 # 1504
20261 # 1504
20267 # 1504
20273 # 1504
20279 # 1504
20285 # 1504
20287 + 995
20291 # 1504
20291 - 995 4
20297 # 1504
20303 # 1504
20309 # 1504
20315 # 1504
20321 # 1504
20327 # 1504
20327 + 1085
20333 # 1504
20333 - 1085 6
20339 # 1504
20345 # 1504
20351 # 1504
20357 # 1504
20363 # 1504
20367 + 1046
20369 # 1504
20369 - 1046 2
20375 # 1504
20381 # 1504
20387 # 1504
20393 # 1504
20399 # 1504
20405 # 1504
20407 + 1030
20411 # 1504
20411 - 1030 4
20417 # 1504
20423 # 1504
20429 # 1504
20435 # 1504
20441 # 1504
20447 # 1504
20447 + 1122
20453 # 1504
20453 - 1122 6
20459 # 1504
20465 # 1504
20471 # 1504
20477 # 1504
20483 # 1504
20487 + 1086
20489 # 1504
20489 - 1086 2
20495 # 1504
20501 # 1504
20507 # 1504
20513 # 1504
20519 # 1504
20525 # 1504
20527 + 1153
20531 # 1504
20531 - 1153 4
20537 # 1504
20543 # 1504
20549 # 1504
20555 # 1504
20561 # 1504
20567 # 1504
20567 + 1175
20573 # 1504
20573 - 1175 6
20579 # 1504
20585 # 1504
20591 # 1504
20597 # 1504
20603 # 1504
20607 + 1067
20609 # 1504
20609 - 1067 2
20615 # 1504
20621 # 1504
20627 # 1504
20633 # 1504
20639 # 1504
20645 # 1504
20647 + 1021
20651 # 1504
20651 - 1021 4
20657 # 1504
20663 # 1504
20669 # 1504
20675 # 1504
20681 # 1504
20687 # 1504
20687 + 1094
20693 # 1504
20693 - 1094 6
20699 # 1504
20705 # 1504
20711 # 1504
20717 # 1504
20723 # 1504
20727 + 1120
20729 # 1504
20729 - 1120 2
20735 # 1504
20741 # 1504
20747 # 1504
20753 # 1504
20759 # 1504
20765 # 1504
20767 + 1182
20771 # 1504
20771 - 1182 4
20777 # 1504
20783 # 1504
20789 # 1504
20795 # 1504
20801 # 1504
20807 # 1504
20807 + 1128
20813 # 1504
20813 - 1128 6
20819 # 1504
20825 # 1504
20831 # 1504
20837 # 1504
20843 # 1504
20847 + 1066
20849 # 1504
20849 - 1066 2
20855 # 1504
20861 # 1504
20867 # 1504
20873 # 1504
20879 # 1504
20885 # 1504
20887 + 1011
20891 # 1504
20891 - 1011 4
20897 # 1504
20903 # 1504
20909 # 1504
20915 # 1504
20921 # 1504
20927 # 1504
20927 + 1050
20933 # 1504
20933 - 1050 6
20939 # 1504
20945 # 1504
20951 # 1504
20957 # 1504
20963 # 1504
20967 + 981
20969 # 1504
20969 - 981 2
20975 # 1504
20981 # 1504
20987 # 1504
20993 # 1504
20999 # 1504
21005 # 1504
21007 + 1039
21011 # 1504
21011 - 1039 4
21017 # 1504
21023 # 1504
21029 # 1504
21035 # 1504
21041 # 1504
21047 # 1504
21047 + 1109
21053 # 1504
21053 - 1109 6
21059 # 1504
21065 # 1504
21071 # 1504
21077 # 1504
21083 # 1504
21087 + 1151
21089 # 1504
21089 - 1151 2
21095 # 1504
21101 # 1504
21107 # 1504
21113 # 1504
21119 # 1504
21125 # 1504
21127 + 1082
21131 # 1504
21131 - 1082 4
21137 # 1504
21143 # 1504
21149 # 1504
21155 # 1504
21161 # 1504
21167 # 1504
21167 + 1066
21173 # 1504
21173 - 1066 6
21179 # 1504
21185 # 1504
21191 # 1504
21197 # 1504
21203 # 1504
21207 + 1036
21209 # 1504
21209 - 1036 2
21215 # 1504
21221 # 1504
21227 # 1504
21233 # 1504
21239 # 1504
21245 # 1504
21247 + 1035
21251 # 1504
21251 - 1035 4
21257 # 1504
21263 # 1504
21269 # 1504
21275 # 1504
21281 # 1504
21287 # 1504
21287 + 994
21293 # 1504
21293 - 994 6
21299 # 1504
21305 # 1504
21311 # 1504
21317 # 1504
21323 # 1504
21327 + 992
21329 # 1504
21329 - 992 2
21335 # 1504
21341 # 1504
21347 # 1504
21353 # 1504
21359 # 1504
21365 # 1504
21367 + 1022
21371 # 1504
21371 - 1022 4
21377 # 1504
21383 # 1504
21389 # 1504
21395 # 1504
21401 # 1504
21407 # 1504
21407 + 971
21413 # 1504
21413 - 971 6
21419 # 1504
21425 # 1504
21431 # 1504
21437 # 1504
21443 # 1504
21447 + 1009
21449 # 1504
21449 - 1009 2
21455 # 1504
21461 # 1504
21467 # 1504
21473 # 1504
21479 # 1504
21485 # 1504
21487 + 933
21491 # 1504
21491 - 933 4
21497 # 1504
21503 # 1504
21509 # 1504
21515 # 1504
21521 # 1504
21527 # 1504
21527 + 948
21533 # 1504
21533 - 948 6
21539 # 1504
21545 # 1504
21551 # 1504
21557 # 1504
21563 # 1504
21567 + 957
21569 # 1504
21569 - 957 2
21575 # 1504
21581 # 1504
21587 # 1504
21593 # 1504
21599 # 1504
21605 # 1504
21607 + 953
21611 # 1504
21611 - 953 4
21617 # 1504
21623 # 1504
21629 # 1504
21635 # 1504
21641 # 1504
21647 # 1504
21647 + 1040
21653 # 1504
21653 - 1040 6
21659 # 1504
21665 # 1504
21671 # 1504
21677 # 1504
21683 # 1504
21687 + 1007
21689 # 1504
21689 - 1007 2
21695 # 1504
21701 # 1504
21707 # 1504
21713 # 1504
21719 # 1504
21725 # 1504
21727 + 1066
21731 # 1504
21731 - 1066 4
21737 # 1504
21743 # 1504
21749 # 1504
21755 # 1504
21761 # 1504
21767 # 1504
21767 + 1092
21773 # 1504
21773 - 1092 6
21779 # 1504
21785 # 1504
21791 # 1504
21797 # 1504
21803 # 1504
21807 + 1187
21809 # 1504
21809 - 1187 2
21815 # 1504
21821 # 1504
21827 # 1504
21833 # 1504
21839 # 1504
21845 # 1504
21847 + 1214
21851 # 1504
21851 - 1214 4
21857 # 1504
21863 # 1504
21869 # 1504
21875 # 1504
21881 # 1504
21887 # 1504
21887 + 1259
21893 # 1504
21893 - 1259 6
21899 # 1504
21905 # 1504
21911 # 1504
21917 # 1504
21923 # 1504
21927 + 1273
21929 # 1504
21929 - 1273 2
21935 # 1504
21941 # 1504
21947 # 1504
21953 # 1504
21959 # 1504
21965 # 1504
21967 + 1199
21971 # 1504
21971 - 1199 4
21977 # 1504
21983 # 1504
21989 # 1504
21995 # 1504
22001 # 1504
22007 # 1504
22007 + 1206
22013 # 1504
22013 - 1206 6
22019 # 1504
22025 # 1504
22031 # 1504
22037 # 1504
22043 # 1504
22047 + 1087
22049 # 1504
22049 - 1087 2
22055 # 1504
22061 # 1504
22067 # 1504
22073 # 1504
22079 # 1504
22085 # 1504
22087 + 1093
22091 # 1504
22091 - 1093 4
22097 # 1504
22103 # 1504
22109 # 1504
22115 # 1504
22121 # 1504
22127 # 1504
22127 + 1160
22133 # 1504
22133 - 1160 6
22139 # 1504
22145 # 1504
22151 # 1504
22157 # 1504
22163 # 1504
22167 + 1172
22169 # 1504
22169 - 1172 2
22175 # 1504
22181 # 1504
22187 # 1504
22193 # 1504
22199 # 1504
22205 # 1504
22207 + 1183
22211 # 1504
22211 - 1183 4
22217 # 1504
22223 # 1504
22229 # 1504
22235 # 1504
22241 # 1504
22247 # 1504
22247 + 1166
22253 # 1504
22253 - 1166 6
22259 # 1504
22265 # 1504
22271 # 1504
22277 # 1504
22283 # 1504
22287 + 1132
22289 # 1504
22289 - 1132 2
22295 # 1504
22301 # 1504
22307 # 1504
22313 # 1504
22319 # 1504
22325 # 1504
22327 + 1094
22331 # 1504
22331 - 1094 4
22337 # 1504
22343 # 1504
22349 # 1504
22355 # 1504
22361 # 1504
22367 # 1504
22367 + 1134
22373 # 1504
22373 - 1134 6
22379 # 1504
22385 # 1504
22391 # 1504
22397 # 1504
22403 # 1504
22407 + 1185
22409 # 1504
22409 - 1185 2
22415 # 1504
22421 # 1504
22427 # 1504
22433 # 1504
22439 # 1504
22445 # 1504
22447 + 1198
22451 # 1504
22451 - 1198 4
22457 # 1504
22463 # 1504
22469 # 1504
22475 # 1504
22481 # 1504
22487 # 1504
22487 + 1104
22493 # 1504
22493 - 1104 6
22499 # 1504
22505 # 1504
22511 # 1504
22517 # 1504
22523 # 1504
22527 + 1007
22529 # 1504
22529 - 1007 2
22535 # 1504
22541 # 1504
22547 # 1504
22553 # 1504
22559 # 1504
22565 # 1504
22567 + 935
22571 # 1504
22571 - 935 4
22577 # 1504
22583 # 1504
22589 # 1504
22595 # 1504
22601 # 1504
22607 # 1504
22607 + 1001
22613 # 1504
22613 - 1001 6
22619 # 1504
22625 # 1504
22631 # 1504
22637 # 1504
22643 # 1504
22647 + 956
22649 # 1504
22649 - 956 2
22655 # 1504
22661 # 1504
22667 # 1504
22673 # 1504
22679 # 1504
22685 # 1504
22687 + 1007
22691 # 1504
22691 - 1007 4
22697 # 1504
22703 # 1504
22709 # 1504
22715 # 1504
22721 # 1504
22727 # 1504
22727 + 1067
22733 # 1504
22733 - 1067 6
22739 # 1504
22745 # 1504
22751 # 1504
22757 # 1504
22763 # 1504
22767 + 1085
22769 # 1504
22769 - 1085 2
22775 # 1504
22781 # 1504
22787 # 1504
22793 # 1504
22799 # 1504
22805 # 1504
22807 + 991
22811 # 1504
22811 - 991 4
22817 # 1504
22823 # 1504
22829 # 1504
22835 # 1504
22841 # 1504
22847 # 1504
22847 + 915
22853 # 1504
22853 - 915 6
22859 # 1504
22865 # 1504
22871 # 1504
22877 # 1504
22883 # 1504
22887 + 913
22889 # 1504
22889 - 913 2
22895 # 1504
22901 # 1504
22907 # 1504
22913 # 1504
22919 # 1504
22925 # 1504
22927 + 906
22931 # 1504
22931 - 906 4
22937 # 1504
22943 # 1504
22949 # 1504
22955 # 1504
22961 # 1504
22967 # 1504
22967 + 981
22973 # 1504
22973 - 981 6
22979 # 1504
22985 # 1504
22991 # 1504
22997 # 1504
23003 # 1504
23007 + 1079
23009 # 1504
23009 - 1079 2
23015 # 1504
23021 # 1504
23027 # 1504
23033 # 1504
23039 # 1504
23045 # 1504
23047 + 1026
23051 # 1504
23051 - 1026 4
23057 # 1504
23063 # 1504
23069 # 1504
23075 # 1504
23081 # 1504
23087 # 1504
23087 + 1016
23093 # 1504
23093 - 1016 6
23099 # 1504
23105 # 1504
23111 # 1504
23117 # 1504
23123 # 1504
23127 + 1071
23129 # 1504
23129 - 1071 2
23135 # 1504
23141 # 1504
23147 # 1504
23153 # 1504
23159 # 1504
23165 # 1504
23167 + 1161
23171 # 1504
23171 - 1161 4
23177 # 1504
23183 # 1504
23189 # 1504
23195 # 1504
23201 # 1504
23207 # 1504
23207 + 1185
23213 # 1504
23213 - 1185 6
23219 # 1504
23225 # 1504
23231 # 1504
23237 # 1504
23243 # 1504
23247 + 1134
23249 # 1504
23249 - 1134 2
23255 # 1504
23261 # 1504
23267 # 1504
23273 # 1504
23279 # 1504
23285 # 1504
23287 + 1208
23291 # 1504
23291 - 1208 4
23297 # 1504
23303 # 1504
23309 # 1504
23315 # 1504
23321 # 1504
23327 # 1504
23327 + 1122
23333 # 1504
23333 - 1122 6
23339 # 1504
23345 # 1504
23351 # 1504
23357 # 1504
23363 # 1504
23367 + 1051
23369 # 1504
23369 - 1051 2
23375 # 1504
23381 # 1504
23387 # 1504
23393 # 1504
23399 # 1504
23405 # 1504
23407 + 1060
23411 # 1504
23411 - 1060 4
23417 # 1504
23423 # 1504
23429 # 1504
23435 # 1504
23441 # 1504
23447 # 1504
23447 + 1134
23453 # 1504
23453 - 1134 6
23459 # 1504
23465 # 1504
23471 # 1504
23477 # 1504
23483 # 1504
23487 + 1165
23489 # 1504
23489 - 1165 2
23495 # 1504
23501 # 1504
23507 # 1504
23513 # 1504
23519 # 1504
23525 # 1504
23527 + 1232
23531 # 1504
23531 - 1232 4
23537 # 1504
23543 # 1504
23549 # 1504
23555 # 1504
23561 # 1504
23567 # 1504
23567 + 1142
23573 # 1504
23573 - 1142 6
23579 # 1504
23585 # 1504
23591 # 1504
23597 # 1504
23603 # 1504
23607 + 1112
23609 # 1504
23609 - 1112 2
23615 # 1504
23621 # 1504
23627 # 1504
23633 # 1504
23639 # 1504
23645 # 1504
23647 + 1149
23651 # 1504
23651 - 1149 4
23657 # 1504
23663 # 1504
23669 # 1504
23675 # 1504
23681 # 1504
23687 # 1504
23687 + 1209
23693 # 1504
23693 - 1209 6
23699 # 1504
23705 # 1504
23711 # 1504
23717 # 1504
23723 # 1504
23727 + 1195
23729 # 1504
23729 - 1195 2
23735 # 1504
23741 # 1504
23747 # 1504
23753 # 1504
23759 # 1504
23765 # 1504
23767 + 1218
23771 # 1504
23771 - 1218 4
23777 # 1504
23783 # 1504
23789 # 1504
23795 # 1504
23801 # 1504
23807 # 1504
23807 + 1274
23813 # 1504
23813 - 1274 6
23819 # 1504
23825 # 1504
23831 # 1504
23837 # 1504
23843 # 1504
23847 + 1184
23849 # 1504
23849 - 1184 2
23855 # 1504
23861 # 1504
23867 # 1504
23873 # 1504
23879 # 1504
23885 # 1504
23887 + 1243
23891 # 1504
23891 - 1243 4
23897 # 1504
23903 # 1504
23909 # 1504
23915 # 1504
23921 # 1504
23927 # 1504
23927 + 1215
23933 # 1504
23933 - 1215 6
23939 # 1504
23945 # 1504
23951 # 1504
23957 # 1504
23963 # 1504
23967 + 1272
23969 # 1504
23969 - 1272 2
23975 # 1504
23981 # 1504
23987 # 1504
23993 # 1504
23999 # 1504
24005 # 1504
24007 + 1225
24011 # 1504
24011 - 1225 4
24017 # 1504
24023 # 1504
24029 # 1504
24035 # 1504
24041 # 1504
24047 # 1504
24047 + 1198
24053 # 1504
24053 - 1198 6
24059 # 1504
24065 # 1504
24071 # 1504
24077 # 1504
24083 # 1504
24087 + 1257
24089 # 1504
24089 - 1257 2
24095 # 1504
24101 # 1504
24107 # 1504
24113 # 1504
24119 # 1504
24125 # 1504
24127 + 1270
24131 # 1504
24131 - 1270 4
24137 # 1504
24143 # 1504
24149 # 1504
24155 # 1504
24161 # 1504
24167 # 1504
24167 + 1282
24173 # 1504
24173 - 1282 6
24179 # 1504
24185 # 1504
24191 # 1504
24197 # 1504
24203 # 1504
24207 + 1255
24209 # 1504
24209 - 1255 2
24215 # 1504
24221 # 1504
24227 # 1504
24233 # 1504
24239 # 1504
24245 # 1504
24247 + 1239
24251 # 1504
24251 - 1239 4
24257 # 1504
24263 # 1504
24269 # 1504
24275 # 1504
24281 # 1504
24287 # 1504
24287 + 1289
24293 # 1504
24293 - 1289 6
24299 # 1504
24305 # 1504
24311 # 1504
24317 # 1504
24323 # 1504
24327 + 1294
24329 # 1504
24329 - 1294 2
24335 # 1504
24336 + 123
24341 # 1504
24341 - 123 5
24347 # 1504
24353 # 1504
24359 # 1504
24365 # 1504
24367 + 1227
24371 # 1504
24371 - 1227 4
24377 # 1504
24383 # 1504
24389 # 1504
24395 # 1504
24401 # 1504
24407 # 1504
24407 + 1253
24413 # 1504
24413 - 1253 6
24419 # 1504
24425 # 1504
24431 # 1504
24437 # 1504
24443 # 1504
24447 + 1226
24449 # 1504
24449 - 1226 2
24455 # 1504
24461 # 1504
24467 # 1504
24473 # 1504
24479 # 1504
24485 # 1504
24487 + 1208
24491 # 1504
24491 - 1208 4
24497 # 1504
24503 # 1504
24509 # 1504
24515 # 1504
24521 # 1504
24527 # 1504
24527 + 1215
24533 # 1504
24533 - 1215 6
24539 # 1504
24545 # 1504
24551 # 1504
24557 # 1504
24563 # 1504
24567 + 1228
24569 # 1504
24569 - 1228 2
24575 # 1504
24581 # 1504
24587 # 1504
24593 # 1504
24599 # 1504
24605 # 1504
24607 + 1239
24611 # 1504
24611 - 1239 4
24617 # 1504
24623 # 1504
24629 # 1504
24635 # 1504
24641 # 1504
24647 # 1504
24647 + 1148
24653 # 1504
24653 - 1148 6
24659 # 1504
24665 # 1504
24671 # 1504
24677 # 1504
24683 # 1504
24687 + 1142
24689 # 1504
24689 - 1142 2
24695 # 1504
24701 # 1504
24707 # 1504
24713 # 1504
24719 # 1504
24725 # 1504
24727 + 1110
24731 # 1504
24731 - 1110 4
24737 # 1504
24743 # 1504
24749 # 1504
24755 # 1504
24761 # 1504
24767 # 1504
24767 + 1029
24773 # 1504
24773 - 1029 6
24779 # 1504
24785 # 1504
24791 # 1504
24797 # 1504
24803 # 1504
24807 + 1081
24809 # 1504
24809 - 1081 2
24815 # 1504
24821 # 1504
24827 # 1504
24833 # 1504
24839 # 1504
24845 # 1504
24847 + 1137
24851 # 1504
24851 - 1137 4
24857 # 1504
24863 # 1504
24869 # 1504
24875 # 1504
24881 # 1504
24887 # 1504
24887 + 1185
24893 # 1504
24893 - 1185 6
24899 # 1504
24905 # 1504
24911 # 1504
24917 # 1504
24923 # 1504
24927 + 1183
24929 # 1504
24929 - 1183 2
24935 # 1504
24941 # 1504
24947 # 1504
24953 # 1504
24959 # 1504
24965 # 1504
24967 + 1136
24971 # 1504
24971 - 1136 4
24977 # 1504
24983 # 1504
24989 # 1504
24995 # 1504
25001 # 1504
25007 # 1504
25007 + 1135
25013 # 1504
25013 - 1135 6
25019 # 1504
25025 # 1504
25031 # 1504
25037 # 1504
25043 # 1504
25047 + 1131
25049 # 1504
25049 - 1131 2
25055 # 1504
25061 # 1504
25067 # 1504
25073 # 1504
25079 # 1504
25085 # 1504
25087 + 1137
25091 # 1504
25091 - 1137 4
25097 # 1504
25103 # 1504
25109 # 1504
25115 # 1504
25121 # 1504
25127 # 1504
25127 + 1122
25133 # 1504
25133 - 1122 6
25139 # 1504
25145 # 1504
25151 # 1504
25157 # 1504
25163 # 1504
25167 + 1037
25169 # 1504
25169 - 1037 2
25175 # 1504
25181 # 1504
25187 # 1504
25193 # 1504
25199 # 1504
25205 # 1504
25207 + 1051
25211 # 1504
25211 - 1051 4
25217 # 1504
25223 # 1504
25229 # 1504
25235 # 1504
25241 # 1504
25247 # 1504
25247 + 961
25253 # 1504
25253 - 961 6
25259 # 1504
25265 # 1504
25271 # 1504
25277 # 1504
25283 # 1504
25287 + 1012
25289 # 1504
25289 - 1012 2
25295 # 1504
25301 # 1504
25307 # 1504
25313 # 1504
25319 # 1504
25325 # 1504
25327 + 1023
25331 # 1504
25331 - 1023 4
25337 # 1504
25343 # 1504
25349 # 1504
25355 # 1504
25361 # 1504
25367 # 1504
25367 + 1093
25373 # 1504
25373 - 1093 6
25379 # 1504
25385 # 1504
25391 # 1504
25397 # 1504
25403 # 1504
25407 + 1085
25409 # 1504
25409 - 1085 2
25415 # 1504
25421 # 1504
25427 # 1504
25433 # 1504
25439 # 1504
25445 # 1504
25447 + 1007
25451 # 1504
25451 - 1007 4
25457 # 1504
25463 # 1504
25469 # 1504
25475 # 1504
25481 # 1504
25487 # 1504
25487 + 1018
25493 # 1504
25493 - 1018 6
25499 # 1504
25505 # 1504
25511 # 1504
25517 # 1504
25523 # 1504
25527 + 1026
25529 # 1504
25529 - 1026 2
25535 # 1504
25541 # 1504
25547 # 1504
25553 # 1504
25559 # 1504
25565 # 1504
25567 + 948
25571 # 1504
25571 - 948 4
25577 # 1504
25583 # 1504
25589 # 1504
25595 # 1504
25601 # 1504
25607 # 1504
25607 + 1034
25613 # 1504
25613 - 1034 6
25619 # 1504
25625 # 1504
25631 # 1504
25637 # 1504
25643 # 1504
25647 + 1017
25649 # 1504
25649 - 1017 2
25655 # 1504
25661 # 1504
25667 # 1504
25673 # 1504
25679 # 1504
25685 # 1504
25687 + 1058
25691 # 1504
25691 - 1058 4
25697 # 1504
25703 # 1504
25709 # 1504
25715 # 1504
25721 # 1504
25727 # 1504
25727 + 1055
25733 # 1504
25733 - 1055 6
25739 # 1504
25745 # 1504
25751 # 1504
25757 # 1504
25763 # 1504
25767 + 988
25769 # 1504
25769 - 988 2
25775 # 1504
25781 # 1504
25787 # 1504
25793 # 1504
25799 # 1504
25805 # 1504
25807 + 992
25811 # 1504
25811 - 992 4
25817 # 1504
25823 # 1504
25829 # 1504
25835 # 1504
25841 # 1504
25847 # 1504
25847 + 962
25853 # 1504
25853 - 962 6
25859 # 1504
25865 # 1504
25871 # 1504
25877 # 1504
25883 # 1504
25887 + 967
25889 # 1504
25889 - 967 2
25895 # 1504
25901 # 1504
25907 # 1504
25913 # 1504
25919 # 1504
25925 # 1504
25927 + 898
25931 # 1504
25931 - 898 4
25937 # 1504
25943 # 1504
25949 # 1504
25955 # 1504
25961 # 1504
25967 # 1504
25967 + 984
25973 # 1504
25973 - 984 6
25979 # 1504
25985 # 1504
25991 # 1504
25997 # 1504
26003 # 1504
26007 + 1020
26009 # 1504
26009 - 1020 2
26015 # 1504
26021 # 1504
26027 # 1504
26033 # 1504
26039 # 1504
26045 # 1504
26047 + 1103
26051 # 1504
26051 - 1103 4
26057 # 1504
26063 # 1504
26069 # 1504
26075 # 1504
26081 # 1504
26087 # 1504
26087 + 1123
26093 # 1504
26093 - 1123 6
26099 # 1504
26105 # 1504
26111 # 1504
26117 # 1504
26123 # 1504
26127 + 1108
26129 # 1504
26129 - 1108 2
26135 # 1504
26141 # 1504
26147 # 1504
26153 # 1504
26159 # 1504
26165 # 1504
26167 + 1104
26171 # 1504
26171 - 1104 4
26177 # 1504
26183 # 1504
26189 # 1504
26195 # 1504
26201 # 1504
26207 # 1504
26207 + 1204
26213 # 1504
26213 - 1204 6
26219 # 1504
26225 # 1504
26231 # 1504
26237 # 1504
26243 # 1504
26247 + 1095
26249 # 1504
26249 - 1095 2
26255 # 1504
26261 # 1504
26267 # 1504
26273 # 1504
26279 # 1504
26285 # 1504
26287 + 1008
26291 # 1504
26291 - 1008 4
26297 # 1504
26303 # 1504
26309 # 1504
26315 # 1504
26321 # 1504
26327 # 1504
26327 + 1054
26333 # 1504
26333 - 1054 6
26339 # 1504
26345 # 1504
26351 # 1504
26357 # 1504
26363 # 1504
26367 + 1082
26369 # 1504
26369 - 1082 2
26375 # 1504
26381 # 1504
26387 # 1504
26393 # 1504
26399 # 1504
26405 # 1504
26407 + 1029
26411 # 1504
26411 - 1029 4
26417 # 1504
26423 # 1504
26429 # 1504
26435 # 1504
26441 # 1504
26447 # 1504
26447 + 987
26453 # 1504
26453 - 987 6
26459 # 1504
26465 # 1504
26471 # 1504
26477 # 1504
26483 # 1504
26487 + 1036
26489 # 1504
26489 - 1036 2
26495 # 1504
26501 # 1504
26507 # 1504
26513 # 1504
26519 # 1504
26525 # 1504
26527 + 1136
26531 # 1504
26531 - 1136 4
26537 # 1504
26543 # 1504
26549 # 1504
26555 # 1504
26561 # 1504
26567 # 1504
26567 + 1178
26573 # 1504
26573 - 1178 6
26579 # 1504
26585 # 1504
26591 # 1504
26597 # 1504
26603 # 1504
26607 + 1155
26609 # 1504
26609 - 1155 2
26615 # 1504
26621 # 1504
26627 # 1504
26633 # 1504
26639 # 1504
26645 # 1504
26647 + 1132
26651 # 1504
26651 - 1132 4
26657 # 1504
26663 # 1504
26669 # 1504
26675 # 1504
26681 # 1504
26687 # 1504
26687 + 1194
26693 # 1504
26693 - 1194 6
26699 # 1504
26705 # 1504
26711 # 1504
26717 # 1504
26723 # 1504
26727 + 1267
26729 # 1504
26729 - 1267 2
26735 # 1504
26741 # 1504
26747 # 1504
26753 # 1504
26759 # 1504
26765 # 1504
26767 + 1294
26771 # 1504
26771 - 1294 4
26777 # 1504
26778 + 118
26783 # 1504
26783 - 118 5
26789 # 1504
26795 # 1504
26801 # 1504
26807 # 1504
26807 + 1294
26813 # 1504
26813 - 1294 6
26813 + 146
26819 # 1504
26819 - 146 6
26825 # 1504
26831 # 1504
26837 # 1504
26843 # 1504
26849 # 1504
26855 # 1504
26855 + 1294
26861 # 1504
26861 - 1294 6
26867 # 1504
26873 # 1504
26879 # 1504
26885 # 1504
26887 + 148
26891 # 1504
26891 - 148 4
26897 # 1504
26898 + 1254
26903 # 1504
26903 - 1254 5
26909 # 1504
26915 # 1504
26921 # 1504
26927 # 1504
26927 + 1217
26933 # 1504
26933 - 1217 6
26939 # 1504
26945 # 1504
26951 # 1504
26957 # 1504
26963 # 1504
26967 + 1133
26969 # 1504
26969 - 1133 2
26975 # 1504
26981 # 1504
26987 # 1504
26993 # 1504
26999 # 1504
27005 # 1504
27007 + 1109
27011 # 1504
27011 - 1109 4
27017 # 1504
27023 # 1504
27029 # 1504
27035 # 1504
27041 # 1504
27047 # 1504
27047 + 1182
27053 # 1504
27053 - 1182 6
27059 # 1504
27065 # 1504
27071 # 1504
27077 # 1504
27083 # 1504
27087 + 1151
27089 # 1504
27089 - 1151 2
27095 # 1504
27101 # 1504
27107 # 1504
27113 # 1504
27119 # 1504
27125 # 1504
27127 + 1204
27131 # 1504
27131 - 1204 4
27137 # 1504
27143 # 1504
27149 # 1504
27155 # 1504
27161 # 1504
27167 # 1504
27167 + 1262
27173 # 1504
27173 - 1262 6
27179 # 1504
27185 # 1504
27191 # 1504
27197 # 1504
27203 # 1504
27207 + 1160
27209 # 1504
27209 - 1160 2
27215 # 1504
27221 # 1504
27227 # 1504
27233 # 1504
27239 # 1504
27245 # 1504
27247 + 1128
27251 # 1504
27251 - 1128 4
27257 # 1504
27263 # 1504
27269 # 1504
27275 # 1504
27281 # 1504
27287 # 1504
27287 + 1165
27293 # 1504
27293 - 1165 6
27299 # 1504
27305 # 1504
27311 # 1504
27317 # 1504
27323 # 1504
27327 + 1193
27329 # 1504
27329 - 1193 2
27335 # 1504
27341 # 1504
27347 # 1504
27353 # 1504
27359 # 1504
27365 # 1504
27367 + 1239
27371 # 1504
27371 - 1239 4
27377 # 1504
27383 # 1504
27389 # 1504
27395 # 1504
27401 # 1504
27407 # 1504
27407 + 1151
27413 # 1504
27413 - 1151 6
27419 # 1504
27425 # 1504
27431 # 1504
27437 # 1504
27443 # 1504
27447 + 1180
27449 # 1504
27449 - 1180 2
27455 # 1504
27461 # 1504
27467 # 1504
27473 # 1504
27479 # 1504
27485 # 1504
27487 + 1239
27491 # 1504
27491 - 1239 4
27497 # 1504
27503 # 1504
27509 # 1504
27515 # 1504
27521 # 1504
27527 # 1504
27527 + 1165
27533 # 1504
27533 - 1165 6
27539 # 1504
27545 # 1504
27551 # 1504
27557 # 1504
27563 # 1504
27567 + 1121
27569 # 1504
27569 - 1121 2
27575 # 1504
27581 # 1504
27587 # 1504
27593 # 1504
27599 # 1504
27605 # 1504
27607 + 1114
27611 # 1504
27611 - 1114 4
27617 # 1504
27623 # 1504
27629 # 1504
27635 # 1504
27641 # 1504
27647 # 1504
27647 + 1108
27653 # 1504
27653 - 1108 6
27659 # 1504
27665 # 1504
27671 # 1504
27677 # 1504
27683 # 1504
27687 + 1117
27689 # 1504
27689 - 1117 2
27695 # 1504
27701 # 1504
27707 # 1504
27713 # 1504
27719 # 1504
27725 # 1504
27727 + 1043
27731 # 1504
27731 - 1043 4
27737 # 1504
27743 # 1504
27749 # 1504
27755 # 1504
27761 # 1504
27767 # 1504
27767 + 1039
27773 # 1504
27773 - 1039 6
27779 # 1504
27785 # 1504
27791 # 1504
27797 # 1504
27803 # 1504
27807 + 1012
27809 # 1504
27809 - 1012 2
27815 # 1504
27821 # 1504
27827 # 1504
27833 # 1504
27839 # 1504
27845 # 1504
27847 + 1050
27851 # 1504
27851 - 1050 4
27857 # 1504
27863 # 1504
27869 # 1504
27875 # 1504
27881 # 1504
27887 # 1504
27887 + 1131
27893 # 1504
27893 - 1131 6
27899 # 1504
27905 # 1504
27911 # 1504
27917 # 1504
27923 # 1504
27927 + 1059
27929 # 1504
27929 - 1059 2
27935 # 1504
27941 # 1504
27947 # 1504
27953 # 1504
27959 # 1504
27965 # 1504
27967 + 1081
27971 # 1504
27971 - 1081 4
27977 # 1504
27983 # 1504
27989 # 1504
27995 # 1504
28001 # 1504
28007 # 1504
28007 + 1148
28013 # 1504
28013 - 1148 6
28019 # 1504
28025 # 1504
28031 # 1504
28037 # 1504
28043 # 1504
28047 + 1054
28049 # 1504
28049 - 1054 2
28055 # 1504
28061 # 1504
28067 # 1504
28073 # 1504
28079 # 1504
28085 # 1504
28087 + 1031
28091 # 1504
28091 - 1031 4
28097 # 1504
28103 # 1504
28109 # 1504
28115 # 1504
28121 # 1504
28127 # 1504
28127 + 980
28133 # 1504
28133 - 980 6
28139 # 1504
28145 # 1504
28151 # 1504
28157 # 1504
28163 # 1504
28167 + 1023
28169 # 1504
28169 - 1023 2
28175 # 1504
28181 # 1504
28187 # 1504
28193 # 1504
28199 # 1504
28205 # 1504
28207 + 1051
28211 # 1504
28211 - 1051 4
28217 # 1504
28223 # 1504
28229 # 1504
28235 # 1504
28241 # 1504
28247 # 1504
28247 + 1091
28253 # 1504
28253 - 1091 6
28259 # 1504
28265 # 1504
28271 # 1504
28277 # 1504
28283 # 1504
28287 + 1104
28289 # 1504
28289 - 1104 2
28295 # 1504
28301 # 1504
28307 # 1504
28313 # 1504
28319 # 1504
28325 # 1504
28327 + 1013
28331 # 1504
28331 - 1013 4
28337 # 1504
28343 # 1504
28349 # 1504
28355 # 1504
28361 # 1504
28367 # 1504
28367 + 1039
28373 # 1504
28373 - 1039 6
28379 # 1504
28385 # 1504
28391 # 1504
28397 # 1504
28403 # 1504
28407 + 1058
28409 # 1504
28409 - 1058 2
28415 # 1504
28421 # 1504
28427 # 1504
28433 # 1504
28439 # 1504
28445 # 1504
28447 + 1012
28451 # 1504
28451 - 1012 4
28457 # 1504
28463 # 1504
28469 # 1504
28475 # 1504
28481 # 1504
28487 # 1504
28487 + 932
28493 # 1504
28493 - 932 6
28499 # 1504
28505 # 1504
28511 # 1504
28517 # 1504
28523 # 1504
28527 + 930
28529 # 1504
28529 - 930 2
28535 # 1504
28541 # 1504
28547 # 1504
28553 # 1504
28559 # 1504
28565 # 1504
28567 + 867
28571 # 1504
28571 - 867 4
28577 # 1504
28583 # 1504
28589 # 1504
28595 # 1504
28601 # 1504
28607 # 1504
28607 + 1000
28613 # 1504
28613 - 1000 6
28619 # 1504
28625 # 1504
28631 # 1504
28637 # 1504
28643 # 1504
28647 + 1038
28649 # 1504
28649 - 1038 2
28655 # 1504
28661 # 1504
28667 # 1504
28673 # 1504
28679 # 1504
28685 # 1504
28687 + 1109
28691 # 1504
28691 - 1109 4
28697 # 1504
28703 # 1504
28709 # 1504
28715 # 1504
28721 # 1504
28727 # 1504
28727 + 1190
28733 # 1504
28733 - 1190 6
28739 # 1504
28745 # 1504
28751 # 1504
28757 # 1504
28763 # 1504
28767 + 1259
28769 # 1504
28769 - 1259 2
28775 # 1504
28781 # 1504
28787 # 1504
28793 # 1504
28799 # 1504
28805 # 1504
28807 + 1162
28811 # 1504
28811 - 1162 4
28817 # 1504
28823 # 1504
28829 # 1504
28835 # 1504
28841 # 1504
28847 # 1504
28847 + 1137
28853 # 1504
28853 - 1137 6
28859 # 1504
28865 # 1504
28871 # 1504
28877 # 1504
28883 # 1504
28887 + 1127
28889 # 1504
28889 - 1127 2
28895 # 1504
28901 # 1504
28907 # 1504
28913 # 1504
28919 # 1504
28925 # 1504
28927 + 1176
28931 # 1504
28931 - 1176 4
28937 # 1504
28943 # 1504
28949 # 1504
28955 # 1504
28961 # 1504
28967 # 1504
28967 + 1183
28973 # 1504
28973 - 1183 6
28979 # 1504
28985 # 1504
28991 # 1504
28997 # 1504
29003 # 1504
29007 + 1257
29009 # 1504
29009 - 1257 2
29015 # 1504
29021 # 1504
29027 # 1504
29033 # 1504
29039 # 1504
29045 # 1504
29047 + 1151
29051 # 1504
29051 - 1151 4
29057 # 1504
29063 # 1504
29069 # 1504
29075 # 1504
29081 # 1504
29087 # 1504
29087 + 1093
29093 # 1504
29093 - 1093 6
29099 # 1504
29105 # 1504
29111 # 1504
29117 # 1504
29123 # 1504
29127 + 1166
29129 # 1504
29129 - 1166 2
29135 # 1504
29141 # 1504
29147 # 1504
29153 # 1504
29159 # 1504
29165 # 1504
29167 + 1119
29171 # 1504
29171 - 1119 4
29177 # 1504
29183 # 1504
29189 # 1504
29195 # 1504
29201 # 1504
29207 # 1504
29207 + 1187
29213 # 1504
29213 - 1187 6
29219 # 1504
29225 # 1504
29231 # 1504
29237 # 1504
29243 # 1504
29247 + 1213
29249 # 1504
29249 - 1213 2
29255 # 1504
29261 # 1504
29267 # 1504
29273 # 1504
29279 # 1504
29285 # 1504
29287 + 1178
29291 # 1504
29291 - 1178 4
29297 # 1504
29303 # 1504
29309 # 1504
29315 # 1504
29321 # 1504
29327 # 1504
29327 + 1110
29333 # 1504
29333 - 1110 6
29339 # 1504
29345 # 1504
29351 # 1504
29357 # 1504
29363 # 1504
29367 + 1189
29369 # 1504
29369 - 1189 2
29375 # 1504
29381 # 1504
29387 # 1504
29393 # 1504
29399 # 1504
29405 # 1504
29407 + 1089
29411 # 1504
29411 - 1089 4
29417 # 1504
29423 # 1504
29429 # 1504
29435 # 1504
29441 # 1504
29447 # 1504
29447 + 1154
29453 # 1504
29453 - 1154 6
29459 # 1504
29465 # 1504
29471 # 1504
29477 # 1504
29483 # 1504
29487 + 1160
29489 # 1504
29489 - 1160 2
29495 # 1504
29501 # 1504
29507 # 1504
29513 # 1504
29519 # 1504
29525 # 1504
29527 + 1182
29531 # 1504
29531 - 1182 4
29537 # 1504
29543 # 1504
29549 # 1504
29555 # 1504
29561 # 1504
29567 # 1504
29567 + 1239
29573 # 1504
29573 - 1239 6
29579 # 1504
29585 # 1504
29591 # 1504
29597 # 1504
29603 # 1504
29607 + 1142
29609 # 1504
29609 - 1142 2
29615 # 1504
29621 # 1504
29627 # 1504
29633 # 1504
29639 # 1504
29645 # 1504
29647 + 1082
29651 # 1504
29651 - 1082 4
29657 # 1504
29663 # 1504
29669 # 1504
29675 # 1504
29681 # 1504
29687 # 1504
29687 + 1011
29693 # 1504
29693 - 1011 6
29699 # 1504
29705 # 1504
29711 # 1504
29717 # 1504
29723 # 1504
29727 + 964
29729 # 1504
29729 - 964 2
29735 # 1504
29741 # 1504
29747 # 1504
29753 # 1504
29759 # 1504
29765 # 1504
29767 + 1007
29771 # 1504
29771 - 1007 4
29777 # 1504
29783 # 1504
29789 # 1504
29795 # 1504
29801 # 1504
29807 # 1504
29807 + 957
29813 # 1504
29813 - 957 6
29819 # 1504
29825 # 1504
29831 # 1504
29837 # 1504
29843 # 1504
29847 + 906
29849 # 1504
29849 - 906 2
29855 # 1504
29861 # 1504
29867 # 1504
29873 # 1504
29879 # 1504
29885 # 1504
29887 + 889
29891 # 1504
29891 - 889 4
29897 # 1504
29903 # 1504
29909 # 1504
29915 # 1504
29921 # 1504
29927 # 1504
29927 + 1020
29933 # 1504
29933 - 1020 6
29939 # 1504
29945 # 1504
29951 # 1504
29957 # 1504
29963 # 1504
29967 + 936
29969 # 1504
29969 - 936 2
29975 # 1504
29981 # 1504
29987 # 1504
29993 # 1504
29999 # 1504
30005 # 1504
30007 + 904
30011 # 1504
30011 - 904 4
30017 # 1504
30023 # 1504
30029 # 1504
30035 # 1504
30041 # 1504
30047 # 1504
30047 + 872
30053 # 1504
30053 - 872 6
30059 # 1504
30065 # 1504
30071 # 1504
30077 # 1504
30083 # 1504
30087 + 909
30089 # 1504
30089 - 909 2
30095 # 1504
30101 # 1504
30107 # 1504
30113 # 1504
30119 # 1504
30125 # 1504
30127 + 984
30131 # 1504
30131 - 984 4
30137 # 1504
30143 # 1504
30149 # 1504
30155 # 1504
30161 # 1504
30167 # 1504
30167 + 1100
30173 # 1504
30173 - 1100 6
30179 # 1504
30185 # 1504
30191 # 1504
30197 # 1504
30203 # 1504
30207 + 1021
30209 # 1504
30209 - 1021 2
30215 # 1504
30221 # 1504
30227 # 1504
30233 # 1504
30239 # 1504
30245 # 1504
30247 + 1068
30251 # 1504
30251 - 1068 4
30257 # 1504
30263 # 1504
30269 # 1504
30275 # 1504
30281 # 1504
30287 # 1504
30287 + 993
30293 # 1504
30293 - 993 6
30299 # 1504
30305 # 1504
30311 # 1504
30317 # 1504
30323 # 1504
30327 + 997
30329 # 1504
30329 - 997 2
30335 # 1504
30341 # 1504
30347 # 1504
30353 # 1504
30359 # 1504
30365 # 1504
30367 + 1023
30371 # 1504
30371 - 1023 4
30377 # 1504
30383 # 1504
30389 # 1504
30395 # 1504
30401 # 1504
30407 # 1504
30407 + 1030
30413 # 1504
30413 - 1030 6
30419 # 1504
30425 # 1504
30431 # 1504
30437 # 1504
30443 # 1504
30447 + 1007
30449 # 1504
30449 - 1007 2
30455 # 1504
30461 # 1504
30467 # 1504
30473 # 1504
30479 # 1504
30485 # 1504
30487 + 979
30491 # 1504
30491 - 979 4
30497 # 1504
30503 # 1504
30509 # 1504
30515 # 1504
30521 # 1504
30527 # 1504
30527 + 1096
30533 # 1504
30533 - 1096 6
30539 # 1504
30545 # 1504
30551 # 1504
30557 # 1504
30563 # 1504
30567 + 1116
30569 # 1504
30569 - 1116 2
30575 # 1504
30581 # 1504
30587 # 1504
30593 # 1504
30599 # 1504
30605 # 1504
30607 + 1055
30611 # 1504
30611 - 1055 4
30617 # 1504
30623 # 1504
30629 # 1504
30635 # 1504
30641 # 1504
30647 # 1504
30647 + 974
30653 # 1504
30653 - 974 6
30659 # 1504
30665 # 1504
30671 # 1504
30677 # 1504
30683 # 1504
30687 + 991
30689 # 1504
30689 - 991 2
30695 # 1504
30701 # 1504
30707 # 1504
30713 # 1504
30719 # 1504
30725 # 1504
30727 + 1084
30731 # 1504
30731 - 1084 4
30737 # 1504
30743 # 1504
30749 # 1504
30755 # 1504
30761 # 1504
30767 # 1504
30767 + 1145
30773 # 1504
30773 - 1145 6
30779 # 1504
30785 # 1504
30791 # 1504
30797 # 1504
30803 # 1504
30807 + 1112
30809 # 1504
30809 - 1112 2
30815 # 1504
30821 # 1504
30827 # 1504
30833 # 1504
30839 # 1504
30845 # 1504
30847 + 1218
30851 # 1504
30851 - 1218 4
30857 # 1504
30863 # 1504
30869 # 1504
30875 # 1504
30881 # 1504
30887 # 1504
30887 + 1102
30893 # 1504
30893 - 1102 6
30899 # 1504
30905 # 1504
30911 # 1504
30917 # 1504
30923 # 1504
30927 + 1112
30929 # 1504
30929 - 1112 2
30935 # 1504
30941 # 1504
30947 # 1504
30953 # 1504
30959 # 1504
30965 # 1504
30967 + 1049
30971 # 1504
30971 - 1049 4
30977 # 1504
30983 # 1504
30985 + 52
30989 # 1504
30989 - 52 4
30995 # 1504
31001 # 1504
31007 # 1504
31007 + 1094
31013 # 1504
31013 - 1094 6
31019 # 1504
31025 # 1504
31031 # 1504
31037 # 1504
31043 # 1504
31047 + 1140
31049 # 1504
31049 - 1140 2
31055 # 1504
31061 # 1504
31067 # 1504
31073 # 1504
31079 # 1504
31085 # 1504
31087 + 1097
31091 # 1504
31091 - 1097 4
31097 # 1504
31103 # 1504
31109 # 1504
31115 # 1504
31121 # 1504
31127 # 1504
31127 + 1178
31133 # 1504
31133 - 1178 6
31139 # 1504
31145 # 1504
31151 # 1504
31157 # 1504
31163 # 1504
31167 + 1195
31169 # 1504
31169 - 1195 2
31175 # 1504
31181 # 1504
31187 # 1504
31193 # 1504
31199 # 1504
31205 # 1504
31207 + 1144
31211 # 1504
31211 - 1144 4
31217 # 1504
31223 # 1504
31229 # 1504
31235 # 1504
31241 # 1504
31247 # 1504
31247 + 1042
31253 # 1504
31253 - 1042 6
31259 # 1504
31265 # 1504
31271 # 1504
31277 # 1504
31283 # 1504
31287 + 1109
31289 # 1504
31289 - 1109 2
31295 # 1504
31301 # 1504
31307 # 1504
31313 # 1504
31319 # 1504
31325 # 1504
31327 + 1167
31331 # 1504
31331 - 1167 4
31337 # 1504
31343 # 1504
31349 # 1504
31355 # 1504
31361 # 1504
31367 # 1504
31367 + 1191
31373 # 1504
31373 - 1191 6
31379 # 1504
31385 # 1504
31391 # 1504
31397 # 1504
31403 # 1504
31407 + 1210
31409 # 1504
31409 - 1210 2
31415 # 1504
31421 # 1504
31427 # 1504
31433 # 1504
31439 # 1504
31445 # 1504
31447 + 1266
31451 # 1504
31451 - 1266 4
31457 # 1504
31463 # 1504
31469 # 1504
31475 # 1504
31481 # 1504
31487 # 1504
31487 + 1190
31493 # 1504
31493 - 1190 6
31499 # 1504
31505 # 1504
31511 # 1504
31517 # 1504
31523 # 1504
31527 + 1221
31529 # 1504
31529 - 1221 2
31535 # 1504
31541 # 1504
31547 # 1504
31553 # 1504
31559 # 1504
31565 # 1504
31567 + 1149
31571 # 1504
31571 - 1149 4
31577 # 1504
31583 # 1504
31589 # 1504
31595 # 1504
31601 # 1504
31607 # 1504
31607 + 1192
31613 # 1504
31613 - 1192 6
31619 # 1504
31625 # 1504
31631 # 1504
31637 # 1504
31643 # 1504
31647 + 1109
31649 # 1504
31649 - 1109 2
31655 # 1504
31661 # 1504
31667 # 1504
31673 # 1504
31679 # 1504
31685 # 1504
31687 + 1117
31691 # 1504
31691 - 1117 4
31697 # 1504
31703 # 1504
31709 # 1504
31715 # 1504
31721 # 1504
31727 # 1504
31727 + 1019
31733 # 1504
31733 - 1019 6
31739 # 1504
31745 # 1504
31751 # 1504
31757 # 1504
31763 # 1504
31767 + 952
31769 # 1504
31769 - 952 2
31775 # 1504
31781 # 1504
31787 # 1504
31793 # 1504
31799 # 1504
31805 # 1504
31807 + 909
31811 # 1504
31811 - 909 4
31817 # 1504
31823 # 1504
31829 # 1504
31835 # 1504
31841 # 1504
31847 # 1504
31847 + 895
31853 # 1504
31853 - 895 6
31859 # 1504
31865 # 1504
31871 # 1504
31877 # 1504
31883 # 1504
31887 + 860
31889 # 1504
31889 - 860 2
31895 # 1504
31901 # 1504
31907 # 1504
31913 # 1504
31919 # 1504
31925 # 1504
31927 + 927
31931 # 1504
31931 - 927 4
31937 # 1504
31943 # 1504
31949 # 1504
31955 # 1504
31961 # 1504
31967 # 1504
31967 + 879
31973 # 1504
31973 - 879 6
31979 # 1504
31985 # 1504
31991 # 1504
31997 # 1504
32003 # 1504
32007 + 1000
32009 # 1504
32009 - 1000 2
32015 # 1504
32021 # 1504
32027 # 1504
32033 # 1504
32039 # 1504
32045 # 1504
32047 + 1119
32051 # 1504
32051 - 1119 4
32057 # 1504
32063 # 1504
32069 # 1504
32075 # 1504
32081 # 1504
32087 # 1504
32087 + 1033
32093 # 1504
32093 - 1033 6
32099 # 1504
32105 # 1504
32111 # 1504
32117 # 1504
32123 # 1504
32127 + 1135
32129 # 1504
32129 - 1135 2
32135 # 1504
32141 # 1504
32147 # 1504
32153 # 1504
32159 # 1504
32165 # 1504
32167 + 1127
32171 # 1504
32171 - 1127 4
32177 # 1504
32183 # 1504
32189 # 1504
32195 # 1504
32201 # 1504
32207 # 1504
32207 + 1075
32213 # 1504
32213 - 1075 6
32219 # 1504
32225 # 1504
32231 # 1504
32237 # 1504
32243 # 1504
32247 + 1101
32249 # 1504
32249 - 1101 2
32255 # 1504
32261 # 1504
32267 # 1504
32273 # 1504
32279 # 1504
32285 # 1504
32287 + 1034
32291 # 1504
32291 - 1034 4
32297 # 1504
32303 # 1504
32309 # 1504
32315 # 1504
32321 # 1504
32327 # 1504
32327 + 1066
32333 # 1504
32333 - 1066 6
32339 # 1504
32345 # 1504
32351 # 1504
32357 # 1504
32363 # 1504
32367 + 1071
32369 # 1504
32369 - 1071 2
32375 # 1504
32381 # 1504
32387 # 1504
32393 # 1504
32399 # 1504
32405 # 1504
32407 + 1142
32411 # 1504
32411 - 1142 4
32417 # 1504
32423 # 1504
32429 # 1504
32435 # 1504
32441 # 1504
32447 # 1504
32447 + 1222
32453 # 1504
32453 - 1222 6
32459 # 1504
32465 # 1504
32471 # 1504
32477 # 1504
32483 # 1504
32487 + 1205
32489 # 1504
32489 - 1205 2
32495 # 1504
32501 # 1504
32507 # 1504
32513 # 1504
32519 # 1504
32525 # 1504
32527 + 1200
32531 # 1504
32531 - 1200 4
32537 # 1504
32543 # 1504
32549 # 1504
32555 # 1504
32561 # 1504
32567 # 1504
32567 + 1223
32573 # 1504
32573 - 1223 6
32579 # 1504
32585 # 1504
32591 # 1504
32597 # 1504
32603 # 1504
32607 + 1144
32609 # 1504
32609 - 1144 2
32615 # 1504
32621 # 1504
32627 # 1504
32633 # 1504
32639 # 1504
32645 # 1504
32647 + 1083
32651 # 1504
32651 - 1083 4
32657 # 1504
32663 # 1504
32669 # 1504
32675 # 1504
32681 # 1504
32687 # 1504
32687 + 1108
32693 # 1504
32693 - 1108 6
32699 # 1504
32705 # 1504
32711 # 1504
32717 # 1504
32723 # 1504
32727 + 1113
32729 # 1504
32729 - 1113 2
32735 # 1504
32741 # 1504
32747 # 1504
32753 # 1504
32759 # 1504
32765 # 1504
32767 + 1010
32771 # 1504
32771 - 1010 4
32777 # 1504
32783 # 1504
32789 # 1504
32795 # 1504
32801 # 1504
32807 # 1504
32807 + 1111
32813 # 1504
32813 - 1111 6
32819 # 1504
32825 # 1504
32831 # 1504
32837 # 1504
32843 # 1504
32847 + 1076
32849 # 1504
32849 - 1076 2
32855 # 1504
32861 # 1504
32867 # 1504
32873 # 1504
32879 # 1504
32885 # 1504
32887 + 1021
32891 # 1504
32891 - 1021 4
32897 # 1504
32903 # 1504
32909 # 1504
32915 # 1504
32921 # 1504
32927 # 1504
32927 + 1040
32933 # 1504
32933 - 1040 6
32939 # 1504
32945 # 1504
32951 # 1504
32957 # 1504
32963 # 1504
32967 + 1030
32969 # 1504
32969 - 1030 2
32975 # 1504
32981 # 1504
32987 # 1504
32993 # 1504
32999 # 1504
33005 # 1504
33007 + 1006
33011 # 1504
33011 - 1006 4
33017 # 1504
33023 # 1504
33029 # 1504
33035 # 1504
33041 # 1504
33047 # 1504
33047 + 1061
33053 # 1504
33053 - 1061 6
33059 # 1504
33065 # 1504
33071 # 1504
33077 # 1504
33083 # 1504
33087 + 1097
33089 # 1504
33089 - 1097 2
33095 # 1504
33101 # 1504
33107 # 1504
33113 # 1504
33119 # 1504
33125 # 1504
33127 + 1087
33131 # 1504
33131 - 1087 4
33137 # 1504
33143 # 1504
33149 # 1504
33155 # 1504
33161 # 1504
33167 # 1504
33167 + 1044
33173 # 1504
33173 - 1044 6
33179 # 1504
33185 # 1504
33191 # 1504
33197 # 1504
33203 # 1504
33207 + 1096
33209 # 1504
33209 - 1096 2
33215 # 1504
33221 # 1504
33227 # 1504
33233 # 1504
33239 # 1504
33245 # 1504
33247 + 1063
33251 # 1504
33251 - 1063 4
33257 # 1504
33263 # 1504
33269 # 1504
33275 # 1504
33281 # 1504
33287 # 1504
33287 + 1013
33293 # 1504
33293 - 1013 6
33299 # 1504
33305 # 1504
33311 # 1504
33317 # 1504
33323 # 1504
33327 + 1083
33329 # 1504
33329 - 1083 2
33335 # 1504
33341 # 1504
33347 # 1504
33353 # 1504
33359 # 1504
33365 # 1504
33367 + 1038
33371 # 1504
33371 - 1038 4
33377 # 1504
33383 # 1504
33389 # 1504
33395 # 1504
33401 # 1504
33407 # 1504
33413 # 1504
33419 # 1504
33425 # 1504
