# init timestamp: 1646989571609.000
41.000 # 1500
47.000 # 1500
53.000 # 1500
59.000 # 1500
65.000 # 1500
71.000 # 1500
77.000 # 1500
83.000 # 1500
89.000 # 1500
95.000 # 1500
101.000 # 1500
107.000 # 1500
113.000 # 1500
119.000 # 1500
125.000 # 1500
131.000 # 1500
137.000 # 1500
143.000 # 1500
149.000 # 1500
155.000 # 1500
161.000 # 1500
167.000 # 1500
173.000 # 1500
179.000 # 1500
185.000 # 1500
191.000 # 1500
197.000 # 1500
203.000 # 1500
209.000 # 1500
215.000 # 1500
221.000 # 1500
227.000 # 1500
233.000 # 1500
239.000 # 1500
245.000 # 1500
251.000 # 1500
257.000 # 1500
263.000 # 1500
269.000 # 1500
275.000 # 1500
281.000 # 1500
287.000 # 1500
293.000 # 1500
299.000 # 1500
305.000 # 1500
311.000 # 1500
317.000 # 1500
323.000 # 1500
329.000 # 1500
335.000 # 1500
341.000 # 1500
347.000 # 1500
353.000 # 1500
359.000 # 1500
365.000 # 1500
371.000 # 1500
377.000 # 1500
383.000 # 1500
389.000 # 1500
395.000 # 1500
401.000 # 1500
407.000 # 1500
413.000 # 1500
419.000 # 1500
425.000 # 1500
431.000 # 1500
437.000 # 1500
443.000 # 1500
449.000 # 1500
455.000 # 1500
461.000 # 1500
467.000 # 1500
473.000 # 1500
479.000 # 1500
485.000 # 1500
491.000 # 1500
497.000 # 1500
503.000 # 1500
509.000 # 1500
515.000 # 1500
521.000 # 1500
527.000 # 1500
533.000 # 1500
539.000 # 1500
545.000 # 1500
551.000 # 1500
557.000 # 1500
563.000 # 1500
569.000 # 1500
575.000 # 1500
581.000 # 1500
587.000 # 1500
593.000 # 1500
599.000 # 1500
605.000 # 1500
611.000 # 1500
617.000 # 1500
623.000 # 1500
629.000 # 1500
635.000 # 1500
641.000 # 1500
647.000 # 1500
653.000 # 1500
659.000 # 1500
665.000 # 1500
671.000 # 1500
677.000 # 1500
683.000 # 1500
689.000 # 1500
695.000 # 1500
701.000 # 1500
707.000 # 1500
713.000 # 1500
719.000 # 1500
725.000 # 1500
731.000 # 1500
737.000 # 1500
743.000 # 1500
749.000 # 1500
755.000 # 1500
761.000 # 1500
767.000 # 1500
773.000 # 1500
779.000 # 1500
785.000 # 1500
791.000 # 1500
797.000 # 1500
803.000 # 1500
809.000 # 1500
815.000 # 1500
821.000 # 1500
827.000 # 1500
833.000 # 1500
839.000 # 1500
845.000 # 1500
850.571 + 101 1
851.000 # 1500
857.000 # 1500
863.000 # 1500
869.000 # 1500
875.000 # 1500
881.000 # 1500
887.000 # 1500
893.000 # 1500
899.000 # 1500
905.000 # 1500
911.000 # 1500
917.000 # 1500
923.000 # 1500
929.000 # 1500
935.000 # 1500
941.000 # 1500
947.000 # 1500
951.356 - 101 100.785 1
953.000 # 1500
959.000 # 1500
965.000 # 1500
971.000 # 1500
977.000 # 1500
983.000 # 1500
989.000 # 1500
995.000 # 1500
1001.000 # 1500
1007.000 # 1500
1013.000 # 1500
1019.000 # 1500
1025.000 # 1500
1031.000 # 1500
1037.000 # 1500
1043.000 # 1500
1049.000 # 1500
1055.000 # 1500
1061.000 # 1500
1067.000 # 1500
1073.000 # 1500
1079.000 # 1500
1085.000 # 1500
1091.000 # 1500
1097.000 # 1500
1103.000 # 1500
1109.000 # 1500
1115.000 # 1500
1121.000 # 1500
1127.000 # 1500
1133.000 # 1500
1139.000 # 1500
1145.000 # 1500
1151.000 # 1500
1157.000 # 1500
1163.000 # 1500
1169.000 # 1500
1175.000 # 1500
1181.000 # 1500
1187.000 # 1500
1193.000 # 1500
1199.000 # 1500
1205.000 # 1500
1211.000 # 1500
1217.000 # 1500
1223.000 # 1500
1229.000 # 1500
1235.000 # 1500
1241.000 # 1500
1247.000 # 1500
1253.000 # 1500
1259.000 # 1500
1265.000 # 1500
1271.000 # 1500
1277.000 # 1500
1283.000 # 1500
1289.000 # 1500
1295.000 # 1500
1301.000 # 1500
1307.000 # 1500
1313.000 # 1500
1319.000 # 1500
1325.000 # 1500
1331.000 # 1500
1337.000 # 1500
1343.000 # 1500
1349.000 # 1500
1355.000 # 1500
1361.000 # 1500
1367.000 # 1500
1373.000 # 1500
1379.000 # 1500
1385.000 # 1500
1391.000 # 1500
1397.000 # 1500
1403.000 # 1500
1409.000 # 1500
1415.000 # 1500
1421.000 # 1500
1427.000 # 1500
1433.000 # 1500
1439.000 # 1500
1445.000 # 1500
1451.000 # 1500
1457.000 # 1500
1463.000 # 1500
1469.000 # 1500
1475.000 # 1500
1481.000 # 1500
1487.000 # 1500
1493.000 # 1500
1499.000 # 1500
1505.000 # 1500
1511.000 # 1500
1517.000 # 1500
1523.000 # 1500
1529.000 # 1500
1535.000 # 1500
1541.000 # 1500
1547.000 # 1500
1553.000 # 1500
1559.000 # 1500
1565.000 # 1500
1571.000 # 1500
1577.000 # 1500
1583.000 # 1500
1589.000 # 1500
1595.000 # 1500
1601.000 # 1500
1607.000 # 1500
1613.000 # 1500
1619.000 # 1500
1625.000 # 1500
1631.000 # 1500
1637.000 # 1500
1643.000 # 1500
1649.000 # 1500
1655.000 # 1500
1661.000 # 1500
1667.000 # 1500
1673.000 # 1500
1679.000 # 1500
1685.000 # 1500
1691.000 # 1500
1697.000 # 1500
1703.000 # 1500
1709.000 # 1500
1715.000 # 1500
1721.000 # 1500
1727.000 # 1500
1733.000 # 1500
1739.000 # 1500
1745.000 # 1500
1751.000 # 1500
1757.000 # 1500
1763.000 # 1500
1769.000 # 1500
1775.000 # 1500
1781.000 # 1500
1787.000 # 1500
1793.000 # 1500
1799.000 # 1500
1805.000 # 1500
1811.000 # 1500
1817.000 # 1500
1823.000 # 1500
1829.000 # 1500
1835.000 # 1500
1841.000 # 1500
1847.000 # 1500
1853.000 # 1500
1859.000 # 1500
1865.000 # 1500
1871.000 # 1500
1877.000 # 1500
1883.000 # 1500
1889.000 # 1500
1895.000 # 1500
1901.000 # 1500
1907.000 # 1500
1913.000 # 1500
1919.000 # 1500
1925.000 # 1500
1931.000 # 1500
1937.000 # 1500
1943.000 # 1500
1949.000 # 1500
1955.000 # 1500
1961.000 # 1500
1967.000 # 1500
1973.000 # 1500
1979.000 # 1500
1985.000 # 1500
1991.000 # 1500
1997.000 # 1500
2003.000 # 1500
2009.000 # 1500
2015.000 # 1500
2021.000 # 1500
2027.000 # 1500
2033.000 # 1500
2039.000 # 1500
2045.000 # 1500
2051.000 # 1500
2057.000 # 1500
2063.000 # 1500
2069.000 # 1500
2075.000 # 1500
2081.000 # 1500
2087.000 # 1500
2093.000 # 1500
2099.000 # 1500
2105.000 # 1500
2111.000 # 1500
2117.000 # 1500
2123.000 # 1500
2129.000 # 1500
2135.000 # 1500
2141.000 # 1500
2147.000 # 1500
2153.000 # 1500
2159.000 # 1500
2165.000 # 1500
2171.000 # 1500
2177.000 # 1500
2183.000 # 1500
2189.000 # 1500
2195.000 # 1500
2201.000 # 1500
2207.000 # 1500
2213.000 # 1500
2219.000 # 1500
2225.000 # 1500
2231.000 # 1500
2237.000 # 1500
2243.000 # 1500
2249.000 # 1500
2255.000 # 1500
2261.000 # 1500
2267.000 # 1500
2273.000 # 1500
2279.000 # 1500
2285.000 # 1500
2291.000 # 1500
2297.000 # 1500
2303.000 # 1500
2309.000 # 1500
2315.000 # 1500
2321.000 # 1500
2327.000 # 1500
2333.000 # 1500
2339.000 # 1500
2345.000 # 1500
2351.000 # 1500
2357.000 # 1500
2363.000 # 1500
2369.000 # 1500
2375.000 # 1500
2381.000 # 1500
2387.000 # 1500
2393.000 # 1500
2399.000 # 1500
2405.000 # 1500
2411.000 # 1500
2417.000 # 1500
2423.000 # 1500
2429.000 # 1500
2435.000 # 1500
2441.000 # 1500
2447.000 # 1500
2453.000 # 1500
2459.000 # 1500
2465.000 # 1500
2471.000 # 1500
2477.000 # 1500
2483.000 # 1500
2489.000 # 1500
2495.000 # 1500
2501.000 # 1500
2507.000 # 1500
2513.000 # 1500
2519.000 # 1500
2525.000 # 1500
2531.000 # 1500
2537.000 # 1500
2543.000 # 1500
2549.000 # 1500
2555.000 # 1500
2561.000 # 1500
2567.000 # 1500
2573.000 # 1500
2579.000 # 1500
2585.000 # 1500
2591.000 # 1500
2597.000 # 1500
2603.000 # 1500
2609.000 # 1500
2615.000 # 1500
2621.000 # 1500
2627.000 # 1500
2633.000 # 1500
2639.000 # 1500
2645.000 # 1500
2651.000 # 1500
2657.000 # 1500
2663.000 # 1500
2669.000 # 1500
2675.000 # 1500
2681.000 # 1500
2687.000 # 1500
2693.000 # 1500
2699.000 # 1500
2705.000 # 1500
2711.000 # 1500
2717.000 # 1500
2723.000 # 1500
2729.000 # 1500
2735.000 # 1500
2741.000 # 1500
2747.000 # 1500
2753.000 # 1500
2759.000 # 1500
2765.000 # 1500
2771.000 # 1500
2777.000 # 1500
2783.000 # 1500
2789.000 # 1500
2795.000 # 1500
2801.000 # 1500
2807.000 # 1500
2813.000 # 1500
2819.000 # 1500
2825.000 # 1500
2831.000 # 1500
2837.000 # 1500
2843.000 # 1500
2849.000 # 1500
2855.000 # 1500
2861.000 # 1500
2867.000 # 1500
2873.000 # 1500
2879.000 # 1500
2885.000 # 1500
2891.000 # 1500
2897.000 # 1500
2903.000 # 1500
2909.000 # 1500
2915.000 # 1500
2921.000 # 1500
2927.000 # 1500
2933.000 # 1500
2939.000 # 1500
2945.000 # 1500
2951.000 # 1500
2957.000 # 1500
2963.000 # 1500
2969.000 # 1500
2975.000 # 1500
2981.000 # 1500
2987.000 # 1500
2993.000 # 1500
2999.000 # 1500
3005.000 # 1500
3011.000 # 1500
3017.000 # 1500
3023.000 # 1500
3029.000 # 1500
3035.000 # 1500
3041.000 # 1500
3047.000 # 1500
3053.000 # 1500
3059.000 # 1500
3065.000 # 1500
3071.000 # 1500
3077.000 # 1500
3083.000 # 1500
3089.000 # 1500
3095.000 # 1500
3101.000 # 1500
3107.000 # 1500
3113.000 # 1500
3119.000 # 1500
3125.000 # 1500
3131.000 # 1500
3137.000 # 1500
3143.000 # 1500
3149.000 # 1500
3155.000 # 1500
3161.000 # 1500
3167.000 # 1500
3173.000 # 1500
3179.000 # 1500
3185.000 # 1500
3191.000 # 1500
3197.000 # 1500
3203.000 # 1500
3209.000 # 1500
3215.000 # 1500
3221.000 # 1500
3227.000 # 1500
3233.000 # 1500
3239.000 # 1500
3245.000 # 1500
3251.000 # 1500
3257.000 # 1500
3263.000 # 1500
3269.000 # 1500
3275.000 # 1500
3281.000 # 1500
3287.000 # 1500
3293.000 # 1500
3299.000 # 1500
3305.000 # 1500
3311.000 # 1500
3317.000 # 1500
3323.000 # 1500
3329.000 # 1500
3335.000 # 1500
3341.000 # 1500
3347.000 # 1500
3353.000 # 1500
3359.000 # 1500
3365.000 # 1500
3371.000 # 1500
3377.000 # 1500
3383.000 # 1500
3389.000 # 1500
3395.000 # 1500
3401.000 # 1500
3407.000 # 1500
3413.000 # 1500
3419.000 # 1500
3425.000 # 1500
3431.000 # 1500
3437.000 # 1500
3443.000 # 1500
3449.000 # 1500
3455.000 # 1500
3461.000 # 1500
3467.000 # 1500
3473.000 # 1500
3479.000 # 1500
3485.000 # 1500
3491.000 # 1500
3497.000 # 1500
3503.000 # 1500
3509.000 # 1500
3515.000 # 1500
3521.000 # 1500
3527.000 # 1500
3533.000 # 1500
3539.000 # 1500
3545.000 # 1500
3551.000 # 1500
3557.000 # 1500
3563.000 # 1500
3569.000 # 1500
3575.000 # 1500
3581.000 # 1500
3587.000 # 1500
3593.000 # 1500
3599.000 # 1500
3605.000 # 1500
3611.000 # 1500
3617.000 # 1500
3623.000 # 1500
3629.000 # 1500
3635.000 # 1500
3641.000 # 1500
3647.000 # 1500
3653.000 # 1500
3659.000 # 1500
3665.000 # 1500
3671.000 # 1500
3677.000 # 1500
3683.000 # 1500
3689.000 # 1500
3695.000 # 1500
3701.000 # 1500
3707.000 # 1500
3713.000 # 1500
3719.000 # 1500
3725.000 # 1500
3731.000 # 1500
3737.000 # 1500
3743.000 # 1500
3749.000 # 1500
3755.000 # 1500
3761.000 # 1500
3767.000 # 1500
3773.000 # 1500
3779.000 # 1500
3785.000 # 1500
3791.000 # 1500
3797.000 # 1500
3803.000 # 1500
3809.000 # 1500
3815.000 # 1500
3821.000 # 1500
3827.000 # 1500
3833.000 # 1500
3839.000 # 1500
3845.000 # 1500
3851.000 # 1500
3857.000 # 1500
3863.000 # 1500
3869.000 # 1500
3875.000 # 1500
3881.000 # 1500
3886.167 + 104 1
3887.000 # 1500
3893.000 # 1500
3897.271 + 76 1
3899.000 # 1500
3905.000 # 1500
3911.000 # 1500
3917.000 # 1500
3923.000 # 1500
3929.000 # 1500
3935.000 # 1500
3941.000 # 1500
3947.000 # 1500
3953.000 # 1500
3953.343 + 76 1
3953.401 + 76 1
3953.447 + 129 1
3953.464 + 101 1
3959.000 # 1500
3965.000 # 1500
3971.000 # 1500
3977.000 # 1500
3983.000 # 1500
3987.923 - 104 101.756 1
3989.000 # 1500
3995.000 # 1500
4000.037 - 76 102.766 1
4001.000 # 1500
4007.000 # 1500
4013.000 # 1500
4019.000 # 1500
4025.000 # 1500
4031.000 # 1500
4037.000 # 1500
4043.000 # 1500
4049.000 # 1500
4055.000 # 1500
4060.168 - 76 106.825 1
4060.234 - 76 106.833 1
4060.258 - 129 106.811 1
4060.280 - 101 106.816 1
4061.000 # 1500
4067.000 # 1500
4073.000 # 1500
4079.000 # 1500
4085.000 # 1500
4091.000 # 1500
4097.000 # 1500
4103.000 # 1500
4109.000 # 1500
4115.000 # 1500
4121.000 # 1500
4127.000 # 1500
4133.000 # 1500
4139.000 # 1500
4145.000 # 1500
4151.000 # 1500
4157.000 # 1500
4163.000 # 1500
4169.000 # 1500
4175.000 # 1500
4181.000 # 1500
4187.000 # 1500
4193.000 # 1500
4199.000 # 1500
4205.000 # 1500
4211.000 # 1500
4217.000 # 1500
4223.000 # 1500
4229.000 # 1500
4235.000 # 1500
4241.000 # 1500
4247.000 # 1500
4253.000 # 1500
4259.000 # 1500
4265.000 # 1500
4271.000 # 1500
4277.000 # 1500
4283.000 # 1500
4289.000 # 1500
4295.000 # 1500
4301.000 # 1500
4307.000 # 1500
4313.000 # 1500
4319.000 # 1500
4325.000 # 1500
4331.000 # 1500
4337.000 # 1500
4343.000 # 1500
4349.000 # 1500
4355.000 # 1500
4361.000 # 1500
4367.000 # 1500
4373.000 # 1500
4379.000 # 1500
4385.000 # 1500
4391.000 # 1500
4397.000 # 1500
4403.000 # 1500
4409.000 # 1500
4415.000 # 1500
4421.000 # 1500
4427.000 # 1500
4433.000 # 1500
4439.000 # 1500
4445.000 # 1500
4451.000 # 1500
4457.000 # 1500
4463.000 # 1500
4469.000 # 1500
4475.000 # 1500
4481.000 # 1500
4487.000 # 1500
4493.000 # 1500
4499.000 # 1500
4505.000 # 1500
4511.000 # 1500
4517.000 # 1500
4523.000 # 1500
4529.000 # 1500
4535.000 # 1500
4541.000 # 1500
4547.000 # 1500
4553.000 # 1500
4559.000 # 1500
4565.000 # 1500
4571.000 # 1500
4577.000 # 1500
4583.000 # 1500
4589.000 # 1500
4595.000 # 1500
4601.000 # 1500
4607.000 # 1500
4613.000 # 1500
4619.000 # 1500
4625.000 # 1500
4631.000 # 1500
4637.000 # 1500
4643.000 # 1500
4649.000 # 1500
4655.000 # 1500
4661.000 # 1500
4667.000 # 1500
4667.650 + 76 1
4673.000 # 1500
4679.000 # 1500
4685.000 # 1500
4691.000 # 1500
4697.000 # 1500
4703.000 # 1500
4709.000 # 1500
4715.000 # 1500
4721.000 # 1500
4727.000 # 1500
4733.000 # 1500
4733.319 + 76 1
4739.000 # 1500
4745.000 # 1500
4751.000 # 1500
4757.000 # 1500
4763.000 # 1500
4769.000 # 1500
4773.865 - 76 106.215 1
4775.000 # 1500
4781.000 # 1500
4787.000 # 1500
4793.000 # 1500
4799.000 # 1500
4805.000 # 1500
4811.000 # 1500
4817.000 # 1500
4823.000 # 1500
4829.000 # 1500
4835.000 # 1500
4840.002 - 76 106.683 1
4841.000 # 1500
4847.000 # 1500
4853.000 # 1500
4859.000 # 1500
4865.000 # 1500
4871.000 # 1500
4877.000 # 1500
4883.000 # 1500
4886.754 + 104 1
4889.000 # 1500
4895.000 # 1500
4901.000 # 1500
4907.000 # 1500
4913.000 # 1500
4919.000 # 1500
4925.000 # 1500
4931.000 # 1500
4937.000 # 1500
4943.000 # 1500
4949.000 # 1500
4955.000 # 1500
4961.000 # 1500
4967.000 # 1500
4973.000 # 1500
4979.000 # 1500
4985.000 # 1500
4990.293 - 104 103.539 1
4991.000 # 1500
4997.000 # 1500
5003.000 # 1500
5009.000 # 1500
5015.000 # 1500
5021.000 # 1500
5027.000 # 1500
5033.000 # 1500
5039.000 # 1500
5045.000 # 1500
5051.000 # 1500
5057.000 # 1500
5063.000 # 1500
5069.000 # 1500
5075.000 # 1500
5081.000 # 1500
5087.000 # 1500
5093.000 # 1500
5099.000 # 1500
5105.000 # 1500
5111.000 # 1500
5117.000 # 1500
5123.000 # 1500
5129.000 # 1500
5135.000 # 1500
5141.000 # 1500
5147.000 # 1500
5153.000 # 1500
5159.000 # 1500
5165.000 # 1500
5171.000 # 1500
5177.000 # 1500
5183.000 # 1500
5189.000 # 1500
5195.000 # 1500
5201.000 # 1500
5207.000 # 1500
5213.000 # 1500
5219.000 # 1500
5225.000 # 1500
5231.000 # 1500
5237.000 # 1500
5243.000 # 1500
5249.000 # 1500
5255.000 # 1500
5261.000 # 1500
5267.000 # 1500
5273.000 # 1500
5279.000 # 1500
5285.000 # 1500
5291.000 # 1500
5297.000 # 1500
5303.000 # 1500
5309.000 # 1500
5315.000 # 1500
5321.000 # 1500
5327.000 # 1500
5333.000 # 1500
5339.000 # 1500
5345.000 # 1500
5351.000 # 1500
5357.000 # 1500
5363.000 # 1500
5369.000 # 1500
5375.000 # 1500
5381.000 # 1500
5387.000 # 1500
5393.000 # 1500
5399.000 # 1500
5405.000 # 1500
5411.000 # 1500
5417.000 # 1500
5423.000 # 1500
5429.000 # 1500
5435.000 # 1500
5441.000 # 1500
5447.000 # 1500
5453.000 # 1500
5459.000 # 1500
5465.000 # 1500
5471.000 # 1500
5477.000 # 1500
5483.000 # 1500
5489.000 # 1500
5495.000 # 1500
5501.000 # 1500
5507.000 # 1500
5513.000 # 1500
5519.000 # 1500
5525.000 # 1500
5531.000 # 1500
5537.000 # 1500
5543.000 # 1500
5549.000 # 1500
5555.000 # 1500
5561.000 # 1500
5567.000 # 1500
5573.000 # 1500
5579.000 # 1500
5585.000 # 1500
5591.000 # 1500
5597.000 # 1500
5603.000 # 1500
5609.000 # 1500
5615.000 # 1500
5621.000 # 1500
5627.000 # 1500
5633.000 # 1500
5639.000 # 1500
5645.000 # 1500
5651.000 # 1500
5657.000 # 1500
5663.000 # 1500
5669.000 # 1500
5675.000 # 1500
5681.000 # 1500
5687.000 # 1500
5693.000 # 1500
5699.000 # 1500
5705.000 # 1500
5711.000 # 1500
5717.000 # 1500
5723.000 # 1500
5729.000 # 1500
5735.000 # 1500
5741.000 # 1500
5747.000 # 1500
5753.000 # 1500
5759.000 # 1500
5765.000 # 1500
5771.000 # 1500
5777.000 # 1500
5783.000 # 1500
5789.000 # 1500
5795.000 # 1500
5801.000 # 1500
5807.000 # 1500
5813.000 # 1500
5819.000 # 1500
5825.000 # 1500
5831.000 # 1500
5837.000 # 1500
5843.000 # 1500
5849.000 # 1500
5855.000 # 1500
5855.708 + 101 1
5861.000 # 1500
5867.000 # 1500
5873.000 # 1500
5879.000 # 1500
5885.000 # 1500
5891.000 # 1500
5897.000 # 1500
5903.000 # 1500
5909.000 # 1500
5915.000 # 1500
5921.000 # 1500
5927.000 # 1500
5933.000 # 1500
5939.000 # 1500
5945.000 # 1500
5951.000 # 1500
5957.000 # 1500
5962.383 - 101 106.675 1
5963.000 # 1500
5969.000 # 1500
5975.000 # 1500
5981.000 # 1500
5987.000 # 1500
5993.000 # 1500
5999.000 # 1500
6005.000 # 1500
6011.000 # 1500
6017.000 # 1500
6023.000 # 1500
6029.000 # 1500
6035.000 # 1500
6041.000 # 1500
6047.000 # 1500
6053.000 # 1500
6059.000 # 1500
6065.000 # 1500
6071.000 # 1500
6077.000 # 1500
6083.000 # 1500
6089.000 # 1500
6095.000 # 1500
6101.000 # 1500
6107.000 # 1500
6113.000 # 1500
6119.000 # 1500
6125.000 # 1500
6131.000 # 1500
6137.000 # 1500
6143.000 # 1500
6149.000 # 1500
6155.000 # 1500
6161.000 # 1500
6167.000 # 1500
6173.000 # 1500
6179.000 # 1500
6185.000 # 1500
6191.000 # 1500
6197.000 # 1500
6203.000 # 1500
6209.000 # 1500
6215.000 # 1500
6221.000 # 1500
6227.000 # 1500
6233.000 # 1500
6239.000 # 1500
6245.000 # 1500
6251.000 # 1500
6257.000 # 1500
6263.000 # 1500
6269.000 # 1500
6275.000 # 1500
6281.000 # 1500
6287.000 # 1500
6293.000 # 1500
6299.000 # 1500
6305.000 # 1500
6311.000 # 1500
6317.000 # 1500
6323.000 # 1500
6329.000 # 1500
6335.000 # 1500
6341.000 # 1500
6347.000 # 1500
6353.000 # 1500
6359.000 # 1500
6365.000 # 1500
6371.000 # 1500
6377.000 # 1500
6383.000 # 1500
6389.000 # 1500
6395.000 # 1500
6401.000 # 1500
6407.000 # 1500
6413.000 # 1500
6419.000 # 1500
6425.000 # 1500
6431.000 # 1500
6437.000 # 1500
6443.000 # 1500
6449.000 # 1500
6455.000 # 1500
6461.000 # 1500
6467.000 # 1500
6473.000 # 1500
6479.000 # 1500
6485.000 # 1500
6491.000 # 1500
6497.000 # 1500
6503.000 # 1500
6509.000 # 1500
6515.000 # 1500
6521.000 # 1500
6527.000 # 1500
6533.000 # 1500
6539.000 # 1500
6545.000 # 1500
6551.000 # 1500
6557.000 # 1500
6563.000 # 1500
6569.000 # 1500
6575.000 # 1500
6581.000 # 1500
6587.000 # 1500
6593.000 # 1500
6599.000 # 1500
6605.000 # 1500
6611.000 # 1500
6617.000 # 1500
6623.000 # 1500
6629.000 # 1500
6635.000 # 1500
6641.000 # 1500
6647.000 # 1500
6653.000 # 1500
6659.000 # 1500
6665.000 # 1500
6671.000 # 1500
6677.000 # 1500
6683.000 # 1500
6689.000 # 1500
6695.000 # 1500
6701.000 # 1500
6707.000 # 1500
6713.000 # 1500
6719.000 # 1500
6725.000 # 1500
6731.000 # 1500
6737.000 # 1500
6743.000 # 1500
6749.000 # 1500
6755.000 # 1500
6761.000 # 1500
6767.000 # 1500
6773.000 # 1500
6779.000 # 1500
6785.000 # 1500
6791.000 # 1500
6797.000 # 1500
6803.000 # 1500
6809.000 # 1500
6815.000 # 1500
6821.000 # 1500
6827.000 # 1500
6833.000 # 1500
6839.000 # 1500
6845.000 # 1500
6850.608 + 101 1
6851.000 # 1500
6857.000 # 1500
6863.000 # 1500
6869.000 # 1500
6875.000 # 1500
6881.000 # 1500
6887.000 # 1500
6887.988 + 104 1
6893.000 # 1500
6899.000 # 1500
6905.000 # 1500
6911.000 # 1500
6917.000 # 1500
6923.000 # 1500
6929.000 # 1500
6935.000 # 1500
6941.000 # 1500
6947.000 # 1500
6952.557 - 101 101.949 1
6953.000 # 1500
6959.000 # 1500
6965.000 # 1500
6971.000 # 1500
6977.000 # 1500
6983.000 # 1500
6989.000 # 1500
6993.690 - 104 105.702 1
6995.000 # 1500
7001.000 # 1500
7007.000 # 1500
7013.000 # 1500
7019.000 # 1500
7025.000 # 1500
7031.000 # 1500
7037.000 # 1500
7043.000 # 1500
7049.000 # 1500
7055.000 # 1500
7061.000 # 1500
7067.000 # 1500
7073.000 # 1500
7079.000 # 1500
7085.000 # 1500
7091.000 # 1500
7097.000 # 1500
7103.000 # 1500
7109.000 # 1500
7115.000 # 1500
7121.000 # 1500
7127.000 # 1500
7133.000 # 1500
7139.000 # 1500
7145.000 # 1500
7151.000 # 1500
7157.000 # 1500
7163.000 # 1500
7169.000 # 1500
7175.000 # 1500
7181.000 # 1500
7187.000 # 1500
7193.000 # 1500
7199.000 # 1500
7205.000 # 1500
7211.000 # 1500
7217.000 # 1500
7223.000 # 1500
7229.000 # 1500
7235.000 # 1500
7241.000 # 1500
7247.000 # 1500
7253.000 # 1500
7259.000 # 1500
7265.000 # 1500
7271.000 # 1500
7277.000 # 1500
7283.000 # 1500
7289.000 # 1500
7295.000 # 1500
7301.000 # 1500
7307.000 # 1500
7313.000 # 1500
7319.000 # 1500
7325.000 # 1500
7331.000 # 1500
7337.000 # 1500
7343.000 # 1500
7349.000 # 1500
7355.000 # 1500
7361.000 # 1500
7367.000 # 1500
7373.000 # 1500
7379.000 # 1500
7385.000 # 1500
7391.000 # 1500
7397.000 # 1500
7403.000 # 1500
7409.000 # 1500
7415.000 # 1500
7421.000 # 1500
7427.000 # 1500
7433.000 # 1500
7439.000 # 1500
7445.000 # 1500
7451.000 # 1500
7457.000 # 1500
7463.000 # 1500
7469.000 # 1500
7475.000 # 1500
7481.000 # 1500
7487.000 # 1500
7493.000 # 1500
7499.000 # 1500
7505.000 # 1500
7511.000 # 1500
7517.000 # 1500
7523.000 # 1500
7529.000 # 1500
7535.000 # 1500
7541.000 # 1500
7547.000 # 1500
7553.000 # 1500
7559.000 # 1500
7565.000 # 1500
7571.000 # 1500
7577.000 # 1500
7583.000 # 1500
7589.000 # 1500
7595.000 # 1500
7601.000 # 1500
7607.000 # 1500
7613.000 # 1500
7619.000 # 1500
7625.000 # 1500
7631.000 # 1500
7637.000 # 1500
7643.000 # 1500
7649.000 # 1500
7655.000 # 1500
7661.000 # 1500
7667.000 # 1500
7673.000 # 1500
7679.000 # 1500
7685.000 # 1500
7691.000 # 1500
7697.000 # 1500
7703.000 # 1500
7709.000 # 1500
7715.000 # 1500
7721.000 # 1500
7727.000 # 1500
7733.000 # 1500
7739.000 # 1500
7745.000 # 1500
7751.000 # 1500
7757.000 # 1500
7763.000 # 1500
7769.000 # 1500
7775.000 # 1500
7781.000 # 1500
7787.000 # 1500
7793.000 # 1500
7799.000 # 1500
7805.000 # 1500
7811.000 # 1500
7817.000 # 1500
7823.000 # 1500
7829.000 # 1500
7835.000 # 1500
7841.000 # 1500
7847.000 # 1500
7853.000 # 1500
7859.000 # 1500
7865.000 # 1500
7871.000 # 1500
7877.000 # 1500
7883.000 # 1500
7889.000 # 1500
7895.000 # 1500
7901.000 # 1500
7907.000 # 1500
7913.000 # 1500
7919.000 # 1500
7925.000 # 1500
7931.000 # 1500
7937.000 # 1500
7943.000 # 1500
7949.000 # 1500
7955.000 # 1500
7961.000 # 1500
7967.000 # 1500
7973.000 # 1500
7979.000 # 1500
7985.000 # 1500
7991.000 # 1500
7997.000 # 1500
8003.000 # 1500
8009.000 # 1500
8015.000 # 1500
8021.000 # 1500
8027.000 # 1500
8033.000 # 1500
8039.000 # 1500
8045.000 # 1500
8051.000 # 1500
8057.000 # 1500
8063.000 # 1500
8069.000 # 1500
8075.000 # 1500
8081.000 # 1500
8087.000 # 1500
8093.000 # 1500
8099.000 # 1500
8105.000 # 1500
8111.000 # 1500
8117.000 # 1500
8123.000 # 1500
8129.000 # 1500
8135.000 # 1500
8141.000 # 1500
8147.000 # 1500
8153.000 # 1500
8159.000 # 1500
8165.000 # 1500
8171.000 # 1500
8177.000 # 1500
8183.000 # 1500
8189.000 # 1500
8195.000 # 1500
8201.000 # 1500
8207.000 # 1500
8213.000 # 1500
8219.000 # 1500
8225.000 # 1500
8231.000 # 1500
8237.000 # 1500
8243.000 # 1500
8249.000 # 1500
8255.000 # 1500
8261.000 # 1500
8267.000 # 1500
8273.000 # 1500
8279.000 # 1500
8285.000 # 1500
8291.000 # 1500
8297.000 # 1500
8303.000 # 1500
8309.000 # 1500
8315.000 # 1500
8321.000 # 1500
8327.000 # 1500
8333.000 # 1500
8339.000 # 1500
8345.000 # 1500
8351.000 # 1500
8357.000 # 1500
8363.000 # 1500
8369.000 # 1500
8375.000 # 1500
8381.000 # 1500
8387.000 # 1500
8393.000 # 1500
8399.000 # 1500
8405.000 # 1500
8411.000 # 1500
8417.000 # 1500
8423.000 # 1500
8429.000 # 1500
8435.000 # 1500
8441.000 # 1500
8447.000 # 1500
8453.000 # 1500
8459.000 # 1500
8465.000 # 1500
8471.000 # 1500
8477.000 # 1500
8483.000 # 1500
8489.000 # 1500
8495.000 # 1500
8501.000 # 1500
8507.000 # 1500
8513.000 # 1500
8519.000 # 1500
8525.000 # 1500
8531.000 # 1500
8537.000 # 1500
8543.000 # 1500
8549.000 # 1500
8555.000 # 1500
8561.000 # 1500
8567.000 # 1500
8573.000 # 1500
8579.000 # 1500
8585.000 # 1500
8591.000 # 1500
8597.000 # 1500
8603.000 # 1500
8609.000 # 1500
8615.000 # 1500
8621.000 # 1500
8627.000 # 1500
8633.000 # 1500
8639.000 # 1500
8645.000 # 1500
8651.000 # 1500
8657.000 # 1500
8663.000 # 1500
8669.000 # 1500
8675.000 # 1500
8681.000 # 1500
8687.000 # 1500
8693.000 # 1500
8699.000 # 1500
8705.000 # 1500
8711.000 # 1500
8717.000 # 1500
8723.000 # 1500
8729.000 # 1500
8735.000 # 1500
8741.000 # 1500
8747.000 # 1500
8753.000 # 1500
8759.000 # 1500
8765.000 # 1500
8771.000 # 1500
8777.000 # 1500
8783.000 # 1500
8789.000 # 1500
8795.000 # 1500
8801.000 # 1500
8807.000 # 1500
8813.000 # 1500
8819.000 # 1500
8825.000 # 1500
8831.000 # 1500
8837.000 # 1500
8843.000 # 1500
8849.000 # 1500
8855.000 # 1500
8861.000 # 1500
8867.000 # 1500
8873.000 # 1500
8879.000 # 1500
8885.000 # 1500
8891.000 # 1500
8897.000 # 1500
8903.000 # 1500
8909.000 # 1500
8915.000 # 1500
8921.000 # 1500
8927.000 # 1500
8933.000 # 1500
8939.000 # 1500
8945.000 # 1500
8951.000 # 1500
8957.000 # 1500
8957.557 + 129 1
8957.594 + 101 1
8963.000 # 1500
8969.000 # 1500
8975.000 # 1500
8981.000 # 1500
8987.000 # 1500
8993.000 # 1500
8999.000 # 1500
9005.000 # 1500
9011.000 # 1500
9017.000 # 1500
9023.000 # 1500
9029.000 # 1500
9035.000 # 1500
9041.000 # 1500
9047.000 # 1500
9053.000 # 1500
9059.000 # 1500
9064.140 - 129 106.583 1
9064.196 - 101 106.602 1
9065.000 # 1500
9071.000 # 1500
9077.000 # 1500
9083.000 # 1500
9089.000 # 1500
9095.000 # 1500
9101.000 # 1500
9107.000 # 1500
9113.000 # 1500
9119.000 # 1500
9125.000 # 1500
9131.000 # 1500
9137.000 # 1500
9143.000 # 1500
9149.000 # 1500
9155.000 # 1500
9161.000 # 1500
9167.000 # 1500
9173.000 # 1500
9179.000 # 1500
9185.000 # 1500
9191.000 # 1500
9197.000 # 1500
9203.000 # 1500
9209.000 # 1500
9215.000 # 1500
9221.000 # 1500
9227.000 # 1500
9233.000 # 1500
9239.000 # 1500
9245.000 # 1500
9251.000 # 1500
9257.000 # 1500
9263.000 # 1500
9269.000 # 1500
9275.000 # 1500
9281.000 # 1500
9287.000 # 1500
9293.000 # 1500
9299.000 # 1500
9305.000 # 1500
9311.000 # 1500
9317.000 # 1500
9323.000 # 1500
9329.000 # 1500
9335.000 # 1500
9341.000 # 1500
9347.000 # 1500
9353.000 # 1500
9359.000 # 1500
9365.000 # 1500
9371.000 # 1500
9377.000 # 1500
9383.000 # 1500
9389.000 # 1500
9395.000 # 1500
9401.000 # 1500
9407.000 # 1500
9413.000 # 1500
9419.000 # 1500
9425.000 # 1500
9431.000 # 1500
9437.000 # 1500
9443.000 # 1500
9449.000 # 1500
9455.000 # 1500
9461.000 # 1500
9467.000 # 1500
9473.000 # 1500
9479.000 # 1500
9485.000 # 1500
9491.000 # 1500
9497.000 # 1500
9503.000 # 1500
9509.000 # 1500
9515.000 # 1500
9521.000 # 1500
9527.000 # 1500
9533.000 # 1500
9539.000 # 1500
9545.000 # 1500
9551.000 # 1500
9557.000 # 1500
9563.000 # 1500
9569.000 # 1500
9575.000 # 1500
9581.000 # 1500
9587.000 # 1500
9593.000 # 1500
9599.000 # 1500
9605.000 # 1500
9611.000 # 1500
9617.000 # 1500
9623.000 # 1500
9629.000 # 1500
9635.000 # 1500
9641.000 # 1500
9647.000 # 1500
9653.000 # 1500
9659.000 # 1500
9665.000 # 1500
9671.000 # 1500
9677.000 # 1500
9683.000 # 1500
9689.000 # 1500
9695.000 # 1500
9701.000 # 1500
9707.000 # 1500
9713.000 # 1500
9719.000 # 1500
9725.000 # 1500
9731.000 # 1500
9737.000 # 1500
9743.000 # 1500
9749.000 # 1500
9755.000 # 1500
9761.000 # 1500
9767.000 # 1500
9773.000 # 1500
9779.000 # 1500
9785.000 # 1500
9791.000 # 1500
9797.000 # 1500
9803.000 # 1500
9809.000 # 1500
9815.000 # 1500
9821.000 # 1500
9827.000 # 1500
9833.000 # 1500
9839.000 # 1500
9845.000 # 1500
9851.000 # 1500
9857.000 # 1500
9863.000 # 1500
9869.000 # 1500
9875.000 # 1500
9881.000 # 1500
9887.000 # 1500
9893.000 # 1500
9899.000 # 1500
9905.000 # 1500
9911.000 # 1500
9917.000 # 1500
9923.000 # 1500
9929.000 # 1500
9935.000 # 1500
9941.000 # 1500
9947.000 # 1500
9953.000 # 1500
9954.191 + 129 1
9954.227 + 101 1
9959.000 # 1500
9965.000 # 1500
9971.000 # 1500
9977.000 # 1500
9983.000 # 1500
9989.000 # 1500
9995.000 # 1500
10001.000 # 1500
10007.000 # 1500
10013.000 # 1500
10019.000 # 1500
10025.000 # 1500
10031.000 # 1500
10037.000 # 1500
10043.000 # 1500
10049.000 # 1500
10055.000 # 1500
10059.767 - 129 105.576 1
10059.821 - 101 105.594 1
10061.000 # 1500
10067.000 # 1500
10073.000 # 1500
10079.000 # 1500
10085.000 # 1500
10091.000 # 1500
10097.000 # 1500
10103.000 # 1500
10109.000 # 1500
10115.000 # 1500
10121.000 # 1500
10127.000 # 1500
10133.000 # 1500
10139.000 # 1500
10145.000 # 1500
10151.000 # 1500
10157.000 # 1500
10163.000 # 1500
10169.000 # 1500
10175.000 # 1500
10181.000 # 1500
10187.000 # 1500
10193.000 # 1500
10199.000 # 1500
10205.000 # 1500
10211.000 # 1500
10217.000 # 1500
10223.000 # 1500
10229.000 # 1500
10235.000 # 1500
10241.000 # 1500
10247.000 # 1500
10253.000 # 1500
10259.000 # 1500
10265.000 # 1500
10271.000 # 1500
10277.000 # 1500
10283.000 # 1500
10289.000 # 1500
10295.000 # 1500
10301.000 # 1500
10307.000 # 1500
10313.000 # 1500
10319.000 # 1500
10325.000 # 1500
10331.000 # 1500
10337.000 # 1500
10343.000 # 1500
10349.000 # 1500
10355.000 # 1500
10361.000 # 1500
10367.000 # 1500
10373.000 # 1500
10379.000 # 1500
10385.000 # 1500
10391.000 # 1500
10397.000 # 1500
10403.000 # 1500
10409.000 # 1500
10415.000 # 1500
10421.000 # 1500
10427.000 # 1500
10433.000 # 1500
10439.000 # 1500
10445.000 # 1500
10451.000 # 1500
10457.000 # 1500
10463.000 # 1500
10469.000 # 1500
10475.000 # 1500
10481.000 # 1500
10487.000 # 1500
10493.000 # 1500
10499.000 # 1500
10505.000 # 1500
10511.000 # 1500
10517.000 # 1500
10523.000 # 1500
10529.000 # 1500
10535.000 # 1500
10541.000 # 1500
10547.000 # 1500
10553.000 # 1500
10559.000 # 1500
10565.000 # 1500
10571.000 # 1500
10577.000 # 1500
10583.000 # 1500
10589.000 # 1500
10595.000 # 1500
10601.000 # 1500
10607.000 # 1500
10613.000 # 1500
10619.000 # 1500
10625.000 # 1500
10631.000 # 1500
10637.000 # 1500
10643.000 # 1500
10649.000 # 1500
10655.000 # 1500
10661.000 # 1500
10667.000 # 1500
10673.000 # 1500
10679.000 # 1500
10685.000 # 1500
10691.000 # 1500
10697.000 # 1500
10703.000 # 1500
10709.000 # 1500
10715.000 # 1500
10721.000 # 1500
10727.000 # 1500
10733.000 # 1500
10739.000 # 1500
10745.000 # 1500
10751.000 # 1500
10757.000 # 1500
10763.000 # 1500
10769.000 # 1500
10775.000 # 1500
10781.000 # 1500
10787.000 # 1500
10793.000 # 1500
10799.000 # 1500
10805.000 # 1500
10811.000 # 1500
10817.000 # 1500
10823.000 # 1500
10829.000 # 1500
10835.000 # 1500
10841.000 # 1500
10847.000 # 1500
10853.000 # 1500
10856.551 + 101 1
10859.000 # 1500
10865.000 # 1500
10871.000 # 1500
10877.000 # 1500
10883.000 # 1500
10889.000 # 1500
10895.000 # 1500
10901.000 # 1500
10907.000 # 1500
10913.000 # 1500
10919.000 # 1500
10925.000 # 1500
10931.000 # 1500
10937.000 # 1500
10943.000 # 1500
10949.000 # 1500
10955.000 # 1500
10960.153 - 101 103.602 1
10961.000 # 1500
10967.000 # 1500
10973.000 # 1500
10979.000 # 1500
10985.000 # 1500
10991.000 # 1500
10997.000 # 1500
11003.000 # 1500
11009.000 # 1500
11015.000 # 1500
11021.000 # 1500
11027.000 # 1500
11033.000 # 1500
11039.000 # 1500
11045.000 # 1500
11051.000 # 1500
11057.000 # 1500
11063.000 # 1500
11069.000 # 1500
11075.000 # 1500
11081.000 # 1500
11087.000 # 1500
11093.000 # 1500
11099.000 # 1500
11105.000 # 1500
11111.000 # 1500
11117.000 # 1500
11123.000 # 1500
11129.000 # 1500
11135.000 # 1500
11141.000 # 1500
11147.000 # 1500
11153.000 # 1500
11159.000 # 1500
11165.000 # 1500
11171.000 # 1500
11177.000 # 1500
11183.000 # 1500
11189.000 # 1500
11195.000 # 1500
11201.000 # 1500
11207.000 # 1500
11213.000 # 1500
11219.000 # 1500
11225.000 # 1500
11231.000 # 1500
11237.000 # 1500
11243.000 # 1500
11249.000 # 1500
11255.000 # 1500
11261.000 # 1500
11267.000 # 1500
11273.000 # 1500
11279.000 # 1500
11285.000 # 1500
11291.000 # 1500
11297.000 # 1500
11303.000 # 1500
11309.000 # 1500
11315.000 # 1500
11321.000 # 1500
11327.000 # 1500
11333.000 # 1500
11339.000 # 1500
11345.000 # 1500
11351.000 # 1500
11357.000 # 1500
11363.000 # 1500
11369.000 # 1500
11375.000 # 1500
11381.000 # 1500
11387.000 # 1500
11393.000 # 1500
11399.000 # 1500
11405.000 # 1500
11411.000 # 1500
11417.000 # 1500
11423.000 # 1500
11429.000 # 1500
11435.000 # 1500
11441.000 # 1500
11447.000 # 1500
11453.000 # 1500
11459.000 # 1500
11465.000 # 1500
11471.000 # 1500
11477.000 # 1500
11483.000 # 1500
11489.000 # 1500
11495.000 # 1500
11501.000 # 1500
11507.000 # 1500
11513.000 # 1500
11519.000 # 1500
11525.000 # 1500
11531.000 # 1500
11537.000 # 1500
11543.000 # 1500
11549.000 # 1500
11555.000 # 1500
11561.000 # 1500
11567.000 # 1500
11573.000 # 1500
11579.000 # 1500
11585.000 # 1500
11591.000 # 1500
11597.000 # 1500
11603.000 # 1500
11609.000 # 1500
11615.000 # 1500
11621.000 # 1500
11627.000 # 1500
11633.000 # 1500
11639.000 # 1500
11645.000 # 1500
11651.000 # 1500
11657.000 # 1500
11663.000 # 1500
11669.000 # 1500
11675.000 # 1500
11681.000 # 1500
11687.000 # 1500
11693.000 # 1500
11699.000 # 1500
11705.000 # 1500
11711.000 # 1500
11717.000 # 1500
11723.000 # 1500
11729.000 # 1500
11735.000 # 1500
11741.000 # 1500
11747.000 # 1500
11753.000 # 1500
11759.000 # 1500
11765.000 # 1500
11771.000 # 1500
11777.000 # 1500
11783.000 # 1500
11789.000 # 1500
11795.000 # 1500
11801.000 # 1500
11807.000 # 1500
11813.000 # 1500
11819.000 # 1500
11825.000 # 1500
11831.000 # 1500
11837.000 # 1500
11843.000 # 1500
11849.000 # 1500
11854.769 + 101 1
11855.000 # 1500
11861.000 # 1500
11867.000 # 1500
11873.000 # 1500
11879.000 # 1500
11885.000 # 1500
11891.000 # 1500
11897.000 # 1500
11903.000 # 1500
11909.000 # 1500
11915.000 # 1500
11921.000 # 1500
11927.000 # 1500
11933.000 # 1500
11939.000 # 1500
11945.000 # 1500
11951.000 # 1500
11956.360 - 101 101.591 1
11957.000 # 1500
11963.000 # 1500
11969.000 # 1500
11975.000 # 1500
11981.000 # 1500
11987.000 # 1500
11993.000 # 1500
11999.000 # 1500
12005.000 # 1500
12011.000 # 1500
12017.000 # 1500
12023.000 # 1500
12029.000 # 1500
12035.000 # 1500
12041.000 # 1500
12047.000 # 1500
12053.000 # 1500
12059.000 # 1500
12065.000 # 1500
12071.000 # 1500
12077.000 # 1500
12083.000 # 1500
12089.000 # 1500
12095.000 # 1500
12101.000 # 1500
12107.000 # 1500
12113.000 # 1500
12119.000 # 1500
12125.000 # 1500
12131.000 # 1500
12137.000 # 1500
12143.000 # 1500
12149.000 # 1500
12155.000 # 1500
12161.000 # 1500
12167.000 # 1500
12173.000 # 1500
12179.000 # 1500
12185.000 # 1500
12191.000 # 1500
12197.000 # 1500
12203.000 # 1500
12209.000 # 1500
12215.000 # 1500
12221.000 # 1500
12227.000 # 1500
12233.000 # 1500
12239.000 # 1500
12245.000 # 1500
12251.000 # 1500
12257.000 # 1500
12263.000 # 1500
12269.000 # 1500
12275.000 # 1500
12281.000 # 1500
12287.000 # 1500
12293.000 # 1500
12299.000 # 1500
12305.000 # 1500
12311.000 # 1500
12317.000 # 1500
12323.000 # 1500
12329.000 # 1500
12335.000 # 1500
12341.000 # 1500
12347.000 # 1500
12353.000 # 1500
12359.000 # 1500
12365.000 # 1500
12371.000 # 1500
12377.000 # 1500
12383.000 # 1500
12389.000 # 1500
12395.000 # 1500
12401.000 # 1500
12407.000 # 1500
12413.000 # 1500
12419.000 # 1500
12425.000 # 1500
12431.000 # 1500
12437.000 # 1500
12443.000 # 1500
12449.000 # 1500
12455.000 # 1500
12461.000 # 1500
12467.000 # 1500
12473.000 # 1500
12479.000 # 1500
12485.000 # 1500
12491.000 # 1500
12497.000 # 1500
12503.000 # 1500
12509.000 # 1500
12515.000 # 1500
12521.000 # 1500
12527.000 # 1500
12533.000 # 1500
12539.000 # 1500
12545.000 # 1500
12551.000 # 1500
12557.000 # 1500
12563.000 # 1500
12569.000 # 1500
12575.000 # 1500
12581.000 # 1500
12587.000 # 1500
12593.000 # 1500
12599.000 # 1500
12605.000 # 1500
12611.000 # 1500
12617.000 # 1500
12623.000 # 1500
12629.000 # 1500
12635.000 # 1500
12641.000 # 1500
12647.000 # 1500
12653.000 # 1500
12659.000 # 1500
12665.000 # 1500
12671.000 # 1500
12677.000 # 1500
12683.000 # 1500
12689.000 # 1500
12695.000 # 1500
12701.000 # 1500
12707.000 # 1500
12713.000 # 1500
12719.000 # 1500
12725.000 # 1500
12731.000 # 1500
12737.000 # 1500
12743.000 # 1500
12749.000 # 1500
12755.000 # 1500
12761.000 # 1500
12767.000 # 1500
12773.000 # 1500
12779.000 # 1500
12785.000 # 1500
12791.000 # 1500
12797.000 # 1500
12803.000 # 1500
12809.000 # 1500
12815.000 # 1500
12821.000 # 1500
12827.000 # 1500
12833.000 # 1500
12839.000 # 1500
12845.000 # 1500
12851.000 # 1500
12857.000 # 1500
12863.000 # 1500
12869.000 # 1500
12875.000 # 1500
12881.000 # 1500
12887.000 # 1500
12893.000 # 1500
12899.000 # 1500
12905.000 # 1500
12911.000 # 1500
12917.000 # 1500
12923.000 # 1500
12929.000 # 1500
12935.000 # 1500
12941.000 # 1500
12947.000 # 1500
12953.000 # 1500
12959.000 # 1500
12965.000 # 1500
12971.000 # 1500
12977.000 # 1500
12983.000 # 1500
12989.000 # 1500
12995.000 # 1500
13001.000 # 1500
13007.000 # 1500
13013.000 # 1500
13019.000 # 1500
13025.000 # 1500
13031.000 # 1500
13037.000 # 1500
13043.000 # 1500
13049.000 # 1500
13055.000 # 1500
13061.000 # 1500
13067.000 # 1500
13073.000 # 1500
13079.000 # 1500
13085.000 # 1500
13091.000 # 1500
13097.000 # 1500
13103.000 # 1500
13109.000 # 1500
13115.000 # 1500
13121.000 # 1500
13127.000 # 1500
13133.000 # 1500
13139.000 # 1500
13145.000 # 1500
13151.000 # 1500
13157.000 # 1500
13163.000 # 1500
13169.000 # 1500
13175.000 # 1500
13181.000 # 1500
13187.000 # 1500
13193.000 # 1500
13199.000 # 1500
13205.000 # 1500
13211.000 # 1500
13217.000 # 1500
13223.000 # 1500
13229.000 # 1500
13235.000 # 1500
13241.000 # 1500
13247.000 # 1500
13253.000 # 1500
13259.000 # 1500
13265.000 # 1500
13271.000 # 1500
13277.000 # 1500
13283.000 # 1500
13289.000 # 1500
13295.000 # 1500
13301.000 # 1500
13307.000 # 1500
13313.000 # 1500
13319.000 # 1500
13325.000 # 1500
13331.000 # 1500
13337.000 # 1500
13343.000 # 1500
13349.000 # 1500
13355.000 # 1500
13361.000 # 1500
13367.000 # 1500
13373.000 # 1500
13379.000 # 1500
13385.000 # 1500
13391.000 # 1500
13397.000 # 1500
13403.000 # 1500
13409.000 # 1500
13415.000 # 1500
13421.000 # 1500
13427.000 # 1500
13433.000 # 1500
13439.000 # 1500
13445.000 # 1500
13451.000 # 1500
13457.000 # 1500
13463.000 # 1500
13469.000 # 1500
13475.000 # 1500
13481.000 # 1500
13487.000 # 1500
13493.000 # 1500
13499.000 # 1500
13505.000 # 1500
13511.000 # 1500
13517.000 # 1500
13523.000 # 1500
13529.000 # 1500
13535.000 # 1500
13541.000 # 1500
13547.000 # 1500
13553.000 # 1500
13559.000 # 1500
13565.000 # 1500
13571.000 # 1500
13577.000 # 1500
13583.000 # 1500
13589.000 # 1500
13595.000 # 1500
13601.000 # 1500
13607.000 # 1500
13613.000 # 1500
13619.000 # 1500
13625.000 # 1500
13631.000 # 1500
13637.000 # 1500
13643.000 # 1500
13649.000 # 1500
13655.000 # 1500
13661.000 # 1500
13667.000 # 1500
13673.000 # 1500
13679.000 # 1500
13685.000 # 1500
13691.000 # 1500
13697.000 # 1500
13703.000 # 1500
13709.000 # 1500
13715.000 # 1500
13721.000 # 1500
13727.000 # 1500
13733.000 # 1500
13739.000 # 1500
13745.000 # 1500
13751.000 # 1500
13757.000 # 1500
13763.000 # 1500
13769.000 # 1500
13775.000 # 1500
13781.000 # 1500
13787.000 # 1500
13793.000 # 1500
13799.000 # 1500
13805.000 # 1500
13811.000 # 1500
13817.000 # 1500
13823.000 # 1500
13829.000 # 1500
13835.000 # 1500
13841.000 # 1500
13847.000 # 1500
13853.000 # 1500
13859.000 # 1500
13865.000 # 1500
13871.000 # 1500
13877.000 # 1500
13883.000 # 1500
13889.000 # 1500
13895.000 # 1500
13901.000 # 1500
13907.000 # 1500
13913.000 # 1500
13919.000 # 1500
13925.000 # 1500
13931.000 # 1500
13937.000 # 1500
13943.000 # 1500
13949.000 # 1500
13955.000 # 1500
13961.000 # 1500
13962.186 + 129 1
13962.224 + 101 1
13967.000 # 1500
13973.000 # 1500
13979.000 # 1500
13985.000 # 1500
13991.000 # 1500
13997.000 # 1500
14003.000 # 1500
14009.000 # 1500
14015.000 # 1500
14021.000 # 1500
14027.000 # 1500
14033.000 # 1500
14039.000 # 1500
14045.000 # 1500
14051.000 # 1500
14057.000 # 1500
14063.000 # 1500
14067.765 - 129 105.579 1
14067.821 - 101 105.597 1
14069.000 # 1500
14075.000 # 1500
14081.000 # 1500
14087.000 # 1500
14093.000 # 1500
14099.000 # 1500
14105.000 # 1500
14111.000 # 1500
14117.000 # 1500
14123.000 # 1500
14129.000 # 1500
14135.000 # 1500
14141.000 # 1500
14147.000 # 1500
14153.000 # 1500
14159.000 # 1500
14165.000 # 1500
14171.000 # 1500
14177.000 # 1500
14183.000 # 1500
14189.000 # 1500
14195.000 # 1500
14201.000 # 1500
14207.000 # 1500
14213.000 # 1500
14219.000 # 1500
14225.000 # 1500
14231.000 # 1500
14237.000 # 1500
14243.000 # 1500
14249.000 # 1500
14255.000 # 1500
14261.000 # 1500
14267.000 # 1500
14273.000 # 1500
14279.000 # 1500
14285.000 # 1500
14291.000 # 1500
14297.000 # 1500
14303.000 # 1500
14309.000 # 1500
14315.000 # 1500
14321.000 # 1500
14327.000 # 1500
14333.000 # 1500
14339.000 # 1500
14345.000 # 1500
14351.000 # 1500
14357.000 # 1500
14363.000 # 1500
14369.000 # 1500
14375.000 # 1500
14381.000 # 1500
14387.000 # 1500
14393.000 # 1500
14399.000 # 1500
14405.000 # 1500
14411.000 # 1500
14417.000 # 1500
14423.000 # 1500
14429.000 # 1500
14435.000 # 1500
14441.000 # 1500
14447.000 # 1500
14453.000 # 1500
14459.000 # 1500
14465.000 # 1500
14471.000 # 1500
14477.000 # 1500
14483.000 # 1500
14489.000 # 1500
14495.000 # 1500
14501.000 # 1500
14507.000 # 1500
14513.000 # 1500
14519.000 # 1500
14525.000 # 1500
14531.000 # 1500
14537.000 # 1500
14543.000 # 1500
14549.000 # 1500
14555.000 # 1500
14561.000 # 1500
14567.000 # 1500
14573.000 # 1500
14579.000 # 1500
14585.000 # 1500
14591.000 # 1500
14597.000 # 1500
14603.000 # 1500
14609.000 # 1500
14615.000 # 1500
14621.000 # 1500
14627.000 # 1500
14633.000 # 1500
14639.000 # 1500
14645.000 # 1500
14651.000 # 1500
14657.000 # 1500
14663.000 # 1500
14669.000 # 1500
14675.000 # 1500
14681.000 # 1500
14687.000 # 1500
14693.000 # 1500
14699.000 # 1500
14705.000 # 1500
14711.000 # 1500
14717.000 # 1500
14723.000 # 1500
14729.000 # 1500
14735.000 # 1500
14741.000 # 1500
14747.000 # 1500
14753.000 # 1500
14759.000 # 1500
14765.000 # 1500
14771.000 # 1500
14777.000 # 1500
14783.000 # 1500
14789.000 # 1500
14795.000 # 1500
14801.000 # 1500
14807.000 # 1500
14813.000 # 1500
14819.000 # 1500
14825.000 # 1500
14831.000 # 1500
14837.000 # 1500
14843.000 # 1500
14849.000 # 1500
14855.000 # 1500
14861.000 # 1500
14867.000 # 1500
14873.000 # 1500
14879.000 # 1500
14885.000 # 1500
14891.000 # 1500
14897.000 # 1500
14903.000 # 1500
14909.000 # 1500
14915.000 # 1500
14921.000 # 1500
14927.000 # 1500
14933.000 # 1500
14939.000 # 1500
14945.000 # 1500
14951.000 # 1500
14957.000 # 1500
14957.315 + 129 1
14957.351 + 101 1
14963.000 # 1500
14969.000 # 1500
14975.000 # 1500
14981.000 # 1500
14987.000 # 1500
14993.000 # 1500
14999.000 # 1500
15005.000 # 1500
15011.000 # 1500
15017.000 # 1500
15023.000 # 1500
15029.000 # 1500
15035.000 # 1500
15041.000 # 1500
15047.000 # 1500
15053.000 # 1500
15059.000 # 1500
15063.909 - 129 106.594 1
15063.963 - 101 106.612 1
15065.000 # 1500
15071.000 # 1500
15077.000 # 1500
15083.000 # 1500
15089.000 # 1500
15095.000 # 1500
15101.000 # 1500
15107.000 # 1500
15113.000 # 1500
15119.000 # 1500
15125.000 # 1500
15131.000 # 1500
15137.000 # 1500
15143.000 # 1500
15149.000 # 1500
15155.000 # 1500
15161.000 # 1500
15167.000 # 1500
15173.000 # 1500
15179.000 # 1500
15185.000 # 1500
15191.000 # 1500
15197.000 # 1500
15203.000 # 1500
15209.000 # 1500
15215.000 # 1500
15221.000 # 1500
15227.000 # 1500
15233.000 # 1500
15239.000 # 1500
15245.000 # 1500
15251.000 # 1500
15257.000 # 1500
15263.000 # 1500
15269.000 # 1500
15275.000 # 1500
15281.000 # 1500
15287.000 # 1500
15293.000 # 1500
15299.000 # 1500
15305.000 # 1500
15311.000 # 1500
15317.000 # 1500
15323.000 # 1500
15329.000 # 1500
15335.000 # 1500
15341.000 # 1500
15347.000 # 1500
15353.000 # 1500
15359.000 # 1500
15365.000 # 1500
15371.000 # 1500
15377.000 # 1500
15383.000 # 1500
15389.000 # 1500
15395.000 # 1500
15401.000 # 1500
15407.000 # 1500
15413.000 # 1500
15419.000 # 1500
15425.000 # 1500
15431.000 # 1500
15437.000 # 1500
15443.000 # 1500
15449.000 # 1500
15455.000 # 1500
15461.000 # 1500
15467.000 # 1500
15473.000 # 1500
15479.000 # 1500
15485.000 # 1500
15491.000 # 1500
15497.000 # 1500
15503.000 # 1500
15509.000 # 1500
15515.000 # 1500
15521.000 # 1500
15527.000 # 1500
15533.000 # 1500
15539.000 # 1500
15545.000 # 1500
15551.000 # 1500
15557.000 # 1500
15563.000 # 1500
15569.000 # 1500
15575.000 # 1500
15581.000 # 1500
15587.000 # 1500
15593.000 # 1500
15599.000 # 1500
15605.000 # 1500
15611.000 # 1500
15617.000 # 1500
15623.000 # 1500
15629.000 # 1500
15635.000 # 1500
15641.000 # 1500
15647.000 # 1500
15653.000 # 1500
15659.000 # 1500
15665.000 # 1500
15671.000 # 1500
15677.000 # 1500
15683.000 # 1500
15689.000 # 1500
15695.000 # 1500
15701.000 # 1500
15707.000 # 1500
15713.000 # 1500
15719.000 # 1500
15725.000 # 1500
15731.000 # 1500
15737.000 # 1500
15743.000 # 1500
15749.000 # 1500
15755.000 # 1500
15761.000 # 1500
15767.000 # 1500
15773.000 # 1500
15779.000 # 1500
15785.000 # 1500
15791.000 # 1500
15797.000 # 1500
15803.000 # 1500
15809.000 # 1500
15815.000 # 1500
15821.000 # 1500
15827.000 # 1500
15833.000 # 1500
15839.000 # 1500
15845.000 # 1500
15851.000 # 1500
15857.000 # 1500
15859.217 + 101 1
15863.000 # 1500
15869.000 # 1500
15875.000 # 1500
15881.000 # 1500
15887.000 # 1500
15893.000 # 1500
15899.000 # 1500
15905.000 # 1500
15911.000 # 1500
15917.000 # 1500
15923.000 # 1500
15929.000 # 1500
15935.000 # 1500
15941.000 # 1500
15947.000 # 1500
15953.000 # 1500
15959.000 # 1500
15963.797 - 101 104.580 1
15965.000 # 1500
15971.000 # 1500
15977.000 # 1500
15983.000 # 1500
15989.000 # 1500
15995.000 # 1500
16001.000 # 1500
16007.000 # 1500
16013.000 # 1500
16019.000 # 1500
16025.000 # 1500
16031.000 # 1500
16037.000 # 1500
16043.000 # 1500
16049.000 # 1500
16055.000 # 1500
16061.000 # 1500
16067.000 # 1500
16073.000 # 1500
16079.000 # 1500
16085.000 # 1500
16091.000 # 1500
16097.000 # 1500
16103.000 # 1500
16109.000 # 1500
16115.000 # 1500
16121.000 # 1500
16127.000 # 1500
16133.000 # 1500
16139.000 # 1500
16145.000 # 1500
16151.000 # 1500
16157.000 # 1500
16163.000 # 1500
16169.000 # 1500
16175.000 # 1500
16181.000 # 1500
16187.000 # 1500
16193.000 # 1500
16199.000 # 1500
16205.000 # 1500
16211.000 # 1500
16217.000 # 1500
16223.000 # 1500
16229.000 # 1500
16235.000 # 1500
16241.000 # 1500
16247.000 # 1500
16253.000 # 1500
16259.000 # 1500
16265.000 # 1500
16271.000 # 1500
16277.000 # 1500
16283.000 # 1500
16289.000 # 1500
16295.000 # 1500
16301.000 # 1500
16307.000 # 1500
16313.000 # 1500
16319.000 # 1500
16325.000 # 1500
16331.000 # 1500
16337.000 # 1500
16343.000 # 1500
16349.000 # 1500
16355.000 # 1500
16361.000 # 1500
16367.000 # 1500
16373.000 # 1500
16379.000 # 1500
16385.000 # 1500
16391.000 # 1500
16397.000 # 1500
16403.000 # 1500
16409.000 # 1500
16415.000 # 1500
16421.000 # 1500
16427.000 # 1500
16433.000 # 1500
16439.000 # 1500
16445.000 # 1500
16451.000 # 1500
16457.000 # 1500
16463.000 # 1500
16469.000 # 1500
16475.000 # 1500
16481.000 # 1500
16487.000 # 1500
16493.000 # 1500
16499.000 # 1500
16505.000 # 1500
16511.000 # 1500
16517.000 # 1500
16523.000 # 1500
16529.000 # 1500
16535.000 # 1500
16541.000 # 1500
16547.000 # 1500
16553.000 # 1500
16559.000 # 1500
16565.000 # 1500
16571.000 # 1500
16577.000 # 1500
16583.000 # 1500
16589.000 # 1500
16595.000 # 1500
16601.000 # 1500
16607.000 # 1500
16613.000 # 1500
16619.000 # 1500
16625.000 # 1500
16631.000 # 1500
16637.000 # 1500
16643.000 # 1500
16649.000 # 1500
16655.000 # 1500
16661.000 # 1500
16667.000 # 1500
16673.000 # 1500
16679.000 # 1500
16685.000 # 1500
16691.000 # 1500
16697.000 # 1500
16703.000 # 1500
16709.000 # 1500
16715.000 # 1500
16721.000 # 1500
16727.000 # 1500
16733.000 # 1500
16739.000 # 1500
16745.000 # 1500
16751.000 # 1500
16757.000 # 1500
16763.000 # 1500
16769.000 # 1500
16775.000 # 1500
16781.000 # 1500
16787.000 # 1500
16793.000 # 1500
16799.000 # 1500
16805.000 # 1500
16811.000 # 1500
16817.000 # 1500
16823.000 # 1500
16829.000 # 1500
16835.000 # 1500
16841.000 # 1500
16847.000 # 1500
16853.000 # 1500
16859.000 # 1500
16859.851 + 101 1
16865.000 # 1500
16871.000 # 1500
16877.000 # 1500
16883.000 # 1500
16889.000 # 1500
16895.000 # 1500
16901.000 # 1500
16907.000 # 1500
16913.000 # 1500
16919.000 # 1500
16925.000 # 1500
16931.000 # 1500
16937.000 # 1500
16943.000 # 1500
16949.000 # 1500
16955.000 # 1500
16961.000 # 1500
16966.400 - 101 106.549 1
16967.000 # 1500
16973.000 # 1500
16979.000 # 1500
16985.000 # 1500
16991.000 # 1500
16997.000 # 1500
17003.000 # 1500
17009.000 # 1500
17015.000 # 1500
17021.000 # 1500
17027.000 # 1500
17033.000 # 1500
17039.000 # 1500
17045.000 # 1500
17051.000 # 1500
17057.000 # 1500
17063.000 # 1500
17069.000 # 1500
17075.000 # 1500
17081.000 # 1500
17087.000 # 1500
17093.000 # 1500
17099.000 # 1500
17105.000 # 1500
17111.000 # 1500
17117.000 # 1500
17123.000 # 1500
17129.000 # 1500
17135.000 # 1500
17141.000 # 1500
17147.000 # 1500
17153.000 # 1500
17159.000 # 1500
17165.000 # 1500
17171.000 # 1500
17177.000 # 1500
17183.000 # 1500
17189.000 # 1500
17195.000 # 1500
17201.000 # 1500
17207.000 # 1500
17213.000 # 1500
17219.000 # 1500
17225.000 # 1500
17231.000 # 1500
17237.000 # 1500
17243.000 # 1500
17249.000 # 1500
17255.000 # 1500
17261.000 # 1500
17267.000 # 1500
17273.000 # 1500
17279.000 # 1500
17285.000 # 1500
17291.000 # 1500
17297.000 # 1500
17303.000 # 1500
17309.000 # 1500
17315.000 # 1500
17321.000 # 1500
17327.000 # 1500
17333.000 # 1500
17339.000 # 1500
17345.000 # 1500
17351.000 # 1500
17357.000 # 1500
17363.000 # 1500
17369.000 # 1500
17375.000 # 1500
17381.000 # 1500
17387.000 # 1500
17393.000 # 1500
17399.000 # 1500
17405.000 # 1500
17411.000 # 1500
17417.000 # 1500
17423.000 # 1500
17429.000 # 1500
17435.000 # 1500
17441.000 # 1500
17447.000 # 1500
17453.000 # 1500
17459.000 # 1500
17465.000 # 1500
17471.000 # 1500
17477.000 # 1500
17483.000 # 1500
17489.000 # 1500
17495.000 # 1500
17501.000 # 1500
17507.000 # 1500
17513.000 # 1500
17519.000 # 1500
17525.000 # 1500
17531.000 # 1500
17537.000 # 1500
17543.000 # 1500
17549.000 # 1500
17555.000 # 1500
17561.000 # 1500
17567.000 # 1500
17573.000 # 1500
17579.000 # 1500
17585.000 # 1500
17591.000 # 1500
17597.000 # 1500
17603.000 # 1500
17609.000 # 1500
17615.000 # 1500
17621.000 # 1500
17627.000 # 1500
17633.000 # 1500
17639.000 # 1500
17645.000 # 1500
17651.000 # 1500
17657.000 # 1500
17663.000 # 1500
17669.000 # 1500
17675.000 # 1500
17681.000 # 1500
17687.000 # 1500
17693.000 # 1500
17699.000 # 1500
17705.000 # 1500
17711.000 # 1500
17717.000 # 1500
17723.000 # 1500
17729.000 # 1500
17735.000 # 1500
17741.000 # 1500
17747.000 # 1500
17753.000 # 1500
17759.000 # 1500
17765.000 # 1500
17771.000 # 1500
17777.000 # 1500
17783.000 # 1500
17789.000 # 1500
17795.000 # 1500
17801.000 # 1500
17807.000 # 1500
17813.000 # 1500
17819.000 # 1500
17825.000 # 1500
17831.000 # 1500
17837.000 # 1500
17843.000 # 1500
17849.000 # 1500
17855.000 # 1500
17861.000 # 1500
17867.000 # 1500
17873.000 # 1500
17879.000 # 1500
17885.000 # 1500
17891.000 # 1500
17897.000 # 1500
17903.000 # 1500
17909.000 # 1500
17915.000 # 1500
17921.000 # 1500
17927.000 # 1500
17933.000 # 1500
17939.000 # 1500
17945.000 # 1500
17951.000 # 1500
17957.000 # 1500
17963.000 # 1500
17969.000 # 1500
17975.000 # 1500
17981.000 # 1500
17987.000 # 1500
17993.000 # 1500
17999.000 # 1500
18005.000 # 1500
18011.000 # 1500
18017.000 # 1500
18023.000 # 1500
18029.000 # 1500
18035.000 # 1500
18041.000 # 1500
18047.000 # 1500
18053.000 # 1500
18059.000 # 1500
18065.000 # 1500
18071.000 # 1500
18077.000 # 1500
18083.000 # 1500
18089.000 # 1500
18095.000 # 1500
18101.000 # 1500
18107.000 # 1500
18113.000 # 1500
18119.000 # 1500
18125.000 # 1500
18131.000 # 1500
18137.000 # 1500
18143.000 # 1500
18149.000 # 1500
18155.000 # 1500
18161.000 # 1500
18167.000 # 1500
18173.000 # 1500
18179.000 # 1500
18185.000 # 1500
18191.000 # 1500
18197.000 # 1500
18203.000 # 1500
18209.000 # 1500
18215.000 # 1500
18221.000 # 1500
18227.000 # 1500
18233.000 # 1500
18239.000 # 1500
18245.000 # 1500
18251.000 # 1500
18257.000 # 1500
18263.000 # 1500
18269.000 # 1500
18275.000 # 1500
18281.000 # 1500
18287.000 # 1500
18293.000 # 1500
18299.000 # 1500
18305.000 # 1500
18311.000 # 1500
18317.000 # 1500
18323.000 # 1500
18329.000 # 1500
18335.000 # 1500
18341.000 # 1500
18347.000 # 1500
18353.000 # 1500
18359.000 # 1500
18365.000 # 1500
18371.000 # 1500
18377.000 # 1500
18383.000 # 1500
18389.000 # 1500
18395.000 # 1500
18401.000 # 1500
18407.000 # 1500
18413.000 # 1500
18419.000 # 1500
18425.000 # 1500
18431.000 # 1500
18437.000 # 1500
18443.000 # 1500
18449.000 # 1500
18455.000 # 1500
18461.000 # 1500
18467.000 # 1500
18473.000 # 1500
18479.000 # 1500
18485.000 # 1500
18491.000 # 1500
18497.000 # 1500
18503.000 # 1500
18509.000 # 1500
18515.000 # 1500
18521.000 # 1500
18527.000 # 1500
18533.000 # 1500
18539.000 # 1500
18545.000 # 1500
18551.000 # 1500
18557.000 # 1500
18563.000 # 1500
18569.000 # 1500
18575.000 # 1500
18581.000 # 1500
18587.000 # 1500
18593.000 # 1500
18599.000 # 1500
18605.000 # 1500
18611.000 # 1500
18617.000 # 1500
18623.000 # 1500
18629.000 # 1500
18635.000 # 1500
18641.000 # 1500
18647.000 # 1500
18653.000 # 1500
18659.000 # 1500
18665.000 # 1500
18671.000 # 1500
18677.000 # 1500
18683.000 # 1500
18689.000 # 1500
18695.000 # 1500
18701.000 # 1500
18707.000 # 1500
18713.000 # 1500
18719.000 # 1500
18725.000 # 1500
18731.000 # 1500
18737.000 # 1500
18743.000 # 1500
18749.000 # 1500
18755.000 # 1500
18761.000 # 1500
18767.000 # 1500
18773.000 # 1500
18779.000 # 1500
18785.000 # 1500
18791.000 # 1500
18797.000 # 1500
18803.000 # 1500
18809.000 # 1500
18815.000 # 1500
18821.000 # 1500
18827.000 # 1500
18833.000 # 1500
18839.000 # 1500
18845.000 # 1500
18851.000 # 1500
18851.004 + 101 1
18857.000 # 1500
18863.000 # 1500
18869.000 # 1500
18875.000 # 1500
18881.000 # 1500
18887.000 # 1500
18893.000 # 1500
18899.000 # 1500
18905.000 # 1500
18911.000 # 1500
18917.000 # 1500
18923.000 # 1500
18929.000 # 1500
18935.000 # 1500
18941.000 # 1500
18947.000 # 1500
18953.000 # 1500
18957.526 - 101 106.522 1
18959.000 # 1500
18965.000 # 1500
18966.136 + 129 1
18966.172 + 101 1
18971.000 # 1500
18977.000 # 1500
18983.000 # 1500
18989.000 # 1500
18995.000 # 1500
19001.000 # 1500
19007.000 # 1500
19013.000 # 1500
19019.000 # 1500
19025.000 # 1500
19031.000 # 1500
19037.000 # 1500
19043.000 # 1500
19049.000 # 1500
19055.000 # 1500
19061.000 # 1500
19067.000 # 1500
19071.623 - 129 105.487 1
19071.674 - 101 105.502 1
19073.000 # 1500
19079.000 # 1500
19085.000 # 1500
19091.000 # 1500
19097.000 # 1500
19103.000 # 1500
19109.000 # 1500
19115.000 # 1500
19121.000 # 1500
19127.000 # 1500
19133.000 # 1500
19139.000 # 1500
19145.000 # 1500
19151.000 # 1500
19157.000 # 1500
19163.000 # 1500
19169.000 # 1500
19175.000 # 1500
19181.000 # 1500
19187.000 # 1500
19193.000 # 1500
19199.000 # 1500
19205.000 # 1500
19211.000 # 1500
19217.000 # 1500
19223.000 # 1500
19229.000 # 1500
19235.000 # 1500
19241.000 # 1500
19247.000 # 1500
19253.000 # 1500
19259.000 # 1500
19265.000 # 1500
19271.000 # 1500
19277.000 # 1500
19283.000 # 1500
19289.000 # 1500
19295.000 # 1500
19301.000 # 1500
19307.000 # 1500
19313.000 # 1500
19319.000 # 1500
19325.000 # 1500
19331.000 # 1500
19337.000 # 1500
19343.000 # 1500
19349.000 # 1500
19355.000 # 1500
19361.000 # 1500
19367.000 # 1500
19373.000 # 1500
19379.000 # 1500
19385.000 # 1500
19391.000 # 1500
19397.000 # 1500
19403.000 # 1500
19409.000 # 1500
19415.000 # 1500
19421.000 # 1500
19427.000 # 1500
19433.000 # 1500
19439.000 # 1500
19445.000 # 1500
19451.000 # 1500
19457.000 # 1500
19463.000 # 1500
19469.000 # 1500
19475.000 # 1500
19481.000 # 1500
19487.000 # 1500
19493.000 # 1500
19499.000 # 1500
19505.000 # 1500
19511.000 # 1500
19517.000 # 1500
19523.000 # 1500
19529.000 # 1500
19535.000 # 1500
19541.000 # 1500
19547.000 # 1500
19553.000 # 1500
19559.000 # 1500
19565.000 # 1500
19571.000 # 1500
19577.000 # 1500
19583.000 # 1500
19589.000 # 1500
19595.000 # 1500
19601.000 # 1500
19607.000 # 1500
19613.000 # 1500
19619.000 # 1500
19625.000 # 1500
19631.000 # 1500
19637.000 # 1500
19643.000 # 1500
19649.000 # 1500
19655.000 # 1500
19661.000 # 1500
19667.000 # 1500
19673.000 # 1500
19679.000 # 1500
19685.000 # 1500
19691.000 # 1500
19697.000 # 1500
19703.000 # 1500
19709.000 # 1500
19715.000 # 1500
19721.000 # 1500
19727.000 # 1500
19733.000 # 1500
19739.000 # 1500
19745.000 # 1500
19751.000 # 1500
19757.000 # 1500
19763.000 # 1500
19769.000 # 1500
19775.000 # 1500
19781.000 # 1500
19787.000 # 1500
19793.000 # 1500
19799.000 # 1500
19805.000 # 1500
19811.000 # 1500
19817.000 # 1500
19823.000 # 1500
19829.000 # 1500
19835.000 # 1500
19841.000 # 1500
19847.000 # 1500
19853.000 # 1500
19859.000 # 1500
19865.000 # 1500
19871.000 # 1500
19877.000 # 1500
19883.000 # 1500
19889.000 # 1500
19895.000 # 1500
19901.000 # 1500
19907.000 # 1500
19913.000 # 1500
19919.000 # 1500
19925.000 # 1500
19931.000 # 1500
19937.000 # 1500
19943.000 # 1500
19949.000 # 1500
19955.000 # 1500
19961.000 # 1500
19961.705 + 101 1
19967.000 # 1500
19973.000 # 1500
19979.000 # 1500
19985.000 # 1500
19991.000 # 1500
19997.000 # 1500
20003.000 # 1500
20009.000 # 1500
20015.000 # 1500
20021.000 # 1500
20027.000 # 1500
20033.000 # 1500
20039.000 # 1500
20045.000 # 1500
20051.000 # 1500
20057.000 # 1500
20063.000 # 1500
20068.270 - 101 106.565 1
20069.000 # 1500
20075.000 # 1500
20081.000 # 1500
20087.000 # 1500
20093.000 # 1500
20099.000 # 1500
20105.000 # 1500
20111.000 # 1500
20117.000 # 1500
20123.000 # 1500
20129.000 # 1500
20135.000 # 1500
20141.000 # 1500
20147.000 # 1500
20153.000 # 1500
20159.000 # 1500
20165.000 # 1500
20171.000 # 1500
20177.000 # 1500
20183.000 # 1500
20189.000 # 1500
20195.000 # 1500
20201.000 # 1500
20207.000 # 1500
20213.000 # 1500
20219.000 # 1500
20225.000 # 1500
20231.000 # 1500
20237.000 # 1500
20243.000 # 1500
20249.000 # 1500
20255.000 # 1500
20261.000 # 1500
20267.000 # 1500
20273.000 # 1500
20279.000 # 1500
20285.000 # 1500
20291.000 # 1500
20297.000 # 1500
20303.000 # 1500
20309.000 # 1500
20315.000 # 1500
20321.000 # 1500
20327.000 # 1500
20333.000 # 1500
20339.000 # 1500
20345.000 # 1500
20351.000 # 1500
20357.000 # 1500
20363.000 # 1500
20369.000 # 1500
20375.000 # 1500
20381.000 # 1500
20387.000 # 1500
20393.000 # 1500
20399.000 # 1500
20405.000 # 1500
20411.000 # 1500
20417.000 # 1500
20423.000 # 1500
20429.000 # 1500
20435.000 # 1500
20441.000 # 1500
20447.000 # 1500
20453.000 # 1500
20459.000 # 1500
20465.000 # 1500
20471.000 # 1500
20477.000 # 1500
20483.000 # 1500
20489.000 # 1500
20495.000 # 1500
20501.000 # 1500
20507.000 # 1500
20513.000 # 1500
20519.000 # 1500
20525.000 # 1500
20531.000 # 1500
20537.000 # 1500
20543.000 # 1500
20549.000 # 1500
20555.000 # 1500
20561.000 # 1500
20567.000 # 1500
20573.000 # 1500
20579.000 # 1500
20585.000 # 1500
20591.000 # 1500
20597.000 # 1500
20603.000 # 1500
20609.000 # 1500
20615.000 # 1500
20621.000 # 1500
20627.000 # 1500
20633.000 # 1500
20639.000 # 1500
20645.000 # 1500
20651.000 # 1500
20657.000 # 1500
20663.000 # 1500
20669.000 # 1500
20675.000 # 1500
20681.000 # 1500
20687.000 # 1500
20693.000 # 1500
20699.000 # 1500
20705.000 # 1500
20711.000 # 1500
20717.000 # 1500
20723.000 # 1500
20729.000 # 1500
20735.000 # 1500
20741.000 # 1500
20747.000 # 1500
20753.000 # 1500
20759.000 # 1500
20765.000 # 1500
20771.000 # 1500
20777.000 # 1500
20783.000 # 1500
20789.000 # 1500
20795.000 # 1500
20801.000 # 1500
20807.000 # 1500
20813.000 # 1500
20819.000 # 1500
20825.000 # 1500
20831.000 # 1500
20837.000 # 1500
20843.000 # 1500
20849.000 # 1500
20855.000 # 1500
20860.983 + 118 1
20861.000 # 1500
20867.000 # 1500
20873.000 # 1500
20879.000 # 1500
20885.000 # 1500
20891.000 # 1500
20897.000 # 1500
20903.000 # 1500
20909.000 # 1500
20915.000 # 1500
20921.000 # 1500
20927.000 # 1500
20933.000 # 1500
20939.000 # 1500
20945.000 # 1500
20951.000 # 1500
20957.000 # 1500
20963.000 # 1500
20967.520 - 118 106.537 1
20969.000 # 1500
20975.000 # 1500
20981.000 # 1500
20987.000 # 1500
20993.000 # 1500
20999.000 # 1500
21005.000 # 1500
21011.000 # 1500
21017.000 # 1500
21023.000 # 1500
21029.000 # 1500
21035.000 # 1500
21041.000 # 1500
21047.000 # 1500
21053.000 # 1500
21059.000 # 1500
21065.000 # 1500
21071.000 # 1500
21077.000 # 1500
21083.000 # 1500
21089.000 # 1500
21095.000 # 1500
21101.000 # 1500
21107.000 # 1500
21113.000 # 1500
21119.000 # 1500
21125.000 # 1500
21131.000 # 1500
21137.000 # 1500
21143.000 # 1500
21149.000 # 1500
21155.000 # 1500
21161.000 # 1500
21167.000 # 1500
21173.000 # 1500
21179.000 # 1500
21185.000 # 1500
21191.000 # 1500
21197.000 # 1500
21203.000 # 1500
21209.000 # 1500
21215.000 # 1500
21221.000 # 1500
21227.000 # 1500
21233.000 # 1500
21239.000 # 1500
21245.000 # 1500
21251.000 # 1500
21257.000 # 1500
21263.000 # 1500
21269.000 # 1500
21275.000 # 1500
21281.000 # 1500
21287.000 # 1500
21293.000 # 1500
21299.000 # 1500
21305.000 # 1500
21311.000 # 1500
21317.000 # 1500
21323.000 # 1500
21329.000 # 1500
21335.000 # 1500
21341.000 # 1500
21347.000 # 1500
21353.000 # 1500
21359.000 # 1500
21365.000 # 1500
21371.000 # 1500
21377.000 # 1500
21383.000 # 1500
21389.000 # 1500
21395.000 # 1500
21401.000 # 1500
21407.000 # 1500
21413.000 # 1500
21419.000 # 1500
21425.000 # 1500
21431.000 # 1500
21437.000 # 1500
21443.000 # 1500
21449.000 # 1500
21455.000 # 1500
21461.000 # 1500
21467.000 # 1500
21473.000 # 1500
21479.000 # 1500
21485.000 # 1500
21491.000 # 1500
21497.000 # 1500
21503.000 # 1500
21509.000 # 1500
21515.000 # 1500
21521.000 # 1500
21527.000 # 1500
21533.000 # 1500
21539.000 # 1500
21545.000 # 1500
21551.000 # 1500
21557.000 # 1500
21563.000 # 1500
21569.000 # 1500
21575.000 # 1500
21581.000 # 1500
21587.000 # 1500
21593.000 # 1500
21599.000 # 1500
21605.000 # 1500
21611.000 # 1500
21617.000 # 1500
21623.000 # 1500
21629.000 # 1500
21635.000 # 1500
21641.000 # 1500
21647.000 # 1500
21653.000 # 1500
21659.000 # 1500
21665.000 # 1500
21671.000 # 1500
21677.000 # 1500
21683.000 # 1500
21689.000 # 1500
21695.000 # 1500
21701.000 # 1500
21707.000 # 1500
21713.000 # 1500
21719.000 # 1500
21725.000 # 1500
21731.000 # 1500
21737.000 # 1500
21743.000 # 1500
21749.000 # 1500
21755.000 # 1500
21761.000 # 1500
21767.000 # 1500
21773.000 # 1500
21779.000 # 1500
21785.000 # 1500
21791.000 # 1500
21797.000 # 1500
21803.000 # 1500
21809.000 # 1500
21815.000 # 1500
21821.000 # 1500
21827.000 # 1500
21833.000 # 1500
21839.000 # 1500
21845.000 # 1500
21851.000 # 1500
21857.000 # 1500
21863.000 # 1500
21864.934 + 101 1
21869.000 # 1500
21875.000 # 1500
21881.000 # 1500
21887.000 # 1500
21893.000 # 1500
21899.000 # 1500
21905.000 # 1500
21911.000 # 1500
21917.000 # 1500
21923.000 # 1500
21929.000 # 1500
21935.000 # 1500
21941.000 # 1500
21947.000 # 1500
21953.000 # 1500
21953.853 + 129 1
21953.889 + 101 1
21959.000 # 1500
21965.000 # 1500
21969.395 - 101 104.461 1
21971.000 # 1500
21977.000 # 1500
21983.000 # 1500
21989.000 # 1500
21995.000 # 1500
22001.000 # 1500
22007.000 # 1500
22013.000 # 1500
22019.000 # 1500
22025.000 # 1500
22031.000 # 1500
22037.000 # 1500
22043.000 # 1500
22049.000 # 1500
22055.000 # 1500
22060.580 - 129 106.727 1
22060.632 - 101 106.743 1
22061.000 # 1500
22067.000 # 1500
22073.000 # 1500
22079.000 # 1500
22085.000 # 1500
22091.000 # 1500
22097.000 # 1500
22103.000 # 1500
22109.000 # 1500
22115.000 # 1500
22121.000 # 1500
22127.000 # 1500
22133.000 # 1500
22139.000 # 1500
22145.000 # 1500
22151.000 # 1500
22157.000 # 1500
22163.000 # 1500
22169.000 # 1500
22175.000 # 1500
22181.000 # 1500
22187.000 # 1500
22193.000 # 1500
22199.000 # 1500
22205.000 # 1500
22211.000 # 1500
22217.000 # 1500
22223.000 # 1500
22229.000 # 1500
22235.000 # 1500
22241.000 # 1500
22247.000 # 1500
22253.000 # 1500
22259.000 # 1500
22265.000 # 1500
22271.000 # 1500
22277.000 # 1500
22283.000 # 1500
22289.000 # 1500
22295.000 # 1500
22301.000 # 1500
22307.000 # 1500
22313.000 # 1500
22319.000 # 1500
22325.000 # 1500
22331.000 # 1500
22337.000 # 1500
22343.000 # 1500
22349.000 # 1500
22355.000 # 1500
22361.000 # 1500
22367.000 # 1500
22373.000 # 1500
22379.000 # 1500
22385.000 # 1500
22391.000 # 1500
22397.000 # 1500
22403.000 # 1500
22409.000 # 1500
22415.000 # 1500
22421.000 # 1500
22427.000 # 1500
22433.000 # 1500
22439.000 # 1500
22445.000 # 1500
22451.000 # 1500
22457.000 # 1500
22463.000 # 1500
22469.000 # 1500
22475.000 # 1500
22481.000 # 1500
22487.000 # 1500
22493.000 # 1500
22499.000 # 1500
22505.000 # 1500
22511.000 # 1500
22517.000 # 1500
22523.000 # 1500
22529.000 # 1500
22535.000 # 1500
22541.000 # 1500
22547.000 # 1500
22553.000 # 1500
22559.000 # 1500
22565.000 # 1500
22571.000 # 1500
22577.000 # 1500
22583.000 # 1500
22589.000 # 1500
22595.000 # 1500
22601.000 # 1500
22607.000 # 1500
22613.000 # 1500
22619.000 # 1500
22625.000 # 1500
22631.000 # 1500
22637.000 # 1500
22643.000 # 1500
22649.000 # 1500
22655.000 # 1500
22661.000 # 1500
22667.000 # 1500
22673.000 # 1500
22679.000 # 1500
22685.000 # 1500
22691.000 # 1500
22697.000 # 1500
22703.000 # 1500
22709.000 # 1500
22715.000 # 1500
22721.000 # 1500
22727.000 # 1500
22733.000 # 1500
22739.000 # 1500
22745.000 # 1500
22751.000 # 1500
22757.000 # 1500
22763.000 # 1500
22769.000 # 1500
22775.000 # 1500
22781.000 # 1500
22787.000 # 1500
22793.000 # 1500
22799.000 # 1500
22805.000 # 1500
22811.000 # 1500
22817.000 # 1500
22823.000 # 1500
22829.000 # 1500
22835.000 # 1500
22841.000 # 1500
22847.000 # 1500
22853.000 # 1500
22859.000 # 1500
22865.000 # 1500
22871.000 # 1500
22877.000 # 1500
22883.000 # 1500
22889.000 # 1500
22895.000 # 1500
22901.000 # 1500
22907.000 # 1500
22913.000 # 1500
22919.000 # 1500
22925.000 # 1500
22931.000 # 1500
22937.000 # 1500
22943.000 # 1500
22949.000 # 1500
22955.000 # 1500
22961.000 # 1500
22967.000 # 1500
22973.000 # 1500
22979.000 # 1500
22985.000 # 1500
22991.000 # 1500
22997.000 # 1500
23003.000 # 1500
23009.000 # 1500
23015.000 # 1500
23021.000 # 1500
23027.000 # 1500
23033.000 # 1500
23039.000 # 1500
23045.000 # 1500
23051.000 # 1500
23057.000 # 1500
23063.000 # 1500
23069.000 # 1500
23075.000 # 1500
23081.000 # 1500
23087.000 # 1500
23093.000 # 1500
23099.000 # 1500
23105.000 # 1500
23111.000 # 1500
23117.000 # 1500
23123.000 # 1500
23129.000 # 1500
23135.000 # 1500
23141.000 # 1500
23147.000 # 1500
23153.000 # 1500
23159.000 # 1500
23165.000 # 1500
23171.000 # 1500
23177.000 # 1500
23183.000 # 1500
23189.000 # 1500
23195.000 # 1500
23201.000 # 1500
23207.000 # 1500
23213.000 # 1500
23219.000 # 1500
23225.000 # 1500
23231.000 # 1500
23237.000 # 1500
23243.000 # 1500
23249.000 # 1500
23255.000 # 1500
23261.000 # 1500
23267.000 # 1500
23273.000 # 1500
23279.000 # 1500
23285.000 # 1500
23291.000 # 1500
23297.000 # 1500
23303.000 # 1500
23309.000 # 1500
23315.000 # 1500
23321.000 # 1500
23327.000 # 1500
23333.000 # 1500
23339.000 # 1500
23345.000 # 1500
23351.000 # 1500
23357.000 # 1500
23363.000 # 1500
23369.000 # 1500
23375.000 # 1500
23381.000 # 1500
23387.000 # 1500
23393.000 # 1500
23399.000 # 1500
23405.000 # 1500
23411.000 # 1500
23417.000 # 1500
23423.000 # 1500
23429.000 # 1500
23435.000 # 1500
23441.000 # 1500
23447.000 # 1500
23453.000 # 1500
23459.000 # 1500
23465.000 # 1500
23471.000 # 1500
23477.000 # 1500
23483.000 # 1500
23489.000 # 1500
23495.000 # 1500
23501.000 # 1500
23507.000 # 1500
23513.000 # 1500
23519.000 # 1500
23525.000 # 1500
23531.000 # 1500
23537.000 # 1500
23543.000 # 1500
23549.000 # 1500
23555.000 # 1500
23561.000 # 1500
23567.000 # 1500
23573.000 # 1500
23579.000 # 1500
23585.000 # 1500
23591.000 # 1500
23597.000 # 1500
23603.000 # 1500
23609.000 # 1500
23615.000 # 1500
23621.000 # 1500
23627.000 # 1500
23633.000 # 1500
23639.000 # 1500
23645.000 # 1500
23651.000 # 1500
23657.000 # 1500
23663.000 # 1500
23669.000 # 1500
23675.000 # 1500
23681.000 # 1500
23687.000 # 1500
23693.000 # 1500
23699.000 # 1500
23705.000 # 1500
23711.000 # 1500
23717.000 # 1500
23723.000 # 1500
23729.000 # 1500
23735.000 # 1500
23741.000 # 1500
23747.000 # 1500
23753.000 # 1500
23759.000 # 1500
23765.000 # 1500
23771.000 # 1500
23777.000 # 1500
23783.000 # 1500
23789.000 # 1500
23795.000 # 1500
23801.000 # 1500
23807.000 # 1500
23813.000 # 1500
23819.000 # 1500
23825.000 # 1500
23831.000 # 1500
23837.000 # 1500
23843.000 # 1500
23849.000 # 1500
23855.000 # 1500
23856.145 + 101 1
23861.000 # 1500
23867.000 # 1500
23873.000 # 1500
23879.000 # 1500
23885.000 # 1500
23891.000 # 1500
23897.000 # 1500
23903.000 # 1500
23909.000 # 1500
23915.000 # 1500
23921.000 # 1500
23927.000 # 1500
23933.000 # 1500
23939.000 # 1500
23945.000 # 1500
23951.000 # 1500
23957.000 # 1500
23961.710 - 101 105.565 1
23963.000 # 1500
23964.178 + 118 1
23969.000 # 1500
23975.000 # 1500
23981.000 # 1500
23987.000 # 1500
23993.000 # 1500
23999.000 # 1500
24005.000 # 1500
24011.000 # 1500
24017.000 # 1500
24023.000 # 1500
24029.000 # 1500
24035.000 # 1500
24041.000 # 1500
24047.000 # 1500
24053.000 # 1500
24059.000 # 1500
24065.000 # 1500
24069.719 - 118 105.541 1
24071.000 # 1500
24077.000 # 1500
24083.000 # 1500
24089.000 # 1500
24095.000 # 1500
24101.000 # 1500
24107.000 # 1500
24113.000 # 1500
24119.000 # 1500
24125.000 # 1500
24131.000 # 1500
24137.000 # 1500
24143.000 # 1500
24149.000 # 1500
24155.000 # 1500
24161.000 # 1500
24167.000 # 1500
24173.000 # 1500
24179.000 # 1500
24185.000 # 1500
24191.000 # 1500
24197.000 # 1500
24203.000 # 1500
24209.000 # 1500
24215.000 # 1500
24221.000 # 1500
24227.000 # 1500
24233.000 # 1500
24239.000 # 1500
24245.000 # 1500
24251.000 # 1500
24257.000 # 1500
24263.000 # 1500
24269.000 # 1500
24275.000 # 1500
24281.000 # 1500
24287.000 # 1500
24293.000 # 1500
24299.000 # 1500
24305.000 # 1500
24311.000 # 1500
24317.000 # 1500
24323.000 # 1500
24329.000 # 1500
24335.000 # 1500
24341.000 # 1500
24347.000 # 1500
24353.000 # 1500
24359.000 # 1500
24365.000 # 1500
24371.000 # 1500
24377.000 # 1500
24383.000 # 1500
24389.000 # 1500
24395.000 # 1500
24401.000 # 1500
24407.000 # 1500
24413.000 # 1500
24419.000 # 1500
24425.000 # 1500
24431.000 # 1500
24437.000 # 1500
24443.000 # 1500
24449.000 # 1500
24455.000 # 1500
24461.000 # 1500
24467.000 # 1500
24473.000 # 1500
24479.000 # 1500
24485.000 # 1500
24491.000 # 1500
24497.000 # 1500
24503.000 # 1500
24509.000 # 1500
24515.000 # 1500
24521.000 # 1500
24527.000 # 1500
24533.000 # 1500
24539.000 # 1500
24545.000 # 1500
24551.000 # 1500
24557.000 # 1500
24563.000 # 1500
24569.000 # 1500
24575.000 # 1500
24581.000 # 1500
24587.000 # 1500
24593.000 # 1500
24599.000 # 1500
24605.000 # 1500
24611.000 # 1500
24617.000 # 1500
24623.000 # 1500
24629.000 # 1500
24635.000 # 1500
24641.000 # 1500
24647.000 # 1500
24653.000 # 1500
24659.000 # 1500
24665.000 # 1500
24671.000 # 1500
24677.000 # 1500
24683.000 # 1500
24689.000 # 1500
24695.000 # 1500
24701.000 # 1500
24707.000 # 1500
24713.000 # 1500
24719.000 # 1500
24725.000 # 1500
24731.000 # 1500
24737.000 # 1500
24743.000 # 1500
24749.000 # 1500
24755.000 # 1500
24761.000 # 1500
24767.000 # 1500
24773.000 # 1500
24779.000 # 1500
24785.000 # 1500
24791.000 # 1500
24797.000 # 1500
24803.000 # 1500
24809.000 # 1500
24815.000 # 1500
24821.000 # 1500
24827.000 # 1500
24833.000 # 1500
24839.000 # 1500
24845.000 # 1500
24851.000 # 1500
24857.000 # 1500
24863.000 # 1500
24869.000 # 1500
24875.000 # 1500
24881.000 # 1500
24887.000 # 1500
24893.000 # 1500
24899.000 # 1500
24905.000 # 1500
24911.000 # 1500
24917.000 # 1500
24923.000 # 1500
24929.000 # 1500
24935.000 # 1500
24941.000 # 1500
24947.000 # 1500
24953.000 # 1500
24959.000 # 1500
24965.000 # 1500
24965.988 + 129 1
24966.024 + 101 1
24971.000 # 1500
24977.000 # 1500
24983.000 # 1500
24989.000 # 1500
24995.000 # 1500
25001.000 # 1500
25007.000 # 1500
25013.000 # 1500
25019.000 # 1500
25025.000 # 1500
25031.000 # 1500
25037.000 # 1500
25043.000 # 1500
25049.000 # 1500
25055.000 # 1500
25061.000 # 1500
25067.000 # 1500
25071.565 - 129 105.577 1
25071.618 - 101 105.594 1
25073.000 # 1500
25079.000 # 1500
25085.000 # 1500
25091.000 # 1500
25097.000 # 1500
25103.000 # 1500
25109.000 # 1500
25115.000 # 1500
25121.000 # 1500
25127.000 # 1500
25133.000 # 1500
25139.000 # 1500
25145.000 # 1500
25151.000 # 1500
25157.000 # 1500
25163.000 # 1500
25169.000 # 1500
25175.000 # 1500
25181.000 # 1500
25187.000 # 1500
25193.000 # 1500
25199.000 # 1500
25205.000 # 1500
25211.000 # 1500
25217.000 # 1500
25223.000 # 1500
25229.000 # 1500
25235.000 # 1500
25241.000 # 1500
25247.000 # 1500
25253.000 # 1500
25259.000 # 1500
25265.000 # 1500
25271.000 # 1500
25277.000 # 1500
25283.000 # 1500
25289.000 # 1500
25295.000 # 1500
25301.000 # 1500
25307.000 # 1500
25313.000 # 1500
25319.000 # 1500
25325.000 # 1500
25331.000 # 1500
25337.000 # 1500
25343.000 # 1500
25349.000 # 1500
25355.000 # 1500
25361.000 # 1500
25367.000 # 1500
25373.000 # 1500
25379.000 # 1500
25385.000 # 1500
25391.000 # 1500
25397.000 # 1500
25403.000 # 1500
25409.000 # 1500
25415.000 # 1500
25421.000 # 1500
25427.000 # 1500
25433.000 # 1500
25439.000 # 1500
25445.000 # 1500
25451.000 # 1500
25457.000 # 1500
25463.000 # 1500
25469.000 # 1500
25475.000 # 1500
25481.000 # 1500
25487.000 # 1500
25493.000 # 1500
25499.000 # 1500
25505.000 # 1500
25511.000 # 1500
25517.000 # 1500
25523.000 # 1500
25529.000 # 1500
25535.000 # 1500
25541.000 # 1500
25547.000 # 1500
25553.000 # 1500
25559.000 # 1500
25565.000 # 1500
25571.000 # 1500
25577.000 # 1500
25583.000 # 1500
25589.000 # 1500
25595.000 # 1500
25601.000 # 1500
25607.000 # 1500
25613.000 # 1500
25619.000 # 1500
25625.000 # 1500
25631.000 # 1500
25637.000 # 1500
25643.000 # 1500
25649.000 # 1500
25655.000 # 1500
25661.000 # 1500
25667.000 # 1500
25673.000 # 1500
25679.000 # 1500
25685.000 # 1500
25691.000 # 1500
25697.000 # 1500
25703.000 # 1500
25709.000 # 1500
25715.000 # 1500
25721.000 # 1500
25727.000 # 1500
25733.000 # 1500
25739.000 # 1500
25745.000 # 1500
25751.000 # 1500
25757.000 # 1500
25763.000 # 1500
25769.000 # 1500
25775.000 # 1500
25781.000 # 1500
25787.000 # 1500
25793.000 # 1500
25799.000 # 1500
25805.000 # 1500
25811.000 # 1500
25817.000 # 1500
25823.000 # 1500
25829.000 # 1500
25835.000 # 1500
25841.000 # 1500
25847.000 # 1500
25853.000 # 1500
25859.000 # 1500
25862.527 + 118 1
25865.000 # 1500
25871.000 # 1500
25877.000 # 1500
25883.000 # 1500
25889.000 # 1500
25895.000 # 1500
25901.000 # 1500
25907.000 # 1500
25913.000 # 1500
25919.000 # 1500
25925.000 # 1500
25931.000 # 1500
25937.000 # 1500
25943.000 # 1500
25949.000 # 1500
25955.000 # 1500
25961.000 # 1500
25966.119 - 118 103.592 1
25967.000 # 1500
25973.000 # 1500
25979.000 # 1500
25985.000 # 1500
25991.000 # 1500
25997.000 # 1500
26003.000 # 1500
26009.000 # 1500
26015.000 # 1500
26021.000 # 1500
26027.000 # 1500
26033.000 # 1500
26039.000 # 1500
26045.000 # 1500
26051.000 # 1500
26057.000 # 1500
26063.000 # 1500
26069.000 # 1500
26075.000 # 1500
26081.000 # 1500
26087.000 # 1500
26093.000 # 1500
26099.000 # 1500
26105.000 # 1500
26111.000 # 1500
26117.000 # 1500
26123.000 # 1500
26129.000 # 1500
26135.000 # 1500
26141.000 # 1500
26147.000 # 1500
26153.000 # 1500
26159.000 # 1500
26165.000 # 1500
26171.000 # 1500
26177.000 # 1500
26183.000 # 1500
26189.000 # 1500
26195.000 # 1500
26201.000 # 1500
26207.000 # 1500
26213.000 # 1500
26219.000 # 1500
26225.000 # 1500
26231.000 # 1500
26237.000 # 1500
26243.000 # 1500
26249.000 # 1500
26255.000 # 1500
26261.000 # 1500
26267.000 # 1500
26273.000 # 1500
26279.000 # 1500
26285.000 # 1500
26291.000 # 1500
26297.000 # 1500
26303.000 # 1500
26309.000 # 1500
26315.000 # 1500
26321.000 # 1500
26327.000 # 1500
26333.000 # 1500
26339.000 # 1500
26345.000 # 1500
26351.000 # 1500
26357.000 # 1500
26363.000 # 1500
26369.000 # 1500
26375.000 # 1500
26381.000 # 1500
26387.000 # 1500
26393.000 # 1500
26399.000 # 1500
26405.000 # 1500
26411.000 # 1500
26417.000 # 1500
26423.000 # 1500
26429.000 # 1500
26435.000 # 1500
26441.000 # 1500
26447.000 # 1500
26453.000 # 1500
26459.000 # 1500
26465.000 # 1500
26471.000 # 1500
26477.000 # 1500
26483.000 # 1500
26489.000 # 1500
26495.000 # 1500
26501.000 # 1500
26507.000 # 1500
26513.000 # 1500
26519.000 # 1500
26525.000 # 1500
26531.000 # 1500
26537.000 # 1500
26543.000 # 1500
26549.000 # 1500
26555.000 # 1500
26561.000 # 1500
26567.000 # 1500
26573.000 # 1500
26579.000 # 1500
26585.000 # 1500
26591.000 # 1500
26597.000 # 1500
26603.000 # 1500
26609.000 # 1500
26615.000 # 1500
26621.000 # 1500
26627.000 # 1500
26633.000 # 1500
26639.000 # 1500
26645.000 # 1500
26651.000 # 1500
26657.000 # 1500
26663.000 # 1500
26669.000 # 1500
26675.000 # 1500
26681.000 # 1500
26687.000 # 1500
26693.000 # 1500
26699.000 # 1500
26705.000 # 1500
26711.000 # 1500
26717.000 # 1500
26723.000 # 1500
26729.000 # 1500
26735.000 # 1500
26741.000 # 1500
26747.000 # 1500
26753.000 # 1500
26759.000 # 1500
26765.000 # 1500
26771.000 # 1500
26777.000 # 1500
26783.000 # 1500
26789.000 # 1500
26795.000 # 1500
26801.000 # 1500
26807.000 # 1500
26813.000 # 1500
26819.000 # 1500
26825.000 # 1500
26831.000 # 1500
26837.000 # 1500
26843.000 # 1500
26849.000 # 1500
26855.000 # 1500
26861.000 # 1500
26867.000 # 1500
26869.426 + 118 1
26873.000 # 1500
26879.000 # 1500
26885.000 # 1500
26891.000 # 1500
26897.000 # 1500
26903.000 # 1500
26909.000 # 1500
26915.000 # 1500
26921.000 # 1500
26927.000 # 1500
26933.000 # 1500
26939.000 # 1500
26945.000 # 1500
26951.000 # 1500
26957.000 # 1500
26957.773 + 101 1
26963.000 # 1500
26969.000 # 1500
26973.307 - 118 103.881 1
26975.000 # 1500
26981.000 # 1500
26987.000 # 1500
26993.000 # 1500
26999.000 # 1500
27005.000 # 1500
27011.000 # 1500
27017.000 # 1500
27023.000 # 1500
27029.000 # 1500
27035.000 # 1500
27041.000 # 1500
27047.000 # 1500
27053.000 # 1500
27059.000 # 1500
27064.486 - 101 106.713 1
27065.000 # 1500
27071.000 # 1500
27077.000 # 1500
27083.000 # 1500
27089.000 # 1500
27095.000 # 1500
27101.000 # 1500
27107.000 # 1500
27113.000 # 1500
27119.000 # 1500
27125.000 # 1500
27131.000 # 1500
27137.000 # 1500
27143.000 # 1500
27149.000 # 1500
27155.000 # 1500
27161.000 # 1500
27167.000 # 1500
27173.000 # 1500
27179.000 # 1500
27185.000 # 1500
27191.000 # 1500
27197.000 # 1500
27203.000 # 1500
27209.000 # 1500
27215.000 # 1500
27221.000 # 1500
27227.000 # 1500
27233.000 # 1500
27239.000 # 1500
27245.000 # 1500
27251.000 # 1500
27257.000 # 1500
27263.000 # 1500
27269.000 # 1500
27275.000 # 1500
27281.000 # 1500
27287.000 # 1500
27293.000 # 1500
27299.000 # 1500
27305.000 # 1500
27311.000 # 1500
27317.000 # 1500
27323.000 # 1500
27329.000 # 1500
27335.000 # 1500
27341.000 # 1500
27347.000 # 1500
27353.000 # 1500
27359.000 # 1500
27365.000 # 1500
27371.000 # 1500
27377.000 # 1500
27383.000 # 1500
27389.000 # 1500
27395.000 # 1500
27401.000 # 1500
27407.000 # 1500
27413.000 # 1500
27419.000 # 1500
27425.000 # 1500
27431.000 # 1500
27437.000 # 1500
27443.000 # 1500
27449.000 # 1500
27455.000 # 1500
27461.000 # 1500
27467.000 # 1500
27473.000 # 1500
27479.000 # 1500
27485.000 # 1500
27491.000 # 1500
27497.000 # 1500
27503.000 # 1500
27509.000 # 1500
27515.000 # 1500
27521.000 # 1500
27527.000 # 1500
27533.000 # 1500
27539.000 # 1500
27545.000 # 1500
27551.000 # 1500
27557.000 # 1500
27563.000 # 1500
27569.000 # 1500
27575.000 # 1500
27581.000 # 1500
27587.000 # 1500
27593.000 # 1500
27599.000 # 1500
27605.000 # 1500
27611.000 # 1500
27617.000 # 1500
27623.000 # 1500
27629.000 # 1500
27635.000 # 1500
27641.000 # 1500
27647.000 # 1500
27653.000 # 1500
27659.000 # 1500
27665.000 # 1500
27671.000 # 1500
27677.000 # 1500
27683.000 # 1500
27689.000 # 1500
27695.000 # 1500
27701.000 # 1500
27707.000 # 1500
27713.000 # 1500
27719.000 # 1500
27725.000 # 1500
27731.000 # 1500
27737.000 # 1500
27743.000 # 1500
27749.000 # 1500
27755.000 # 1500
27761.000 # 1500
27767.000 # 1500
27773.000 # 1500
27779.000 # 1500
27785.000 # 1500
27791.000 # 1500
27797.000 # 1500
27803.000 # 1500
27809.000 # 1500
27815.000 # 1500
27821.000 # 1500
27827.000 # 1500
27833.000 # 1500
27839.000 # 1500
27845.000 # 1500
27851.000 # 1500
27857.000 # 1500
27863.000 # 1500
27869.000 # 1500
27875.000 # 1500
27881.000 # 1500
27887.000 # 1500
27893.000 # 1500
27899.000 # 1500
27905.000 # 1500
27911.000 # 1500
27917.000 # 1500
27923.000 # 1500
27929.000 # 1500
27935.000 # 1500
27941.000 # 1500
27947.000 # 1500
27953.000 # 1500
27959.000 # 1500
27965.000 # 1500
27971.000 # 1500
27977.000 # 1500
27983.000 # 1500
27989.000 # 1500
27995.000 # 1500
28001.000 # 1500
28007.000 # 1500
28013.000 # 1500
28019.000 # 1500
28025.000 # 1500
28031.000 # 1500
28037.000 # 1500
28043.000 # 1500
28049.000 # 1500
28055.000 # 1500
28061.000 # 1500
28067.000 # 1500
28073.000 # 1500
28079.000 # 1500
28085.000 # 1500
28091.000 # 1500
28097.000 # 1500
28103.000 # 1500
28109.000 # 1500
28115.000 # 1500
28121.000 # 1500
28127.000 # 1500
28133.000 # 1500
28139.000 # 1500
28145.000 # 1500
28151.000 # 1500
28157.000 # 1500
28163.000 # 1500
28169.000 # 1500
28175.000 # 1500
28181.000 # 1500
28187.000 # 1500
28193.000 # 1500
28199.000 # 1500
28205.000 # 1500
28211.000 # 1500
28217.000 # 1500
28223.000 # 1500
28229.000 # 1500
28235.000 # 1500
28241.000 # 1500
28247.000 # 1500
28253.000 # 1500
28259.000 # 1500
28265.000 # 1500
28271.000 # 1500
28277.000 # 1500
28283.000 # 1500
28289.000 # 1500
28295.000 # 1500
28301.000 # 1500
28307.000 # 1500
28313.000 # 1500
28319.000 # 1500
28325.000 # 1500
28331.000 # 1500
28337.000 # 1500
28343.000 # 1500
28349.000 # 1500
28355.000 # 1500
28361.000 # 1500
28367.000 # 1500
28373.000 # 1500
28379.000 # 1500
28385.000 # 1500
28391.000 # 1500
28397.000 # 1500
28403.000 # 1500
28409.000 # 1500
28415.000 # 1500
28421.000 # 1500
28427.000 # 1500
28433.000 # 1500
28439.000 # 1500
28445.000 # 1500
28451.000 # 1500
28457.000 # 1500
28463.000 # 1500
28469.000 # 1500
28475.000 # 1500
28481.000 # 1500
28487.000 # 1500
28493.000 # 1500
28499.000 # 1500
28505.000 # 1500
28511.000 # 1500
28517.000 # 1500
28523.000 # 1500
28529.000 # 1500
28535.000 # 1500
28541.000 # 1500
28547.000 # 1500
28553.000 # 1500
28559.000 # 1500
28565.000 # 1500
28571.000 # 1500
28577.000 # 1500
28583.000 # 1500
28589.000 # 1500
28595.000 # 1500
28601.000 # 1500
28607.000 # 1500
28613.000 # 1500
28619.000 # 1500
28625.000 # 1500
28631.000 # 1500
28637.000 # 1500
28643.000 # 1500
28649.000 # 1500
28655.000 # 1500
28661.000 # 1500
28667.000 # 1500
28673.000 # 1500
28679.000 # 1500
28685.000 # 1500
28691.000 # 1500
28697.000 # 1500
28703.000 # 1500
28709.000 # 1500
28715.000 # 1500
28721.000 # 1500
28727.000 # 1500
28733.000 # 1500
28739.000 # 1500
28745.000 # 1500
28751.000 # 1500
28757.000 # 1500
28763.000 # 1500
28769.000 # 1500
28775.000 # 1500
28781.000 # 1500
28787.000 # 1500
28793.000 # 1500
28799.000 # 1500
28805.000 # 1500
28811.000 # 1500
28817.000 # 1500
28823.000 # 1500
28829.000 # 1500
28835.000 # 1500
28841.000 # 1500
28847.000 # 1500
28853.000 # 1500
28859.000 # 1500
28861.231 + 101 1
28865.000 # 1500
28871.000 # 1500
28877.000 # 1500
28883.000 # 1500
28889.000 # 1500
28895.000 # 1500
28901.000 # 1500
28907.000 # 1500
28913.000 # 1500
28919.000 # 1500
28925.000 # 1500
28931.000 # 1500
28937.000 # 1500
28943.000 # 1500
28949.000 # 1500
28955.000 # 1500
28961.000 # 1500
28965.818 - 101 104.587 1
28967.000 # 1500
28967.340 + 118 1
28973.000 # 1500
28979.000 # 1500
28985.000 # 1500
28991.000 # 1500
28997.000 # 1500
29003.000 # 1500
29009.000 # 1500
29015.000 # 1500
29021.000 # 1500
29027.000 # 1500
29033.000 # 1500
29039.000 # 1500
29045.000 # 1500
29051.000 # 1500
29057.000 # 1500
29063.000 # 1500
29069.000 # 1500
29073.884 - 118 106.544 1
29075.000 # 1500
29081.000 # 1500
29087.000 # 1500
29093.000 # 1500
29099.000 # 1500
29105.000 # 1500
29111.000 # 1500
29117.000 # 1500
29123.000 # 1500
29129.000 # 1500
29135.000 # 1500
29141.000 # 1500
29147.000 # 1500
29153.000 # 1500
29159.000 # 1500
29165.000 # 1500
29171.000 # 1500
29177.000 # 1500
29183.000 # 1500
29189.000 # 1500
29195.000 # 1500
29201.000 # 1500
29207.000 # 1500
29213.000 # 1500
29219.000 # 1500
29225.000 # 1500
29231.000 # 1500
29237.000 # 1500
29243.000 # 1500
29249.000 # 1500
29255.000 # 1500
29261.000 # 1500
29267.000 # 1500
29273.000 # 1500
29279.000 # 1500
29285.000 # 1500
29291.000 # 1500
29297.000 # 1500
29303.000 # 1500
29309.000 # 1500
29315.000 # 1500
29321.000 # 1500
29327.000 # 1500
29333.000 # 1500
29339.000 # 1500
29345.000 # 1500
29351.000 # 1500
29357.000 # 1500
29363.000 # 1500
29369.000 # 1500
29375.000 # 1500
29381.000 # 1500
29387.000 # 1500
29393.000 # 1500
29399.000 # 1500
29405.000 # 1500
29411.000 # 1500
29417.000 # 1500
29423.000 # 1500
29429.000 # 1500
29435.000 # 1500
29441.000 # 1500
29447.000 # 1500
29453.000 # 1500
29459.000 # 1500
29465.000 # 1500
29471.000 # 1500
29477.000 # 1500
29483.000 # 1500
29489.000 # 1500
29495.000 # 1500
29501.000 # 1500
29507.000 # 1500
29513.000 # 1500
29519.000 # 1500
29525.000 # 1500
29531.000 # 1500
29537.000 # 1500
29543.000 # 1500
29549.000 # 1500
29555.000 # 1500
29561.000 # 1500
29567.000 # 1500
29573.000 # 1500
29579.000 # 1500
29585.000 # 1500
29591.000 # 1500
29597.000 # 1500
29603.000 # 1500
29609.000 # 1500
29615.000 # 1500
29621.000 # 1500
29627.000 # 1500
29633.000 # 1500
29639.000 # 1500
29645.000 # 1500
29651.000 # 1500
29657.000 # 1500
29663.000 # 1500
29669.000 # 1500
29675.000 # 1500
29681.000 # 1500
29687.000 # 1500
29693.000 # 1500
29699.000 # 1500
29705.000 # 1500
29711.000 # 1500
29717.000 # 1500
29723.000 # 1500
29729.000 # 1500
29735.000 # 1500
29741.000 # 1500
29747.000 # 1500
29753.000 # 1500
29759.000 # 1500
29765.000 # 1500
29771.000 # 1500
29777.000 # 1500
29783.000 # 1500
29789.000 # 1500
29795.000 # 1500
29801.000 # 1500
29807.000 # 1500
29813.000 # 1500
29819.000 # 1500
29825.000 # 1500
29831.000 # 1500
29837.000 # 1500
29843.000 # 1500
29849.000 # 1500
29855.000 # 1500
29861.000 # 1500
29867.000 # 1500
29873.000 # 1500
29879.000 # 1500
29885.000 # 1500
29891.000 # 1500
29897.000 # 1500
29903.000 # 1500
29909.000 # 1500
29915.000 # 1500
29921.000 # 1500
29927.000 # 1500
29933.000 # 1500
29939.000 # 1500
29945.000 # 1500
29951.000 # 1500
29957.000 # 1500
29963.000 # 1500
29969.000 # 1500
29970.108 + 118 1
29975.000 # 1500
29981.000 # 1500
29987.000 # 1500
29993.000 # 1500
29999.000 # 1500
30005.000 # 1500
30011.000 # 1500
30017.000 # 1500
30023.000 # 1500
30029.000 # 1500
30035.000 # 1500
30041.000 # 1500
30047.000 # 1500
30053.000 # 1500
30059.000 # 1500
30065.000 # 1500
30071.000 # 1500
30075.613 - 118 105.505 1
30077.000 # 1500
30083.000 # 1500
30089.000 # 1500
30095.000 # 1500
30101.000 # 1500
30107.000 # 1500
30113.000 # 1500
30119.000 # 1500
30125.000 # 1500
30131.000 # 1500
30137.000 # 1500
30143.000 # 1500
30149.000 # 1500
30155.000 # 1500
30161.000 # 1500
30167.000 # 1500
30173.000 # 1500
30179.000 # 1500
30185.000 # 1500
30191.000 # 1500
30197.000 # 1500
30203.000 # 1500
30209.000 # 1500
30215.000 # 1500
30221.000 # 1500
30227.000 # 1500
30233.000 # 1500
30239.000 # 1500
30245.000 # 1500
30251.000 # 1500
30257.000 # 1500
30263.000 # 1500
30269.000 # 1500
30275.000 # 1500
30281.000 # 1500
30287.000 # 1500
30293.000 # 1500
30299.000 # 1500
30305.000 # 1500
30311.000 # 1500
30317.000 # 1500
30323.000 # 1500
30329.000 # 1500
30335.000 # 1500
30341.000 # 1500
30347.000 # 1500
30353.000 # 1500
30359.000 # 1500
30365.000 # 1500
30371.000 # 1500
30377.000 # 1500
30383.000 # 1500
30389.000 # 1500
30395.000 # 1500
30401.000 # 1500
30407.000 # 1500
30413.000 # 1500
30419.000 # 1500
30425.000 # 1500
30431.000 # 1500
30437.000 # 1500
30443.000 # 1500
30449.000 # 1500
30455.000 # 1500
30461.000 # 1500
30467.000 # 1500
30473.000 # 1500
30479.000 # 1500
30485.000 # 1500
30491.000 # 1500
30497.000 # 1500
30503.000 # 1500
30509.000 # 1500
30515.000 # 1500
30521.000 # 1500
30527.000 # 1500
30533.000 # 1500
30539.000 # 1500
30545.000 # 1500
30551.000 # 1500
30557.000 # 1500
30563.000 # 1500
30569.000 # 1500
30575.000 # 1500
30581.000 # 1500
30587.000 # 1500
30593.000 # 1500
30599.000 # 1500
30605.000 # 1500
30611.000 # 1500
30617.000 # 1500
30623.000 # 1500
30629.000 # 1500
30635.000 # 1500
30641.000 # 1500
30647.000 # 1500
30653.000 # 1500
30659.000 # 1500
30665.000 # 1500
30671.000 # 1500
30677.000 # 1500
30683.000 # 1500
30689.000 # 1500
30695.000 # 1500
30701.000 # 1500
30707.000 # 1500
30713.000 # 1500
30719.000 # 1500
30725.000 # 1500
30731.000 # 1500
30737.000 # 1500
30743.000 # 1500
30749.000 # 1500
30755.000 # 1500
30761.000 # 1500
30767.000 # 1500
30773.000 # 1500
30779.000 # 1500
30785.000 # 1500
30791.000 # 1500
30797.000 # 1500
30803.000 # 1500
30809.000 # 1500
30815.000 # 1500
30821.000 # 1500
30827.000 # 1500
30833.000 # 1500
30839.000 # 1500
30845.000 # 1500
30851.000 # 1500
30857.000 # 1500
30863.000 # 1500
30864.063 + 118 1
30869.000 # 1500
30875.000 # 1500
30881.000 # 1500
30887.000 # 1500
30893.000 # 1500
30899.000 # 1500
30905.000 # 1500
30911.000 # 1500
30917.000 # 1500
30923.000 # 1500
30929.000 # 1500
30935.000 # 1500
30941.000 # 1500
30947.000 # 1500
30953.000 # 1500
30959.000 # 1500
30965.000 # 1500
30969.654 - 118 105.591 1
30971.000 # 1500
30977.000 # 1500
30983.000 # 1500
30989.000 # 1500
30995.000 # 1500
31001.000 # 1500
31007.000 # 1500
31013.000 # 1500
31019.000 # 1500
31025.000 # 1500
31031.000 # 1500
31037.000 # 1500
31043.000 # 1500
31049.000 # 1500
31055.000 # 1500
31061.000 # 1500
31067.000 # 1500
31073.000 # 1500
31079.000 # 1500
31085.000 # 1500
31091.000 # 1500
31097.000 # 1500
31103.000 # 1500
31109.000 # 1500
31115.000 # 1500
31121.000 # 1500
31127.000 # 1500
31133.000 # 1500
31139.000 # 1500
31145.000 # 1500
31151.000 # 1500
31157.000 # 1500
31163.000 # 1500
31169.000 # 1500
31175.000 # 1500
31181.000 # 1500
31187.000 # 1500
31193.000 # 1500
31199.000 # 1500
31205.000 # 1500
31211.000 # 1500
31217.000 # 1500
31223.000 # 1500
31229.000 # 1500
31235.000 # 1500
31241.000 # 1500
31247.000 # 1500
31253.000 # 1500
31259.000 # 1500
31265.000 # 1500
31271.000 # 1500
31277.000 # 1500
31283.000 # 1500
31289.000 # 1500
31295.000 # 1500
31301.000 # 1500
31307.000 # 1500
31313.000 # 1500
31319.000 # 1500
31325.000 # 1500
31331.000 # 1500
31337.000 # 1500
31343.000 # 1500
31349.000 # 1500
31355.000 # 1500
31361.000 # 1500
31367.000 # 1500
31373.000 # 1500
31379.000 # 1500
31385.000 # 1500
31391.000 # 1500
31397.000 # 1500
31403.000 # 1500
31409.000 # 1500
31415.000 # 1500
31421.000 # 1500
31427.000 # 1500
31433.000 # 1500
31439.000 # 1500
31445.000 # 1500
31451.000 # 1500
31457.000 # 1500
31463.000 # 1500
31469.000 # 1500
31475.000 # 1500
31481.000 # 1500
31487.000 # 1500
31493.000 # 1500
31499.000 # 1500
31505.000 # 1500
31511.000 # 1500
31517.000 # 1500
31523.000 # 1500
31529.000 # 1500
31535.000 # 1500
31541.000 # 1500
31547.000 # 1500
31553.000 # 1500
31559.000 # 1500
31565.000 # 1500
31571.000 # 1500
31577.000 # 1500
31583.000 # 1500
31589.000 # 1500
31595.000 # 1500
31601.000 # 1500
31607.000 # 1500
31613.000 # 1500
31619.000 # 1500
31625.000 # 1500
31631.000 # 1500
31637.000 # 1500
31643.000 # 1500
31649.000 # 1500
31655.000 # 1500
31661.000 # 1500
31667.000 # 1500
31673.000 # 1500
31679.000 # 1500
31685.000 # 1500
31691.000 # 1500
31697.000 # 1500
31703.000 # 1500
31709.000 # 1500
31715.000 # 1500
31721.000 # 1500
31727.000 # 1500
31733.000 # 1500
31739.000 # 1500
31745.000 # 1500
31751.000 # 1500
31757.000 # 1500
31763.000 # 1500
31769.000 # 1500
31775.000 # 1500
31781.000 # 1500
31787.000 # 1500
31793.000 # 1500
31799.000 # 1500
31805.000 # 1500
31811.000 # 1500
31817.000 # 1500
31823.000 # 1500
31829.000 # 1500
31835.000 # 1500
31841.000 # 1500
31847.000 # 1500
31853.000 # 1500
31859.000 # 1500
31865.000 # 1500
31871.000 # 1500
31874.554 + 118 1
31877.000 # 1500
31883.000 # 1500
31889.000 # 1500
31895.000 # 1500
31901.000 # 1500
31907.000 # 1500
31913.000 # 1500
31919.000 # 1500
31925.000 # 1500
31931.000 # 1500
31937.000 # 1500
31943.000 # 1500
31949.000 # 1500
31955.000 # 1500
31961.000 # 1500
31961.483 + 129 1
31961.520 + 101 1
31967.000 # 1500
31973.000 # 1500
31978.019 - 118 103.465 1
31979.000 # 1500
31985.000 # 1500
31991.000 # 1500
31997.000 # 1500
32003.000 # 1500
32009.000 # 1500
32015.000 # 1500
32021.000 # 1500
32027.000 # 1500
32033.000 # 1500
32039.000 # 1500
32045.000 # 1500
32051.000 # 1500
32057.000 # 1500
32063.000 # 1500
32068.173 - 129 106.690 1
32068.224 - 101 106.704 1
32069.000 # 1500
32075.000 # 1500
32081.000 # 1500
32087.000 # 1500
32093.000 # 1500
32099.000 # 1500
32105.000 # 1500
32111.000 # 1500
32117.000 # 1500
32123.000 # 1500
32129.000 # 1500
32135.000 # 1500
32141.000 # 1500
32147.000 # 1500
32153.000 # 1500
32159.000 # 1500
32165.000 # 1500
32171.000 # 1500
32177.000 # 1500
32183.000 # 1500
32189.000 # 1500
32195.000 # 1500
32201.000 # 1500
32207.000 # 1500
32213.000 # 1500
32219.000 # 1500
32225.000 # 1500
32231.000 # 1500
32237.000 # 1500
32243.000 # 1500
32249.000 # 1500
32255.000 # 1500
32261.000 # 1500
32267.000 # 1500
32273.000 # 1500
32279.000 # 1500
32285.000 # 1500
32291.000 # 1500
32297.000 # 1500
32303.000 # 1500
32309.000 # 1500
32315.000 # 1500
32321.000 # 1500
32327.000 # 1500
32333.000 # 1500
32339.000 # 1500
32345.000 # 1500
32351.000 # 1500
32357.000 # 1500
32363.000 # 1500
32369.000 # 1500
32375.000 # 1500
32381.000 # 1500
32387.000 # 1500
32393.000 # 1500
32399.000 # 1500
32405.000 # 1500
32411.000 # 1500
32417.000 # 1500
32423.000 # 1500
32429.000 # 1500
32435.000 # 1500
32441.000 # 1500
32447.000 # 1500
32453.000 # 1500
32459.000 # 1500
32465.000 # 1500
32471.000 # 1500
32477.000 # 1500
32483.000 # 1500
32489.000 # 1500
32495.000 # 1500
32501.000 # 1500
32507.000 # 1500
32513.000 # 1500
32519.000 # 1500
32525.000 # 1500
32531.000 # 1500
32537.000 # 1500
32543.000 # 1500
32549.000 # 1500
32555.000 # 1500
32561.000 # 1500
32567.000 # 1500
32573.000 # 1500
32579.000 # 1500
32585.000 # 1500
32591.000 # 1500
32597.000 # 1500
32603.000 # 1500
32609.000 # 1500
32615.000 # 1500
32621.000 # 1500
32627.000 # 1500
32633.000 # 1500
32639.000 # 1500
32645.000 # 1500
32651.000 # 1500
32657.000 # 1500
32663.000 # 1500
32669.000 # 1500
32675.000 # 1500
32681.000 # 1500
32687.000 # 1500
32693.000 # 1500
32699.000 # 1500
32705.000 # 1500
32711.000 # 1500
32717.000 # 1500
32723.000 # 1500
32729.000 # 1500
32735.000 # 1500
32741.000 # 1500
32747.000 # 1500
32753.000 # 1500
32759.000 # 1500
32765.000 # 1500
32771.000 # 1500
32777.000 # 1500
32783.000 # 1500
32789.000 # 1500
32795.000 # 1500
32801.000 # 1500
32807.000 # 1500
32813.000 # 1500
32819.000 # 1500
32825.000 # 1500
32831.000 # 1500
32837.000 # 1500
32843.000 # 1500
32849.000 # 1500
32855.000 # 1500
32861.000 # 1500
32867.000 # 1500
32873.000 # 1500
32879.000 # 1500
32885.000 # 1500
32891.000 # 1500
32897.000 # 1500
32903.000 # 1500
32909.000 # 1500
32915.000 # 1500
32921.000 # 1500
32927.000 # 1500
32933.000 # 1500
32939.000 # 1500
32945.000 # 1500
32951.000 # 1500
32957.000 # 1500
32963.000 # 1500
32969.000 # 1500
32975.000 # 1500
32981.000 # 1500
32987.000 # 1500
32993.000 # 1500
32999.000 # 1500
33005.000 # 1500
33011.000 # 1500
33017.000 # 1500
33023.000 # 1500
33029.000 # 1500
33035.000 # 1500
33041.000 # 1500
33047.000 # 1500
33053.000 # 1500
33059.000 # 1500
33065.000 # 1500
33071.000 # 1500
33077.000 # 1500
33083.000 # 1500
33089.000 # 1500
33095.000 # 1500
33101.000 # 1500
33107.000 # 1500
33113.000 # 1500
33119.000 # 1500
33125.000 # 1500
33131.000 # 1500
33137.000 # 1500
33143.000 # 1500
33149.000 # 1500
33155.000 # 1500
33161.000 # 1500
33167.000 # 1500
33173.000 # 1500
33179.000 # 1500
33185.000 # 1500
33191.000 # 1500
33197.000 # 1500
33203.000 # 1500
33209.000 # 1500
33215.000 # 1500
33221.000 # 1500
33227.000 # 1500
33233.000 # 1500
33239.000 # 1500
33245.000 # 1500
33251.000 # 1500
33257.000 # 1500
33263.000 # 1500
33269.000 # 1500
33275.000 # 1500
33281.000 # 1500
33287.000 # 1500
33293.000 # 1500
33299.000 # 1500
33305.000 # 1500
33311.000 # 1500
33317.000 # 1500
33323.000 # 1500
33329.000 # 1500
33335.000 # 1500
33341.000 # 1500
33347.000 # 1500
33353.000 # 1500
33359.000 # 1500
33365.000 # 1500
33371.000 # 1500
33377.000 # 1500
33383.000 # 1500
33389.000 # 1500
33395.000 # 1500
